[0.195s] Invoking command in '/home/david/ros2_ws/build/mecharm_interfaces': CMAKE_PREFIX_PATH=${CMAKE_PREFIX_PATH}:/home/david/ros2_ws/install/ultraarm:/home/david/ros2_ws/install/mypalletizer_260_pi:/home/david/ros2_ws/install/mypalletizer_260:/home/david/ros2_ws/install/mypalletizer_communication:/home/david/ros2_ws/install/mycobot_630:/home/david/ros2_ws/install/mycobot_600:/home/david/ros2_ws/install/mycobot_320pi:/home/david/ros2_ws/install/mycobot_320:/home/david/ros2_ws/install/mycobot_280pi:/home/david/ros2_ws/install/mycobot_280jn:/home/david/ros2_ws/install/mycobot_280_x3pi:/home/david/ros2_ws/install/mycobot_280:/home/david/ros2_ws/install/myarm_m750:/home/david/ros2_ws/install/myarm_c650:/home/david/ros2_ws/install/myarm_300:/home/david/ros2_ws/install/mycobot_communication:/home/david/ros2_ws/install/mecharm_pi:/home/david/ros2_ws/install/mecharm:/home/david/ros2_ws/install/mecharm_communication:/home/david/ros2_ws/install/mybuddy:/home/david/ros2_ws/install/mycobot_description:/opt/ros/humble /usr/bin/cmake --build /home/david/ros2_ws/build/mecharm_interfaces -- -j12 -l12
[0.245s] [  0%] Built target mecharm_interfaces__cpp
[0.340s] [  0%] Built target ament_cmake_python_symlink_mecharm_interfaces
[0.370s] [ 12%] Built target mecharm_interfaces__rosidl_generator_c
[0.378s] [ 24%] Built target mecharm_interfaces__rosidl_typesupport_cpp
[0.384s] [ 36%] Built target mecharm_interfaces__rosidl_typesupport_introspection_cpp
[0.387s] [ 47%] Built target mecharm_interfaces__rosidl_typesupport_fastrtps_cpp
[0.393s] [ 59%] Built target mecharm_interfaces__rosidl_typesupport_introspection_c
[0.395s] [ 71%] Built target mecharm_interfaces__rosidl_typesupport_fastrtps_c
[0.397s] [ 83%] Built target mecharm_interfaces__rosidl_typesupport_c
[0.410s] [ 83%] Built target mecharm_interfaces
[0.489s] [ 84%] Built target mecharm_interfaces__py
[0.536s] [ 95%] Built target mecharm_interfaces__rosidl_generator_py
[0.554s] [ 97%] Built target mecharm_interfaces__rosidl_typesupport_introspection_c__pyext
[0.556s] [100%] Built target mecharm_interfaces__rosidl_typesupport_c__pyext
[0.557s] [100%] Built target mecharm_interfaces__rosidl_typesupport_fastrtps_c__pyext
[0.759s] running egg_info
[0.760s] writing mecharm_interfaces.egg-info/PKG-INFO
[0.760s] writing dependency_links to mecharm_interfaces.egg-info/dependency_links.txt
[0.760s] writing top-level names to mecharm_interfaces.egg-info/top_level.txt
[0.761s] reading manifest file 'mecharm_interfaces.egg-info/SOURCES.txt'
[0.762s] writing manifest file 'mecharm_interfaces.egg-info/SOURCES.txt'
[0.781s] [100%] Built target ament_cmake_python_build_mecharm_interfaces_egg
[0.789s] Invoked command in '/home/david/ros2_ws/build/mecharm_interfaces' returned '0': CMAKE_PREFIX_PATH=${CMAKE_PREFIX_PATH}:/home/david/ros2_ws/install/ultraarm:/home/david/ros2_ws/install/mypalletizer_260_pi:/home/david/ros2_ws/install/mypalletizer_260:/home/david/ros2_ws/install/mypalletizer_communication:/home/david/ros2_ws/install/mycobot_630:/home/david/ros2_ws/install/mycobot_600:/home/david/ros2_ws/install/mycobot_320pi:/home/david/ros2_ws/install/mycobot_320:/home/david/ros2_ws/install/mycobot_280pi:/home/david/ros2_ws/install/mycobot_280jn:/home/david/ros2_ws/install/mycobot_280_x3pi:/home/david/ros2_ws/install/mycobot_280:/home/david/ros2_ws/install/myarm_m750:/home/david/ros2_ws/install/myarm_c650:/home/david/ros2_ws/install/myarm_300:/home/david/ros2_ws/install/mycobot_communication:/home/david/ros2_ws/install/mecharm_pi:/home/david/ros2_ws/install/mecharm:/home/david/ros2_ws/install/mecharm_communication:/home/david/ros2_ws/install/mybuddy:/home/david/ros2_ws/install/mycobot_description:/opt/ros/humble /usr/bin/cmake --build /home/david/ros2_ws/build/mecharm_interfaces -- -j12 -l12
[0.964s] Invoking command in '/home/david/ros2_ws/build/mecharm_interfaces': CMAKE_PREFIX_PATH=${CMAKE_PREFIX_PATH}:/home/david/ros2_ws/install/ultraarm:/home/david/ros2_ws/install/mypalletizer_260_pi:/home/david/ros2_ws/install/mypalletizer_260:/home/david/ros2_ws/install/mypalletizer_communication:/home/david/ros2_ws/install/mycobot_630:/home/david/ros2_ws/install/mycobot_600:/home/david/ros2_ws/install/mycobot_320pi:/home/david/ros2_ws/install/mycobot_320:/home/david/ros2_ws/install/mycobot_280pi:/home/david/ros2_ws/install/mycobot_280jn:/home/david/ros2_ws/install/mycobot_280_x3pi:/home/david/ros2_ws/install/mycobot_280:/home/david/ros2_ws/install/myarm_m750:/home/david/ros2_ws/install/myarm_c650:/home/david/ros2_ws/install/myarm_300:/home/david/ros2_ws/install/mycobot_communication:/home/david/ros2_ws/install/mecharm_pi:/home/david/ros2_ws/install/mecharm:/home/david/ros2_ws/install/mecharm_communication:/home/david/ros2_ws/install/mybuddy:/home/david/ros2_ws/install/mycobot_description:/opt/ros/humble /usr/bin/cmake --install /home/david/ros2_ws/build/mecharm_interfaces
[0.966s] -- Install configuration: ""
[0.967s] -- Execute custom install script
[0.967s] -- Up-to-date symlink: /home/david/ros2_ws/install/mecharm_interfaces/share/ament_index/resource_index/rosidl_interfaces/mecharm_interfaces
[0.968s] -- Up-to-date symlink: /home/david/ros2_ws/install/mecharm_interfaces/include/mecharm_interfaces/mecharm_interfaces/msg/detail/mecharm_angles__functions.h
[0.968s] -- Up-to-date symlink: /home/david/ros2_ws/install/mecharm_interfaces/include/mecharm_interfaces/mecharm_interfaces/msg/detail/mecharm_angles__struct.h
[0.968s] -- Up-to-date symlink: /home/david/ros2_ws/install/mecharm_interfaces/include/mecharm_interfaces/mecharm_interfaces/msg/detail/mecharm_angles__type_support.h
[0.968s] -- Up-to-date symlink: /home/david/ros2_ws/install/mecharm_interfaces/include/mecharm_interfaces/mecharm_interfaces/msg/detail/mecharm_coords__functions.h
[0.968s] -- Up-to-date symlink: /home/david/ros2_ws/install/mecharm_interfaces/include/mecharm_interfaces/mecharm_interfaces/msg/detail/mecharm_coords__struct.h
[0.969s] -- Up-to-date symlink: /home/david/ros2_ws/install/mecharm_interfaces/include/mecharm_interfaces/mecharm_interfaces/msg/detail/mecharm_coords__type_support.h
[0.969s] -- Up-to-date symlink: /home/david/ros2_ws/install/mecharm_interfaces/include/mecharm_interfaces/mecharm_interfaces/msg/detail/mecharm_gripper_status__functions.h
[0.969s] -- Up-to-date symlink: /home/david/ros2_ws/install/mecharm_interfaces/include/mecharm_interfaces/mecharm_interfaces/msg/detail/mecharm_gripper_status__struct.h
[0.969s] -- Up-to-date symlink: /home/david/ros2_ws/install/mecharm_interfaces/include/mecharm_interfaces/mecharm_interfaces/msg/detail/mecharm_gripper_status__type_support.h
[0.969s] -- Up-to-date symlink: /home/david/ros2_ws/install/mecharm_interfaces/include/mecharm_interfaces/mecharm_interfaces/msg/detail/mecharm_pump_status__functions.h
[0.969s] -- Up-to-date symlink: /home/david/ros2_ws/install/mecharm_interfaces/include/mecharm_interfaces/mecharm_interfaces/msg/detail/mecharm_pump_status__struct.h
[0.969s] -- Up-to-date symlink: /home/david/ros2_ws/install/mecharm_interfaces/include/mecharm_interfaces/mecharm_interfaces/msg/detail/mecharm_pump_status__type_support.h
[0.969s] -- Up-to-date symlink: /home/david/ros2_ws/install/mecharm_interfaces/include/mecharm_interfaces/mecharm_interfaces/msg/detail/mecharm_set_angles__functions.h
[0.969s] -- Up-to-date symlink: /home/david/ros2_ws/install/mecharm_interfaces/include/mecharm_interfaces/mecharm_interfaces/msg/detail/mecharm_set_angles__struct.h
[0.969s] -- Up-to-date symlink: /home/david/ros2_ws/install/mecharm_interfaces/include/mecharm_interfaces/mecharm_interfaces/msg/detail/mecharm_set_angles__type_support.h
[0.970s] -- Up-to-date symlink: /home/david/ros2_ws/install/mecharm_interfaces/include/mecharm_interfaces/mecharm_interfaces/msg/detail/mecharm_set_coords__functions.h
[0.970s] -- Up-to-date symlink: /home/david/ros2_ws/install/mecharm_interfaces/include/mecharm_interfaces/mecharm_interfaces/msg/detail/mecharm_set_coords__struct.h
[0.970s] -- Up-to-date symlink: /home/david/ros2_ws/install/mecharm_interfaces/include/mecharm_interfaces/mecharm_interfaces/msg/detail/mecharm_set_coords__type_support.h
[0.970s] -- Up-to-date symlink: /home/david/ros2_ws/install/mecharm_interfaces/include/mecharm_interfaces/mecharm_interfaces/msg/mecharm_angles.h
[0.970s] -- Up-to-date symlink: /home/david/ros2_ws/install/mecharm_interfaces/include/mecharm_interfaces/mecharm_interfaces/msg/mecharm_coords.h
[0.970s] -- Up-to-date symlink: /home/david/ros2_ws/install/mecharm_interfaces/include/mecharm_interfaces/mecharm_interfaces/msg/mecharm_gripper_status.h
[0.970s] -- Up-to-date symlink: /home/david/ros2_ws/install/mecharm_interfaces/include/mecharm_interfaces/mecharm_interfaces/msg/mecharm_pump_status.h
[0.970s] -- Up-to-date symlink: /home/david/ros2_ws/install/mecharm_interfaces/include/mecharm_interfaces/mecharm_interfaces/msg/mecharm_set_angles.h
[0.970s] -- Up-to-date symlink: /home/david/ros2_ws/install/mecharm_interfaces/include/mecharm_interfaces/mecharm_interfaces/msg/mecharm_set_coords.h
[0.970s] -- Up-to-date symlink: /home/david/ros2_ws/install/mecharm_interfaces/include/mecharm_interfaces/mecharm_interfaces/msg/rosidl_generator_c__visibility_control.h
[0.970s] -- Up-to-date symlink: /home/david/ros2_ws/install/mecharm_interfaces/include/mecharm_interfaces/mecharm_interfaces/srv/detail/get_angles__functions.h
[0.971s] -- Up-to-date symlink: /home/david/ros2_ws/install/mecharm_interfaces/include/mecharm_interfaces/mecharm_interfaces/srv/detail/get_angles__struct.h
[0.971s] -- Up-to-date symlink: /home/david/ros2_ws/install/mecharm_interfaces/include/mecharm_interfaces/mecharm_interfaces/srv/detail/get_angles__type_support.h
[0.971s] -- Up-to-date symlink: /home/david/ros2_ws/install/mecharm_interfaces/include/mecharm_interfaces/mecharm_interfaces/srv/detail/get_coords__functions.h
[0.971s] -- Up-to-date symlink: /home/david/ros2_ws/install/mecharm_interfaces/include/mecharm_interfaces/mecharm_interfaces/srv/detail/get_coords__struct.h
[0.971s] -- Up-to-date symlink: /home/david/ros2_ws/install/mecharm_interfaces/include/mecharm_interfaces/mecharm_interfaces/srv/detail/get_coords__type_support.h
[0.971s] -- Up-to-date symlink: /home/david/ros2_ws/install/mecharm_interfaces/include/mecharm_interfaces/mecharm_interfaces/srv/detail/gripper_status__functions.h
[0.971s] -- Up-to-date symlink: /home/david/ros2_ws/install/mecharm_interfaces/include/mecharm_interfaces/mecharm_interfaces/srv/detail/gripper_status__struct.h
[0.971s] -- Up-to-date symlink: /home/david/ros2_ws/install/mecharm_interfaces/include/mecharm_interfaces/mecharm_interfaces/srv/detail/gripper_status__type_support.h
[0.971s] -- Up-to-date symlink: /home/david/ros2_ws/install/mecharm_interfaces/include/mecharm_interfaces/mecharm_interfaces/srv/detail/pump_status__functions.h
[0.971s] -- Up-to-date symlink: /home/david/ros2_ws/install/mecharm_interfaces/include/mecharm_interfaces/mecharm_interfaces/srv/detail/pump_status__struct.h
[0.972s] -- Up-to-date symlink: /home/david/ros2_ws/install/mecharm_interfaces/include/mecharm_interfaces/mecharm_interfaces/srv/detail/pump_status__type_support.h
[0.972s] -- Up-to-date symlink: /home/david/ros2_ws/install/mecharm_interfaces/include/mecharm_interfaces/mecharm_interfaces/srv/detail/set_angles__functions.h
[0.972s] -- Up-to-date symlink: /home/david/ros2_ws/install/mecharm_interfaces/include/mecharm_interfaces/mecharm_interfaces/srv/detail/set_angles__struct.h
[0.972s] -- Up-to-date symlink: /home/david/ros2_ws/install/mecharm_interfaces/include/mecharm_interfaces/mecharm_interfaces/srv/detail/set_angles__type_support.h
[0.972s] -- Up-to-date symlink: /home/david/ros2_ws/install/mecharm_interfaces/include/mecharm_interfaces/mecharm_interfaces/srv/detail/set_coords__functions.h
[0.972s] -- Up-to-date symlink: /home/david/ros2_ws/install/mecharm_interfaces/include/mecharm_interfaces/mecharm_interfaces/srv/detail/set_coords__struct.h
[0.972s] -- Up-to-date symlink: /home/david/ros2_ws/install/mecharm_interfaces/include/mecharm_interfaces/mecharm_interfaces/srv/detail/set_coords__type_support.h
[0.972s] -- Up-to-date symlink: /home/david/ros2_ws/install/mecharm_interfaces/include/mecharm_interfaces/mecharm_interfaces/srv/get_angles.h
[0.972s] -- Up-to-date symlink: /home/david/ros2_ws/install/mecharm_interfaces/include/mecharm_interfaces/mecharm_interfaces/srv/get_coords.h
[0.972s] -- Up-to-date symlink: /home/david/ros2_ws/install/mecharm_interfaces/include/mecharm_interfaces/mecharm_interfaces/srv/gripper_status.h
[0.972s] -- Up-to-date symlink: /home/david/ros2_ws/install/mecharm_interfaces/include/mecharm_interfaces/mecharm_interfaces/srv/pump_status.h
[0.973s] -- Up-to-date symlink: /home/david/ros2_ws/install/mecharm_interfaces/include/mecharm_interfaces/mecharm_interfaces/srv/set_angles.h
[0.973s] -- Up-to-date symlink: /home/david/ros2_ws/install/mecharm_interfaces/include/mecharm_interfaces/mecharm_interfaces/srv/set_coords.h
[0.973s] -- Up-to-date symlink: /home/david/ros2_ws/install/mecharm_interfaces/share/mecharm_interfaces/environment/library_path.sh
[0.973s] -- Up-to-date symlink: /home/david/ros2_ws/install/mecharm_interfaces/share/mecharm_interfaces/environment/library_path.dsv
[0.974s] -- Up-to-date symlink: /home/david/ros2_ws/install/mecharm_interfaces/include/mecharm_interfaces/mecharm_interfaces/msg/detail/mecharm_angles__rosidl_typesupport_fastrtps_c.h
[0.974s] -- Up-to-date symlink: /home/david/ros2_ws/install/mecharm_interfaces/include/mecharm_interfaces/mecharm_interfaces/msg/detail/mecharm_coords__rosidl_typesupport_fastrtps_c.h
[0.974s] -- Up-to-date symlink: /home/david/ros2_ws/install/mecharm_interfaces/include/mecharm_interfaces/mecharm_interfaces/msg/detail/mecharm_gripper_status__rosidl_typesupport_fastrtps_c.h
[0.974s] -- Up-to-date symlink: /home/david/ros2_ws/install/mecharm_interfaces/include/mecharm_interfaces/mecharm_interfaces/msg/detail/mecharm_pump_status__rosidl_typesupport_fastrtps_c.h
[0.974s] -- Up-to-date symlink: /home/david/ros2_ws/install/mecharm_interfaces/include/mecharm_interfaces/mecharm_interfaces/msg/detail/mecharm_set_angles__rosidl_typesupport_fastrtps_c.h
[0.974s] -- Up-to-date symlink: /home/david/ros2_ws/install/mecharm_interfaces/include/mecharm_interfaces/mecharm_interfaces/msg/detail/mecharm_set_coords__rosidl_typesupport_fastrtps_c.h
[0.974s] -- Up-to-date symlink: /home/david/ros2_ws/install/mecharm_interfaces/include/mecharm_interfaces/mecharm_interfaces/msg/rosidl_typesupport_fastrtps_c__visibility_control.h
[0.974s] -- Up-to-date symlink: /home/david/ros2_ws/install/mecharm_interfaces/include/mecharm_interfaces/mecharm_interfaces/srv/detail/get_angles__rosidl_typesupport_fastrtps_c.h
[0.974s] -- Up-to-date symlink: /home/david/ros2_ws/install/mecharm_interfaces/include/mecharm_interfaces/mecharm_interfaces/srv/detail/get_coords__rosidl_typesupport_fastrtps_c.h
[0.974s] -- Up-to-date symlink: /home/david/ros2_ws/install/mecharm_interfaces/include/mecharm_interfaces/mecharm_interfaces/srv/detail/gripper_status__rosidl_typesupport_fastrtps_c.h
[0.975s] -- Up-to-date symlink: /home/david/ros2_ws/install/mecharm_interfaces/include/mecharm_interfaces/mecharm_interfaces/srv/detail/pump_status__rosidl_typesupport_fastrtps_c.h
[0.975s] -- Up-to-date symlink: /home/david/ros2_ws/install/mecharm_interfaces/include/mecharm_interfaces/mecharm_interfaces/srv/detail/set_angles__rosidl_typesupport_fastrtps_c.h
[0.975s] -- Up-to-date symlink: /home/david/ros2_ws/install/mecharm_interfaces/include/mecharm_interfaces/mecharm_interfaces/srv/detail/set_coords__rosidl_typesupport_fastrtps_c.h
[0.975s] -- Up-to-date symlink: /home/david/ros2_ws/install/mecharm_interfaces/include/mecharm_interfaces/mecharm_interfaces/msg/detail/mecharm_angles__rosidl_typesupport_introspection_c.h
[0.975s] -- Up-to-date symlink: /home/david/ros2_ws/install/mecharm_interfaces/include/mecharm_interfaces/mecharm_interfaces/msg/detail/mecharm_coords__rosidl_typesupport_introspection_c.h
[0.975s] -- Up-to-date symlink: /home/david/ros2_ws/install/mecharm_interfaces/include/mecharm_interfaces/mecharm_interfaces/msg/detail/mecharm_gripper_status__rosidl_typesupport_introspection_c.h
[0.975s] -- Up-to-date symlink: /home/david/ros2_ws/install/mecharm_interfaces/include/mecharm_interfaces/mecharm_interfaces/msg/detail/mecharm_pump_status__rosidl_typesupport_introspection_c.h
[0.975s] -- Up-to-date symlink: /home/david/ros2_ws/install/mecharm_interfaces/include/mecharm_interfaces/mecharm_interfaces/msg/detail/mecharm_set_angles__rosidl_typesupport_introspection_c.h
[0.976s] -- Up-to-date symlink: /home/david/ros2_ws/install/mecharm_interfaces/include/mecharm_interfaces/mecharm_interfaces/msg/detail/mecharm_set_coords__rosidl_typesupport_introspection_c.h
[0.976s] -- Up-to-date symlink: /home/david/ros2_ws/install/mecharm_interfaces/include/mecharm_interfaces/mecharm_interfaces/msg/rosidl_typesupport_introspection_c__visibility_control.h
[0.976s] -- Up-to-date symlink: /home/david/ros2_ws/install/mecharm_interfaces/include/mecharm_interfaces/mecharm_interfaces/srv/detail/get_angles__rosidl_typesupport_introspection_c.h
[0.976s] -- Up-to-date symlink: /home/david/ros2_ws/install/mecharm_interfaces/include/mecharm_interfaces/mecharm_interfaces/srv/detail/get_coords__rosidl_typesupport_introspection_c.h
[0.976s] -- Up-to-date symlink: /home/david/ros2_ws/install/mecharm_interfaces/include/mecharm_interfaces/mecharm_interfaces/srv/detail/gripper_status__rosidl_typesupport_introspection_c.h
[0.976s] -- Up-to-date symlink: /home/david/ros2_ws/install/mecharm_interfaces/include/mecharm_interfaces/mecharm_interfaces/srv/detail/pump_status__rosidl_typesupport_introspection_c.h
[0.976s] -- Up-to-date symlink: /home/david/ros2_ws/install/mecharm_interfaces/include/mecharm_interfaces/mecharm_interfaces/srv/detail/set_angles__rosidl_typesupport_introspection_c.h
[0.976s] -- Up-to-date symlink: /home/david/ros2_ws/install/mecharm_interfaces/include/mecharm_interfaces/mecharm_interfaces/srv/detail/set_coords__rosidl_typesupport_introspection_c.h
[0.976s] -- Up-to-date symlink: /home/david/ros2_ws/install/mecharm_interfaces/include/mecharm_interfaces/mecharm_interfaces/msg/detail/mecharm_angles__builder.hpp
[0.976s] -- Up-to-date symlink: /home/david/ros2_ws/install/mecharm_interfaces/include/mecharm_interfaces/mecharm_interfaces/msg/detail/mecharm_angles__struct.hpp
[0.976s] -- Up-to-date symlink: /home/david/ros2_ws/install/mecharm_interfaces/include/mecharm_interfaces/mecharm_interfaces/msg/detail/mecharm_angles__traits.hpp
[0.977s] -- Up-to-date symlink: /home/david/ros2_ws/install/mecharm_interfaces/include/mecharm_interfaces/mecharm_interfaces/msg/detail/mecharm_coords__builder.hpp
[0.977s] -- Up-to-date symlink: /home/david/ros2_ws/install/mecharm_interfaces/include/mecharm_interfaces/mecharm_interfaces/msg/detail/mecharm_coords__struct.hpp
[0.977s] -- Up-to-date symlink: /home/david/ros2_ws/install/mecharm_interfaces/include/mecharm_interfaces/mecharm_interfaces/msg/detail/mecharm_coords__traits.hpp
[0.977s] -- Up-to-date symlink: /home/david/ros2_ws/install/mecharm_interfaces/include/mecharm_interfaces/mecharm_interfaces/msg/detail/mecharm_gripper_status__builder.hpp
[0.977s] -- Up-to-date symlink: /home/david/ros2_ws/install/mecharm_interfaces/include/mecharm_interfaces/mecharm_interfaces/msg/detail/mecharm_gripper_status__struct.hpp
[0.977s] -- Up-to-date symlink: /home/david/ros2_ws/install/mecharm_interfaces/include/mecharm_interfaces/mecharm_interfaces/msg/detail/mecharm_gripper_status__traits.hpp
[0.977s] -- Up-to-date symlink: /home/david/ros2_ws/install/mecharm_interfaces/include/mecharm_interfaces/mecharm_interfaces/msg/detail/mecharm_pump_status__builder.hpp
[0.977s] -- Up-to-date symlink: /home/david/ros2_ws/install/mecharm_interfaces/include/mecharm_interfaces/mecharm_interfaces/msg/detail/mecharm_pump_status__struct.hpp
[0.977s] -- Up-to-date symlink: /home/david/ros2_ws/install/mecharm_interfaces/include/mecharm_interfaces/mecharm_interfaces/msg/detail/mecharm_pump_status__traits.hpp
[0.977s] -- Up-to-date symlink: /home/david/ros2_ws/install/mecharm_interfaces/include/mecharm_interfaces/mecharm_interfaces/msg/detail/mecharm_set_angles__builder.hpp
[0.977s] -- Up-to-date symlink: /home/david/ros2_ws/install/mecharm_interfaces/include/mecharm_interfaces/mecharm_interfaces/msg/detail/mecharm_set_angles__struct.hpp
[0.977s] -- Up-to-date symlink: /home/david/ros2_ws/install/mecharm_interfaces/include/mecharm_interfaces/mecharm_interfaces/msg/detail/mecharm_set_angles__traits.hpp
[0.978s] -- Up-to-date symlink: /home/david/ros2_ws/install/mecharm_interfaces/include/mecharm_interfaces/mecharm_interfaces/msg/detail/mecharm_set_coords__builder.hpp
[0.978s] -- Up-to-date symlink: /home/david/ros2_ws/install/mecharm_interfaces/include/mecharm_interfaces/mecharm_interfaces/msg/detail/mecharm_set_coords__struct.hpp
[0.978s] -- Up-to-date symlink: /home/david/ros2_ws/install/mecharm_interfaces/include/mecharm_interfaces/mecharm_interfaces/msg/detail/mecharm_set_coords__traits.hpp
[0.978s] -- Up-to-date symlink: /home/david/ros2_ws/install/mecharm_interfaces/include/mecharm_interfaces/mecharm_interfaces/msg/mecharm_angles.hpp
[0.978s] -- Up-to-date symlink: /home/david/ros2_ws/install/mecharm_interfaces/include/mecharm_interfaces/mecharm_interfaces/msg/mecharm_coords.hpp
[0.978s] -- Up-to-date symlink: /home/david/ros2_ws/install/mecharm_interfaces/include/mecharm_interfaces/mecharm_interfaces/msg/mecharm_gripper_status.hpp
[0.978s] -- Up-to-date symlink: /home/david/ros2_ws/install/mecharm_interfaces/include/mecharm_interfaces/mecharm_interfaces/msg/mecharm_pump_status.hpp
[0.978s] -- Up-to-date symlink: /home/david/ros2_ws/install/mecharm_interfaces/include/mecharm_interfaces/mecharm_interfaces/msg/mecharm_set_angles.hpp
[0.978s] -- Up-to-date symlink: /home/david/ros2_ws/install/mecharm_interfaces/include/mecharm_interfaces/mecharm_interfaces/msg/mecharm_set_coords.hpp
[0.979s] -- Up-to-date symlink: /home/david/ros2_ws/install/mecharm_interfaces/include/mecharm_interfaces/mecharm_interfaces/srv/detail/get_angles__builder.hpp
[0.979s] -- Up-to-date symlink: /home/david/ros2_ws/install/mecharm_interfaces/include/mecharm_interfaces/mecharm_interfaces/srv/detail/get_angles__struct.hpp
[0.979s] -- Up-to-date symlink: /home/david/ros2_ws/install/mecharm_interfaces/include/mecharm_interfaces/mecharm_interfaces/srv/detail/get_angles__traits.hpp
[0.979s] -- Up-to-date symlink: /home/david/ros2_ws/install/mecharm_interfaces/include/mecharm_interfaces/mecharm_interfaces/srv/detail/get_coords__builder.hpp
[0.979s] -- Up-to-date symlink: /home/david/ros2_ws/install/mecharm_interfaces/include/mecharm_interfaces/mecharm_interfaces/srv/detail/get_coords__struct.hpp
[0.979s] -- Up-to-date symlink: /home/david/ros2_ws/install/mecharm_interfaces/include/mecharm_interfaces/mecharm_interfaces/srv/detail/get_coords__traits.hpp
[0.979s] -- Up-to-date symlink: /home/david/ros2_ws/install/mecharm_interfaces/include/mecharm_interfaces/mecharm_interfaces/srv/detail/gripper_status__builder.hpp
[0.979s] -- Up-to-date symlink: /home/david/ros2_ws/install/mecharm_interfaces/include/mecharm_interfaces/mecharm_interfaces/srv/detail/gripper_status__struct.hpp
[0.980s] -- Up-to-date symlink: /home/david/ros2_ws/install/mecharm_interfaces/include/mecharm_interfaces/mecharm_interfaces/srv/detail/gripper_status__traits.hpp
[0.980s] -- Up-to-date symlink: /home/david/ros2_ws/install/mecharm_interfaces/include/mecharm_interfaces/mecharm_interfaces/srv/detail/pump_status__builder.hpp
[0.980s] -- Up-to-date symlink: /home/david/ros2_ws/install/mecharm_interfaces/include/mecharm_interfaces/mecharm_interfaces/srv/detail/pump_status__struct.hpp
[0.980s] -- Up-to-date symlink: /home/david/ros2_ws/install/mecharm_interfaces/include/mecharm_interfaces/mecharm_interfaces/srv/detail/pump_status__traits.hpp
[0.980s] -- Up-to-date symlink: /home/david/ros2_ws/install/mecharm_interfaces/include/mecharm_interfaces/mecharm_interfaces/srv/detail/set_angles__builder.hpp
[0.980s] -- Up-to-date symlink: /home/david/ros2_ws/install/mecharm_interfaces/include/mecharm_interfaces/mecharm_interfaces/srv/detail/set_angles__struct.hpp
[0.980s] -- Up-to-date symlink: /home/david/ros2_ws/install/mecharm_interfaces/include/mecharm_interfaces/mecharm_interfaces/srv/detail/set_angles__traits.hpp
[0.980s] -- Up-to-date symlink: /home/david/ros2_ws/install/mecharm_interfaces/include/mecharm_interfaces/mecharm_interfaces/srv/detail/set_coords__builder.hpp
[0.980s] -- Up-to-date symlink: /home/david/ros2_ws/install/mecharm_interfaces/include/mecharm_interfaces/mecharm_interfaces/srv/detail/set_coords__struct.hpp
[0.980s] -- Up-to-date symlink: /home/david/ros2_ws/install/mecharm_interfaces/include/mecharm_interfaces/mecharm_interfaces/srv/detail/set_coords__traits.hpp
[0.980s] -- Up-to-date symlink: /home/david/ros2_ws/install/mecharm_interfaces/include/mecharm_interfaces/mecharm_interfaces/srv/get_angles.hpp
[0.980s] -- Up-to-date symlink: /home/david/ros2_ws/install/mecharm_interfaces/include/mecharm_interfaces/mecharm_interfaces/srv/get_coords.hpp
[0.981s] -- Up-to-date symlink: /home/david/ros2_ws/install/mecharm_interfaces/include/mecharm_interfaces/mecharm_interfaces/srv/gripper_status.hpp
[0.981s] -- Up-to-date symlink: /home/david/ros2_ws/install/mecharm_interfaces/include/mecharm_interfaces/mecharm_interfaces/srv/pump_status.hpp
[0.981s] -- Up-to-date symlink: /home/david/ros2_ws/install/mecharm_interfaces/include/mecharm_interfaces/mecharm_interfaces/srv/set_angles.hpp
[0.981s] -- Up-to-date symlink: /home/david/ros2_ws/install/mecharm_interfaces/include/mecharm_interfaces/mecharm_interfaces/srv/set_coords.hpp
[0.981s] -- Up-to-date symlink: /home/david/ros2_ws/install/mecharm_interfaces/include/mecharm_interfaces/mecharm_interfaces/msg/detail/mecharm_angles__rosidl_typesupport_fastrtps_cpp.hpp
[0.981s] -- Up-to-date symlink: /home/david/ros2_ws/install/mecharm_interfaces/include/mecharm_interfaces/mecharm_interfaces/msg/detail/mecharm_coords__rosidl_typesupport_fastrtps_cpp.hpp
[0.981s] -- Up-to-date symlink: /home/david/ros2_ws/install/mecharm_interfaces/include/mecharm_interfaces/mecharm_interfaces/msg/detail/mecharm_gripper_status__rosidl_typesupport_fastrtps_cpp.hpp
[0.981s] -- Up-to-date symlink: /home/david/ros2_ws/install/mecharm_interfaces/include/mecharm_interfaces/mecharm_interfaces/msg/detail/mecharm_pump_status__rosidl_typesupport_fastrtps_cpp.hpp
[0.981s] -- Up-to-date symlink: /home/david/ros2_ws/install/mecharm_interfaces/include/mecharm_interfaces/mecharm_interfaces/msg/detail/mecharm_set_angles__rosidl_typesupport_fastrtps_cpp.hpp
[0.981s] -- Up-to-date symlink: /home/david/ros2_ws/install/mecharm_interfaces/include/mecharm_interfaces/mecharm_interfaces/msg/detail/mecharm_set_coords__rosidl_typesupport_fastrtps_cpp.hpp
[0.981s] -- Up-to-date symlink: /home/david/ros2_ws/install/mecharm_interfaces/include/mecharm_interfaces/mecharm_interfaces/msg/rosidl_typesupport_fastrtps_cpp__visibility_control.h
[0.981s] -- Up-to-date symlink: /home/david/ros2_ws/install/mecharm_interfaces/include/mecharm_interfaces/mecharm_interfaces/srv/detail/get_angles__rosidl_typesupport_fastrtps_cpp.hpp
[0.981s] -- Up-to-date symlink: /home/david/ros2_ws/install/mecharm_interfaces/include/mecharm_interfaces/mecharm_interfaces/srv/detail/get_coords__rosidl_typesupport_fastrtps_cpp.hpp
[0.981s] -- Up-to-date symlink: /home/david/ros2_ws/install/mecharm_interfaces/include/mecharm_interfaces/mecharm_interfaces/srv/detail/gripper_status__rosidl_typesupport_fastrtps_cpp.hpp
[0.982s] -- Up-to-date symlink: /home/david/ros2_ws/install/mecharm_interfaces/include/mecharm_interfaces/mecharm_interfaces/srv/detail/pump_status__rosidl_typesupport_fastrtps_cpp.hpp
[0.982s] -- Up-to-date symlink: /home/david/ros2_ws/install/mecharm_interfaces/include/mecharm_interfaces/mecharm_interfaces/srv/detail/set_angles__rosidl_typesupport_fastrtps_cpp.hpp
[0.982s] -- Up-to-date symlink: /home/david/ros2_ws/install/mecharm_interfaces/include/mecharm_interfaces/mecharm_interfaces/srv/detail/set_coords__rosidl_typesupport_fastrtps_cpp.hpp
[0.982s] -- Up-to-date symlink: /home/david/ros2_ws/install/mecharm_interfaces/include/mecharm_interfaces/mecharm_interfaces/msg/detail/mecharm_angles__rosidl_typesupport_introspection_cpp.hpp
[0.982s] -- Up-to-date symlink: /home/david/ros2_ws/install/mecharm_interfaces/include/mecharm_interfaces/mecharm_interfaces/msg/detail/mecharm_coords__rosidl_typesupport_introspection_cpp.hpp
[0.982s] -- Up-to-date symlink: /home/david/ros2_ws/install/mecharm_interfaces/include/mecharm_interfaces/mecharm_interfaces/msg/detail/mecharm_gripper_status__rosidl_typesupport_introspection_cpp.hpp
[0.982s] -- Up-to-date symlink: /home/david/ros2_ws/install/mecharm_interfaces/include/mecharm_interfaces/mecharm_interfaces/msg/detail/mecharm_pump_status__rosidl_typesupport_introspection_cpp.hpp
[0.982s] -- Up-to-date symlink: /home/david/ros2_ws/install/mecharm_interfaces/include/mecharm_interfaces/mecharm_interfaces/msg/detail/mecharm_set_angles__rosidl_typesupport_introspection_cpp.hpp
[0.982s] -- Up-to-date symlink: /home/david/ros2_ws/install/mecharm_interfaces/include/mecharm_interfaces/mecharm_interfaces/msg/detail/mecharm_set_coords__rosidl_typesupport_introspection_cpp.hpp
[0.982s] -- Up-to-date symlink: /home/david/ros2_ws/install/mecharm_interfaces/include/mecharm_interfaces/mecharm_interfaces/srv/detail/get_angles__rosidl_typesupport_introspection_cpp.hpp
[0.982s] -- Up-to-date symlink: /home/david/ros2_ws/install/mecharm_interfaces/include/mecharm_interfaces/mecharm_interfaces/srv/detail/get_coords__rosidl_typesupport_introspection_cpp.hpp
[0.982s] -- Up-to-date symlink: /home/david/ros2_ws/install/mecharm_interfaces/include/mecharm_interfaces/mecharm_interfaces/srv/detail/gripper_status__rosidl_typesupport_introspection_cpp.hpp
[0.983s] -- Up-to-date symlink: /home/david/ros2_ws/install/mecharm_interfaces/include/mecharm_interfaces/mecharm_interfaces/srv/detail/pump_status__rosidl_typesupport_introspection_cpp.hpp
[0.983s] -- Up-to-date symlink: /home/david/ros2_ws/install/mecharm_interfaces/include/mecharm_interfaces/mecharm_interfaces/srv/detail/set_angles__rosidl_typesupport_introspection_cpp.hpp
[0.983s] -- Up-to-date symlink: /home/david/ros2_ws/install/mecharm_interfaces/include/mecharm_interfaces/mecharm_interfaces/srv/detail/set_coords__rosidl_typesupport_introspection_cpp.hpp
[0.983s] -- Up-to-date symlink: /home/david/ros2_ws/install/mecharm_interfaces/share/mecharm_interfaces/environment/pythonpath.sh
[0.983s] -- Up-to-date symlink: /home/david/ros2_ws/install/mecharm_interfaces/share/mecharm_interfaces/environment/pythonpath.dsv
[0.983s] -- Up-to-date symlink: /home/david/ros2_ws/install/mecharm_interfaces/local/lib/python3.10/dist-packages/mecharm_interfaces-0.0.0-py3.10.egg-info/PKG-INFO
[0.983s] -- Up-to-date symlink: /home/david/ros2_ws/install/mecharm_interfaces/local/lib/python3.10/dist-packages/mecharm_interfaces-0.0.0-py3.10.egg-info/SOURCES.txt
[0.983s] -- Up-to-date symlink: /home/david/ros2_ws/install/mecharm_interfaces/local/lib/python3.10/dist-packages/mecharm_interfaces-0.0.0-py3.10.egg-info/dependency_links.txt
[0.983s] -- Up-to-date symlink: /home/david/ros2_ws/install/mecharm_interfaces/local/lib/python3.10/dist-packages/mecharm_interfaces-0.0.0-py3.10.egg-info/top_level.txt
[0.983s] -- Up-to-date symlink: /home/david/ros2_ws/install/mecharm_interfaces/local/lib/python3.10/dist-packages/mecharm_interfaces/__init__.py
[0.983s] -- Up-to-date symlink: /home/david/ros2_ws/install/mecharm_interfaces/local/lib/python3.10/dist-packages/mecharm_interfaces/_mecharm_interfaces_s.ep.rosidl_typesupport_c.c
[0.983s] -- Up-to-date symlink: /home/david/ros2_ws/install/mecharm_interfaces/local/lib/python3.10/dist-packages/mecharm_interfaces/_mecharm_interfaces_s.ep.rosidl_typesupport_fastrtps_c.c
[0.983s] -- Up-to-date symlink: /home/david/ros2_ws/install/mecharm_interfaces/local/lib/python3.10/dist-packages/mecharm_interfaces/_mecharm_interfaces_s.ep.rosidl_typesupport_introspection_c.c
[0.984s] -- Up-to-date symlink: /home/david/ros2_ws/install/mecharm_interfaces/local/lib/python3.10/dist-packages/mecharm_interfaces/libmecharm_interfaces__rosidl_generator_py.so
[0.984s] -- Up-to-date symlink: /home/david/ros2_ws/install/mecharm_interfaces/local/lib/python3.10/dist-packages/mecharm_interfaces/mecharm_interfaces_s__rosidl_typesupport_c.cpython-310-x86_64-linux-gnu.so
[0.984s] -- Up-to-date symlink: /home/david/ros2_ws/install/mecharm_interfaces/local/lib/python3.10/dist-packages/mecharm_interfaces/mecharm_interfaces_s__rosidl_typesupport_fastrtps_c.cpython-310-x86_64-linux-gnu.so
[0.984s] -- Up-to-date symlink: /home/david/ros2_ws/install/mecharm_interfaces/local/lib/python3.10/dist-packages/mecharm_interfaces/mecharm_interfaces_s__rosidl_typesupport_introspection_c.cpython-310-x86_64-linux-gnu.so
[0.984s] -- Up-to-date symlink: /home/david/ros2_ws/install/mecharm_interfaces/local/lib/python3.10/dist-packages/mecharm_interfaces/msg/__init__.py
[0.984s] -- Up-to-date symlink: /home/david/ros2_ws/install/mecharm_interfaces/local/lib/python3.10/dist-packages/mecharm_interfaces/msg/_mecharm_angles.py
[0.984s] -- Up-to-date symlink: /home/david/ros2_ws/install/mecharm_interfaces/local/lib/python3.10/dist-packages/mecharm_interfaces/msg/_mecharm_angles_s.c
[0.984s] -- Up-to-date symlink: /home/david/ros2_ws/install/mecharm_interfaces/local/lib/python3.10/dist-packages/mecharm_interfaces/msg/_mecharm_coords.py
[0.984s] -- Up-to-date symlink: /home/david/ros2_ws/install/mecharm_interfaces/local/lib/python3.10/dist-packages/mecharm_interfaces/msg/_mecharm_coords_s.c
[0.984s] -- Up-to-date symlink: /home/david/ros2_ws/install/mecharm_interfaces/local/lib/python3.10/dist-packages/mecharm_interfaces/msg/_mecharm_gripper_status.py
[0.984s] -- Up-to-date symlink: /home/david/ros2_ws/install/mecharm_interfaces/local/lib/python3.10/dist-packages/mecharm_interfaces/msg/_mecharm_gripper_status_s.c
[0.984s] -- Up-to-date symlink: /home/david/ros2_ws/install/mecharm_interfaces/local/lib/python3.10/dist-packages/mecharm_interfaces/msg/_mecharm_pump_status.py
[0.985s] -- Up-to-date symlink: /home/david/ros2_ws/install/mecharm_interfaces/local/lib/python3.10/dist-packages/mecharm_interfaces/msg/_mecharm_pump_status_s.c
[0.985s] -- Up-to-date symlink: /home/david/ros2_ws/install/mecharm_interfaces/local/lib/python3.10/dist-packages/mecharm_interfaces/msg/_mecharm_set_angles.py
[0.985s] -- Up-to-date symlink: /home/david/ros2_ws/install/mecharm_interfaces/local/lib/python3.10/dist-packages/mecharm_interfaces/msg/_mecharm_set_angles_s.c
[0.985s] -- Up-to-date symlink: /home/david/ros2_ws/install/mecharm_interfaces/local/lib/python3.10/dist-packages/mecharm_interfaces/msg/_mecharm_set_coords.py
[0.985s] -- Up-to-date symlink: /home/david/ros2_ws/install/mecharm_interfaces/local/lib/python3.10/dist-packages/mecharm_interfaces/msg/_mecharm_set_coords_s.c
[0.985s] -- Up-to-date symlink: /home/david/ros2_ws/install/mecharm_interfaces/local/lib/python3.10/dist-packages/mecharm_interfaces/srv/__init__.py
[0.985s] -- Up-to-date symlink: /home/david/ros2_ws/install/mecharm_interfaces/local/lib/python3.10/dist-packages/mecharm_interfaces/srv/_get_angles.py
[0.985s] -- Up-to-date symlink: /home/david/ros2_ws/install/mecharm_interfaces/local/lib/python3.10/dist-packages/mecharm_interfaces/srv/_get_angles_s.c
[0.985s] -- Up-to-date symlink: /home/david/ros2_ws/install/mecharm_interfaces/local/lib/python3.10/dist-packages/mecharm_interfaces/srv/_get_coords.py
[0.985s] -- Up-to-date symlink: /home/david/ros2_ws/install/mecharm_interfaces/local/lib/python3.10/dist-packages/mecharm_interfaces/srv/_get_coords_s.c
[0.985s] -- Up-to-date symlink: /home/david/ros2_ws/install/mecharm_interfaces/local/lib/python3.10/dist-packages/mecharm_interfaces/srv/_gripper_status.py
[0.985s] -- Up-to-date symlink: /home/david/ros2_ws/install/mecharm_interfaces/local/lib/python3.10/dist-packages/mecharm_interfaces/srv/_gripper_status_s.c
[0.985s] -- Up-to-date symlink: /home/david/ros2_ws/install/mecharm_interfaces/local/lib/python3.10/dist-packages/mecharm_interfaces/srv/_pump_status.py
[0.985s] -- Up-to-date symlink: /home/david/ros2_ws/install/mecharm_interfaces/local/lib/python3.10/dist-packages/mecharm_interfaces/srv/_pump_status_s.c
[0.986s] -- Up-to-date symlink: /home/david/ros2_ws/install/mecharm_interfaces/local/lib/python3.10/dist-packages/mecharm_interfaces/srv/_set_angles.py
[0.986s] -- Up-to-date symlink: /home/david/ros2_ws/install/mecharm_interfaces/local/lib/python3.10/dist-packages/mecharm_interfaces/srv/_set_angles_s.c
[0.986s] -- Up-to-date symlink: /home/david/ros2_ws/install/mecharm_interfaces/local/lib/python3.10/dist-packages/mecharm_interfaces/srv/_set_coords.py
[0.986s] -- Up-to-date symlink: /home/david/ros2_ws/install/mecharm_interfaces/local/lib/python3.10/dist-packages/mecharm_interfaces/srv/_set_coords_s.c
[0.986s] -- Up-to-date symlink: /home/david/ros2_ws/install/mecharm_interfaces/local/lib/python3.10/dist-packages/mecharm_interfaces/mecharm_interfaces_s__rosidl_typesupport_fastrtps_c.cpython-310-x86_64-linux-gnu.so
[0.986s] -- Up-to-date symlink: /home/david/ros2_ws/install/mecharm_interfaces/local/lib/python3.10/dist-packages/mecharm_interfaces/mecharm_interfaces_s__rosidl_typesupport_introspection_c.cpython-310-x86_64-linux-gnu.so
[0.986s] -- Up-to-date symlink: /home/david/ros2_ws/install/mecharm_interfaces/local/lib/python3.10/dist-packages/mecharm_interfaces/mecharm_interfaces_s__rosidl_typesupport_c.cpython-310-x86_64-linux-gnu.so
[0.986s] -- Up-to-date symlink: /home/david/ros2_ws/install/mecharm_interfaces/share/mecharm_interfaces/msg/MecharmAngles.idl
[0.986s] -- Up-to-date symlink: /home/david/ros2_ws/install/mecharm_interfaces/share/mecharm_interfaces/msg/MecharmCoords.idl
[0.986s] -- Up-to-date symlink: /home/david/ros2_ws/install/mecharm_interfaces/share/mecharm_interfaces/msg/MecharmSetAngles.idl
[0.986s] -- Up-to-date symlink: /home/david/ros2_ws/install/mecharm_interfaces/share/mecharm_interfaces/msg/MecharmSetCoords.idl
[0.986s] -- Up-to-date symlink: /home/david/ros2_ws/install/mecharm_interfaces/share/mecharm_interfaces/msg/MecharmGripperStatus.idl
[0.987s] -- Up-to-date symlink: /home/david/ros2_ws/install/mecharm_interfaces/share/mecharm_interfaces/msg/MecharmPumpStatus.idl
[0.987s] -- Up-to-date symlink: /home/david/ros2_ws/install/mecharm_interfaces/share/mecharm_interfaces/srv/GetAngles.idl
[0.987s] -- Up-to-date symlink: /home/david/ros2_ws/install/mecharm_interfaces/share/mecharm_interfaces/srv/SetAngles.idl
[0.987s] -- Up-to-date symlink: /home/david/ros2_ws/install/mecharm_interfaces/share/mecharm_interfaces/srv/GetCoords.idl
[0.987s] -- Up-to-date symlink: /home/david/ros2_ws/install/mecharm_interfaces/share/mecharm_interfaces/srv/SetCoords.idl
[0.987s] -- Up-to-date symlink: /home/david/ros2_ws/install/mecharm_interfaces/share/mecharm_interfaces/srv/GripperStatus.idl
[0.987s] -- Up-to-date symlink: /home/david/ros2_ws/install/mecharm_interfaces/share/mecharm_interfaces/srv/PumpStatus.idl
[0.987s] -- Up-to-date symlink: /home/david/ros2_ws/install/mecharm_interfaces/share/mecharm_interfaces/msg/MecharmAngles.msg
[0.987s] -- Up-to-date symlink: /home/david/ros2_ws/install/mecharm_interfaces/share/mecharm_interfaces/msg/MecharmCoords.msg
[0.987s] -- Up-to-date symlink: /home/david/ros2_ws/install/mecharm_interfaces/share/mecharm_interfaces/msg/MecharmSetAngles.msg
[0.987s] -- Up-to-date symlink: /home/david/ros2_ws/install/mecharm_interfaces/share/mecharm_interfaces/msg/MecharmSetCoords.msg
[0.987s] -- Up-to-date symlink: /home/david/ros2_ws/install/mecharm_interfaces/share/mecharm_interfaces/msg/MecharmGripperStatus.msg
[0.987s] -- Up-to-date symlink: /home/david/ros2_ws/install/mecharm_interfaces/share/mecharm_interfaces/msg/MecharmPumpStatus.msg
[0.988s] -- Up-to-date symlink: /home/david/ros2_ws/install/mecharm_interfaces/share/mecharm_interfaces/srv/GetAngles.srv
[0.988s] -- Up-to-date symlink: /home/david/ros2_ws/install/mecharm_interfaces/share/mecharm_interfaces/srv/GetAngles_Request.msg
[0.988s] -- Up-to-date symlink: /home/david/ros2_ws/install/mecharm_interfaces/share/mecharm_interfaces/srv/GetAngles_Response.msg
[0.988s] -- Up-to-date symlink: /home/david/ros2_ws/install/mecharm_interfaces/share/mecharm_interfaces/srv/SetAngles.srv
[0.988s] -- Up-to-date symlink: /home/david/ros2_ws/install/mecharm_interfaces/share/mecharm_interfaces/srv/SetAngles_Request.msg
[0.988s] -- Up-to-date symlink: /home/david/ros2_ws/install/mecharm_interfaces/share/mecharm_interfaces/srv/SetAngles_Response.msg
[0.988s] -- Up-to-date symlink: /home/david/ros2_ws/install/mecharm_interfaces/share/mecharm_interfaces/srv/GetCoords.srv
[0.988s] -- Up-to-date symlink: /home/david/ros2_ws/install/mecharm_interfaces/share/mecharm_interfaces/srv/GetCoords_Request.msg
[0.988s] -- Up-to-date symlink: /home/david/ros2_ws/install/mecharm_interfaces/share/mecharm_interfaces/srv/GetCoords_Response.msg
[0.988s] -- Up-to-date symlink: /home/david/ros2_ws/install/mecharm_interfaces/share/mecharm_interfaces/srv/SetCoords.srv
[0.988s] -- Up-to-date symlink: /home/david/ros2_ws/install/mecharm_interfaces/share/mecharm_interfaces/srv/SetCoords_Request.msg
[0.988s] -- Up-to-date symlink: /home/david/ros2_ws/install/mecharm_interfaces/share/mecharm_interfaces/srv/SetCoords_Response.msg
[0.988s] -- Up-to-date symlink: /home/david/ros2_ws/install/mecharm_interfaces/share/mecharm_interfaces/srv/GripperStatus.srv
[0.988s] -- Up-to-date symlink: /home/david/ros2_ws/install/mecharm_interfaces/share/mecharm_interfaces/srv/GripperStatus_Request.msg
[0.988s] -- Up-to-date symlink: /home/david/ros2_ws/install/mecharm_interfaces/share/mecharm_interfaces/srv/GripperStatus_Response.msg
[0.989s] -- Up-to-date symlink: /home/david/ros2_ws/install/mecharm_interfaces/share/mecharm_interfaces/srv/PumpStatus.srv
[0.989s] -- Up-to-date symlink: /home/david/ros2_ws/install/mecharm_interfaces/share/mecharm_interfaces/srv/PumpStatus_Request.msg
[0.989s] -- Up-to-date symlink: /home/david/ros2_ws/install/mecharm_interfaces/share/mecharm_interfaces/srv/PumpStatus_Response.msg
[0.989s] -- Up-to-date symlink: /home/david/ros2_ws/install/mecharm_interfaces/share/ament_index/resource_index/package_run_dependencies/mecharm_interfaces
[0.989s] -- Up-to-date symlink: /home/david/ros2_ws/install/mecharm_interfaces/share/ament_index/resource_index/parent_prefix_path/mecharm_interfaces
[0.989s] -- Up-to-date symlink: /home/david/ros2_ws/install/mecharm_interfaces/share/mecharm_interfaces/environment/ament_prefix_path.sh
[0.989s] -- Up-to-date symlink: /home/david/ros2_ws/install/mecharm_interfaces/share/mecharm_interfaces/environment/ament_prefix_path.dsv
[0.989s] -- Up-to-date symlink: /home/david/ros2_ws/install/mecharm_interfaces/share/mecharm_interfaces/environment/path.sh
[0.989s] -- Up-to-date symlink: /home/david/ros2_ws/install/mecharm_interfaces/share/mecharm_interfaces/environment/path.dsv
[0.989s] -- Up-to-date symlink: /home/david/ros2_ws/install/mecharm_interfaces/share/mecharm_interfaces/local_setup.bash
[0.989s] -- Up-to-date symlink: /home/david/ros2_ws/install/mecharm_interfaces/share/mecharm_interfaces/local_setup.sh
[0.989s] -- Up-to-date symlink: /home/david/ros2_ws/install/mecharm_interfaces/share/mecharm_interfaces/local_setup.zsh
[0.989s] -- Up-to-date symlink: /home/david/ros2_ws/install/mecharm_interfaces/share/mecharm_interfaces/local_setup.dsv
[0.989s] -- Symlinking: /home/david/ros2_ws/install/mecharm_interfaces/share/mecharm_interfaces/package.dsv
[0.993s] -- Up-to-date symlink: /home/david/ros2_ws/install/mecharm_interfaces/share/ament_index/resource_index/packages/mecharm_interfaces
[0.993s] -- Up-to-date symlink: /home/david/ros2_ws/install/mecharm_interfaces/share/mecharm_interfaces/cmake/rosidl_cmake-extras.cmake
[0.993s] -- Up-to-date symlink: /home/david/ros2_ws/install/mecharm_interfaces/share/mecharm_interfaces/cmake/ament_cmake_export_dependencies-extras.cmake
[0.993s] -- Up-to-date symlink: /home/david/ros2_ws/install/mecharm_interfaces/share/mecharm_interfaces/cmake/ament_cmake_export_include_directories-extras.cmake
[0.993s] -- Up-to-date symlink: /home/david/ros2_ws/install/mecharm_interfaces/share/mecharm_interfaces/cmake/ament_cmake_export_libraries-extras.cmake
[0.993s] -- Up-to-date symlink: /home/david/ros2_ws/install/mecharm_interfaces/share/mecharm_interfaces/cmake/ament_cmake_export_targets-extras.cmake
[0.993s] -- Up-to-date symlink: /home/david/ros2_ws/install/mecharm_interfaces/share/mecharm_interfaces/cmake/rosidl_cmake_export_typesupport_targets-extras.cmake
[0.993s] -- Up-to-date symlink: /home/david/ros2_ws/install/mecharm_interfaces/share/mecharm_interfaces/cmake/rosidl_cmake_export_typesupport_libraries-extras.cmake
[0.993s] -- Up-to-date symlink: /home/david/ros2_ws/install/mecharm_interfaces/share/mecharm_interfaces/cmake/mecharm_interfacesConfig.cmake
[0.993s] -- Up-to-date symlink: /home/david/ros2_ws/install/mecharm_interfaces/share/mecharm_interfaces/cmake/mecharm_interfacesConfig-version.cmake
[0.994s] -- Up-to-date symlink: /home/david/ros2_ws/install/mecharm_interfaces/share/mecharm_interfaces/package.xml
[0.994s] -- Up-to-date: /home/david/ros2_ws/install/mecharm_interfaces/lib/libmecharm_interfaces__rosidl_generator_c.so
[0.994s] -- Up-to-date: /home/david/ros2_ws/install/mecharm_interfaces/lib/libmecharm_interfaces__rosidl_typesupport_fastrtps_c.so
[0.994s] -- Up-to-date: /home/david/ros2_ws/install/mecharm_interfaces/lib/libmecharm_interfaces__rosidl_typesupport_introspection_c.so
[0.994s] -- Up-to-date: /home/david/ros2_ws/install/mecharm_interfaces/lib/libmecharm_interfaces__rosidl_typesupport_c.so
[0.994s] -- Up-to-date: /home/david/ros2_ws/install/mecharm_interfaces/lib/libmecharm_interfaces__rosidl_typesupport_fastrtps_cpp.so
[0.994s] -- Up-to-date: /home/david/ros2_ws/install/mecharm_interfaces/lib/libmecharm_interfaces__rosidl_typesupport_introspection_cpp.so
[0.994s] -- Up-to-date: /home/david/ros2_ws/install/mecharm_interfaces/lib/libmecharm_interfaces__rosidl_typesupport_cpp.so
[1.029s] Listing '/home/david/ros2_ws/install/mecharm_interfaces/local/lib/python3.10/dist-packages/mecharm_interfaces'...
[1.029s] Listing '/home/david/ros2_ws/install/mecharm_interfaces/local/lib/python3.10/dist-packages/mecharm_interfaces/msg'...
[1.029s] Listing '/home/david/ros2_ws/install/mecharm_interfaces/local/lib/python3.10/dist-packages/mecharm_interfaces/srv'...
[1.033s] -- Up-to-date: /home/david/ros2_ws/install/mecharm_interfaces/lib/libmecharm_interfaces__rosidl_generator_py.so
[1.033s] -- Up-to-date: /home/david/ros2_ws/install/mecharm_interfaces/share/mecharm_interfaces/cmake/export_mecharm_interfaces__rosidl_generator_cExport.cmake
[1.033s] -- Up-to-date: /home/david/ros2_ws/install/mecharm_interfaces/share/mecharm_interfaces/cmake/export_mecharm_interfaces__rosidl_generator_cExport-noconfig.cmake
[1.033s] -- Up-to-date: /home/david/ros2_ws/install/mecharm_interfaces/share/mecharm_interfaces/cmake/export_mecharm_interfaces__rosidl_typesupport_fastrtps_cExport.cmake
[1.033s] -- Up-to-date: /home/david/ros2_ws/install/mecharm_interfaces/share/mecharm_interfaces/cmake/export_mecharm_interfaces__rosidl_typesupport_fastrtps_cExport-noconfig.cmake
[1.033s] -- Up-to-date: /home/david/ros2_ws/install/mecharm_interfaces/share/mecharm_interfaces/cmake/mecharm_interfaces__rosidl_typesupport_introspection_cExport.cmake
[1.033s] -- Up-to-date: /home/david/ros2_ws/install/mecharm_interfaces/share/mecharm_interfaces/cmake/mecharm_interfaces__rosidl_typesupport_introspection_cExport-noconfig.cmake
[1.033s] -- Up-to-date: /home/david/ros2_ws/install/mecharm_interfaces/share/mecharm_interfaces/cmake/mecharm_interfaces__rosidl_typesupport_cExport.cmake
[1.033s] -- Up-to-date: /home/david/ros2_ws/install/mecharm_interfaces/share/mecharm_interfaces/cmake/mecharm_interfaces__rosidl_typesupport_cExport-noconfig.cmake
[1.034s] -- Up-to-date: /home/david/ros2_ws/install/mecharm_interfaces/share/mecharm_interfaces/cmake/export_mecharm_interfaces__rosidl_generator_cppExport.cmake
[1.034s] -- Up-to-date: /home/david/ros2_ws/install/mecharm_interfaces/share/mecharm_interfaces/cmake/export_mecharm_interfaces__rosidl_typesupport_fastrtps_cppExport.cmake
[1.034s] -- Up-to-date: /home/david/ros2_ws/install/mecharm_interfaces/share/mecharm_interfaces/cmake/export_mecharm_interfaces__rosidl_typesupport_fastrtps_cppExport-noconfig.cmake
[1.034s] -- Up-to-date: /home/david/ros2_ws/install/mecharm_interfaces/share/mecharm_interfaces/cmake/mecharm_interfaces__rosidl_typesupport_introspection_cppExport.cmake
[1.034s] -- Up-to-date: /home/david/ros2_ws/install/mecharm_interfaces/share/mecharm_interfaces/cmake/mecharm_interfaces__rosidl_typesupport_introspection_cppExport-noconfig.cmake
[1.034s] -- Up-to-date: /home/david/ros2_ws/install/mecharm_interfaces/share/mecharm_interfaces/cmake/mecharm_interfaces__rosidl_typesupport_cppExport.cmake
[1.034s] -- Up-to-date: /home/david/ros2_ws/install/mecharm_interfaces/share/mecharm_interfaces/cmake/mecharm_interfaces__rosidl_typesupport_cppExport-noconfig.cmake
[1.034s] -- Up-to-date: /home/david/ros2_ws/install/mecharm_interfaces/share/mecharm_interfaces/cmake/export_mecharm_interfaces__rosidl_generator_pyExport.cmake
[1.034s] -- Up-to-date: /home/david/ros2_ws/install/mecharm_interfaces/share/mecharm_interfaces/cmake/export_mecharm_interfaces__rosidl_generator_pyExport-noconfig.cmake
[1.037s] Invoked command in '/home/david/ros2_ws/build/mecharm_interfaces' returned '0': CMAKE_PREFIX_PATH=${CMAKE_PREFIX_PATH}:/home/david/ros2_ws/install/ultraarm:/home/david/ros2_ws/install/mypalletizer_260_pi:/home/david/ros2_ws/install/mypalletizer_260:/home/david/ros2_ws/install/mypalletizer_communication:/home/david/ros2_ws/install/mycobot_630:/home/david/ros2_ws/install/mycobot_600:/home/david/ros2_ws/install/mycobot_320pi:/home/david/ros2_ws/install/mycobot_320:/home/david/ros2_ws/install/mycobot_280pi:/home/david/ros2_ws/install/mycobot_280jn:/home/david/ros2_ws/install/mycobot_280_x3pi:/home/david/ros2_ws/install/mycobot_280:/home/david/ros2_ws/install/myarm_m750:/home/david/ros2_ws/install/myarm_c650:/home/david/ros2_ws/install/myarm_300:/home/david/ros2_ws/install/mycobot_communication:/home/david/ros2_ws/install/mecharm_pi:/home/david/ros2_ws/install/mecharm:/home/david/ros2_ws/install/mecharm_communication:/home/david/ros2_ws/install/mybuddy:/home/david/ros2_ws/install/mycobot_description:/opt/ros/humble /usr/bin/cmake --install /home/david/ros2_ws/build/mecharm_interfaces
