[0.170s] Invoking command in '/home/david/ros2_ws/build/mycobot_interfaces': CMAKE_PREFIX_PATH=/opt/ros/humble /usr/bin/cmake /home/david/ros2_ws/src/mycobot_ros2/mycobot_280/mycobot_interfaces -DAMENT_CMAKE_SYMLINK_INSTALL=1 -DCMAKE_INSTALL_PREFIX=/home/david/ros2_ws/install/mycobot_interfaces
[0.233s] -- The C compiler identification is GNU 11.4.0
[0.295s] -- The CXX compiler identification is GNU 11.4.0
[0.301s] -- Detecting C compiler ABI info
[0.356s] -- Detecting C compiler ABI info - done
[0.364s] -- Check for working C compiler: /usr/bin/cc - skipped
[0.365s] -- Detecting C compile features
[0.365s] -- Detecting C compile features - done
[0.368s] -- Detecting CXX compiler ABI info
[0.431s] -- Detecting CXX compiler ABI info - done
[0.439s] -- Check for working CXX compiler: /usr/bin/c++ - skipped
[0.439s] -- Detecting CXX compile features
[0.440s] -- Detecting CXX compile features - done
[0.442s] -- Found ament_cmake: 1.3.9 (/opt/ros/humble/share/ament_cmake/cmake)
[0.574s] -- Found Python3: /usr/bin/python3 (found version "3.10.12") found components: Interpreter 
[0.614s] -- Override CMake install command with custom implementation using symlinks instead of copying resources
[0.629s] -- Found rosidl_default_generators: 1.2.0 (/opt/ros/humble/share/rosidl_default_generators/cmake)
[0.631s] -- Using all available rosidl_typesupport_c: rosidl_typesupport_fastrtps_c;rosidl_typesupport_introspection_c
[0.634s] -- Found rosidl_adapter: 3.1.5 (/opt/ros/humble/share/rosidl_adapter/cmake)
[0.658s] -- Using all available rosidl_typesupport_cpp: rosidl_typesupport_fastrtps_cpp;rosidl_typesupport_introspection_cpp
[0.679s] -- Found rclpy: 3.3.13 (/opt/ros/humble/share/rclpy/cmake)
[0.680s] -- Found std_msgs: 4.2.4 (/opt/ros/humble/share/std_msgs/cmake)
[0.973s] -- Found ament_cmake_ros: 0.10.0 (/opt/ros/humble/share/ament_cmake_ros/cmake)
[1.115s] -- Using all available rosidl_typesupport_c: rosidl_typesupport_fastrtps_c;rosidl_typesupport_introspection_c
[1.301s] -- Using all available rosidl_typesupport_cpp: rosidl_typesupport_fastrtps_cpp;rosidl_typesupport_introspection_cpp
[1.316s] -- Found PythonInterp: /usr/bin/python3 (found suitable version "3.10.12", minimum required is "3.6") 
[1.317s] -- Found python_cmake_module: 0.10.0 (/opt/ros/humble/share/python_cmake_module/cmake)
[1.335s] -- Found PythonLibs: /usr/lib/x86_64-linux-gnu/libpython3.10.so (found suitable version "3.10.12", minimum required is "3.5") 
[1.335s] -- Using PYTHON_EXECUTABLE: /usr/bin/python3
[1.335s] -- Using PYTHON_INCLUDE_DIRS: /usr/include/python3.10
[1.335s] -- Using PYTHON_LIBRARIES: /usr/lib/x86_64-linux-gnu/libpython3.10.so
[1.349s] -- Found PythonExtra: .so  
[1.383s] -- Found ament_lint_auto: 0.12.11 (/opt/ros/humble/share/ament_lint_auto/cmake)
[1.396s] -- Added test 'copyright' to check source files copyright and LICENSE
[1.398s] -- Added test 'lint_cmake' to check CMake code style
[1.398s] -- Added test 'xmllint' to check XML markup files
[1.400s] -- Configuring done
[1.431s] -- Generating done
[1.433s] -- Build files have been written to: /home/david/ros2_ws/build/mycobot_interfaces
[1.438s] Invoked command in '/home/david/ros2_ws/build/mycobot_interfaces' returned '0': CMAKE_PREFIX_PATH=/opt/ros/humble /usr/bin/cmake /home/david/ros2_ws/src/mycobot_ros2/mycobot_280/mycobot_interfaces -DAMENT_CMAKE_SYMLINK_INSTALL=1 -DCMAKE_INSTALL_PREFIX=/home/david/ros2_ws/install/mycobot_interfaces
[1.439s] Invoking command in '/home/david/ros2_ws/build/mycobot_interfaces': CMAKE_PREFIX_PATH=/opt/ros/humble /usr/bin/cmake --build /home/david/ros2_ws/build/mycobot_interfaces -- -j12 -l12
[1.465s] [  1%] [34m[1mGenerating C code for ROS interfaces[0m
[1.472s] [  1%] [34m[1mGenerating C++ code for ROS interfaces[0m
[1.482s] [  1%] Built target ament_cmake_python_symlink_mycobot_interfaces
[2.000s] running egg_info
[2.001s] creating mycobot_interfaces.egg-info
[2.001s] writing mycobot_interfaces.egg-info/PKG-INFO
[2.001s] writing dependency_links to mycobot_interfaces.egg-info/dependency_links.txt
[2.002s] writing top-level names to mycobot_interfaces.egg-info/top_level.txt
[2.002s] writing manifest file 'mycobot_interfaces.egg-info/SOURCES.txt'
[2.004s] reading manifest file 'mycobot_interfaces.egg-info/SOURCES.txt'
[2.004s] writing manifest file 'mycobot_interfaces.egg-info/SOURCES.txt'
[2.032s] [  1%] Built target ament_cmake_python_build_mycobot_interfaces_egg
[2.749s] [  1%] Built target mycobot_interfaces__cpp
[2.758s] [  2%] [34m[1mGenerating C++ type support dispatch for ROS interfaces[0m
[2.760s] [  2%] [34m[1mGenerating C++ type support for eProsima Fast-RTPS[0m
[2.762s] [  3%] [34m[1mGenerating C++ introspection for ROS interfaces[0m
[3.034s] [  4%] [32mBuilding C object CMakeFiles/mycobot_interfaces__rosidl_generator_c.dir/rosidl_generator_c/mycobot_interfaces/msg/detail/mycobot_angles__functions.c.o[0m
[3.037s] [  5%] [32mBuilding C object CMakeFiles/mycobot_interfaces__rosidl_generator_c.dir/rosidl_generator_c/mycobot_interfaces/msg/detail/mycobot_set_angles__functions.c.o[0m
[3.042s] [  6%] [32mBuilding C object CMakeFiles/mycobot_interfaces__rosidl_generator_c.dir/rosidl_generator_c/mycobot_interfaces/msg/detail/mycobot_coords__functions.c.o[0m
[3.045s] [  6%] [32mBuilding C object CMakeFiles/mycobot_interfaces__rosidl_generator_c.dir/rosidl_generator_c/mycobot_interfaces/msg/detail/mycobot_set_coords__functions.c.o[0m
[3.066s] [  8%] [32mBuilding C object CMakeFiles/mycobot_interfaces__rosidl_generator_c.dir/rosidl_generator_c/mycobot_interfaces/msg/detail/mycobot_gripper_status__functions.c.o[0m
[3.066s] [  8%] [32mBuilding C object CMakeFiles/mycobot_interfaces__rosidl_generator_c.dir/rosidl_generator_c/mycobot_interfaces/msg/detail/mycobot_pump_status__functions.c.o[0m
[3.067s] [  9%] [32mBuilding C object CMakeFiles/mycobot_interfaces__rosidl_generator_c.dir/rosidl_generator_c/mycobot_interfaces/srv/detail/set_angles__functions.c.o[0m
[3.072s] [ 10%] [32mBuilding C object CMakeFiles/mycobot_interfaces__rosidl_generator_c.dir/rosidl_generator_c/mycobot_interfaces/srv/detail/get_angles__functions.c.o[0m
[3.094s] [ 11%] [32mBuilding C object CMakeFiles/mycobot_interfaces__rosidl_generator_c.dir/rosidl_generator_c/mycobot_interfaces/srv/detail/get_coords__functions.c.o[0m
[3.239s] [ 11%] [32mBuilding C object CMakeFiles/mycobot_interfaces__rosidl_generator_c.dir/rosidl_generator_c/mycobot_interfaces/srv/detail/set_coords__functions.c.o[0m
[3.245s] [ 12%] [32mBuilding C object CMakeFiles/mycobot_interfaces__rosidl_generator_c.dir/rosidl_generator_c/mycobot_interfaces/srv/detail/gripper_status__functions.c.o[0m
[3.252s] [ 13%] [32mBuilding C object CMakeFiles/mycobot_interfaces__rosidl_generator_c.dir/rosidl_generator_c/mycobot_interfaces/srv/detail/pump_status__functions.c.o[0m
[3.408s] [ 14%] [32m[1mLinking C shared library libmycobot_interfaces__rosidl_generator_c.so[0m
[3.433s] [ 14%] Built target mycobot_interfaces__rosidl_generator_c
[3.483s] [ 15%] [34m[1mGenerating C type support for eProsima Fast-RTPS[0m
[3.491s] [ 16%] [34m[1mGenerating C introspection for ROS interfaces[0m
[3.492s] [ 17%] [34m[1mGenerating C type support dispatch for ROS interfaces[0m
[4.663s] [ 18%] [32mBuilding CXX object CMakeFiles/mycobot_interfaces__rosidl_typesupport_cpp.dir/rosidl_typesupport_cpp/mycobot_interfaces/msg/mycobot_coords__type_support.cpp.o[0m
[4.695s] [ 20%] [32mBuilding CXX object CMakeFiles/mycobot_interfaces__rosidl_typesupport_cpp.dir/rosidl_typesupport_cpp/mycobot_interfaces/msg/mycobot_set_coords__type_support.cpp.o[0m
[4.696s] [ 20%] [32mBuilding CXX object CMakeFiles/mycobot_interfaces__rosidl_typesupport_cpp.dir/rosidl_typesupport_cpp/mycobot_interfaces/msg/mycobot_angles__type_support.cpp.o[0m
[4.696s] [ 21%] [32mBuilding CXX object CMakeFiles/mycobot_interfaces__rosidl_typesupport_cpp.dir/rosidl_typesupport_cpp/mycobot_interfaces/msg/mycobot_set_angles__type_support.cpp.o[0m
[4.700s] [ 21%] [32mBuilding CXX object CMakeFiles/mycobot_interfaces__rosidl_typesupport_cpp.dir/rosidl_typesupport_cpp/mycobot_interfaces/msg/mycobot_gripper_status__type_support.cpp.o[0m
[4.718s] [ 22%] [32mBuilding CXX object CMakeFiles/mycobot_interfaces__rosidl_typesupport_cpp.dir/rosidl_typesupport_cpp/mycobot_interfaces/msg/mycobot_pump_status__type_support.cpp.o[0m
[4.828s] [ 23%] [32mBuilding CXX object CMakeFiles/mycobot_interfaces__rosidl_typesupport_cpp.dir/rosidl_typesupport_cpp/mycobot_interfaces/srv/get_angles__type_support.cpp.o[0m
[6.047s] [ 24%] [32mBuilding CXX object CMakeFiles/mycobot_interfaces__rosidl_typesupport_cpp.dir/rosidl_typesupport_cpp/mycobot_interfaces/srv/set_angles__type_support.cpp.o[0m
[6.113s] [ 25%] [32mBuilding CXX object CMakeFiles/mycobot_interfaces__rosidl_typesupport_cpp.dir/rosidl_typesupport_cpp/mycobot_interfaces/srv/get_coords__type_support.cpp.o[0m
[6.136s] [ 26%] [32mBuilding CXX object CMakeFiles/mycobot_interfaces__rosidl_typesupport_c.dir/rosidl_typesupport_c/mycobot_interfaces/msg/mycobot_angles__type_support.cpp.o[0m
[6.271s] [ 27%] [32mBuilding CXX object CMakeFiles/mycobot_interfaces__rosidl_typesupport_cpp.dir/rosidl_typesupport_cpp/mycobot_interfaces/srv/set_coords__type_support.cpp.o[0m
[6.276s] [ 27%] [32mBuilding CXX object CMakeFiles/mycobot_interfaces__rosidl_typesupport_c.dir/rosidl_typesupport_c/mycobot_interfaces/msg/mycobot_coords__type_support.cpp.o[0m
[6.419s] [ 28%] [32mBuilding CXX object CMakeFiles/mycobot_interfaces__rosidl_typesupport_c.dir/rosidl_typesupport_c/mycobot_interfaces/msg/mycobot_set_angles__type_support.cpp.o[0m
[6.583s] [ 28%] [32mBuilding CXX object CMakeFiles/mycobot_interfaces__rosidl_typesupport_introspection_cpp.dir/rosidl_typesupport_introspection_cpp/mycobot_interfaces/msg/detail/mycobot_angles__type_support.cpp.o[0m
[6.593s] [ 29%] [32mBuilding CXX object CMakeFiles/mycobot_interfaces__rosidl_typesupport_c.dir/rosidl_typesupport_c/mycobot_interfaces/msg/mycobot_set_coords__type_support.cpp.o[0m
[6.610s] [ 30%] [32mBuilding CXX object CMakeFiles/mycobot_interfaces__rosidl_typesupport_c.dir/rosidl_typesupport_c/mycobot_interfaces/msg/mycobot_gripper_status__type_support.cpp.o[0m
[6.669s] [ 30%] [32mBuilding CXX object CMakeFiles/mycobot_interfaces__rosidl_typesupport_cpp.dir/rosidl_typesupport_cpp/mycobot_interfaces/srv/gripper_status__type_support.cpp.o[0m
[6.895s] [ 31%] [32mBuilding CXX object CMakeFiles/mycobot_interfaces__rosidl_typesupport_c.dir/rosidl_typesupport_c/mycobot_interfaces/msg/mycobot_pump_status__type_support.cpp.o[0m
[6.912s] [ 32%] [32mBuilding CXX object CMakeFiles/mycobot_interfaces__rosidl_typesupport_c.dir/rosidl_typesupport_c/mycobot_interfaces/srv/get_angles__type_support.cpp.o[0m
[7.013s] [ 32%] [32mBuilding CXX object CMakeFiles/mycobot_interfaces__rosidl_typesupport_c.dir/rosidl_typesupport_c/mycobot_interfaces/srv/set_angles__type_support.cpp.o[0m
[7.056s] [ 33%] [32mBuilding CXX object CMakeFiles/mycobot_interfaces__rosidl_typesupport_c.dir/rosidl_typesupport_c/mycobot_interfaces/srv/get_coords__type_support.cpp.o[0m
[7.164s] [ 34%] [32mBuilding CXX object CMakeFiles/mycobot_interfaces__rosidl_typesupport_fastrtps_cpp.dir/rosidl_typesupport_fastrtps_cpp/mycobot_interfaces/msg/detail/dds_fastrtps/mycobot_angles__type_support.cpp.o[0m
[7.208s] [ 35%] [32mBuilding CXX object CMakeFiles/mycobot_interfaces__rosidl_typesupport_c.dir/rosidl_typesupport_c/mycobot_interfaces/srv/set_coords__type_support.cpp.o[0m
[7.213s] [ 36%] [32mBuilding CXX object CMakeFiles/mycobot_interfaces__rosidl_typesupport_cpp.dir/rosidl_typesupport_cpp/mycobot_interfaces/srv/pump_status__type_support.cpp.o[0m
[7.218s] [ 37%] [32mBuilding CXX object CMakeFiles/mycobot_interfaces__rosidl_typesupport_c.dir/rosidl_typesupport_c/mycobot_interfaces/srv/gripper_status__type_support.cpp.o[0m
[7.239s] [ 38%] [32mBuilding CXX object CMakeFiles/mycobot_interfaces__rosidl_typesupport_c.dir/rosidl_typesupport_c/mycobot_interfaces/srv/pump_status__type_support.cpp.o[0m
[7.450s] [ 39%] [32mBuilding CXX object CMakeFiles/mycobot_interfaces__rosidl_typesupport_introspection_cpp.dir/rosidl_typesupport_introspection_cpp/mycobot_interfaces/msg/detail/mycobot_coords__type_support.cpp.o[0m
[7.509s] [ 40%] [32mBuilding CXX object CMakeFiles/mycobot_interfaces__rosidl_typesupport_fastrtps_cpp.dir/rosidl_typesupport_fastrtps_cpp/mycobot_interfaces/msg/detail/dds_fastrtps/mycobot_set_angles__type_support.cpp.o[0m
[7.533s] [ 41%] [32mBuilding CXX object CMakeFiles/mycobot_interfaces__rosidl_typesupport_fastrtps_cpp.dir/rosidl_typesupport_fastrtps_cpp/mycobot_interfaces/msg/detail/dds_fastrtps/mycobot_coords__type_support.cpp.o[0m
[7.543s] [ 42%] [32m[1mLinking CXX shared library libmycobot_interfaces__rosidl_typesupport_c.so[0m
[7.545s] [ 43%] [32mBuilding CXX object CMakeFiles/mycobot_interfaces__rosidl_typesupport_introspection_cpp.dir/rosidl_typesupport_introspection_cpp/mycobot_interfaces/msg/detail/mycobot_set_angles__type_support.cpp.o[0m
[7.992s] [ 44%] [32mBuilding CXX object CMakeFiles/mycobot_interfaces__rosidl_typesupport_fastrtps_cpp.dir/rosidl_typesupport_fastrtps_cpp/mycobot_interfaces/msg/detail/dds_fastrtps/mycobot_set_coords__type_support.cpp.o[0m
[8.018s] [ 44%] Built target mycobot_interfaces__rosidl_typesupport_c
[8.179s] [ 45%] [32mBuilding CXX object CMakeFiles/mycobot_interfaces__rosidl_typesupport_fastrtps_cpp.dir/rosidl_typesupport_fastrtps_cpp/mycobot_interfaces/msg/detail/dds_fastrtps/mycobot_gripper_status__type_support.cpp.o[0m
[8.295s] [ 46%] [32mBuilding CXX object CMakeFiles/mycobot_interfaces__rosidl_typesupport_fastrtps_c.dir/rosidl_typesupport_fastrtps_c/mycobot_interfaces/msg/detail/mycobot_angles__type_support_c.cpp.o[0m
[8.345s] [ 46%] [32mBuilding CXX object CMakeFiles/mycobot_interfaces__rosidl_typesupport_fastrtps_cpp.dir/rosidl_typesupport_fastrtps_cpp/mycobot_interfaces/msg/detail/dds_fastrtps/mycobot_pump_status__type_support.cpp.o[0m
[8.449s] [ 47%] [32mBuilding C object CMakeFiles/mycobot_interfaces__rosidl_typesupport_introspection_c.dir/rosidl_typesupport_introspection_c/mycobot_interfaces/msg/detail/mycobot_angles__type_support.c.o[0m
[8.634s] [ 48%] [32m[1mLinking CXX shared library libmycobot_interfaces__rosidl_typesupport_cpp.so[0m
[8.794s] [ 49%] [32mBuilding C object CMakeFiles/mycobot_interfaces__rosidl_typesupport_introspection_c.dir/rosidl_typesupport_introspection_c/mycobot_interfaces/msg/detail/mycobot_coords__type_support.c.o[0m
[9.003s] [ 49%] Built target mycobot_interfaces__rosidl_typesupport_cpp
[9.156s] [ 50%] [32mBuilding CXX object CMakeFiles/mycobot_interfaces__rosidl_typesupport_fastrtps_c.dir/rosidl_typesupport_fastrtps_c/mycobot_interfaces/msg/detail/mycobot_coords__type_support_c.cpp.o[0m
[9.158s] [ 51%] [32mBuilding C object CMakeFiles/mycobot_interfaces__rosidl_typesupport_introspection_c.dir/rosidl_typesupport_introspection_c/mycobot_interfaces/msg/detail/mycobot_set_angles__type_support.c.o[0m
[9.320s] [ 51%] [32mBuilding C object CMakeFiles/mycobot_interfaces__rosidl_typesupport_introspection_c.dir/rosidl_typesupport_introspection_c/mycobot_interfaces/msg/detail/mycobot_set_coords__type_support.c.o[0m
[9.477s] [ 51%] [32mBuilding CXX object CMakeFiles/mycobot_interfaces__rosidl_typesupport_fastrtps_c.dir/rosidl_typesupport_fastrtps_c/mycobot_interfaces/msg/detail/mycobot_set_angles__type_support_c.cpp.o[0m
[9.631s] [ 52%] [32mBuilding C object CMakeFiles/mycobot_interfaces__rosidl_typesupport_introspection_c.dir/rosidl_typesupport_introspection_c/mycobot_interfaces/msg/detail/mycobot_gripper_status__type_support.c.o[0m
[9.812s] [ 53%] [32mBuilding C object CMakeFiles/mycobot_interfaces__rosidl_typesupport_introspection_c.dir/rosidl_typesupport_introspection_c/mycobot_interfaces/msg/detail/mycobot_pump_status__type_support.c.o[0m
[10.126s] [ 54%] [32mBuilding CXX object CMakeFiles/mycobot_interfaces__rosidl_typesupport_introspection_cpp.dir/rosidl_typesupport_introspection_cpp/mycobot_interfaces/msg/detail/mycobot_set_coords__type_support.cpp.o[0m
[10.128s] [ 55%] [32mBuilding C object CMakeFiles/mycobot_interfaces__rosidl_typesupport_introspection_c.dir/rosidl_typesupport_introspection_c/mycobot_interfaces/srv/detail/get_angles__type_support.c.o[0m
[10.470s] [ 56%] [32mBuilding C object CMakeFiles/mycobot_interfaces__rosidl_typesupport_introspection_c.dir/rosidl_typesupport_introspection_c/mycobot_interfaces/srv/detail/set_angles__type_support.c.o[0m
[10.477s] [ 57%] [32mBuilding CXX object CMakeFiles/mycobot_interfaces__rosidl_typesupport_fastrtps_cpp.dir/rosidl_typesupport_fastrtps_cpp/mycobot_interfaces/srv/detail/dds_fastrtps/get_angles__type_support.cpp.o[0m
[10.787s] [ 58%] [32mBuilding C object CMakeFiles/mycobot_interfaces__rosidl_typesupport_introspection_c.dir/rosidl_typesupport_introspection_c/mycobot_interfaces/srv/detail/get_coords__type_support.c.o[0m
[10.973s] [ 59%] [32mBuilding CXX object CMakeFiles/mycobot_interfaces__rosidl_typesupport_introspection_cpp.dir/rosidl_typesupport_introspection_cpp/mycobot_interfaces/msg/detail/mycobot_gripper_status__type_support.cpp.o[0m
[11.108s] [ 60%] [32mBuilding C object CMakeFiles/mycobot_interfaces__rosidl_typesupport_introspection_c.dir/rosidl_typesupport_introspection_c/mycobot_interfaces/srv/detail/set_coords__type_support.c.o[0m
[11.134s] [ 61%] [32mBuilding CXX object CMakeFiles/mycobot_interfaces__rosidl_typesupport_fastrtps_cpp.dir/rosidl_typesupport_fastrtps_cpp/mycobot_interfaces/srv/detail/dds_fastrtps/set_angles__type_support.cpp.o[0m
[11.189s] [ 61%] [32mBuilding C object CMakeFiles/mycobot_interfaces__rosidl_typesupport_introspection_c.dir/rosidl_typesupport_introspection_c/mycobot_interfaces/srv/detail/gripper_status__type_support.c.o[0m
[11.266s] [ 62%] [32mBuilding CXX object CMakeFiles/mycobot_interfaces__rosidl_typesupport_fastrtps_cpp.dir/rosidl_typesupport_fastrtps_cpp/mycobot_interfaces/srv/detail/dds_fastrtps/get_coords__type_support.cpp.o[0m
[11.304s] [ 63%] [32mBuilding CXX object CMakeFiles/mycobot_interfaces__rosidl_typesupport_introspection_cpp.dir/rosidl_typesupport_introspection_cpp/mycobot_interfaces/msg/detail/mycobot_pump_status__type_support.cpp.o[0m
[11.434s] [ 63%] [32mBuilding CXX object CMakeFiles/mycobot_interfaces__rosidl_typesupport_introspection_cpp.dir/rosidl_typesupport_introspection_cpp/mycobot_interfaces/srv/detail/get_angles__type_support.cpp.o[0m
[11.457s] [ 64%] [32mBuilding C object CMakeFiles/mycobot_interfaces__rosidl_typesupport_introspection_c.dir/rosidl_typesupport_introspection_c/mycobot_interfaces/srv/detail/pump_status__type_support.c.o[0m
[11.458s] [ 65%] [32mBuilding CXX object CMakeFiles/mycobot_interfaces__rosidl_typesupport_fastrtps_cpp.dir/rosidl_typesupport_fastrtps_cpp/mycobot_interfaces/srv/detail/dds_fastrtps/set_coords__type_support.cpp.o[0m
[11.621s] [ 66%] [32mBuilding CXX object CMakeFiles/mycobot_interfaces__rosidl_typesupport_fastrtps_c.dir/rosidl_typesupport_fastrtps_c/mycobot_interfaces/msg/detail/mycobot_set_coords__type_support_c.cpp.o[0m
[11.779s] [ 67%] [32m[1mLinking C shared library libmycobot_interfaces__rosidl_typesupport_introspection_c.so[0m
[11.899s] [ 68%] [32mBuilding CXX object CMakeFiles/mycobot_interfaces__rosidl_typesupport_fastrtps_cpp.dir/rosidl_typesupport_fastrtps_cpp/mycobot_interfaces/srv/detail/dds_fastrtps/gripper_status__type_support.cpp.o[0m
[12.226s] [ 68%] Built target mycobot_interfaces__rosidl_typesupport_introspection_c
[12.251s] [ 69%] [32mBuilding CXX object CMakeFiles/mycobot_interfaces__rosidl_typesupport_fastrtps_c.dir/rosidl_typesupport_fastrtps_c/mycobot_interfaces/msg/detail/mycobot_gripper_status__type_support_c.cpp.o[0m
[12.615s] [ 69%] [32mBuilding CXX object CMakeFiles/mycobot_interfaces__rosidl_typesupport_fastrtps_cpp.dir/rosidl_typesupport_fastrtps_cpp/mycobot_interfaces/srv/detail/dds_fastrtps/pump_status__type_support.cpp.o[0m
[13.317s] [ 70%] [32mBuilding CXX object CMakeFiles/mycobot_interfaces__rosidl_typesupport_fastrtps_c.dir/rosidl_typesupport_fastrtps_c/mycobot_interfaces/msg/detail/mycobot_pump_status__type_support_c.cpp.o[0m
[14.311s] [ 71%] [32mBuilding CXX object CMakeFiles/mycobot_interfaces__rosidl_typesupport_fastrtps_c.dir/rosidl_typesupport_fastrtps_c/mycobot_interfaces/srv/detail/get_angles__type_support_c.cpp.o[0m
[14.312s] [ 72%] [32mBuilding CXX object CMakeFiles/mycobot_interfaces__rosidl_typesupport_fastrtps_c.dir/rosidl_typesupport_fastrtps_c/mycobot_interfaces/srv/detail/set_angles__type_support_c.cpp.o[0m
[14.316s] [ 73%] [32mBuilding CXX object CMakeFiles/mycobot_interfaces__rosidl_typesupport_introspection_cpp.dir/rosidl_typesupport_introspection_cpp/mycobot_interfaces/srv/detail/set_angles__type_support.cpp.o[0m
[14.659s] [ 74%] [32mBuilding CXX object CMakeFiles/mycobot_interfaces__rosidl_typesupport_introspection_cpp.dir/rosidl_typesupport_introspection_cpp/mycobot_interfaces/srv/detail/get_coords__type_support.cpp.o[0m
[14.881s] [ 74%] [32mBuilding CXX object CMakeFiles/mycobot_interfaces__rosidl_typesupport_fastrtps_c.dir/rosidl_typesupport_fastrtps_c/mycobot_interfaces/srv/detail/get_coords__type_support_c.cpp.o[0m
[14.979s] [ 75%] [32mBuilding CXX object CMakeFiles/mycobot_interfaces__rosidl_typesupport_fastrtps_c.dir/rosidl_typesupport_fastrtps_c/mycobot_interfaces/srv/detail/set_coords__type_support_c.cpp.o[0m
[15.322s] [ 76%] [32mBuilding CXX object CMakeFiles/mycobot_interfaces__rosidl_typesupport_introspection_cpp.dir/rosidl_typesupport_introspection_cpp/mycobot_interfaces/srv/detail/set_coords__type_support.cpp.o[0m
[15.589s] [ 77%] [32mBuilding CXX object CMakeFiles/mycobot_interfaces__rosidl_typesupport_introspection_cpp.dir/rosidl_typesupport_introspection_cpp/mycobot_interfaces/srv/detail/gripper_status__type_support.cpp.o[0m
[15.598s] [ 78%] [32mBuilding CXX object CMakeFiles/mycobot_interfaces__rosidl_typesupport_fastrtps_c.dir/rosidl_typesupport_fastrtps_c/mycobot_interfaces/srv/detail/gripper_status__type_support_c.cpp.o[0m
[15.642s] [ 79%] [32mBuilding CXX object CMakeFiles/mycobot_interfaces__rosidl_typesupport_fastrtps_c.dir/rosidl_typesupport_fastrtps_c/mycobot_interfaces/srv/detail/pump_status__type_support_c.cpp.o[0m
[16.130s] [ 80%] [32mBuilding CXX object CMakeFiles/mycobot_interfaces__rosidl_typesupport_introspection_cpp.dir/rosidl_typesupport_introspection_cpp/mycobot_interfaces/srv/detail/pump_status__type_support.cpp.o[0m
[16.484s] [ 81%] [32m[1mLinking CXX shared library libmycobot_interfaces__rosidl_typesupport_fastrtps_cpp.so[0m
[17.124s] [ 81%] Built target mycobot_interfaces__rosidl_typesupport_fastrtps_cpp
[19.056s] [ 82%] [32m[1mLinking CXX shared library libmycobot_interfaces__rosidl_typesupport_introspection_cpp.so[0m
[19.068s] [ 83%] [32m[1mLinking CXX shared library libmycobot_interfaces__rosidl_typesupport_fastrtps_c.so[0m
[19.394s] [ 83%] Built target mycobot_interfaces__rosidl_typesupport_introspection_cpp
[19.728s] [ 83%] Built target mycobot_interfaces__rosidl_typesupport_fastrtps_c
[19.987s] [ 83%] Built target mycobot_interfaces
[20.188s] [ 84%] [34m[1mGenerating Python code for ROS interfaces[0m
[23.510s] [ 84%] Built target mycobot_interfaces__py
[23.526s] [ 85%] [32mBuilding C object CMakeFiles/mycobot_interfaces__rosidl_generator_py.dir/rosidl_generator_py/mycobot_interfaces/msg/_mycobot_set_angles_s.c.o[0m
[23.526s] [ 86%] [32mBuilding C object CMakeFiles/mycobot_interfaces__rosidl_generator_py.dir/rosidl_generator_py/mycobot_interfaces/msg/_mycobot_coords_s.c.o[0m
[23.526s] [ 86%] [32mBuilding C object CMakeFiles/mycobot_interfaces__rosidl_generator_py.dir/rosidl_generator_py/mycobot_interfaces/msg/_mycobot_angles_s.c.o[0m
[23.526s] [ 87%] [32mBuilding C object CMakeFiles/mycobot_interfaces__rosidl_generator_py.dir/rosidl_generator_py/mycobot_interfaces/msg/_mycobot_set_coords_s.c.o[0m
[23.526s] [ 88%] [32mBuilding C object CMakeFiles/mycobot_interfaces__rosidl_generator_py.dir/rosidl_generator_py/mycobot_interfaces/msg/_mycobot_gripper_status_s.c.o[0m
[23.527s] [ 89%] [32mBuilding C object CMakeFiles/mycobot_interfaces__rosidl_generator_py.dir/rosidl_generator_py/mycobot_interfaces/msg/_mycobot_pump_status_s.c.o[0m
[23.528s] [ 90%] [32mBuilding C object CMakeFiles/mycobot_interfaces__rosidl_generator_py.dir/rosidl_generator_py/mycobot_interfaces/srv/_get_angles_s.c.o[0m
[23.534s] [ 91%] [32mBuilding C object CMakeFiles/mycobot_interfaces__rosidl_generator_py.dir/rosidl_generator_py/mycobot_interfaces/srv/_set_angles_s.c.o[0m
[23.544s] [ 91%] [32mBuilding C object CMakeFiles/mycobot_interfaces__rosidl_generator_py.dir/rosidl_generator_py/mycobot_interfaces/srv/_set_coords_s.c.o[0m
[23.548s] [ 92%] [32mBuilding C object CMakeFiles/mycobot_interfaces__rosidl_generator_py.dir/rosidl_generator_py/mycobot_interfaces/srv/_get_coords_s.c.o[0m
[23.552s] [ 93%] [32mBuilding C object CMakeFiles/mycobot_interfaces__rosidl_generator_py.dir/rosidl_generator_py/mycobot_interfaces/srv/_gripper_status_s.c.o[0m
[23.674s] [ 94%] [32mBuilding C object CMakeFiles/mycobot_interfaces__rosidl_generator_py.dir/rosidl_generator_py/mycobot_interfaces/srv/_pump_status_s.c.o[0m
[24.042s] [ 95%] [32m[1mLinking C shared library rosidl_generator_py/mycobot_interfaces/libmycobot_interfaces__rosidl_generator_py.so[0m
[24.079s] [ 95%] Built target mycobot_interfaces__rosidl_generator_py
[24.094s] [ 95%] [32mBuilding C object CMakeFiles/mycobot_interfaces__rosidl_typesupport_c__pyext.dir/rosidl_generator_py/mycobot_interfaces/_mycobot_interfaces_s.ep.rosidl_typesupport_c.c.o[0m
[24.095s] [ 97%] [32mBuilding C object CMakeFiles/mycobot_interfaces__rosidl_typesupport_introspection_c__pyext.dir/rosidl_generator_py/mycobot_interfaces/_mycobot_interfaces_s.ep.rosidl_typesupport_introspection_c.c.o[0m
[24.095s] [ 97%] [32mBuilding C object CMakeFiles/mycobot_interfaces__rosidl_typesupport_fastrtps_c__pyext.dir/rosidl_generator_py/mycobot_interfaces/_mycobot_interfaces_s.ep.rosidl_typesupport_fastrtps_c.c.o[0m
[24.201s] [ 98%] [32m[1mLinking C shared library rosidl_generator_py/mycobot_interfaces/mycobot_interfaces_s__rosidl_typesupport_fastrtps_c.cpython-310-x86_64-linux-gnu.so[0m
[24.219s] [ 99%] [32m[1mLinking C shared library rosidl_generator_py/mycobot_interfaces/mycobot_interfaces_s__rosidl_typesupport_c.cpython-310-x86_64-linux-gnu.so[0m
[24.226s] [ 99%] Built target mycobot_interfaces__rosidl_typesupport_fastrtps_c__pyext
[24.237s] [100%] [32m[1mLinking C shared library rosidl_generator_py/mycobot_interfaces/mycobot_interfaces_s__rosidl_typesupport_introspection_c.cpython-310-x86_64-linux-gnu.so[0m
[24.254s] [100%] Built target mycobot_interfaces__rosidl_typesupport_c__pyext
[24.262s] [100%] Built target mycobot_interfaces__rosidl_typesupport_introspection_c__pyext
[24.272s] Invoked command in '/home/david/ros2_ws/build/mycobot_interfaces' returned '0': CMAKE_PREFIX_PATH=/opt/ros/humble /usr/bin/cmake --build /home/david/ros2_ws/build/mycobot_interfaces -- -j12 -l12
[24.418s] Invoking command in '/home/david/ros2_ws/build/mycobot_interfaces': CMAKE_PREFIX_PATH=/opt/ros/humble /usr/bin/cmake --install /home/david/ros2_ws/build/mycobot_interfaces
[24.423s] -- Install configuration: ""
[24.423s] -- Execute custom install script
[24.423s] -- Symlinking: /home/david/ros2_ws/install/mycobot_interfaces/share/ament_index/resource_index/rosidl_interfaces/mycobot_interfaces
[24.430s] -- Symlinking: /home/david/ros2_ws/install/mycobot_interfaces/include/mycobot_interfaces/mycobot_interfaces/msg/detail/mycobot_angles__functions.h
[24.437s] -- Symlinking: /home/david/ros2_ws/install/mycobot_interfaces/include/mycobot_interfaces/mycobot_interfaces/msg/detail/mycobot_angles__struct.h
[24.442s] -- Symlinking: /home/david/ros2_ws/install/mycobot_interfaces/include/mycobot_interfaces/mycobot_interfaces/msg/detail/mycobot_angles__type_support.h
[24.450s] -- Symlinking: /home/david/ros2_ws/install/mycobot_interfaces/include/mycobot_interfaces/mycobot_interfaces/msg/detail/mycobot_coords__functions.h
[24.458s] -- Symlinking: /home/david/ros2_ws/install/mycobot_interfaces/include/mycobot_interfaces/mycobot_interfaces/msg/detail/mycobot_coords__struct.h
[24.464s] -- Symlinking: /home/david/ros2_ws/install/mycobot_interfaces/include/mycobot_interfaces/mycobot_interfaces/msg/detail/mycobot_coords__type_support.h
[24.469s] -- Symlinking: /home/david/ros2_ws/install/mycobot_interfaces/include/mycobot_interfaces/mycobot_interfaces/msg/detail/mycobot_gripper_status__functions.h
[24.474s] -- Symlinking: /home/david/ros2_ws/install/mycobot_interfaces/include/mycobot_interfaces/mycobot_interfaces/msg/detail/mycobot_gripper_status__struct.h
[24.479s] -- Symlinking: /home/david/ros2_ws/install/mycobot_interfaces/include/mycobot_interfaces/mycobot_interfaces/msg/detail/mycobot_gripper_status__type_support.h
[24.484s] -- Symlinking: /home/david/ros2_ws/install/mycobot_interfaces/include/mycobot_interfaces/mycobot_interfaces/msg/detail/mycobot_pump_status__functions.h
[24.489s] -- Symlinking: /home/david/ros2_ws/install/mycobot_interfaces/include/mycobot_interfaces/mycobot_interfaces/msg/detail/mycobot_pump_status__struct.h
[24.495s] -- Symlinking: /home/david/ros2_ws/install/mycobot_interfaces/include/mycobot_interfaces/mycobot_interfaces/msg/detail/mycobot_pump_status__type_support.h
[24.499s] -- Symlinking: /home/david/ros2_ws/install/mycobot_interfaces/include/mycobot_interfaces/mycobot_interfaces/msg/detail/mycobot_set_angles__functions.h
[24.505s] -- Symlinking: /home/david/ros2_ws/install/mycobot_interfaces/include/mycobot_interfaces/mycobot_interfaces/msg/detail/mycobot_set_angles__struct.h
[24.511s] -- Symlinking: /home/david/ros2_ws/install/mycobot_interfaces/include/mycobot_interfaces/mycobot_interfaces/msg/detail/mycobot_set_angles__type_support.h
[24.516s] -- Symlinking: /home/david/ros2_ws/install/mycobot_interfaces/include/mycobot_interfaces/mycobot_interfaces/msg/detail/mycobot_set_coords__functions.h
[24.521s] -- Symlinking: /home/david/ros2_ws/install/mycobot_interfaces/include/mycobot_interfaces/mycobot_interfaces/msg/detail/mycobot_set_coords__struct.h
[24.526s] -- Symlinking: /home/david/ros2_ws/install/mycobot_interfaces/include/mycobot_interfaces/mycobot_interfaces/msg/detail/mycobot_set_coords__type_support.h
[24.532s] -- Symlinking: /home/david/ros2_ws/install/mycobot_interfaces/include/mycobot_interfaces/mycobot_interfaces/msg/mycobot_angles.h
[24.537s] -- Symlinking: /home/david/ros2_ws/install/mycobot_interfaces/include/mycobot_interfaces/mycobot_interfaces/msg/mycobot_coords.h
[24.543s] -- Symlinking: /home/david/ros2_ws/install/mycobot_interfaces/include/mycobot_interfaces/mycobot_interfaces/msg/mycobot_gripper_status.h
[24.548s] -- Symlinking: /home/david/ros2_ws/install/mycobot_interfaces/include/mycobot_interfaces/mycobot_interfaces/msg/mycobot_pump_status.h
[24.554s] -- Symlinking: /home/david/ros2_ws/install/mycobot_interfaces/include/mycobot_interfaces/mycobot_interfaces/msg/mycobot_set_angles.h
[24.560s] -- Symlinking: /home/david/ros2_ws/install/mycobot_interfaces/include/mycobot_interfaces/mycobot_interfaces/msg/mycobot_set_coords.h
[24.566s] -- Symlinking: /home/david/ros2_ws/install/mycobot_interfaces/include/mycobot_interfaces/mycobot_interfaces/msg/rosidl_generator_c__visibility_control.h
[24.571s] -- Symlinking: /home/david/ros2_ws/install/mycobot_interfaces/include/mycobot_interfaces/mycobot_interfaces/srv/detail/get_angles__functions.h
[24.578s] -- Symlinking: /home/david/ros2_ws/install/mycobot_interfaces/include/mycobot_interfaces/mycobot_interfaces/srv/detail/get_angles__struct.h
[24.585s] -- Symlinking: /home/david/ros2_ws/install/mycobot_interfaces/include/mycobot_interfaces/mycobot_interfaces/srv/detail/get_angles__type_support.h
[24.592s] -- Symlinking: /home/david/ros2_ws/install/mycobot_interfaces/include/mycobot_interfaces/mycobot_interfaces/srv/detail/get_coords__functions.h
[24.597s] -- Symlinking: /home/david/ros2_ws/install/mycobot_interfaces/include/mycobot_interfaces/mycobot_interfaces/srv/detail/get_coords__struct.h
[24.602s] -- Symlinking: /home/david/ros2_ws/install/mycobot_interfaces/include/mycobot_interfaces/mycobot_interfaces/srv/detail/get_coords__type_support.h
[24.608s] -- Symlinking: /home/david/ros2_ws/install/mycobot_interfaces/include/mycobot_interfaces/mycobot_interfaces/srv/detail/gripper_status__functions.h
[24.613s] -- Symlinking: /home/david/ros2_ws/install/mycobot_interfaces/include/mycobot_interfaces/mycobot_interfaces/srv/detail/gripper_status__struct.h
[24.619s] -- Symlinking: /home/david/ros2_ws/install/mycobot_interfaces/include/mycobot_interfaces/mycobot_interfaces/srv/detail/gripper_status__type_support.h
[24.624s] -- Symlinking: /home/david/ros2_ws/install/mycobot_interfaces/include/mycobot_interfaces/mycobot_interfaces/srv/detail/pump_status__functions.h
[24.629s] -- Symlinking: /home/david/ros2_ws/install/mycobot_interfaces/include/mycobot_interfaces/mycobot_interfaces/srv/detail/pump_status__struct.h
[24.635s] -- Symlinking: /home/david/ros2_ws/install/mycobot_interfaces/include/mycobot_interfaces/mycobot_interfaces/srv/detail/pump_status__type_support.h
[24.640s] -- Symlinking: /home/david/ros2_ws/install/mycobot_interfaces/include/mycobot_interfaces/mycobot_interfaces/srv/detail/set_angles__functions.h
[24.646s] -- Symlinking: /home/david/ros2_ws/install/mycobot_interfaces/include/mycobot_interfaces/mycobot_interfaces/srv/detail/set_angles__struct.h
[24.651s] -- Symlinking: /home/david/ros2_ws/install/mycobot_interfaces/include/mycobot_interfaces/mycobot_interfaces/srv/detail/set_angles__type_support.h
[24.656s] -- Symlinking: /home/david/ros2_ws/install/mycobot_interfaces/include/mycobot_interfaces/mycobot_interfaces/srv/detail/set_coords__functions.h
[24.662s] -- Symlinking: /home/david/ros2_ws/install/mycobot_interfaces/include/mycobot_interfaces/mycobot_interfaces/srv/detail/set_coords__struct.h
[24.667s] -- Symlinking: /home/david/ros2_ws/install/mycobot_interfaces/include/mycobot_interfaces/mycobot_interfaces/srv/detail/set_coords__type_support.h
[24.673s] -- Symlinking: /home/david/ros2_ws/install/mycobot_interfaces/include/mycobot_interfaces/mycobot_interfaces/srv/get_angles.h
[24.678s] -- Symlinking: /home/david/ros2_ws/install/mycobot_interfaces/include/mycobot_interfaces/mycobot_interfaces/srv/get_coords.h
[24.684s] -- Symlinking: /home/david/ros2_ws/install/mycobot_interfaces/include/mycobot_interfaces/mycobot_interfaces/srv/gripper_status.h
[24.689s] -- Symlinking: /home/david/ros2_ws/install/mycobot_interfaces/include/mycobot_interfaces/mycobot_interfaces/srv/pump_status.h
[24.694s] -- Symlinking: /home/david/ros2_ws/install/mycobot_interfaces/include/mycobot_interfaces/mycobot_interfaces/srv/set_angles.h
[24.700s] -- Symlinking: /home/david/ros2_ws/install/mycobot_interfaces/include/mycobot_interfaces/mycobot_interfaces/srv/set_coords.h
[24.706s] -- Symlinking: /home/david/ros2_ws/install/mycobot_interfaces/share/mycobot_interfaces/environment/library_path.sh
[24.712s] -- Symlinking: /home/david/ros2_ws/install/mycobot_interfaces/share/mycobot_interfaces/environment/library_path.dsv
[24.717s] -- Symlinking: /home/david/ros2_ws/install/mycobot_interfaces/include/mycobot_interfaces/mycobot_interfaces/msg/detail/mycobot_angles__rosidl_typesupport_fastrtps_c.h
[24.724s] -- Symlinking: /home/david/ros2_ws/install/mycobot_interfaces/include/mycobot_interfaces/mycobot_interfaces/msg/detail/mycobot_coords__rosidl_typesupport_fastrtps_c.h
[24.729s] -- Symlinking: /home/david/ros2_ws/install/mycobot_interfaces/include/mycobot_interfaces/mycobot_interfaces/msg/detail/mycobot_gripper_status__rosidl_typesupport_fastrtps_c.h
[24.734s] -- Symlinking: /home/david/ros2_ws/install/mycobot_interfaces/include/mycobot_interfaces/mycobot_interfaces/msg/detail/mycobot_pump_status__rosidl_typesupport_fastrtps_c.h
[24.740s] -- Symlinking: /home/david/ros2_ws/install/mycobot_interfaces/include/mycobot_interfaces/mycobot_interfaces/msg/detail/mycobot_set_angles__rosidl_typesupport_fastrtps_c.h
[24.745s] -- Symlinking: /home/david/ros2_ws/install/mycobot_interfaces/include/mycobot_interfaces/mycobot_interfaces/msg/detail/mycobot_set_coords__rosidl_typesupport_fastrtps_c.h
[24.751s] -- Symlinking: /home/david/ros2_ws/install/mycobot_interfaces/include/mycobot_interfaces/mycobot_interfaces/msg/rosidl_typesupport_fastrtps_c__visibility_control.h
[24.756s] -- Symlinking: /home/david/ros2_ws/install/mycobot_interfaces/include/mycobot_interfaces/mycobot_interfaces/srv/detail/get_angles__rosidl_typesupport_fastrtps_c.h
[24.761s] -- Symlinking: /home/david/ros2_ws/install/mycobot_interfaces/include/mycobot_interfaces/mycobot_interfaces/srv/detail/get_coords__rosidl_typesupport_fastrtps_c.h
[24.767s] -- Symlinking: /home/david/ros2_ws/install/mycobot_interfaces/include/mycobot_interfaces/mycobot_interfaces/srv/detail/gripper_status__rosidl_typesupport_fastrtps_c.h
[24.772s] -- Symlinking: /home/david/ros2_ws/install/mycobot_interfaces/include/mycobot_interfaces/mycobot_interfaces/srv/detail/pump_status__rosidl_typesupport_fastrtps_c.h
[24.777s] -- Symlinking: /home/david/ros2_ws/install/mycobot_interfaces/include/mycobot_interfaces/mycobot_interfaces/srv/detail/set_angles__rosidl_typesupport_fastrtps_c.h
[24.784s] -- Symlinking: /home/david/ros2_ws/install/mycobot_interfaces/include/mycobot_interfaces/mycobot_interfaces/srv/detail/set_coords__rosidl_typesupport_fastrtps_c.h
[24.789s] -- Symlinking: /home/david/ros2_ws/install/mycobot_interfaces/include/mycobot_interfaces/mycobot_interfaces/msg/detail/mycobot_angles__rosidl_typesupport_introspection_c.h
[24.796s] -- Symlinking: /home/david/ros2_ws/install/mycobot_interfaces/include/mycobot_interfaces/mycobot_interfaces/msg/detail/mycobot_coords__rosidl_typesupport_introspection_c.h
[24.801s] -- Symlinking: /home/david/ros2_ws/install/mycobot_interfaces/include/mycobot_interfaces/mycobot_interfaces/msg/detail/mycobot_gripper_status__rosidl_typesupport_introspection_c.h
[24.807s] -- Symlinking: /home/david/ros2_ws/install/mycobot_interfaces/include/mycobot_interfaces/mycobot_interfaces/msg/detail/mycobot_pump_status__rosidl_typesupport_introspection_c.h
[24.812s] -- Symlinking: /home/david/ros2_ws/install/mycobot_interfaces/include/mycobot_interfaces/mycobot_interfaces/msg/detail/mycobot_set_angles__rosidl_typesupport_introspection_c.h
[24.817s] -- Symlinking: /home/david/ros2_ws/install/mycobot_interfaces/include/mycobot_interfaces/mycobot_interfaces/msg/detail/mycobot_set_coords__rosidl_typesupport_introspection_c.h
[24.825s] -- Symlinking: /home/david/ros2_ws/install/mycobot_interfaces/include/mycobot_interfaces/mycobot_interfaces/msg/rosidl_typesupport_introspection_c__visibility_control.h
[24.833s] -- Symlinking: /home/david/ros2_ws/install/mycobot_interfaces/include/mycobot_interfaces/mycobot_interfaces/srv/detail/get_angles__rosidl_typesupport_introspection_c.h
[24.840s] -- Symlinking: /home/david/ros2_ws/install/mycobot_interfaces/include/mycobot_interfaces/mycobot_interfaces/srv/detail/get_coords__rosidl_typesupport_introspection_c.h
[24.845s] -- Symlinking: /home/david/ros2_ws/install/mycobot_interfaces/include/mycobot_interfaces/mycobot_interfaces/srv/detail/gripper_status__rosidl_typesupport_introspection_c.h
[24.853s] -- Symlinking: /home/david/ros2_ws/install/mycobot_interfaces/include/mycobot_interfaces/mycobot_interfaces/srv/detail/pump_status__rosidl_typesupport_introspection_c.h
[24.861s] -- Symlinking: /home/david/ros2_ws/install/mycobot_interfaces/include/mycobot_interfaces/mycobot_interfaces/srv/detail/set_angles__rosidl_typesupport_introspection_c.h
[24.867s] -- Symlinking: /home/david/ros2_ws/install/mycobot_interfaces/include/mycobot_interfaces/mycobot_interfaces/srv/detail/set_coords__rosidl_typesupport_introspection_c.h
[24.872s] -- Symlinking: /home/david/ros2_ws/install/mycobot_interfaces/include/mycobot_interfaces/mycobot_interfaces/msg/detail/mycobot_angles__builder.hpp
[24.878s] -- Symlinking: /home/david/ros2_ws/install/mycobot_interfaces/include/mycobot_interfaces/mycobot_interfaces/msg/detail/mycobot_angles__struct.hpp
[24.883s] -- Symlinking: /home/david/ros2_ws/install/mycobot_interfaces/include/mycobot_interfaces/mycobot_interfaces/msg/detail/mycobot_angles__traits.hpp
[24.889s] -- Symlinking: /home/david/ros2_ws/install/mycobot_interfaces/include/mycobot_interfaces/mycobot_interfaces/msg/detail/mycobot_coords__builder.hpp
[24.894s] -- Symlinking: /home/david/ros2_ws/install/mycobot_interfaces/include/mycobot_interfaces/mycobot_interfaces/msg/detail/mycobot_coords__struct.hpp
[24.901s] -- Symlinking: /home/david/ros2_ws/install/mycobot_interfaces/include/mycobot_interfaces/mycobot_interfaces/msg/detail/mycobot_coords__traits.hpp
[24.908s] -- Symlinking: /home/david/ros2_ws/install/mycobot_interfaces/include/mycobot_interfaces/mycobot_interfaces/msg/detail/mycobot_gripper_status__builder.hpp
[24.915s] -- Symlinking: /home/david/ros2_ws/install/mycobot_interfaces/include/mycobot_interfaces/mycobot_interfaces/msg/detail/mycobot_gripper_status__struct.hpp
[24.922s] -- Symlinking: /home/david/ros2_ws/install/mycobot_interfaces/include/mycobot_interfaces/mycobot_interfaces/msg/detail/mycobot_gripper_status__traits.hpp
[24.930s] -- Symlinking: /home/david/ros2_ws/install/mycobot_interfaces/include/mycobot_interfaces/mycobot_interfaces/msg/detail/mycobot_pump_status__builder.hpp
[24.937s] -- Symlinking: /home/david/ros2_ws/install/mycobot_interfaces/include/mycobot_interfaces/mycobot_interfaces/msg/detail/mycobot_pump_status__struct.hpp
[24.943s] -- Symlinking: /home/david/ros2_ws/install/mycobot_interfaces/include/mycobot_interfaces/mycobot_interfaces/msg/detail/mycobot_pump_status__traits.hpp
[24.950s] -- Symlinking: /home/david/ros2_ws/install/mycobot_interfaces/include/mycobot_interfaces/mycobot_interfaces/msg/detail/mycobot_set_angles__builder.hpp
[24.956s] -- Symlinking: /home/david/ros2_ws/install/mycobot_interfaces/include/mycobot_interfaces/mycobot_interfaces/msg/detail/mycobot_set_angles__struct.hpp
[24.961s] -- Symlinking: /home/david/ros2_ws/install/mycobot_interfaces/include/mycobot_interfaces/mycobot_interfaces/msg/detail/mycobot_set_angles__traits.hpp
[24.966s] -- Symlinking: /home/david/ros2_ws/install/mycobot_interfaces/include/mycobot_interfaces/mycobot_interfaces/msg/detail/mycobot_set_coords__builder.hpp
[24.973s] -- Symlinking: /home/david/ros2_ws/install/mycobot_interfaces/include/mycobot_interfaces/mycobot_interfaces/msg/detail/mycobot_set_coords__struct.hpp
[24.981s] -- Symlinking: /home/david/ros2_ws/install/mycobot_interfaces/include/mycobot_interfaces/mycobot_interfaces/msg/detail/mycobot_set_coords__traits.hpp
[24.988s] -- Symlinking: /home/david/ros2_ws/install/mycobot_interfaces/include/mycobot_interfaces/mycobot_interfaces/msg/mycobot_angles.hpp
[24.995s] -- Symlinking: /home/david/ros2_ws/install/mycobot_interfaces/include/mycobot_interfaces/mycobot_interfaces/msg/mycobot_coords.hpp
[25.000s] -- Symlinking: /home/david/ros2_ws/install/mycobot_interfaces/include/mycobot_interfaces/mycobot_interfaces/msg/mycobot_gripper_status.hpp
[25.005s] -- Symlinking: /home/david/ros2_ws/install/mycobot_interfaces/include/mycobot_interfaces/mycobot_interfaces/msg/mycobot_pump_status.hpp
[25.012s] -- Symlinking: /home/david/ros2_ws/install/mycobot_interfaces/include/mycobot_interfaces/mycobot_interfaces/msg/mycobot_set_angles.hpp
[25.018s] -- Symlinking: /home/david/ros2_ws/install/mycobot_interfaces/include/mycobot_interfaces/mycobot_interfaces/msg/mycobot_set_coords.hpp
[25.024s] -- Symlinking: /home/david/ros2_ws/install/mycobot_interfaces/include/mycobot_interfaces/mycobot_interfaces/srv/detail/get_angles__builder.hpp
[25.029s] -- Symlinking: /home/david/ros2_ws/install/mycobot_interfaces/include/mycobot_interfaces/mycobot_interfaces/srv/detail/get_angles__struct.hpp
[25.035s] -- Symlinking: /home/david/ros2_ws/install/mycobot_interfaces/include/mycobot_interfaces/mycobot_interfaces/srv/detail/get_angles__traits.hpp
[25.040s] -- Symlinking: /home/david/ros2_ws/install/mycobot_interfaces/include/mycobot_interfaces/mycobot_interfaces/srv/detail/get_coords__builder.hpp
[25.046s] -- Symlinking: /home/david/ros2_ws/install/mycobot_interfaces/include/mycobot_interfaces/mycobot_interfaces/srv/detail/get_coords__struct.hpp
[25.051s] -- Symlinking: /home/david/ros2_ws/install/mycobot_interfaces/include/mycobot_interfaces/mycobot_interfaces/srv/detail/get_coords__traits.hpp
[25.057s] -- Symlinking: /home/david/ros2_ws/install/mycobot_interfaces/include/mycobot_interfaces/mycobot_interfaces/srv/detail/gripper_status__builder.hpp
[25.062s] -- Symlinking: /home/david/ros2_ws/install/mycobot_interfaces/include/mycobot_interfaces/mycobot_interfaces/srv/detail/gripper_status__struct.hpp
[25.068s] -- Symlinking: /home/david/ros2_ws/install/mycobot_interfaces/include/mycobot_interfaces/mycobot_interfaces/srv/detail/gripper_status__traits.hpp
[25.073s] -- Symlinking: /home/david/ros2_ws/install/mycobot_interfaces/include/mycobot_interfaces/mycobot_interfaces/srv/detail/pump_status__builder.hpp
[25.080s] -- Symlinking: /home/david/ros2_ws/install/mycobot_interfaces/include/mycobot_interfaces/mycobot_interfaces/srv/detail/pump_status__struct.hpp
[25.087s] -- Symlinking: /home/david/ros2_ws/install/mycobot_interfaces/include/mycobot_interfaces/mycobot_interfaces/srv/detail/pump_status__traits.hpp
[25.094s] -- Symlinking: /home/david/ros2_ws/install/mycobot_interfaces/include/mycobot_interfaces/mycobot_interfaces/srv/detail/set_angles__builder.hpp
[25.099s] -- Symlinking: /home/david/ros2_ws/install/mycobot_interfaces/include/mycobot_interfaces/mycobot_interfaces/srv/detail/set_angles__struct.hpp
[25.105s] -- Symlinking: /home/david/ros2_ws/install/mycobot_interfaces/include/mycobot_interfaces/mycobot_interfaces/srv/detail/set_angles__traits.hpp
[25.110s] -- Symlinking: /home/david/ros2_ws/install/mycobot_interfaces/include/mycobot_interfaces/mycobot_interfaces/srv/detail/set_coords__builder.hpp
[25.116s] -- Symlinking: /home/david/ros2_ws/install/mycobot_interfaces/include/mycobot_interfaces/mycobot_interfaces/srv/detail/set_coords__struct.hpp
[25.123s] -- Symlinking: /home/david/ros2_ws/install/mycobot_interfaces/include/mycobot_interfaces/mycobot_interfaces/srv/detail/set_coords__traits.hpp
[25.128s] -- Symlinking: /home/david/ros2_ws/install/mycobot_interfaces/include/mycobot_interfaces/mycobot_interfaces/srv/get_angles.hpp
[25.134s] -- Symlinking: /home/david/ros2_ws/install/mycobot_interfaces/include/mycobot_interfaces/mycobot_interfaces/srv/get_coords.hpp
[25.139s] -- Symlinking: /home/david/ros2_ws/install/mycobot_interfaces/include/mycobot_interfaces/mycobot_interfaces/srv/gripper_status.hpp
[25.144s] -- Symlinking: /home/david/ros2_ws/install/mycobot_interfaces/include/mycobot_interfaces/mycobot_interfaces/srv/pump_status.hpp
[25.150s] -- Symlinking: /home/david/ros2_ws/install/mycobot_interfaces/include/mycobot_interfaces/mycobot_interfaces/srv/set_angles.hpp
[25.155s] -- Symlinking: /home/david/ros2_ws/install/mycobot_interfaces/include/mycobot_interfaces/mycobot_interfaces/srv/set_coords.hpp
[25.162s] -- Symlinking: /home/david/ros2_ws/install/mycobot_interfaces/include/mycobot_interfaces/mycobot_interfaces/msg/detail/mycobot_angles__rosidl_typesupport_fastrtps_cpp.hpp
[25.169s] -- Symlinking: /home/david/ros2_ws/install/mycobot_interfaces/include/mycobot_interfaces/mycobot_interfaces/msg/detail/mycobot_coords__rosidl_typesupport_fastrtps_cpp.hpp
[25.176s] -- Symlinking: /home/david/ros2_ws/install/mycobot_interfaces/include/mycobot_interfaces/mycobot_interfaces/msg/detail/mycobot_gripper_status__rosidl_typesupport_fastrtps_cpp.hpp
[25.183s] -- Symlinking: /home/david/ros2_ws/install/mycobot_interfaces/include/mycobot_interfaces/mycobot_interfaces/msg/detail/mycobot_pump_status__rosidl_typesupport_fastrtps_cpp.hpp
[25.188s] -- Symlinking: /home/david/ros2_ws/install/mycobot_interfaces/include/mycobot_interfaces/mycobot_interfaces/msg/detail/mycobot_set_angles__rosidl_typesupport_fastrtps_cpp.hpp
[25.193s] -- Symlinking: /home/david/ros2_ws/install/mycobot_interfaces/include/mycobot_interfaces/mycobot_interfaces/msg/detail/mycobot_set_coords__rosidl_typesupport_fastrtps_cpp.hpp
[25.199s] -- Symlinking: /home/david/ros2_ws/install/mycobot_interfaces/include/mycobot_interfaces/mycobot_interfaces/msg/rosidl_typesupport_fastrtps_cpp__visibility_control.h
[25.206s] -- Symlinking: /home/david/ros2_ws/install/mycobot_interfaces/include/mycobot_interfaces/mycobot_interfaces/srv/detail/get_angles__rosidl_typesupport_fastrtps_cpp.hpp
[25.213s] -- Symlinking: /home/david/ros2_ws/install/mycobot_interfaces/include/mycobot_interfaces/mycobot_interfaces/srv/detail/get_coords__rosidl_typesupport_fastrtps_cpp.hpp
[25.220s] -- Symlinking: /home/david/ros2_ws/install/mycobot_interfaces/include/mycobot_interfaces/mycobot_interfaces/srv/detail/gripper_status__rosidl_typesupport_fastrtps_cpp.hpp
[25.225s] -- Symlinking: /home/david/ros2_ws/install/mycobot_interfaces/include/mycobot_interfaces/mycobot_interfaces/srv/detail/pump_status__rosidl_typesupport_fastrtps_cpp.hpp
[25.231s] -- Symlinking: /home/david/ros2_ws/install/mycobot_interfaces/include/mycobot_interfaces/mycobot_interfaces/srv/detail/set_angles__rosidl_typesupport_fastrtps_cpp.hpp
[25.236s] -- Symlinking: /home/david/ros2_ws/install/mycobot_interfaces/include/mycobot_interfaces/mycobot_interfaces/srv/detail/set_coords__rosidl_typesupport_fastrtps_cpp.hpp
[25.242s] -- Symlinking: /home/david/ros2_ws/install/mycobot_interfaces/include/mycobot_interfaces/mycobot_interfaces/msg/detail/mycobot_angles__rosidl_typesupport_introspection_cpp.hpp
[25.249s] -- Symlinking: /home/david/ros2_ws/install/mycobot_interfaces/include/mycobot_interfaces/mycobot_interfaces/msg/detail/mycobot_coords__rosidl_typesupport_introspection_cpp.hpp
[25.257s] -- Symlinking: /home/david/ros2_ws/install/mycobot_interfaces/include/mycobot_interfaces/mycobot_interfaces/msg/detail/mycobot_gripper_status__rosidl_typesupport_introspection_cpp.hpp
[25.264s] -- Symlinking: /home/david/ros2_ws/install/mycobot_interfaces/include/mycobot_interfaces/mycobot_interfaces/msg/detail/mycobot_pump_status__rosidl_typesupport_introspection_cpp.hpp
[25.269s] -- Symlinking: /home/david/ros2_ws/install/mycobot_interfaces/include/mycobot_interfaces/mycobot_interfaces/msg/detail/mycobot_set_angles__rosidl_typesupport_introspection_cpp.hpp
[25.274s] -- Symlinking: /home/david/ros2_ws/install/mycobot_interfaces/include/mycobot_interfaces/mycobot_interfaces/msg/detail/mycobot_set_coords__rosidl_typesupport_introspection_cpp.hpp
[25.280s] -- Symlinking: /home/david/ros2_ws/install/mycobot_interfaces/include/mycobot_interfaces/mycobot_interfaces/srv/detail/get_angles__rosidl_typesupport_introspection_cpp.hpp
[25.285s] -- Symlinking: /home/david/ros2_ws/install/mycobot_interfaces/include/mycobot_interfaces/mycobot_interfaces/srv/detail/get_coords__rosidl_typesupport_introspection_cpp.hpp
[25.291s] -- Symlinking: /home/david/ros2_ws/install/mycobot_interfaces/include/mycobot_interfaces/mycobot_interfaces/srv/detail/gripper_status__rosidl_typesupport_introspection_cpp.hpp
[25.296s] -- Symlinking: /home/david/ros2_ws/install/mycobot_interfaces/include/mycobot_interfaces/mycobot_interfaces/srv/detail/pump_status__rosidl_typesupport_introspection_cpp.hpp
[25.301s] -- Symlinking: /home/david/ros2_ws/install/mycobot_interfaces/include/mycobot_interfaces/mycobot_interfaces/srv/detail/set_angles__rosidl_typesupport_introspection_cpp.hpp
[25.306s] -- Symlinking: /home/david/ros2_ws/install/mycobot_interfaces/include/mycobot_interfaces/mycobot_interfaces/srv/detail/set_coords__rosidl_typesupport_introspection_cpp.hpp
[25.312s] -- Symlinking: /home/david/ros2_ws/install/mycobot_interfaces/share/mycobot_interfaces/environment/pythonpath.sh
[25.317s] -- Symlinking: /home/david/ros2_ws/install/mycobot_interfaces/share/mycobot_interfaces/environment/pythonpath.dsv
[25.323s] -- Symlinking: /home/david/ros2_ws/install/mycobot_interfaces/local/lib/python3.10/dist-packages/mycobot_interfaces-0.0.0-py3.10.egg-info/PKG-INFO
[25.330s] -- Symlinking: /home/david/ros2_ws/install/mycobot_interfaces/local/lib/python3.10/dist-packages/mycobot_interfaces-0.0.0-py3.10.egg-info/SOURCES.txt
[25.337s] -- Symlinking: /home/david/ros2_ws/install/mycobot_interfaces/local/lib/python3.10/dist-packages/mycobot_interfaces-0.0.0-py3.10.egg-info/dependency_links.txt
[25.343s] -- Symlinking: /home/david/ros2_ws/install/mycobot_interfaces/local/lib/python3.10/dist-packages/mycobot_interfaces-0.0.0-py3.10.egg-info/top_level.txt
[25.350s] -- Symlinking: /home/david/ros2_ws/install/mycobot_interfaces/local/lib/python3.10/dist-packages/mycobot_interfaces/__init__.py
[25.355s] -- Symlinking: /home/david/ros2_ws/install/mycobot_interfaces/local/lib/python3.10/dist-packages/mycobot_interfaces/_mycobot_interfaces_s.ep.rosidl_typesupport_c.c
[25.365s] -- Symlinking: /home/david/ros2_ws/install/mycobot_interfaces/local/lib/python3.10/dist-packages/mycobot_interfaces/_mycobot_interfaces_s.ep.rosidl_typesupport_fastrtps_c.c
[25.370s] -- Symlinking: /home/david/ros2_ws/install/mycobot_interfaces/local/lib/python3.10/dist-packages/mycobot_interfaces/_mycobot_interfaces_s.ep.rosidl_typesupport_introspection_c.c
[25.375s] -- Symlinking: /home/david/ros2_ws/install/mycobot_interfaces/local/lib/python3.10/dist-packages/mycobot_interfaces/libmycobot_interfaces__rosidl_generator_py.so
[25.380s] -- Symlinking: /home/david/ros2_ws/install/mycobot_interfaces/local/lib/python3.10/dist-packages/mycobot_interfaces/msg/__init__.py
[25.388s] -- Symlinking: /home/david/ros2_ws/install/mycobot_interfaces/local/lib/python3.10/dist-packages/mycobot_interfaces/msg/_mycobot_angles.py
[25.393s] -- Symlinking: /home/david/ros2_ws/install/mycobot_interfaces/local/lib/python3.10/dist-packages/mycobot_interfaces/msg/_mycobot_angles_s.c
[25.398s] -- Symlinking: /home/david/ros2_ws/install/mycobot_interfaces/local/lib/python3.10/dist-packages/mycobot_interfaces/msg/_mycobot_coords.py
[25.403s] -- Symlinking: /home/david/ros2_ws/install/mycobot_interfaces/local/lib/python3.10/dist-packages/mycobot_interfaces/msg/_mycobot_coords_s.c
[25.408s] -- Symlinking: /home/david/ros2_ws/install/mycobot_interfaces/local/lib/python3.10/dist-packages/mycobot_interfaces/msg/_mycobot_gripper_status.py
[25.413s] -- Symlinking: /home/david/ros2_ws/install/mycobot_interfaces/local/lib/python3.10/dist-packages/mycobot_interfaces/msg/_mycobot_gripper_status_s.c
[25.418s] -- Symlinking: /home/david/ros2_ws/install/mycobot_interfaces/local/lib/python3.10/dist-packages/mycobot_interfaces/msg/_mycobot_pump_status.py
[25.423s] -- Symlinking: /home/david/ros2_ws/install/mycobot_interfaces/local/lib/python3.10/dist-packages/mycobot_interfaces/msg/_mycobot_pump_status_s.c
[25.429s] -- Symlinking: /home/david/ros2_ws/install/mycobot_interfaces/local/lib/python3.10/dist-packages/mycobot_interfaces/msg/_mycobot_set_angles.py
[25.434s] -- Symlinking: /home/david/ros2_ws/install/mycobot_interfaces/local/lib/python3.10/dist-packages/mycobot_interfaces/msg/_mycobot_set_angles_s.c
[25.439s] -- Symlinking: /home/david/ros2_ws/install/mycobot_interfaces/local/lib/python3.10/dist-packages/mycobot_interfaces/msg/_mycobot_set_coords.py
[25.445s] -- Symlinking: /home/david/ros2_ws/install/mycobot_interfaces/local/lib/python3.10/dist-packages/mycobot_interfaces/msg/_mycobot_set_coords_s.c
[25.452s] -- Symlinking: /home/david/ros2_ws/install/mycobot_interfaces/local/lib/python3.10/dist-packages/mycobot_interfaces/mycobot_interfaces_s__rosidl_typesupport_c.cpython-310-x86_64-linux-gnu.so
[25.457s] -- Symlinking: /home/david/ros2_ws/install/mycobot_interfaces/local/lib/python3.10/dist-packages/mycobot_interfaces/mycobot_interfaces_s__rosidl_typesupport_fastrtps_c.cpython-310-x86_64-linux-gnu.so
[25.464s] -- Symlinking: /home/david/ros2_ws/install/mycobot_interfaces/local/lib/python3.10/dist-packages/mycobot_interfaces/mycobot_interfaces_s__rosidl_typesupport_introspection_c.cpython-310-x86_64-linux-gnu.so
[25.469s] -- Symlinking: /home/david/ros2_ws/install/mycobot_interfaces/local/lib/python3.10/dist-packages/mycobot_interfaces/srv/__init__.py
[25.475s] -- Symlinking: /home/david/ros2_ws/install/mycobot_interfaces/local/lib/python3.10/dist-packages/mycobot_interfaces/srv/_get_angles.py
[25.480s] -- Symlinking: /home/david/ros2_ws/install/mycobot_interfaces/local/lib/python3.10/dist-packages/mycobot_interfaces/srv/_get_angles_s.c
[25.485s] -- Symlinking: /home/david/ros2_ws/install/mycobot_interfaces/local/lib/python3.10/dist-packages/mycobot_interfaces/srv/_get_coords.py
[25.490s] -- Symlinking: /home/david/ros2_ws/install/mycobot_interfaces/local/lib/python3.10/dist-packages/mycobot_interfaces/srv/_get_coords_s.c
[25.495s] -- Symlinking: /home/david/ros2_ws/install/mycobot_interfaces/local/lib/python3.10/dist-packages/mycobot_interfaces/srv/_gripper_status.py
[25.502s] -- Symlinking: /home/david/ros2_ws/install/mycobot_interfaces/local/lib/python3.10/dist-packages/mycobot_interfaces/srv/_gripper_status_s.c
[25.509s] -- Symlinking: /home/david/ros2_ws/install/mycobot_interfaces/local/lib/python3.10/dist-packages/mycobot_interfaces/srv/_pump_status.py
[25.516s] -- Symlinking: /home/david/ros2_ws/install/mycobot_interfaces/local/lib/python3.10/dist-packages/mycobot_interfaces/srv/_pump_status_s.c
[25.523s] -- Symlinking: /home/david/ros2_ws/install/mycobot_interfaces/local/lib/python3.10/dist-packages/mycobot_interfaces/srv/_set_angles.py
[25.530s] -- Symlinking: /home/david/ros2_ws/install/mycobot_interfaces/local/lib/python3.10/dist-packages/mycobot_interfaces/srv/_set_angles_s.c
[25.537s] -- Symlinking: /home/david/ros2_ws/install/mycobot_interfaces/local/lib/python3.10/dist-packages/mycobot_interfaces/srv/_set_coords.py
[25.545s] -- Symlinking: /home/david/ros2_ws/install/mycobot_interfaces/local/lib/python3.10/dist-packages/mycobot_interfaces/srv/_set_coords_s.c
[25.552s] -- Up-to-date symlink: /home/david/ros2_ws/install/mycobot_interfaces/local/lib/python3.10/dist-packages/mycobot_interfaces/mycobot_interfaces_s__rosidl_typesupport_fastrtps_c.cpython-310-x86_64-linux-gnu.so
[25.553s] -- Up-to-date symlink: /home/david/ros2_ws/install/mycobot_interfaces/local/lib/python3.10/dist-packages/mycobot_interfaces/mycobot_interfaces_s__rosidl_typesupport_introspection_c.cpython-310-x86_64-linux-gnu.so
[25.553s] -- Up-to-date symlink: /home/david/ros2_ws/install/mycobot_interfaces/local/lib/python3.10/dist-packages/mycobot_interfaces/mycobot_interfaces_s__rosidl_typesupport_c.cpython-310-x86_64-linux-gnu.so
[25.553s] -- Symlinking: /home/david/ros2_ws/install/mycobot_interfaces/share/mycobot_interfaces/msg/MycobotAngles.idl
[25.561s] -- Symlinking: /home/david/ros2_ws/install/mycobot_interfaces/share/mycobot_interfaces/msg/MycobotCoords.idl
[25.566s] -- Symlinking: /home/david/ros2_ws/install/mycobot_interfaces/share/mycobot_interfaces/msg/MycobotSetAngles.idl
[25.571s] -- Symlinking: /home/david/ros2_ws/install/mycobot_interfaces/share/mycobot_interfaces/msg/MycobotSetCoords.idl
[25.576s] -- Symlinking: /home/david/ros2_ws/install/mycobot_interfaces/share/mycobot_interfaces/msg/MycobotGripperStatus.idl
[25.582s] -- Symlinking: /home/david/ros2_ws/install/mycobot_interfaces/share/mycobot_interfaces/msg/MycobotPumpStatus.idl
[25.587s] -- Symlinking: /home/david/ros2_ws/install/mycobot_interfaces/share/mycobot_interfaces/srv/GetAngles.idl
[25.593s] -- Symlinking: /home/david/ros2_ws/install/mycobot_interfaces/share/mycobot_interfaces/srv/SetAngles.idl
[25.598s] -- Symlinking: /home/david/ros2_ws/install/mycobot_interfaces/share/mycobot_interfaces/srv/GetCoords.idl
[25.603s] -- Symlinking: /home/david/ros2_ws/install/mycobot_interfaces/share/mycobot_interfaces/srv/SetCoords.idl
[25.609s] -- Symlinking: /home/david/ros2_ws/install/mycobot_interfaces/share/mycobot_interfaces/srv/GripperStatus.idl
[25.614s] -- Symlinking: /home/david/ros2_ws/install/mycobot_interfaces/share/mycobot_interfaces/srv/PumpStatus.idl
[25.619s] -- Symlinking: /home/david/ros2_ws/install/mycobot_interfaces/share/mycobot_interfaces/msg/MycobotAngles.msg
[25.624s] -- Symlinking: /home/david/ros2_ws/install/mycobot_interfaces/share/mycobot_interfaces/msg/MycobotCoords.msg
[25.630s] -- Symlinking: /home/david/ros2_ws/install/mycobot_interfaces/share/mycobot_interfaces/msg/MycobotSetAngles.msg
[25.635s] -- Symlinking: /home/david/ros2_ws/install/mycobot_interfaces/share/mycobot_interfaces/msg/MycobotSetCoords.msg
[25.640s] -- Symlinking: /home/david/ros2_ws/install/mycobot_interfaces/share/mycobot_interfaces/msg/MycobotGripperStatus.msg
[25.646s] -- Symlinking: /home/david/ros2_ws/install/mycobot_interfaces/share/mycobot_interfaces/msg/MycobotPumpStatus.msg
[25.651s] -- Symlinking: /home/david/ros2_ws/install/mycobot_interfaces/share/mycobot_interfaces/srv/GetAngles.srv
[25.657s] -- Symlinking: /home/david/ros2_ws/install/mycobot_interfaces/share/mycobot_interfaces/srv/GetAngles_Request.msg
[25.662s] -- Symlinking: /home/david/ros2_ws/install/mycobot_interfaces/share/mycobot_interfaces/srv/GetAngles_Response.msg
[25.668s] -- Symlinking: /home/david/ros2_ws/install/mycobot_interfaces/share/mycobot_interfaces/srv/SetAngles.srv
[25.673s] -- Symlinking: /home/david/ros2_ws/install/mycobot_interfaces/share/mycobot_interfaces/srv/SetAngles_Request.msg
[25.678s] -- Symlinking: /home/david/ros2_ws/install/mycobot_interfaces/share/mycobot_interfaces/srv/SetAngles_Response.msg
[25.684s] -- Symlinking: /home/david/ros2_ws/install/mycobot_interfaces/share/mycobot_interfaces/srv/GetCoords.srv
[25.689s] -- Symlinking: /home/david/ros2_ws/install/mycobot_interfaces/share/mycobot_interfaces/srv/GetCoords_Request.msg
[25.695s] -- Symlinking: /home/david/ros2_ws/install/mycobot_interfaces/share/mycobot_interfaces/srv/GetCoords_Response.msg
[25.701s] -- Symlinking: /home/david/ros2_ws/install/mycobot_interfaces/share/mycobot_interfaces/srv/SetCoords.srv
[25.706s] -- Symlinking: /home/david/ros2_ws/install/mycobot_interfaces/share/mycobot_interfaces/srv/SetCoords_Request.msg
[25.713s] -- Symlinking: /home/david/ros2_ws/install/mycobot_interfaces/share/mycobot_interfaces/srv/SetCoords_Response.msg
[25.718s] -- Symlinking: /home/david/ros2_ws/install/mycobot_interfaces/share/mycobot_interfaces/srv/GripperStatus.srv
[25.723s] -- Symlinking: /home/david/ros2_ws/install/mycobot_interfaces/share/mycobot_interfaces/srv/GripperStatus_Request.msg
[25.730s] -- Symlinking: /home/david/ros2_ws/install/mycobot_interfaces/share/mycobot_interfaces/srv/GripperStatus_Response.msg
[25.736s] -- Symlinking: /home/david/ros2_ws/install/mycobot_interfaces/share/mycobot_interfaces/srv/PumpStatus.srv
[25.744s] -- Symlinking: /home/david/ros2_ws/install/mycobot_interfaces/share/mycobot_interfaces/srv/PumpStatus_Request.msg
[25.751s] -- Symlinking: /home/david/ros2_ws/install/mycobot_interfaces/share/mycobot_interfaces/srv/PumpStatus_Response.msg
[25.758s] -- Symlinking: /home/david/ros2_ws/install/mycobot_interfaces/share/ament_index/resource_index/package_run_dependencies/mycobot_interfaces
[25.765s] -- Symlinking: /home/david/ros2_ws/install/mycobot_interfaces/share/ament_index/resource_index/parent_prefix_path/mycobot_interfaces
[25.773s] -- Symlinking: /home/david/ros2_ws/install/mycobot_interfaces/share/mycobot_interfaces/environment/ament_prefix_path.sh
[25.779s] -- Symlinking: /home/david/ros2_ws/install/mycobot_interfaces/share/mycobot_interfaces/environment/ament_prefix_path.dsv
[25.783s] -- Symlinking: /home/david/ros2_ws/install/mycobot_interfaces/share/mycobot_interfaces/environment/path.sh
[25.789s] -- Symlinking: /home/david/ros2_ws/install/mycobot_interfaces/share/mycobot_interfaces/environment/path.dsv
[25.796s] -- Symlinking: /home/david/ros2_ws/install/mycobot_interfaces/share/mycobot_interfaces/local_setup.bash
[25.804s] -- Symlinking: /home/david/ros2_ws/install/mycobot_interfaces/share/mycobot_interfaces/local_setup.sh
[25.810s] -- Symlinking: /home/david/ros2_ws/install/mycobot_interfaces/share/mycobot_interfaces/local_setup.zsh
[25.815s] -- Symlinking: /home/david/ros2_ws/install/mycobot_interfaces/share/mycobot_interfaces/local_setup.dsv
[25.822s] -- Symlinking: /home/david/ros2_ws/install/mycobot_interfaces/share/mycobot_interfaces/package.dsv
[25.828s] -- Symlinking: /home/david/ros2_ws/install/mycobot_interfaces/share/ament_index/resource_index/packages/mycobot_interfaces
[25.834s] -- Symlinking: /home/david/ros2_ws/install/mycobot_interfaces/share/mycobot_interfaces/cmake/rosidl_cmake-extras.cmake
[25.841s] -- Symlinking: /home/david/ros2_ws/install/mycobot_interfaces/share/mycobot_interfaces/cmake/ament_cmake_export_dependencies-extras.cmake
[25.847s] -- Symlinking: /home/david/ros2_ws/install/mycobot_interfaces/share/mycobot_interfaces/cmake/ament_cmake_export_include_directories-extras.cmake
[25.855s] -- Symlinking: /home/david/ros2_ws/install/mycobot_interfaces/share/mycobot_interfaces/cmake/ament_cmake_export_libraries-extras.cmake
[25.860s] -- Symlinking: /home/david/ros2_ws/install/mycobot_interfaces/share/mycobot_interfaces/cmake/ament_cmake_export_targets-extras.cmake
[25.865s] -- Symlinking: /home/david/ros2_ws/install/mycobot_interfaces/share/mycobot_interfaces/cmake/rosidl_cmake_export_typesupport_targets-extras.cmake
[25.870s] -- Symlinking: /home/david/ros2_ws/install/mycobot_interfaces/share/mycobot_interfaces/cmake/rosidl_cmake_export_typesupport_libraries-extras.cmake
[25.876s] -- Symlinking: /home/david/ros2_ws/install/mycobot_interfaces/share/mycobot_interfaces/cmake/mycobot_interfacesConfig.cmake
[25.881s] -- Symlinking: /home/david/ros2_ws/install/mycobot_interfaces/share/mycobot_interfaces/cmake/mycobot_interfacesConfig-version.cmake
[25.887s] -- Symlinking: /home/david/ros2_ws/install/mycobot_interfaces/share/mycobot_interfaces/package.xml
[25.892s] -- Installing: /home/david/ros2_ws/install/mycobot_interfaces/lib/libmycobot_interfaces__rosidl_generator_c.so
[25.893s] -- Set runtime path of "/home/david/ros2_ws/install/mycobot_interfaces/lib/libmycobot_interfaces__rosidl_generator_c.so" to ""
[25.893s] -- Installing: /home/david/ros2_ws/install/mycobot_interfaces/lib/libmycobot_interfaces__rosidl_typesupport_fastrtps_c.so
[25.893s] -- Set runtime path of "/home/david/ros2_ws/install/mycobot_interfaces/lib/libmycobot_interfaces__rosidl_typesupport_fastrtps_c.so" to ""
[25.893s] -- Installing: /home/david/ros2_ws/install/mycobot_interfaces/lib/libmycobot_interfaces__rosidl_typesupport_introspection_c.so
[25.893s] -- Set runtime path of "/home/david/ros2_ws/install/mycobot_interfaces/lib/libmycobot_interfaces__rosidl_typesupport_introspection_c.so" to ""
[25.893s] -- Installing: /home/david/ros2_ws/install/mycobot_interfaces/lib/libmycobot_interfaces__rosidl_typesupport_c.so
[25.894s] -- Set runtime path of "/home/david/ros2_ws/install/mycobot_interfaces/lib/libmycobot_interfaces__rosidl_typesupport_c.so" to ""
[25.894s] -- Installing: /home/david/ros2_ws/install/mycobot_interfaces/lib/libmycobot_interfaces__rosidl_typesupport_fastrtps_cpp.so
[25.894s] -- Set runtime path of "/home/david/ros2_ws/install/mycobot_interfaces/lib/libmycobot_interfaces__rosidl_typesupport_fastrtps_cpp.so" to ""
[25.894s] -- Installing: /home/david/ros2_ws/install/mycobot_interfaces/lib/libmycobot_interfaces__rosidl_typesupport_introspection_cpp.so
[25.894s] -- Set runtime path of "/home/david/ros2_ws/install/mycobot_interfaces/lib/libmycobot_interfaces__rosidl_typesupport_introspection_cpp.so" to ""
[25.894s] -- Installing: /home/david/ros2_ws/install/mycobot_interfaces/lib/libmycobot_interfaces__rosidl_typesupport_cpp.so
[25.894s] -- Set runtime path of "/home/david/ros2_ws/install/mycobot_interfaces/lib/libmycobot_interfaces__rosidl_typesupport_cpp.so" to ""
[25.927s] Listing '/home/david/ros2_ws/install/mycobot_interfaces/local/lib/python3.10/dist-packages/mycobot_interfaces'...
[25.927s] Compiling '/home/david/ros2_ws/install/mycobot_interfaces/local/lib/python3.10/dist-packages/mycobot_interfaces/__init__.py'...
[25.927s] Listing '/home/david/ros2_ws/install/mycobot_interfaces/local/lib/python3.10/dist-packages/mycobot_interfaces/msg'...
[25.927s] Compiling '/home/david/ros2_ws/install/mycobot_interfaces/local/lib/python3.10/dist-packages/mycobot_interfaces/msg/__init__.py'...
[25.927s] Compiling '/home/david/ros2_ws/install/mycobot_interfaces/local/lib/python3.10/dist-packages/mycobot_interfaces/msg/_mycobot_angles.py'...
[25.927s] Compiling '/home/david/ros2_ws/install/mycobot_interfaces/local/lib/python3.10/dist-packages/mycobot_interfaces/msg/_mycobot_coords.py'...
[25.928s] Compiling '/home/david/ros2_ws/install/mycobot_interfaces/local/lib/python3.10/dist-packages/mycobot_interfaces/msg/_mycobot_gripper_status.py'...
[25.928s] Compiling '/home/david/ros2_ws/install/mycobot_interfaces/local/lib/python3.10/dist-packages/mycobot_interfaces/msg/_mycobot_pump_status.py'...
[25.928s] Compiling '/home/david/ros2_ws/install/mycobot_interfaces/local/lib/python3.10/dist-packages/mycobot_interfaces/msg/_mycobot_set_angles.py'...
[25.928s] Compiling '/home/david/ros2_ws/install/mycobot_interfaces/local/lib/python3.10/dist-packages/mycobot_interfaces/msg/_mycobot_set_coords.py'...
[25.928s] Listing '/home/david/ros2_ws/install/mycobot_interfaces/local/lib/python3.10/dist-packages/mycobot_interfaces/srv'...
[25.928s] Compiling '/home/david/ros2_ws/install/mycobot_interfaces/local/lib/python3.10/dist-packages/mycobot_interfaces/srv/__init__.py'...
[25.928s] Compiling '/home/david/ros2_ws/install/mycobot_interfaces/local/lib/python3.10/dist-packages/mycobot_interfaces/srv/_get_angles.py'...
[25.928s] Compiling '/home/david/ros2_ws/install/mycobot_interfaces/local/lib/python3.10/dist-packages/mycobot_interfaces/srv/_get_coords.py'...
[25.928s] Compiling '/home/david/ros2_ws/install/mycobot_interfaces/local/lib/python3.10/dist-packages/mycobot_interfaces/srv/_gripper_status.py'...
[25.928s] Compiling '/home/david/ros2_ws/install/mycobot_interfaces/local/lib/python3.10/dist-packages/mycobot_interfaces/srv/_pump_status.py'...
[25.928s] Compiling '/home/david/ros2_ws/install/mycobot_interfaces/local/lib/python3.10/dist-packages/mycobot_interfaces/srv/_set_angles.py'...
[25.928s] Compiling '/home/david/ros2_ws/install/mycobot_interfaces/local/lib/python3.10/dist-packages/mycobot_interfaces/srv/_set_coords.py'...
[25.931s] -- Installing: /home/david/ros2_ws/install/mycobot_interfaces/lib/libmycobot_interfaces__rosidl_generator_py.so
[25.931s] -- Set runtime path of "/home/david/ros2_ws/install/mycobot_interfaces/lib/libmycobot_interfaces__rosidl_generator_py.so" to ""
[25.931s] -- Installing: /home/david/ros2_ws/install/mycobot_interfaces/share/mycobot_interfaces/cmake/export_mycobot_interfaces__rosidl_generator_cExport.cmake
[25.931s] -- Installing: /home/david/ros2_ws/install/mycobot_interfaces/share/mycobot_interfaces/cmake/export_mycobot_interfaces__rosidl_generator_cExport-noconfig.cmake
[25.931s] -- Installing: /home/david/ros2_ws/install/mycobot_interfaces/share/mycobot_interfaces/cmake/export_mycobot_interfaces__rosidl_typesupport_fastrtps_cExport.cmake
[25.931s] -- Installing: /home/david/ros2_ws/install/mycobot_interfaces/share/mycobot_interfaces/cmake/export_mycobot_interfaces__rosidl_typesupport_fastrtps_cExport-noconfig.cmake
[25.932s] -- Installing: /home/david/ros2_ws/install/mycobot_interfaces/share/mycobot_interfaces/cmake/mycobot_interfaces__rosidl_typesupport_introspection_cExport.cmake
[25.932s] -- Installing: /home/david/ros2_ws/install/mycobot_interfaces/share/mycobot_interfaces/cmake/mycobot_interfaces__rosidl_typesupport_introspection_cExport-noconfig.cmake
[25.932s] -- Installing: /home/david/ros2_ws/install/mycobot_interfaces/share/mycobot_interfaces/cmake/mycobot_interfaces__rosidl_typesupport_cExport.cmake
[25.932s] -- Installing: /home/david/ros2_ws/install/mycobot_interfaces/share/mycobot_interfaces/cmake/mycobot_interfaces__rosidl_typesupport_cExport-noconfig.cmake
[25.932s] -- Installing: /home/david/ros2_ws/install/mycobot_interfaces/share/mycobot_interfaces/cmake/export_mycobot_interfaces__rosidl_generator_cppExport.cmake
[25.932s] -- Installing: /home/david/ros2_ws/install/mycobot_interfaces/share/mycobot_interfaces/cmake/export_mycobot_interfaces__rosidl_typesupport_fastrtps_cppExport.cmake
[25.932s] -- Installing: /home/david/ros2_ws/install/mycobot_interfaces/share/mycobot_interfaces/cmake/export_mycobot_interfaces__rosidl_typesupport_fastrtps_cppExport-noconfig.cmake
[25.932s] -- Installing: /home/david/ros2_ws/install/mycobot_interfaces/share/mycobot_interfaces/cmake/mycobot_interfaces__rosidl_typesupport_introspection_cppExport.cmake
[25.932s] -- Installing: /home/david/ros2_ws/install/mycobot_interfaces/share/mycobot_interfaces/cmake/mycobot_interfaces__rosidl_typesupport_introspection_cppExport-noconfig.cmake
[25.932s] -- Installing: /home/david/ros2_ws/install/mycobot_interfaces/share/mycobot_interfaces/cmake/mycobot_interfaces__rosidl_typesupport_cppExport.cmake
[25.932s] -- Installing: /home/david/ros2_ws/install/mycobot_interfaces/share/mycobot_interfaces/cmake/mycobot_interfaces__rosidl_typesupport_cppExport-noconfig.cmake
[25.933s] -- Installing: /home/david/ros2_ws/install/mycobot_interfaces/share/mycobot_interfaces/cmake/export_mycobot_interfaces__rosidl_generator_pyExport.cmake
[25.933s] -- Installing: /home/david/ros2_ws/install/mycobot_interfaces/share/mycobot_interfaces/cmake/export_mycobot_interfaces__rosidl_generator_pyExport-noconfig.cmake
[26.072s] Invoked command in '/home/david/ros2_ws/build/mycobot_interfaces' returned '0': CMAKE_PREFIX_PATH=/opt/ros/humble /usr/bin/cmake --install /home/david/ros2_ws/build/mycobot_interfaces
