[1.046s] Invoking command in '/home/david/ros2_ws/build/mycobot_280': AMENT_PREFIX_PATH=/home/david/ros2_ws/install/mycobot_communication:/home/david/ros2_ws/install/mycobot_description:/home/david/ros2_ws/install/ultraarm:/home/david/ros2_ws/install/mypalletizer_260_pi:/home/david/ros2_ws/install/mypalletizer_260:/home/david/ros2_ws/install/mypalletizer_communication:/home/david/ros2_ws/install/mypalletizer_interfaces:/home/david/ros2_ws/install/mycobot_630:/home/david/ros2_ws/install/mycobot_600:/home/david/ros2_ws/install/mycobot_320pi:/home/david/ros2_ws/install/mycobot_320:/home/david/ros2_ws/install/mycobot_280pi:/home/david/ros2_ws/install/mycobot_280jn:/home/david/ros2_ws/install/mycobot_280_x3pi:/home/david/ros2_ws/install/mycobot_280:/home/david/ros2_ws/install/myarm_m750:/home/david/ros2_ws/install/myarm_c650:/home/david/ros2_ws/install/myarm_300:/home/david/ros2_ws/install/mecharm_pi:/home/david/ros2_ws/install/mecharm:/home/david/ros2_ws/install/mecharm_communication:/home/david/ros2_ws/install/mycobot_interfaces:/home/david/ros2_ws/install/mybuddy:/home/david/ros2_ws/install/my_py_pkg:/home/david/ros2_ws/install/mecharm_interfaces:/opt/ros/humble CMAKE_PREFIX_PATH=/home/david/ros2_ws/install/mycobot_interfaces:/home/david/ros2_ws/install/mypalletizer_interfaces:/home/david/ros2_ws/install/mycobot_interfaces2:/home/david/ros2_ws/install/mecharm_interfaces LD_LIBRARY_PATH=/home/david/ros2_ws/install/mycobot_interfaces/lib:/home/david/ros2_ws/install/mypalletizer_interfaces/lib:/home/david/ros2_ws/install/mycobot_interfaces2/lib:/home/david/ros2_ws/install/mecharm_interfaces/lib:/opt/ros/humble/opt/rviz_ogre_vendor/lib:/opt/ros/humble/lib/x86_64-linux-gnu:/opt/ros/humble/lib PYTHONPATH=/home/david/ros2_ws/build/mycobot_280/prefix_override:/usr/lib/python3/dist-packages/colcon_core/task/python/colcon_distutils_commands:/home/david/ros2_ws/install/mycobot_280/lib/python3.10/site-packages:/home/david/ros2_ws/build/mycobot_communication:/home/david/ros2_ws/install/mycobot_communication/lib/python3.10/site-packages:/home/david/ros2_ws/build/mycobot_description:/home/david/ros2_ws/install/mycobot_description/lib/python3.10/site-packages:/home/david/ros2_ws/build/ultraarm:/home/david/ros2_ws/install/ultraarm/lib/python3.10/site-packages:/home/david/ros2_ws/build/mypalletizer_260_pi:/home/david/ros2_ws/install/mypalletizer_260_pi/lib/python3.10/site-packages:/home/david/ros2_ws/build/mypalletizer_260:/home/david/ros2_ws/install/mypalletizer_260/lib/python3.10/site-packages:/home/david/ros2_ws/build/mypalletizer_communication:/home/david/ros2_ws/install/mypalletizer_communication/lib/python3.10/site-packages:/home/david/ros2_ws/install/mypalletizer_interfaces/local/lib/python3.10/dist-packages:/home/david/ros2_ws/build/mycobot_630:/home/david/ros2_ws/install/mycobot_630/lib/python3.10/site-packages:/home/david/ros2_ws/build/mycobot_600:/home/david/ros2_ws/install/mycobot_600/lib/python3.10/site-packages:/home/david/ros2_ws/build/mycobot_320pi:/home/david/ros2_ws/install/mycobot_320pi/lib/python3.10/site-packages:/home/david/ros2_ws/build/mycobot_320:/home/david/ros2_ws/install/mycobot_320/lib/python3.10/site-packages:/home/david/ros2_ws/build/mycobot_280pi:/home/david/ros2_ws/install/mycobot_280pi/lib/python3.10/site-packages:/home/david/ros2_ws/build/mycobot_280jn:/home/david/ros2_ws/install/mycobot_280jn/lib/python3.10/site-packages:/home/david/ros2_ws/build/mycobot_280_x3pi:/home/david/ros2_ws/install/mycobot_280_x3pi/lib/python3.10/site-packages:/home/david/ros2_ws/build/mycobot_280:/home/david/ros2_ws/install/mycobot_280/lib/python3.10/site-packages:/home/david/ros2_ws/build/myarm_m750:/home/david/ros2_ws/install/myarm_m750/lib/python3.10/site-packages:/home/david/ros2_ws/build/myarm_c650:/home/david/ros2_ws/install/myarm_c650/lib/python3.10/site-packages:/home/david/ros2_ws/build/myarm_300:/home/david/ros2_ws/install/myarm_300/lib/python3.10/site-packages:/home/david/ros2_ws/build/mecharm_pi:/home/david/ros2_ws/install/mecharm_pi/lib/python3.10/site-packages:/home/david/ros2_ws/build/mecharm:/home/david/ros2_ws/install/mecharm/lib/python3.10/site-packages:/home/david/ros2_ws/build/mecharm_communication:/home/david/ros2_ws/install/mecharm_communication/lib/python3.10/site-packages:/home/david/ros2_ws/install/mycobot_interfaces/local/lib/python3.10/dist-packages:/home/david/ros2_ws/build/mybuddy:/home/david/ros2_ws/install/mybuddy/lib/python3.10/site-packages:/home/david/ros2_ws/build/my_py_pkg:/home/david/ros2_ws/install/my_py_pkg/lib/python3.10/site-packages:/home/david/ros2_ws/install/mecharm_interfaces/local/lib/python3.10/dist-packages:/opt/ros/humble/lib/python3.10/site-packages:/opt/ros/humble/local/lib/python3.10/dist-packages /usr/bin/python3 -W ignore:setup.py install is deprecated setup.py develop --uninstall --editable --build-directory /home/david/ros2_ws/build/mycobot_280/build
[1.421s] running develop
[1.421s] /usr/lib/python3/dist-packages/setuptools/command/easy_install.py:158: EasyInstallDeprecationWarning: easy_install command is deprecated. Use build and pip and other standards-based tools.
[1.421s]   warnings.warn(
[1.603s] Removing /home/david/ros2_ws/install/mycobot_280/lib/python3.10/site-packages/mycobot-280.egg-link (link to .)
[1.642s] Invoked command in '/home/david/ros2_ws/build/mycobot_280' returned '0': AMENT_PREFIX_PATH=/home/david/ros2_ws/install/mycobot_communication:/home/david/ros2_ws/install/mycobot_description:/home/david/ros2_ws/install/ultraarm:/home/david/ros2_ws/install/mypalletizer_260_pi:/home/david/ros2_ws/install/mypalletizer_260:/home/david/ros2_ws/install/mypalletizer_communication:/home/david/ros2_ws/install/mypalletizer_interfaces:/home/david/ros2_ws/install/mycobot_630:/home/david/ros2_ws/install/mycobot_600:/home/david/ros2_ws/install/mycobot_320pi:/home/david/ros2_ws/install/mycobot_320:/home/david/ros2_ws/install/mycobot_280pi:/home/david/ros2_ws/install/mycobot_280jn:/home/david/ros2_ws/install/mycobot_280_x3pi:/home/david/ros2_ws/install/mycobot_280:/home/david/ros2_ws/install/myarm_m750:/home/david/ros2_ws/install/myarm_c650:/home/david/ros2_ws/install/myarm_300:/home/david/ros2_ws/install/mecharm_pi:/home/david/ros2_ws/install/mecharm:/home/david/ros2_ws/install/mecharm_communication:/home/david/ros2_ws/install/mycobot_interfaces:/home/david/ros2_ws/install/mybuddy:/home/david/ros2_ws/install/my_py_pkg:/home/david/ros2_ws/install/mecharm_interfaces:/opt/ros/humble CMAKE_PREFIX_PATH=/home/david/ros2_ws/install/mycobot_interfaces:/home/david/ros2_ws/install/mypalletizer_interfaces:/home/david/ros2_ws/install/mycobot_interfaces2:/home/david/ros2_ws/install/mecharm_interfaces LD_LIBRARY_PATH=/home/david/ros2_ws/install/mycobot_interfaces/lib:/home/david/ros2_ws/install/mypalletizer_interfaces/lib:/home/david/ros2_ws/install/mycobot_interfaces2/lib:/home/david/ros2_ws/install/mecharm_interfaces/lib:/opt/ros/humble/opt/rviz_ogre_vendor/lib:/opt/ros/humble/lib/x86_64-linux-gnu:/opt/ros/humble/lib PYTHONPATH=/home/david/ros2_ws/build/mycobot_280/prefix_override:/usr/lib/python3/dist-packages/colcon_core/task/python/colcon_distutils_commands:/home/david/ros2_ws/install/mycobot_280/lib/python3.10/site-packages:/home/david/ros2_ws/build/mycobot_communication:/home/david/ros2_ws/install/mycobot_communication/lib/python3.10/site-packages:/home/david/ros2_ws/build/mycobot_description:/home/david/ros2_ws/install/mycobot_description/lib/python3.10/site-packages:/home/david/ros2_ws/build/ultraarm:/home/david/ros2_ws/install/ultraarm/lib/python3.10/site-packages:/home/david/ros2_ws/build/mypalletizer_260_pi:/home/david/ros2_ws/install/mypalletizer_260_pi/lib/python3.10/site-packages:/home/david/ros2_ws/build/mypalletizer_260:/home/david/ros2_ws/install/mypalletizer_260/lib/python3.10/site-packages:/home/david/ros2_ws/build/mypalletizer_communication:/home/david/ros2_ws/install/mypalletizer_communication/lib/python3.10/site-packages:/home/david/ros2_ws/install/mypalletizer_interfaces/local/lib/python3.10/dist-packages:/home/david/ros2_ws/build/mycobot_630:/home/david/ros2_ws/install/mycobot_630/lib/python3.10/site-packages:/home/david/ros2_ws/build/mycobot_600:/home/david/ros2_ws/install/mycobot_600/lib/python3.10/site-packages:/home/david/ros2_ws/build/mycobot_320pi:/home/david/ros2_ws/install/mycobot_320pi/lib/python3.10/site-packages:/home/david/ros2_ws/build/mycobot_320:/home/david/ros2_ws/install/mycobot_320/lib/python3.10/site-packages:/home/david/ros2_ws/build/mycobot_280pi:/home/david/ros2_ws/install/mycobot_280pi/lib/python3.10/site-packages:/home/david/ros2_ws/build/mycobot_280jn:/home/david/ros2_ws/install/mycobot_280jn/lib/python3.10/site-packages:/home/david/ros2_ws/build/mycobot_280_x3pi:/home/david/ros2_ws/install/mycobot_280_x3pi/lib/python3.10/site-packages:/home/david/ros2_ws/build/mycobot_280:/home/david/ros2_ws/install/mycobot_280/lib/python3.10/site-packages:/home/david/ros2_ws/build/myarm_m750:/home/david/ros2_ws/install/myarm_m750/lib/python3.10/site-packages:/home/david/ros2_ws/build/myarm_c650:/home/david/ros2_ws/install/myarm_c650/lib/python3.10/site-packages:/home/david/ros2_ws/build/myarm_300:/home/david/ros2_ws/install/myarm_300/lib/python3.10/site-packages:/home/david/ros2_ws/build/mecharm_pi:/home/david/ros2_ws/install/mecharm_pi/lib/python3.10/site-packages:/home/david/ros2_ws/build/mecharm:/home/david/ros2_ws/install/mecharm/lib/python3.10/site-packages:/home/david/ros2_ws/build/mecharm_communication:/home/david/ros2_ws/install/mecharm_communication/lib/python3.10/site-packages:/home/david/ros2_ws/install/mycobot_interfaces/local/lib/python3.10/dist-packages:/home/david/ros2_ws/build/mybuddy:/home/david/ros2_ws/install/mybuddy/lib/python3.10/site-packages:/home/david/ros2_ws/build/my_py_pkg:/home/david/ros2_ws/install/my_py_pkg/lib/python3.10/site-packages:/home/david/ros2_ws/install/mecharm_interfaces/local/lib/python3.10/dist-packages:/opt/ros/humble/lib/python3.10/site-packages:/opt/ros/humble/local/lib/python3.10/dist-packages /usr/bin/python3 -W ignore:setup.py install is deprecated setup.py develop --uninstall --editable --build-directory /home/david/ros2_ws/build/mycobot_280/build
[1.644s] Invoking command in '/home/david/ros2_ws/src/mycobot_ros2/mycobot_280/mycobot_280': AMENT_PREFIX_PATH=/home/david/ros2_ws/install/mycobot_communication:/home/david/ros2_ws/install/mycobot_description:/home/david/ros2_ws/install/ultraarm:/home/david/ros2_ws/install/mypalletizer_260_pi:/home/david/ros2_ws/install/mypalletizer_260:/home/david/ros2_ws/install/mypalletizer_communication:/home/david/ros2_ws/install/mypalletizer_interfaces:/home/david/ros2_ws/install/mycobot_630:/home/david/ros2_ws/install/mycobot_600:/home/david/ros2_ws/install/mycobot_320pi:/home/david/ros2_ws/install/mycobot_320:/home/david/ros2_ws/install/mycobot_280pi:/home/david/ros2_ws/install/mycobot_280jn:/home/david/ros2_ws/install/mycobot_280_x3pi:/home/david/ros2_ws/install/mycobot_280:/home/david/ros2_ws/install/myarm_m750:/home/david/ros2_ws/install/myarm_c650:/home/david/ros2_ws/install/myarm_300:/home/david/ros2_ws/install/mecharm_pi:/home/david/ros2_ws/install/mecharm:/home/david/ros2_ws/install/mecharm_communication:/home/david/ros2_ws/install/mycobot_interfaces:/home/david/ros2_ws/install/mybuddy:/home/david/ros2_ws/install/my_py_pkg:/home/david/ros2_ws/install/mecharm_interfaces:/opt/ros/humble CMAKE_PREFIX_PATH=/home/david/ros2_ws/install/mycobot_interfaces:/home/david/ros2_ws/install/mypalletizer_interfaces:/home/david/ros2_ws/install/mycobot_interfaces2:/home/david/ros2_ws/install/mecharm_interfaces LD_LIBRARY_PATH=/home/david/ros2_ws/install/mycobot_interfaces/lib:/home/david/ros2_ws/install/mypalletizer_interfaces/lib:/home/david/ros2_ws/install/mycobot_interfaces2/lib:/home/david/ros2_ws/install/mecharm_interfaces/lib:/opt/ros/humble/opt/rviz_ogre_vendor/lib:/opt/ros/humble/lib/x86_64-linux-gnu:/opt/ros/humble/lib PYTHONPATH=/home/david/ros2_ws/build/mycobot_280/prefix_override:/usr/lib/python3/dist-packages/colcon_core/task/python/colcon_distutils_commands:/home/david/ros2_ws/install/mycobot_280/lib/python3.10/site-packages:/home/david/ros2_ws/build/mycobot_communication:/home/david/ros2_ws/install/mycobot_communication/lib/python3.10/site-packages:/home/david/ros2_ws/build/mycobot_description:/home/david/ros2_ws/install/mycobot_description/lib/python3.10/site-packages:/home/david/ros2_ws/build/ultraarm:/home/david/ros2_ws/install/ultraarm/lib/python3.10/site-packages:/home/david/ros2_ws/build/mypalletizer_260_pi:/home/david/ros2_ws/install/mypalletizer_260_pi/lib/python3.10/site-packages:/home/david/ros2_ws/build/mypalletizer_260:/home/david/ros2_ws/install/mypalletizer_260/lib/python3.10/site-packages:/home/david/ros2_ws/build/mypalletizer_communication:/home/david/ros2_ws/install/mypalletizer_communication/lib/python3.10/site-packages:/home/david/ros2_ws/install/mypalletizer_interfaces/local/lib/python3.10/dist-packages:/home/david/ros2_ws/build/mycobot_630:/home/david/ros2_ws/install/mycobot_630/lib/python3.10/site-packages:/home/david/ros2_ws/build/mycobot_600:/home/david/ros2_ws/install/mycobot_600/lib/python3.10/site-packages:/home/david/ros2_ws/build/mycobot_320pi:/home/david/ros2_ws/install/mycobot_320pi/lib/python3.10/site-packages:/home/david/ros2_ws/build/mycobot_320:/home/david/ros2_ws/install/mycobot_320/lib/python3.10/site-packages:/home/david/ros2_ws/build/mycobot_280pi:/home/david/ros2_ws/install/mycobot_280pi/lib/python3.10/site-packages:/home/david/ros2_ws/build/mycobot_280jn:/home/david/ros2_ws/install/mycobot_280jn/lib/python3.10/site-packages:/home/david/ros2_ws/build/mycobot_280_x3pi:/home/david/ros2_ws/install/mycobot_280_x3pi/lib/python3.10/site-packages:/home/david/ros2_ws/build/mycobot_280:/home/david/ros2_ws/install/mycobot_280/lib/python3.10/site-packages:/home/david/ros2_ws/build/myarm_m750:/home/david/ros2_ws/install/myarm_m750/lib/python3.10/site-packages:/home/david/ros2_ws/build/myarm_c650:/home/david/ros2_ws/install/myarm_c650/lib/python3.10/site-packages:/home/david/ros2_ws/build/myarm_300:/home/david/ros2_ws/install/myarm_300/lib/python3.10/site-packages:/home/david/ros2_ws/build/mecharm_pi:/home/david/ros2_ws/install/mecharm_pi/lib/python3.10/site-packages:/home/david/ros2_ws/build/mecharm:/home/david/ros2_ws/install/mecharm/lib/python3.10/site-packages:/home/david/ros2_ws/build/mecharm_communication:/home/david/ros2_ws/install/mecharm_communication/lib/python3.10/site-packages:/home/david/ros2_ws/install/mycobot_interfaces/local/lib/python3.10/dist-packages:/home/david/ros2_ws/build/mybuddy:/home/david/ros2_ws/install/mybuddy/lib/python3.10/site-packages:/home/david/ros2_ws/build/my_py_pkg:/home/david/ros2_ws/install/my_py_pkg/lib/python3.10/site-packages:/home/david/ros2_ws/install/mecharm_interfaces/local/lib/python3.10/dist-packages:/opt/ros/humble/lib/python3.10/site-packages:/opt/ros/humble/local/lib/python3.10/dist-packages /usr/bin/python3 -W ignore:setup.py install is deprecated setup.py egg_info --egg-base ../../../../build/mycobot_280 build --build-base /home/david/ros2_ws/build/mycobot_280/build install --record /home/david/ros2_ws/build/mycobot_280/install.log --single-version-externally-managed install_data --force
[2.046s] running egg_info
[2.048s] writing ../../../../build/mycobot_280/mycobot_280.egg-info/PKG-INFO
[2.048s] writing dependency_links to ../../../../build/mycobot_280/mycobot_280.egg-info/dependency_links.txt
[2.049s] writing entry points to ../../../../build/mycobot_280/mycobot_280.egg-info/entry_points.txt
[2.049s] writing requirements to ../../../../build/mycobot_280/mycobot_280.egg-info/requires.txt
[2.049s] writing top-level names to ../../../../build/mycobot_280/mycobot_280.egg-info/top_level.txt
[2.052s] reading manifest file '../../../../build/mycobot_280/mycobot_280.egg-info/SOURCES.txt'
[2.053s] adding license file 'LICENSE'
[2.054s] writing manifest file '../../../../build/mycobot_280/mycobot_280.egg-info/SOURCES.txt'
[2.054s] running build
[2.054s] running build_py
[2.055s] creating /home/david/ros2_ws/build/mycobot_280/build
[2.055s] creating /home/david/ros2_ws/build/mycobot_280/build/lib
[2.055s] creating /home/david/ros2_ws/build/mycobot_280/build/lib/mycobot_280
[2.055s] copying mycobot_280/follow_and_pump.py -> /home/david/ros2_ws/build/mycobot_280/build/lib/mycobot_280
[2.055s] copying mycobot_280/origen.py -> /home/david/ros2_ws/build/mycobot_280/build/lib/mycobot_280
[2.055s] copying mycobot_280/slider_control.py -> /home/david/ros2_ws/build/mycobot_280/build/lib/mycobot_280
[2.055s] copying mycobot_280/listen_real.py -> /home/david/ros2_ws/build/mycobot_280/build/lib/mycobot_280
[2.056s] copying mycobot_280/opencv_camera.py -> /home/david/ros2_ws/build/mycobot_280/build/lib/mycobot_280
[2.056s] copying mycobot_280/rutina.py -> /home/david/ros2_ws/build/mycobot_280/build/lib/mycobot_280
[2.056s] copying mycobot_280/listen_real_of_topic.py -> /home/david/ros2_ws/build/mycobot_280/build/lib/mycobot_280
[2.056s] copying mycobot_280/__init__.py -> /home/david/ros2_ws/build/mycobot_280/build/lib/mycobot_280
[2.056s] copying mycobot_280/detect_marker.py -> /home/david/ros2_ws/build/mycobot_280/build/lib/mycobot_280
[2.056s] copying mycobot_280/teleop_keyboard.py -> /home/david/ros2_ws/build/mycobot_280/build/lib/mycobot_280
[2.057s] copying mycobot_280/simple_gui.py -> /home/david/ros2_ws/build/mycobot_280/build/lib/mycobot_280
[2.057s] copying mycobot_280/follow_display.py -> /home/david/ros2_ws/build/mycobot_280/build/lib/mycobot_280
[2.057s] copying mycobot_280/following_marker.py -> /home/david/ros2_ws/build/mycobot_280/build/lib/mycobot_280
[2.057s] copying mycobot_280/rutina2.py -> /home/david/ros2_ws/build/mycobot_280/build/lib/mycobot_280
[2.057s] copying mycobot_280/aruco_marker.py -> /home/david/ros2_ws/build/mycobot_280/build/lib/mycobot_280
[2.058s] copying mycobot_280/camera_display.py -> /home/david/ros2_ws/build/mycobot_280/build/lib/mycobot_280
[2.058s] running install
[2.059s] running install_lib
[2.060s] creating /home/david/ros2_ws/install/mycobot_280/lib/python3.10/site-packages/mycobot_280
[2.060s] copying /home/david/ros2_ws/build/mycobot_280/build/lib/mycobot_280/follow_and_pump.py -> /home/david/ros2_ws/install/mycobot_280/lib/python3.10/site-packages/mycobot_280
[2.060s] copying /home/david/ros2_ws/build/mycobot_280/build/lib/mycobot_280/origen.py -> /home/david/ros2_ws/install/mycobot_280/lib/python3.10/site-packages/mycobot_280
[2.060s] copying /home/david/ros2_ws/build/mycobot_280/build/lib/mycobot_280/slider_control.py -> /home/david/ros2_ws/install/mycobot_280/lib/python3.10/site-packages/mycobot_280
[2.061s] copying /home/david/ros2_ws/build/mycobot_280/build/lib/mycobot_280/listen_real.py -> /home/david/ros2_ws/install/mycobot_280/lib/python3.10/site-packages/mycobot_280
[2.061s] copying /home/david/ros2_ws/build/mycobot_280/build/lib/mycobot_280/opencv_camera.py -> /home/david/ros2_ws/install/mycobot_280/lib/python3.10/site-packages/mycobot_280
[2.061s] copying /home/david/ros2_ws/build/mycobot_280/build/lib/mycobot_280/rutina.py -> /home/david/ros2_ws/install/mycobot_280/lib/python3.10/site-packages/mycobot_280
[2.061s] copying /home/david/ros2_ws/build/mycobot_280/build/lib/mycobot_280/listen_real_of_topic.py -> /home/david/ros2_ws/install/mycobot_280/lib/python3.10/site-packages/mycobot_280
[2.061s] copying /home/david/ros2_ws/build/mycobot_280/build/lib/mycobot_280/__init__.py -> /home/david/ros2_ws/install/mycobot_280/lib/python3.10/site-packages/mycobot_280
[2.062s] copying /home/david/ros2_ws/build/mycobot_280/build/lib/mycobot_280/detect_marker.py -> /home/david/ros2_ws/install/mycobot_280/lib/python3.10/site-packages/mycobot_280
[2.062s] copying /home/david/ros2_ws/build/mycobot_280/build/lib/mycobot_280/teleop_keyboard.py -> /home/david/ros2_ws/install/mycobot_280/lib/python3.10/site-packages/mycobot_280
[2.062s] copying /home/david/ros2_ws/build/mycobot_280/build/lib/mycobot_280/simple_gui.py -> /home/david/ros2_ws/install/mycobot_280/lib/python3.10/site-packages/mycobot_280
[2.062s] copying /home/david/ros2_ws/build/mycobot_280/build/lib/mycobot_280/follow_display.py -> /home/david/ros2_ws/install/mycobot_280/lib/python3.10/site-packages/mycobot_280
[2.062s] copying /home/david/ros2_ws/build/mycobot_280/build/lib/mycobot_280/following_marker.py -> /home/david/ros2_ws/install/mycobot_280/lib/python3.10/site-packages/mycobot_280
[2.062s] copying /home/david/ros2_ws/build/mycobot_280/build/lib/mycobot_280/rutina2.py -> /home/david/ros2_ws/install/mycobot_280/lib/python3.10/site-packages/mycobot_280
[2.063s] copying /home/david/ros2_ws/build/mycobot_280/build/lib/mycobot_280/aruco_marker.py -> /home/david/ros2_ws/install/mycobot_280/lib/python3.10/site-packages/mycobot_280
[2.063s] copying /home/david/ros2_ws/build/mycobot_280/build/lib/mycobot_280/camera_display.py -> /home/david/ros2_ws/install/mycobot_280/lib/python3.10/site-packages/mycobot_280
[2.064s] byte-compiling /home/david/ros2_ws/install/mycobot_280/lib/python3.10/site-packages/mycobot_280/follow_and_pump.py to follow_and_pump.cpython-310.pyc
[2.066s] byte-compiling /home/david/ros2_ws/install/mycobot_280/lib/python3.10/site-packages/mycobot_280/origen.py to origen.cpython-310.pyc
[2.067s] byte-compiling /home/david/ros2_ws/install/mycobot_280/lib/python3.10/site-packages/mycobot_280/slider_control.py to slider_control.cpython-310.pyc
[2.068s] byte-compiling /home/david/ros2_ws/install/mycobot_280/lib/python3.10/site-packages/mycobot_280/listen_real.py to listen_real.cpython-310.pyc
[2.069s] byte-compiling /home/david/ros2_ws/install/mycobot_280/lib/python3.10/site-packages/mycobot_280/opencv_camera.py to opencv_camera.cpython-310.pyc
[2.070s] byte-compiling /home/david/ros2_ws/install/mycobot_280/lib/python3.10/site-packages/mycobot_280/rutina.py to rutina.cpython-310.pyc
[2.071s] byte-compiling /home/david/ros2_ws/install/mycobot_280/lib/python3.10/site-packages/mycobot_280/listen_real_of_topic.py to listen_real_of_topic.cpython-310.pyc
[2.071s] byte-compiling /home/david/ros2_ws/install/mycobot_280/lib/python3.10/site-packages/mycobot_280/__init__.py to __init__.cpython-310.pyc
[2.072s] byte-compiling /home/david/ros2_ws/install/mycobot_280/lib/python3.10/site-packages/mycobot_280/detect_marker.py to detect_marker.cpython-310.pyc
[2.073s] byte-compiling /home/david/ros2_ws/install/mycobot_280/lib/python3.10/site-packages/mycobot_280/teleop_keyboard.py to teleop_keyboard.cpython-310.pyc
[2.074s] byte-compiling /home/david/ros2_ws/install/mycobot_280/lib/python3.10/site-packages/mycobot_280/simple_gui.py to simple_gui.cpython-310.pyc
[2.079s] byte-compiling /home/david/ros2_ws/install/mycobot_280/lib/python3.10/site-packages/mycobot_280/follow_display.py to follow_display.cpython-310.pyc
[2.080s] byte-compiling /home/david/ros2_ws/install/mycobot_280/lib/python3.10/site-packages/mycobot_280/following_marker.py to following_marker.cpython-310.pyc
[2.080s] byte-compiling /home/david/ros2_ws/install/mycobot_280/lib/python3.10/site-packages/mycobot_280/rutina2.py to rutina2.cpython-310.pyc
[2.080s] byte-compiling /home/david/ros2_ws/install/mycobot_280/lib/python3.10/site-packages/mycobot_280/aruco_marker.py to aruco_marker.cpython-310.pyc
[2.082s] byte-compiling /home/david/ros2_ws/install/mycobot_280/lib/python3.10/site-packages/mycobot_280/camera_display.py to camera_display.cpython-310.pyc
[2.082s] running install_data
[2.082s] copying resource/mycobot_280 -> /home/david/ros2_ws/install/mycobot_280/share/ament_index/resource_index/packages
[2.083s] copying package.xml -> /home/david/ros2_ws/install/mycobot_280/share/mycobot_280
[2.083s] copying launch/slider_control_camera_flange.launch.py -> /home/david/ros2_ws/install/mycobot_280/share/mycobot_280/launch
[2.083s] copying launch/test.launch.py -> /home/david/ros2_ws/install/mycobot_280/share/mycobot_280/launch
[2.083s] copying launch/teleop_keyboard.launch.py -> /home/david/ros2_ws/install/mycobot_280/share/mycobot_280/launch
[2.083s] copying launch/detect_marker_with_topic.launch.py -> /home/david/ros2_ws/install/mycobot_280/share/mycobot_280/launch
[2.084s] copying launch/simple_gui.launch.py -> /home/david/ros2_ws/install/mycobot_280/share/mycobot_280/launch
[2.084s] copying launch/test_camera_flange_pump.launch.py -> /home/david/ros2_ws/install/mycobot_280/share/mycobot_280/launch
[2.084s] copying launch/test_pump.launch.py -> /home/david/ros2_ws/install/mycobot_280/share/mycobot_280/launch
[2.084s] copying launch/test_camera_flange.launch.py -> /home/david/ros2_ws/install/mycobot_280/share/mycobot_280/launch
[2.084s] copying launch/mycobot_follow.launch.py -> /home/david/ros2_ws/install/mycobot_280/share/mycobot_280/launch
[2.084s] copying launch/simple_gui_pump.launch.py -> /home/david/ros2_ws/install/mycobot_280/share/mycobot_280/launch
[2.085s] copying launch/slider_control.launch.py -> /home/david/ros2_ws/install/mycobot_280/share/mycobot_280/launch
[2.085s] copying launch/slider_control_pump.launch.py -> /home/david/ros2_ws/install/mycobot_280/share/mycobot_280/launch
[2.085s] copying launch/detect_marker.launch.py -> /home/david/ros2_ws/install/mycobot_280/share/mycobot_280/launch
[2.085s] copying launch/origen.launch.py -> /home/david/ros2_ws/install/mycobot_280/share/mycobot_280/launch
[2.085s] copying config/mycobot_with_marker.rviz -> /home/david/ros2_ws/install/mycobot_280/share/mycobot_280/config
[2.086s] copying config/mycobot.rviz -> /home/david/ros2_ws/install/mycobot_280/share/mycobot_280/config
[2.086s] running install_egg_info
[2.088s] Copying ../../../../build/mycobot_280/mycobot_280.egg-info to /home/david/ros2_ws/install/mycobot_280/lib/python3.10/site-packages/mycobot_280-0.0.0-py3.10.egg-info
[2.089s] running install_scripts
[2.127s] Installing aruco_marker script to /home/david/ros2_ws/install/mycobot_280/lib/mycobot_280
[2.128s] Installing camera_display script to /home/david/ros2_ws/install/mycobot_280/lib/mycobot_280
[2.128s] Installing detect_marker script to /home/david/ros2_ws/install/mycobot_280/lib/mycobot_280
[2.128s] Installing follow_display script to /home/david/ros2_ws/install/mycobot_280/lib/mycobot_280
[2.129s] Installing following_marker script to /home/david/ros2_ws/install/mycobot_280/lib/mycobot_280
[2.129s] Installing listen_real script to /home/david/ros2_ws/install/mycobot_280/lib/mycobot_280
[2.129s] Installing listen_real_of_topic script to /home/david/ros2_ws/install/mycobot_280/lib/mycobot_280
[2.129s] Installing opencv_camera script to /home/david/ros2_ws/install/mycobot_280/lib/mycobot_280
[2.129s] Installing origen script to /home/david/ros2_ws/install/mycobot_280/lib/mycobot_280
[2.130s] Installing rutina script to /home/david/ros2_ws/install/mycobot_280/lib/mycobot_280
[2.130s] Installing rutina2 script to /home/david/ros2_ws/install/mycobot_280/lib/mycobot_280
[2.130s] Installing simple_gui script to /home/david/ros2_ws/install/mycobot_280/lib/mycobot_280
[2.130s] Installing slider_control script to /home/david/ros2_ws/install/mycobot_280/lib/mycobot_280
[2.130s] Installing teleop_keyboard script to /home/david/ros2_ws/install/mycobot_280/lib/mycobot_280
[2.132s] writing list of installed files to '/home/david/ros2_ws/build/mycobot_280/install.log'
[2.173s] Invoked command in '/home/david/ros2_ws/src/mycobot_ros2/mycobot_280/mycobot_280' returned '0': AMENT_PREFIX_PATH=/home/david/ros2_ws/install/mycobot_communication:/home/david/ros2_ws/install/mycobot_description:/home/david/ros2_ws/install/ultraarm:/home/david/ros2_ws/install/mypalletizer_260_pi:/home/david/ros2_ws/install/mypalletizer_260:/home/david/ros2_ws/install/mypalletizer_communication:/home/david/ros2_ws/install/mypalletizer_interfaces:/home/david/ros2_ws/install/mycobot_630:/home/david/ros2_ws/install/mycobot_600:/home/david/ros2_ws/install/mycobot_320pi:/home/david/ros2_ws/install/mycobot_320:/home/david/ros2_ws/install/mycobot_280pi:/home/david/ros2_ws/install/mycobot_280jn:/home/david/ros2_ws/install/mycobot_280_x3pi:/home/david/ros2_ws/install/mycobot_280:/home/david/ros2_ws/install/myarm_m750:/home/david/ros2_ws/install/myarm_c650:/home/david/ros2_ws/install/myarm_300:/home/david/ros2_ws/install/mecharm_pi:/home/david/ros2_ws/install/mecharm:/home/david/ros2_ws/install/mecharm_communication:/home/david/ros2_ws/install/mycobot_interfaces:/home/david/ros2_ws/install/mybuddy:/home/david/ros2_ws/install/my_py_pkg:/home/david/ros2_ws/install/mecharm_interfaces:/opt/ros/humble CMAKE_PREFIX_PATH=/home/david/ros2_ws/install/mycobot_interfaces:/home/david/ros2_ws/install/mypalletizer_interfaces:/home/david/ros2_ws/install/mycobot_interfaces2:/home/david/ros2_ws/install/mecharm_interfaces LD_LIBRARY_PATH=/home/david/ros2_ws/install/mycobot_interfaces/lib:/home/david/ros2_ws/install/mypalletizer_interfaces/lib:/home/david/ros2_ws/install/mycobot_interfaces2/lib:/home/david/ros2_ws/install/mecharm_interfaces/lib:/opt/ros/humble/opt/rviz_ogre_vendor/lib:/opt/ros/humble/lib/x86_64-linux-gnu:/opt/ros/humble/lib PYTHONPATH=/home/david/ros2_ws/build/mycobot_280/prefix_override:/usr/lib/python3/dist-packages/colcon_core/task/python/colcon_distutils_commands:/home/david/ros2_ws/install/mycobot_280/lib/python3.10/site-packages:/home/david/ros2_ws/build/mycobot_communication:/home/david/ros2_ws/install/mycobot_communication/lib/python3.10/site-packages:/home/david/ros2_ws/build/mycobot_description:/home/david/ros2_ws/install/mycobot_description/lib/python3.10/site-packages:/home/david/ros2_ws/build/ultraarm:/home/david/ros2_ws/install/ultraarm/lib/python3.10/site-packages:/home/david/ros2_ws/build/mypalletizer_260_pi:/home/david/ros2_ws/install/mypalletizer_260_pi/lib/python3.10/site-packages:/home/david/ros2_ws/build/mypalletizer_260:/home/david/ros2_ws/install/mypalletizer_260/lib/python3.10/site-packages:/home/david/ros2_ws/build/mypalletizer_communication:/home/david/ros2_ws/install/mypalletizer_communication/lib/python3.10/site-packages:/home/david/ros2_ws/install/mypalletizer_interfaces/local/lib/python3.10/dist-packages:/home/david/ros2_ws/build/mycobot_630:/home/david/ros2_ws/install/mycobot_630/lib/python3.10/site-packages:/home/david/ros2_ws/build/mycobot_600:/home/david/ros2_ws/install/mycobot_600/lib/python3.10/site-packages:/home/david/ros2_ws/build/mycobot_320pi:/home/david/ros2_ws/install/mycobot_320pi/lib/python3.10/site-packages:/home/david/ros2_ws/build/mycobot_320:/home/david/ros2_ws/install/mycobot_320/lib/python3.10/site-packages:/home/david/ros2_ws/build/mycobot_280pi:/home/david/ros2_ws/install/mycobot_280pi/lib/python3.10/site-packages:/home/david/ros2_ws/build/mycobot_280jn:/home/david/ros2_ws/install/mycobot_280jn/lib/python3.10/site-packages:/home/david/ros2_ws/build/mycobot_280_x3pi:/home/david/ros2_ws/install/mycobot_280_x3pi/lib/python3.10/site-packages:/home/david/ros2_ws/build/mycobot_280:/home/david/ros2_ws/install/mycobot_280/lib/python3.10/site-packages:/home/david/ros2_ws/build/myarm_m750:/home/david/ros2_ws/install/myarm_m750/lib/python3.10/site-packages:/home/david/ros2_ws/build/myarm_c650:/home/david/ros2_ws/install/myarm_c650/lib/python3.10/site-packages:/home/david/ros2_ws/build/myarm_300:/home/david/ros2_ws/install/myarm_300/lib/python3.10/site-packages:/home/david/ros2_ws/build/mecharm_pi:/home/david/ros2_ws/install/mecharm_pi/lib/python3.10/site-packages:/home/david/ros2_ws/build/mecharm:/home/david/ros2_ws/install/mecharm/lib/python3.10/site-packages:/home/david/ros2_ws/build/mecharm_communication:/home/david/ros2_ws/install/mecharm_communication/lib/python3.10/site-packages:/home/david/ros2_ws/install/mycobot_interfaces/local/lib/python3.10/dist-packages:/home/david/ros2_ws/build/mybuddy:/home/david/ros2_ws/install/mybuddy/lib/python3.10/site-packages:/home/david/ros2_ws/build/my_py_pkg:/home/david/ros2_ws/install/my_py_pkg/lib/python3.10/site-packages:/home/david/ros2_ws/install/mecharm_interfaces/local/lib/python3.10/dist-packages:/opt/ros/humble/lib/python3.10/site-packages:/opt/ros/humble/local/lib/python3.10/dist-packages /usr/bin/python3 -W ignore:setup.py install is deprecated setup.py egg_info --egg-base ../../../../build/mycobot_280 build --build-base /home/david/ros2_ws/build/mycobot_280/build install --record /home/david/ros2_ws/build/mycobot_280/install.log --single-version-externally-managed install_data --force
