running develop
running egg_info
creating mypalletizer_260.egg-info
writing mypalletizer_260.egg-info/PKG-INFO
writing dependency_links to mypalletizer_260.egg-info/dependency_links.txt
writing entry points to mypalletizer_260.egg-info/entry_points.txt
writing requirements to mypalletizer_260.egg-info/requires.txt
writing top-level names to mypalletizer_260.egg-info/top_level.txt
writing manifest file 'mypalletizer_260.egg-info/SOURCES.txt'
reading manifest file 'mypalletizer_260.egg-info/SOURCES.txt'
writing manifest file 'mypalletizer_260.egg-info/SOURCES.txt'
running build_ext
Creating /home/david/ros2_ws/install/mypalletizer_260/lib/python3.10/site-packages/mypalletizer-260.egg-link (link to .)
Installing detect_marker script to /home/david/ros2_ws/install/mypalletizer_260/lib/mypalletizer_260
Installing follow_display script to /home/david/ros2_ws/install/mypalletizer_260/lib/mypalletizer_260
Installing following_marker script to /home/david/ros2_ws/install/mypalletizer_260/lib/mypalletizer_260
Installing listen_real script to /home/david/ros2_ws/install/mypalletizer_260/lib/mypalletizer_260
Installing listen_real_of_topic script to /home/david/ros2_ws/install/mypalletizer_260/lib/mypalletizer_260
Installing simple_gui script to /home/david/ros2_ws/install/mypalletizer_260/lib/mypalletizer_260
Installing slider_control script to /home/david/ros2_ws/install/mypalletizer_260/lib/mypalletizer_260
Installing teleop_keyboard script to /home/david/ros2_ws/install/mypalletizer_260/lib/mypalletizer_260

Installed /home/david/ros2_ws/build/mypalletizer_260
running symlink_data
creating /home/david/ros2_ws/install/mypalletizer_260/share/ament_index
creating /home/david/ros2_ws/install/mypalletizer_260/share/ament_index/resource_index
creating /home/david/ros2_ws/install/mypalletizer_260/share/ament_index/resource_index/packages
symbolically linking /home/david/ros2_ws/build/mypalletizer_260/resource/mypalletizer_260 -> /home/david/ros2_ws/install/mypalletizer_260/share/ament_index/resource_index/packages
symbolically linking /home/david/ros2_ws/build/mypalletizer_260/package.xml -> /home/david/ros2_ws/install/mypalletizer_260/share/mypalletizer_260
creating /home/david/ros2_ws/install/mypalletizer_260/share/mypalletizer_260/launch
symbolically linking /home/david/ros2_ws/build/mypalletizer_260/launch/test.launch.py -> /home/david/ros2_ws/install/mypalletizer_260/share/mypalletizer_260/launch
symbolically linking /home/david/ros2_ws/build/mypalletizer_260/launch/teleop_keyboard.launch.py -> /home/david/ros2_ws/install/mypalletizer_260/share/mypalletizer_260/launch
symbolically linking /home/david/ros2_ws/build/mypalletizer_260/launch/detect_marker_with_topic.launch.py -> /home/david/ros2_ws/install/mypalletizer_260/share/mypalletizer_260/launch
symbolically linking /home/david/ros2_ws/build/mypalletizer_260/launch/simple_gui.launch.py -> /home/david/ros2_ws/install/mypalletizer_260/share/mypalletizer_260/launch
symbolically linking /home/david/ros2_ws/build/mypalletizer_260/launch/mycobot_follow.launch.py -> /home/david/ros2_ws/install/mypalletizer_260/share/mypalletizer_260/launch
symbolically linking /home/david/ros2_ws/build/mypalletizer_260/launch/slider_control.launch.py -> /home/david/ros2_ws/install/mypalletizer_260/share/mypalletizer_260/launch
symbolically linking /home/david/ros2_ws/build/mypalletizer_260/launch/detect_marker.launch.py -> /home/david/ros2_ws/install/mypalletizer_260/share/mypalletizer_260/launch
creating /home/david/ros2_ws/install/mypalletizer_260/share/mypalletizer_260/config
symbolically linking /home/david/ros2_ws/build/mypalletizer_260/config/mypalletizer.rviz -> /home/david/ros2_ws/install/mypalletizer_260/share/mypalletizer_260/config
symbolically linking /home/david/ros2_ws/build/mypalletizer_260/config/mycobot_with_marker.rviz -> /home/david/ros2_ws/install/mypalletizer_260/share/mypalletizer_260/config
