[1.865s] Invoking command in '/home/david/ros2_ws/build/mypalletizer_260': AMENT_PREFIX_PATH=/home/david/ros2_ws/install/mypalletizer_communication:/home/david/ros2_ws/install/mypalletizer_interfaces:/home/david/ros2_ws/install/mycobot_description:${AMENT_PREFIX_PATH} CMAKE_PREFIX_PATH=/home/david/ros2_ws/install/mypalletizer_interfaces LD_LIBRARY_PATH=/home/david/ros2_ws/install/mypalletizer_interfaces/lib:${LD_LIBRARY_PATH} PYTHONPATH=/home/david/ros2_ws/build/mypalletizer_260/prefix_override:/usr/lib/python3/dist-packages/colcon_core/task/python/colcon_distutils_commands:/home/david/ros2_ws/install/mypalletizer_260/lib/python3.10/site-packages:/home/david/ros2_ws/build/mypalletizer_communication:/home/david/ros2_ws/install/mypalletizer_communication/lib/python3.10/site-packages:/home/david/ros2_ws/install/mypalletizer_interfaces/local/lib/python3.10/dist-packages:/home/david/ros2_ws/build/mycobot_description:/home/david/ros2_ws/install/mycobot_description/lib/python3.10/site-packages:${PYTHONPATH} /usr/bin/python3 -W ignore:setup.py install is deprecated setup.py develop --editable --build-directory /home/david/ros2_ws/build/mypalletizer_260/build --no-deps symlink_data
[2.652s] running develop
[2.654s] /usr/lib/python3/dist-packages/setuptools/command/easy_install.py:158: EasyInstallDeprecationWarning: easy_install command is deprecated. Use build and pip and other standards-based tools.
[2.655s]   warnings.warn(
[3.034s] running egg_info
[3.034s] creating mypalletizer_260.egg-info
[3.034s] writing mypalletizer_260.egg-info/PKG-INFO
[3.034s] writing dependency_links to mypalletizer_260.egg-info/dependency_links.txt
[3.034s] writing entry points to mypalletizer_260.egg-info/entry_points.txt
[3.035s] writing requirements to mypalletizer_260.egg-info/requires.txt
[3.035s] writing top-level names to mypalletizer_260.egg-info/top_level.txt
[3.035s] writing manifest file 'mypalletizer_260.egg-info/SOURCES.txt'
[3.043s] reading manifest file 'mypalletizer_260.egg-info/SOURCES.txt'
[3.048s] writing manifest file 'mypalletizer_260.egg-info/SOURCES.txt'
[3.058s] running build_ext
[3.060s] Creating /home/david/ros2_ws/install/mypalletizer_260/lib/python3.10/site-packages/mypalletizer-260.egg-link (link to .)
[3.073s] Installing detect_marker script to /home/david/ros2_ws/install/mypalletizer_260/lib/mypalletizer_260
[3.074s] Installing follow_display script to /home/david/ros2_ws/install/mypalletizer_260/lib/mypalletizer_260
[3.074s] Installing following_marker script to /home/david/ros2_ws/install/mypalletizer_260/lib/mypalletizer_260
[3.075s] Installing listen_real script to /home/david/ros2_ws/install/mypalletizer_260/lib/mypalletizer_260
[3.077s] Installing listen_real_of_topic script to /home/david/ros2_ws/install/mypalletizer_260/lib/mypalletizer_260
[3.078s] Installing simple_gui script to /home/david/ros2_ws/install/mypalletizer_260/lib/mypalletizer_260
[3.080s] Installing slider_control script to /home/david/ros2_ws/install/mypalletizer_260/lib/mypalletizer_260
[3.080s] Installing teleop_keyboard script to /home/david/ros2_ws/install/mypalletizer_260/lib/mypalletizer_260
[3.082s] 
[3.083s] Installed /home/david/ros2_ws/build/mypalletizer_260
[3.083s] running symlink_data
[3.092s] creating /home/david/ros2_ws/install/mypalletizer_260/share/ament_index
[3.093s] creating /home/david/ros2_ws/install/mypalletizer_260/share/ament_index/resource_index
[3.094s] creating /home/david/ros2_ws/install/mypalletizer_260/share/ament_index/resource_index/packages
[3.094s] symbolically linking /home/david/ros2_ws/build/mypalletizer_260/resource/mypalletizer_260 -> /home/david/ros2_ws/install/mypalletizer_260/share/ament_index/resource_index/packages
[3.096s] symbolically linking /home/david/ros2_ws/build/mypalletizer_260/package.xml -> /home/david/ros2_ws/install/mypalletizer_260/share/mypalletizer_260
[3.098s] creating /home/david/ros2_ws/install/mypalletizer_260/share/mypalletizer_260/launch
[3.099s] symbolically linking /home/david/ros2_ws/build/mypalletizer_260/launch/test.launch.py -> /home/david/ros2_ws/install/mypalletizer_260/share/mypalletizer_260/launch
[3.099s] symbolically linking /home/david/ros2_ws/build/mypalletizer_260/launch/teleop_keyboard.launch.py -> /home/david/ros2_ws/install/mypalletizer_260/share/mypalletizer_260/launch
[3.100s] symbolically linking /home/david/ros2_ws/build/mypalletizer_260/launch/detect_marker_with_topic.launch.py -> /home/david/ros2_ws/install/mypalletizer_260/share/mypalletizer_260/launch
[3.100s] symbolically linking /home/david/ros2_ws/build/mypalletizer_260/launch/simple_gui.launch.py -> /home/david/ros2_ws/install/mypalletizer_260/share/mypalletizer_260/launch
[3.124s] symbolically linking /home/david/ros2_ws/build/mypalletizer_260/launch/mycobot_follow.launch.py -> /home/david/ros2_ws/install/mypalletizer_260/share/mypalletizer_260/launch
[3.125s] symbolically linking /home/david/ros2_ws/build/mypalletizer_260/launch/slider_control.launch.py -> /home/david/ros2_ws/install/mypalletizer_260/share/mypalletizer_260/launch
[3.125s] symbolically linking /home/david/ros2_ws/build/mypalletizer_260/launch/detect_marker.launch.py -> /home/david/ros2_ws/install/mypalletizer_260/share/mypalletizer_260/launch
[3.126s] creating /home/david/ros2_ws/install/mypalletizer_260/share/mypalletizer_260/config
[3.126s] symbolically linking /home/david/ros2_ws/build/mypalletizer_260/config/mypalletizer.rviz -> /home/david/ros2_ws/install/mypalletizer_260/share/mypalletizer_260/config
[3.127s] symbolically linking /home/david/ros2_ws/build/mypalletizer_260/config/mycobot_with_marker.rviz -> /home/david/ros2_ws/install/mypalletizer_260/share/mypalletizer_260/config
[3.866s] Invoked command in '/home/david/ros2_ws/build/mypalletizer_260' returned '0': AMENT_PREFIX_PATH=/home/david/ros2_ws/install/mypalletizer_communication:/home/david/ros2_ws/install/mypalletizer_interfaces:/home/david/ros2_ws/install/mycobot_description:${AMENT_PREFIX_PATH} CMAKE_PREFIX_PATH=/home/david/ros2_ws/install/mypalletizer_interfaces LD_LIBRARY_PATH=/home/david/ros2_ws/install/mypalletizer_interfaces/lib:${LD_LIBRARY_PATH} PYTHONPATH=/home/david/ros2_ws/build/mypalletizer_260/prefix_override:/usr/lib/python3/dist-packages/colcon_core/task/python/colcon_distutils_commands:/home/david/ros2_ws/install/mypalletizer_260/lib/python3.10/site-packages:/home/david/ros2_ws/build/mypalletizer_communication:/home/david/ros2_ws/install/mypalletizer_communication/lib/python3.10/site-packages:/home/david/ros2_ws/install/mypalletizer_interfaces/local/lib/python3.10/dist-packages:/home/david/ros2_ws/build/mycobot_description:/home/david/ros2_ws/install/mycobot_description/lib/python3.10/site-packages:${PYTHONPATH} /usr/bin/python3 -W ignore:setup.py install is deprecated setup.py develop --editable --build-directory /home/david/ros2_ws/build/mypalletizer_260/build --no-deps symlink_data
