[0.380s] Invoking command in '/home/david/ros2_ws/build/mypalletizer_interfaces': CMAKE_PREFIX_PATH=${CMAKE_PREFIX_PATH}:/home/david/ros2_ws/install/ultraarm:/home/david/ros2_ws/install/mypalletizer_260_pi:/home/david/ros2_ws/install/mypalletizer_260:/home/david/ros2_ws/install/mypalletizer_communication:/home/david/ros2_ws/install/mycobot_630:/home/david/ros2_ws/install/mycobot_600:/home/david/ros2_ws/install/mycobot_320pi:/home/david/ros2_ws/install/mycobot_320:/home/david/ros2_ws/install/mycobot_280pi:/home/david/ros2_ws/install/mycobot_280jn:/home/david/ros2_ws/install/mycobot_280_x3pi:/home/david/ros2_ws/install/mycobot_280:/home/david/ros2_ws/install/myarm_m750:/home/david/ros2_ws/install/myarm_c650:/home/david/ros2_ws/install/myarm_300:/home/david/ros2_ws/install/mycobot_communication:/home/david/ros2_ws/install/mecharm_pi:/home/david/ros2_ws/install/mecharm:/home/david/ros2_ws/install/mecharm_communication:/home/david/ros2_ws/install/mybuddy:/home/david/ros2_ws/install/mycobot_description:/home/david/ros2_ws/install/my_py_pkg:/opt/ros/humble /usr/bin/cmake --build /home/david/ros2_ws/build/mypalletizer_interfaces -- -j12 -l12
[0.515s] [  0%] Built target mypalletizer_interfaces__cpp
[0.520s] [  0%] Built target ament_cmake_python_symlink_mypalletizer_interfaces
[0.530s] [ 12%] Built target mypalletizer_interfaces__rosidl_generator_c
[0.646s] [ 23%] Built target mypalletizer_interfaces__rosidl_typesupport_fastrtps_cpp
[0.647s] [ 47%] Built target mypalletizer_interfaces__rosidl_typesupport_introspection_c
[0.649s] [ 35%] Built target mypalletizer_interfaces__rosidl_typesupport_introspection_cpp
[0.657s] [ 59%] Built target mypalletizer_interfaces__rosidl_typesupport_cpp
[0.663s] [ 71%] Built target mypalletizer_interfaces__rosidl_typesupport_fastrtps_c
[0.665s] [ 83%] Built target mypalletizer_interfaces__rosidl_typesupport_c
[0.700s] [ 83%] Built target mypalletizer_interfaces
[0.738s] [ 84%] Built target mypalletizer_interfaces__py
[0.789s] [ 95%] Built target mypalletizer_interfaces__rosidl_generator_py
[0.843s] [ 97%] Built target mypalletizer_interfaces__rosidl_typesupport_introspection_c__pyext
[0.861s] [ 99%] Built target mypalletizer_interfaces__rosidl_typesupport_fastrtps_c__pyext
[0.869s] [100%] Built target mypalletizer_interfaces__rosidl_typesupport_c__pyext
[1.155s] running egg_info
[1.156s] writing mypalletizer_interfaces.egg-info/PKG-INFO
[1.156s] writing dependency_links to mypalletizer_interfaces.egg-info/dependency_links.txt
[1.157s] writing top-level names to mypalletizer_interfaces.egg-info/top_level.txt
[1.162s] reading manifest file 'mypalletizer_interfaces.egg-info/SOURCES.txt'
[1.164s] writing manifest file 'mypalletizer_interfaces.egg-info/SOURCES.txt'
[1.219s] [100%] Built target ament_cmake_python_build_mypalletizer_interfaces_egg
[1.243s] Invoked command in '/home/david/ros2_ws/build/mypalletizer_interfaces' returned '0': CMAKE_PREFIX_PATH=${CMAKE_PREFIX_PATH}:/home/david/ros2_ws/install/ultraarm:/home/david/ros2_ws/install/mypalletizer_260_pi:/home/david/ros2_ws/install/mypalletizer_260:/home/david/ros2_ws/install/mypalletizer_communication:/home/david/ros2_ws/install/mycobot_630:/home/david/ros2_ws/install/mycobot_600:/home/david/ros2_ws/install/mycobot_320pi:/home/david/ros2_ws/install/mycobot_320:/home/david/ros2_ws/install/mycobot_280pi:/home/david/ros2_ws/install/mycobot_280jn:/home/david/ros2_ws/install/mycobot_280_x3pi:/home/david/ros2_ws/install/mycobot_280:/home/david/ros2_ws/install/myarm_m750:/home/david/ros2_ws/install/myarm_c650:/home/david/ros2_ws/install/myarm_300:/home/david/ros2_ws/install/mycobot_communication:/home/david/ros2_ws/install/mecharm_pi:/home/david/ros2_ws/install/mecharm:/home/david/ros2_ws/install/mecharm_communication:/home/david/ros2_ws/install/mybuddy:/home/david/ros2_ws/install/mycobot_description:/home/david/ros2_ws/install/my_py_pkg:/opt/ros/humble /usr/bin/cmake --build /home/david/ros2_ws/build/mypalletizer_interfaces -- -j12 -l12
[1.707s] Invoking command in '/home/david/ros2_ws/build/mypalletizer_interfaces': CMAKE_PREFIX_PATH=${CMAKE_PREFIX_PATH}:/home/david/ros2_ws/install/ultraarm:/home/david/ros2_ws/install/mypalletizer_260_pi:/home/david/ros2_ws/install/mypalletizer_260:/home/david/ros2_ws/install/mypalletizer_communication:/home/david/ros2_ws/install/mycobot_630:/home/david/ros2_ws/install/mycobot_600:/home/david/ros2_ws/install/mycobot_320pi:/home/david/ros2_ws/install/mycobot_320:/home/david/ros2_ws/install/mycobot_280pi:/home/david/ros2_ws/install/mycobot_280jn:/home/david/ros2_ws/install/mycobot_280_x3pi:/home/david/ros2_ws/install/mycobot_280:/home/david/ros2_ws/install/myarm_m750:/home/david/ros2_ws/install/myarm_c650:/home/david/ros2_ws/install/myarm_300:/home/david/ros2_ws/install/mycobot_communication:/home/david/ros2_ws/install/mecharm_pi:/home/david/ros2_ws/install/mecharm:/home/david/ros2_ws/install/mecharm_communication:/home/david/ros2_ws/install/mybuddy:/home/david/ros2_ws/install/mycobot_description:/home/david/ros2_ws/install/my_py_pkg:/opt/ros/humble /usr/bin/cmake --install /home/david/ros2_ws/build/mypalletizer_interfaces
[1.729s] -- Install configuration: ""
[1.729s] -- Execute custom install script
[1.729s] -- Up-to-date symlink: /home/david/ros2_ws/install/mypalletizer_interfaces/share/ament_index/resource_index/rosidl_interfaces/mypalletizer_interfaces
[1.729s] -- Up-to-date symlink: /home/david/ros2_ws/install/mypalletizer_interfaces/include/mypalletizer_interfaces/mypalletizer_interfaces/msg/detail/mypal_angles__functions.h
[1.730s] -- Up-to-date symlink: /home/david/ros2_ws/install/mypalletizer_interfaces/include/mypalletizer_interfaces/mypalletizer_interfaces/msg/detail/mypal_angles__struct.h
[1.730s] -- Up-to-date symlink: /home/david/ros2_ws/install/mypalletizer_interfaces/include/mypalletizer_interfaces/mypalletizer_interfaces/msg/detail/mypal_angles__type_support.h
[1.730s] -- Up-to-date symlink: /home/david/ros2_ws/install/mypalletizer_interfaces/include/mypalletizer_interfaces/mypalletizer_interfaces/msg/detail/mypal_coords__functions.h
[1.730s] -- Up-to-date symlink: /home/david/ros2_ws/install/mypalletizer_interfaces/include/mypalletizer_interfaces/mypalletizer_interfaces/msg/detail/mypal_coords__struct.h
[1.731s] -- Up-to-date symlink: /home/david/ros2_ws/install/mypalletizer_interfaces/include/mypalletizer_interfaces/mypalletizer_interfaces/msg/detail/mypal_coords__type_support.h
[1.731s] -- Up-to-date symlink: /home/david/ros2_ws/install/mypalletizer_interfaces/include/mypalletizer_interfaces/mypalletizer_interfaces/msg/detail/mypal_gripper_status__functions.h
[1.731s] -- Up-to-date symlink: /home/david/ros2_ws/install/mypalletizer_interfaces/include/mypalletizer_interfaces/mypalletizer_interfaces/msg/detail/mypal_gripper_status__struct.h
[1.731s] -- Up-to-date symlink: /home/david/ros2_ws/install/mypalletizer_interfaces/include/mypalletizer_interfaces/mypalletizer_interfaces/msg/detail/mypal_gripper_status__type_support.h
[1.731s] -- Up-to-date symlink: /home/david/ros2_ws/install/mypalletizer_interfaces/include/mypalletizer_interfaces/mypalletizer_interfaces/msg/detail/mypal_pump_status__functions.h
[1.732s] -- Up-to-date symlink: /home/david/ros2_ws/install/mypalletizer_interfaces/include/mypalletizer_interfaces/mypalletizer_interfaces/msg/detail/mypal_pump_status__struct.h
[1.732s] -- Up-to-date symlink: /home/david/ros2_ws/install/mypalletizer_interfaces/include/mypalletizer_interfaces/mypalletizer_interfaces/msg/detail/mypal_pump_status__type_support.h
[1.732s] -- Up-to-date symlink: /home/david/ros2_ws/install/mypalletizer_interfaces/include/mypalletizer_interfaces/mypalletizer_interfaces/msg/detail/mypal_set_angles__functions.h
[1.732s] -- Up-to-date symlink: /home/david/ros2_ws/install/mypalletizer_interfaces/include/mypalletizer_interfaces/mypalletizer_interfaces/msg/detail/mypal_set_angles__struct.h
[1.733s] -- Up-to-date symlink: /home/david/ros2_ws/install/mypalletizer_interfaces/include/mypalletizer_interfaces/mypalletizer_interfaces/msg/detail/mypal_set_angles__type_support.h
[1.733s] -- Up-to-date symlink: /home/david/ros2_ws/install/mypalletizer_interfaces/include/mypalletizer_interfaces/mypalletizer_interfaces/msg/detail/mypal_set_coords__functions.h
[1.733s] -- Up-to-date symlink: /home/david/ros2_ws/install/mypalletizer_interfaces/include/mypalletizer_interfaces/mypalletizer_interfaces/msg/detail/mypal_set_coords__struct.h
[1.733s] -- Up-to-date symlink: /home/david/ros2_ws/install/mypalletizer_interfaces/include/mypalletizer_interfaces/mypalletizer_interfaces/msg/detail/mypal_set_coords__type_support.h
[1.733s] -- Up-to-date symlink: /home/david/ros2_ws/install/mypalletizer_interfaces/include/mypalletizer_interfaces/mypalletizer_interfaces/msg/mypal_angles.h
[1.733s] -- Up-to-date symlink: /home/david/ros2_ws/install/mypalletizer_interfaces/include/mypalletizer_interfaces/mypalletizer_interfaces/msg/mypal_coords.h
[1.734s] -- Up-to-date symlink: /home/david/ros2_ws/install/mypalletizer_interfaces/include/mypalletizer_interfaces/mypalletizer_interfaces/msg/mypal_gripper_status.h
[1.734s] -- Up-to-date symlink: /home/david/ros2_ws/install/mypalletizer_interfaces/include/mypalletizer_interfaces/mypalletizer_interfaces/msg/mypal_pump_status.h
[1.734s] -- Up-to-date symlink: /home/david/ros2_ws/install/mypalletizer_interfaces/include/mypalletizer_interfaces/mypalletizer_interfaces/msg/mypal_set_angles.h
[1.735s] -- Up-to-date symlink: /home/david/ros2_ws/install/mypalletizer_interfaces/include/mypalletizer_interfaces/mypalletizer_interfaces/msg/mypal_set_coords.h
[1.735s] -- Up-to-date symlink: /home/david/ros2_ws/install/mypalletizer_interfaces/include/mypalletizer_interfaces/mypalletizer_interfaces/msg/rosidl_generator_c__visibility_control.h
[1.735s] -- Up-to-date symlink: /home/david/ros2_ws/install/mypalletizer_interfaces/include/mypalletizer_interfaces/mypalletizer_interfaces/srv/detail/get_angles__functions.h
[1.736s] -- Up-to-date symlink: /home/david/ros2_ws/install/mypalletizer_interfaces/include/mypalletizer_interfaces/mypalletizer_interfaces/srv/detail/get_angles__struct.h
[1.736s] -- Up-to-date symlink: /home/david/ros2_ws/install/mypalletizer_interfaces/include/mypalletizer_interfaces/mypalletizer_interfaces/srv/detail/get_angles__type_support.h
[1.736s] -- Up-to-date symlink: /home/david/ros2_ws/install/mypalletizer_interfaces/include/mypalletizer_interfaces/mypalletizer_interfaces/srv/detail/get_coords__functions.h
[1.736s] -- Up-to-date symlink: /home/david/ros2_ws/install/mypalletizer_interfaces/include/mypalletizer_interfaces/mypalletizer_interfaces/srv/detail/get_coords__struct.h
[1.737s] -- Up-to-date symlink: /home/david/ros2_ws/install/mypalletizer_interfaces/include/mypalletizer_interfaces/mypalletizer_interfaces/srv/detail/get_coords__type_support.h
[1.737s] -- Up-to-date symlink: /home/david/ros2_ws/install/mypalletizer_interfaces/include/mypalletizer_interfaces/mypalletizer_interfaces/srv/detail/gripper_status__functions.h
[1.737s] -- Up-to-date symlink: /home/david/ros2_ws/install/mypalletizer_interfaces/include/mypalletizer_interfaces/mypalletizer_interfaces/srv/detail/gripper_status__struct.h
[1.737s] -- Up-to-date symlink: /home/david/ros2_ws/install/mypalletizer_interfaces/include/mypalletizer_interfaces/mypalletizer_interfaces/srv/detail/gripper_status__type_support.h
[1.737s] -- Up-to-date symlink: /home/david/ros2_ws/install/mypalletizer_interfaces/include/mypalletizer_interfaces/mypalletizer_interfaces/srv/detail/pump_status__functions.h
[1.738s] -- Up-to-date symlink: /home/david/ros2_ws/install/mypalletizer_interfaces/include/mypalletizer_interfaces/mypalletizer_interfaces/srv/detail/pump_status__struct.h
[1.738s] -- Up-to-date symlink: /home/david/ros2_ws/install/mypalletizer_interfaces/include/mypalletizer_interfaces/mypalletizer_interfaces/srv/detail/pump_status__type_support.h
[1.738s] -- Up-to-date symlink: /home/david/ros2_ws/install/mypalletizer_interfaces/include/mypalletizer_interfaces/mypalletizer_interfaces/srv/detail/set_angles__functions.h
[1.740s] -- Up-to-date symlink: /home/david/ros2_ws/install/mypalletizer_interfaces/include/mypalletizer_interfaces/mypalletizer_interfaces/srv/detail/set_angles__struct.h
[1.741s] -- Up-to-date symlink: /home/david/ros2_ws/install/mypalletizer_interfaces/include/mypalletizer_interfaces/mypalletizer_interfaces/srv/detail/set_angles__type_support.h
[1.741s] -- Up-to-date symlink: /home/david/ros2_ws/install/mypalletizer_interfaces/include/mypalletizer_interfaces/mypalletizer_interfaces/srv/detail/set_coords__functions.h
[1.741s] -- Up-to-date symlink: /home/david/ros2_ws/install/mypalletizer_interfaces/include/mypalletizer_interfaces/mypalletizer_interfaces/srv/detail/set_coords__struct.h
[1.742s] -- Up-to-date symlink: /home/david/ros2_ws/install/mypalletizer_interfaces/include/mypalletizer_interfaces/mypalletizer_interfaces/srv/detail/set_coords__type_support.h
[1.742s] -- Up-to-date symlink: /home/david/ros2_ws/install/mypalletizer_interfaces/include/mypalletizer_interfaces/mypalletizer_interfaces/srv/get_angles.h
[1.742s] -- Up-to-date symlink: /home/david/ros2_ws/install/mypalletizer_interfaces/include/mypalletizer_interfaces/mypalletizer_interfaces/srv/get_coords.h
[1.743s] -- Up-to-date symlink: /home/david/ros2_ws/install/mypalletizer_interfaces/include/mypalletizer_interfaces/mypalletizer_interfaces/srv/gripper_status.h
[1.743s] -- Up-to-date symlink: /home/david/ros2_ws/install/mypalletizer_interfaces/include/mypalletizer_interfaces/mypalletizer_interfaces/srv/pump_status.h
[1.743s] -- Up-to-date symlink: /home/david/ros2_ws/install/mypalletizer_interfaces/include/mypalletizer_interfaces/mypalletizer_interfaces/srv/set_angles.h
[1.744s] -- Up-to-date symlink: /home/david/ros2_ws/install/mypalletizer_interfaces/include/mypalletizer_interfaces/mypalletizer_interfaces/srv/set_coords.h
[1.745s] -- Up-to-date symlink: /home/david/ros2_ws/install/mypalletizer_interfaces/share/mypalletizer_interfaces/environment/library_path.sh
[1.745s] -- Up-to-date symlink: /home/david/ros2_ws/install/mypalletizer_interfaces/share/mypalletizer_interfaces/environment/library_path.dsv
[1.747s] -- Up-to-date symlink: /home/david/ros2_ws/install/mypalletizer_interfaces/include/mypalletizer_interfaces/mypalletizer_interfaces/msg/detail/mypal_angles__rosidl_typesupport_fastrtps_c.h
[1.747s] -- Up-to-date symlink: /home/david/ros2_ws/install/mypalletizer_interfaces/include/mypalletizer_interfaces/mypalletizer_interfaces/msg/detail/mypal_coords__rosidl_typesupport_fastrtps_c.h
[1.748s] -- Up-to-date symlink: /home/david/ros2_ws/install/mypalletizer_interfaces/include/mypalletizer_interfaces/mypalletizer_interfaces/msg/detail/mypal_gripper_status__rosidl_typesupport_fastrtps_c.h
[1.750s] -- Up-to-date symlink: /home/david/ros2_ws/install/mypalletizer_interfaces/include/mypalletizer_interfaces/mypalletizer_interfaces/msg/detail/mypal_pump_status__rosidl_typesupport_fastrtps_c.h
[1.750s] -- Up-to-date symlink: /home/david/ros2_ws/install/mypalletizer_interfaces/include/mypalletizer_interfaces/mypalletizer_interfaces/msg/detail/mypal_set_angles__rosidl_typesupport_fastrtps_c.h
[1.751s] -- Up-to-date symlink: /home/david/ros2_ws/install/mypalletizer_interfaces/include/mypalletizer_interfaces/mypalletizer_interfaces/msg/detail/mypal_set_coords__rosidl_typesupport_fastrtps_c.h
[1.752s] -- Up-to-date symlink: /home/david/ros2_ws/install/mypalletizer_interfaces/include/mypalletizer_interfaces/mypalletizer_interfaces/msg/rosidl_typesupport_fastrtps_c__visibility_control.h
[1.753s] -- Up-to-date symlink: /home/david/ros2_ws/install/mypalletizer_interfaces/include/mypalletizer_interfaces/mypalletizer_interfaces/srv/detail/get_angles__rosidl_typesupport_fastrtps_c.h
[1.755s] -- Up-to-date symlink: /home/david/ros2_ws/install/mypalletizer_interfaces/include/mypalletizer_interfaces/mypalletizer_interfaces/srv/detail/get_coords__rosidl_typesupport_fastrtps_c.h
[1.756s] -- Up-to-date symlink: /home/david/ros2_ws/install/mypalletizer_interfaces/include/mypalletizer_interfaces/mypalletizer_interfaces/srv/detail/gripper_status__rosidl_typesupport_fastrtps_c.h
[1.756s] -- Up-to-date symlink: /home/david/ros2_ws/install/mypalletizer_interfaces/include/mypalletizer_interfaces/mypalletizer_interfaces/srv/detail/pump_status__rosidl_typesupport_fastrtps_c.h
[1.757s] -- Up-to-date symlink: /home/david/ros2_ws/install/mypalletizer_interfaces/include/mypalletizer_interfaces/mypalletizer_interfaces/srv/detail/set_angles__rosidl_typesupport_fastrtps_c.h
[1.757s] -- Up-to-date symlink: /home/david/ros2_ws/install/mypalletizer_interfaces/include/mypalletizer_interfaces/mypalletizer_interfaces/srv/detail/set_coords__rosidl_typesupport_fastrtps_c.h
[1.758s] -- Up-to-date symlink: /home/david/ros2_ws/install/mypalletizer_interfaces/include/mypalletizer_interfaces/mypalletizer_interfaces/msg/detail/mypal_angles__rosidl_typesupport_introspection_c.h
[1.759s] -- Up-to-date symlink: /home/david/ros2_ws/install/mypalletizer_interfaces/include/mypalletizer_interfaces/mypalletizer_interfaces/msg/detail/mypal_coords__rosidl_typesupport_introspection_c.h
[1.759s] -- Up-to-date symlink: /home/david/ros2_ws/install/mypalletizer_interfaces/include/mypalletizer_interfaces/mypalletizer_interfaces/msg/detail/mypal_gripper_status__rosidl_typesupport_introspection_c.h
[1.760s] -- Up-to-date symlink: /home/david/ros2_ws/install/mypalletizer_interfaces/include/mypalletizer_interfaces/mypalletizer_interfaces/msg/detail/mypal_pump_status__rosidl_typesupport_introspection_c.h
[1.760s] -- Up-to-date symlink: /home/david/ros2_ws/install/mypalletizer_interfaces/include/mypalletizer_interfaces/mypalletizer_interfaces/msg/detail/mypal_set_angles__rosidl_typesupport_introspection_c.h
[1.760s] -- Up-to-date symlink: /home/david/ros2_ws/install/mypalletizer_interfaces/include/mypalletizer_interfaces/mypalletizer_interfaces/msg/detail/mypal_set_coords__rosidl_typesupport_introspection_c.h
[1.760s] -- Up-to-date symlink: /home/david/ros2_ws/install/mypalletizer_interfaces/include/mypalletizer_interfaces/mypalletizer_interfaces/msg/rosidl_typesupport_introspection_c__visibility_control.h
[1.761s] -- Up-to-date symlink: /home/david/ros2_ws/install/mypalletizer_interfaces/include/mypalletizer_interfaces/mypalletizer_interfaces/srv/detail/get_angles__rosidl_typesupport_introspection_c.h
[1.761s] -- Up-to-date symlink: /home/david/ros2_ws/install/mypalletizer_interfaces/include/mypalletizer_interfaces/mypalletizer_interfaces/srv/detail/get_coords__rosidl_typesupport_introspection_c.h
[1.762s] -- Up-to-date symlink: /home/david/ros2_ws/install/mypalletizer_interfaces/include/mypalletizer_interfaces/mypalletizer_interfaces/srv/detail/gripper_status__rosidl_typesupport_introspection_c.h
[1.763s] -- Up-to-date symlink: /home/david/ros2_ws/install/mypalletizer_interfaces/include/mypalletizer_interfaces/mypalletizer_interfaces/srv/detail/pump_status__rosidl_typesupport_introspection_c.h
[1.763s] -- Up-to-date symlink: /home/david/ros2_ws/install/mypalletizer_interfaces/include/mypalletizer_interfaces/mypalletizer_interfaces/srv/detail/set_angles__rosidl_typesupport_introspection_c.h
[1.763s] -- Up-to-date symlink: /home/david/ros2_ws/install/mypalletizer_interfaces/include/mypalletizer_interfaces/mypalletizer_interfaces/srv/detail/set_coords__rosidl_typesupport_introspection_c.h
[1.764s] -- Up-to-date symlink: /home/david/ros2_ws/install/mypalletizer_interfaces/include/mypalletizer_interfaces/mypalletizer_interfaces/msg/detail/mypal_angles__builder.hpp
[1.765s] -- Up-to-date symlink: /home/david/ros2_ws/install/mypalletizer_interfaces/include/mypalletizer_interfaces/mypalletizer_interfaces/msg/detail/mypal_angles__struct.hpp
[1.765s] -- Up-to-date symlink: /home/david/ros2_ws/install/mypalletizer_interfaces/include/mypalletizer_interfaces/mypalletizer_interfaces/msg/detail/mypal_angles__traits.hpp
[1.765s] -- Up-to-date symlink: /home/david/ros2_ws/install/mypalletizer_interfaces/include/mypalletizer_interfaces/mypalletizer_interfaces/msg/detail/mypal_coords__builder.hpp
[1.766s] -- Up-to-date symlink: /home/david/ros2_ws/install/mypalletizer_interfaces/include/mypalletizer_interfaces/mypalletizer_interfaces/msg/detail/mypal_coords__struct.hpp
[1.766s] -- Up-to-date symlink: /home/david/ros2_ws/install/mypalletizer_interfaces/include/mypalletizer_interfaces/mypalletizer_interfaces/msg/detail/mypal_coords__traits.hpp
[1.767s] -- Up-to-date symlink: /home/david/ros2_ws/install/mypalletizer_interfaces/include/mypalletizer_interfaces/mypalletizer_interfaces/msg/detail/mypal_gripper_status__builder.hpp
[1.767s] -- Up-to-date symlink: /home/david/ros2_ws/install/mypalletizer_interfaces/include/mypalletizer_interfaces/mypalletizer_interfaces/msg/detail/mypal_gripper_status__struct.hpp
[1.768s] -- Up-to-date symlink: /home/david/ros2_ws/install/mypalletizer_interfaces/include/mypalletizer_interfaces/mypalletizer_interfaces/msg/detail/mypal_gripper_status__traits.hpp
[1.769s] -- Up-to-date symlink: /home/david/ros2_ws/install/mypalletizer_interfaces/include/mypalletizer_interfaces/mypalletizer_interfaces/msg/detail/mypal_pump_status__builder.hpp
[1.769s] -- Up-to-date symlink: /home/david/ros2_ws/install/mypalletizer_interfaces/include/mypalletizer_interfaces/mypalletizer_interfaces/msg/detail/mypal_pump_status__struct.hpp
[1.769s] -- Up-to-date symlink: /home/david/ros2_ws/install/mypalletizer_interfaces/include/mypalletizer_interfaces/mypalletizer_interfaces/msg/detail/mypal_pump_status__traits.hpp
[1.769s] -- Up-to-date symlink: /home/david/ros2_ws/install/mypalletizer_interfaces/include/mypalletizer_interfaces/mypalletizer_interfaces/msg/detail/mypal_set_angles__builder.hpp
[1.770s] -- Up-to-date symlink: /home/david/ros2_ws/install/mypalletizer_interfaces/include/mypalletizer_interfaces/mypalletizer_interfaces/msg/detail/mypal_set_angles__struct.hpp
[1.770s] -- Up-to-date symlink: /home/david/ros2_ws/install/mypalletizer_interfaces/include/mypalletizer_interfaces/mypalletizer_interfaces/msg/detail/mypal_set_angles__traits.hpp
[1.770s] -- Up-to-date symlink: /home/david/ros2_ws/install/mypalletizer_interfaces/include/mypalletizer_interfaces/mypalletizer_interfaces/msg/detail/mypal_set_coords__builder.hpp
[1.771s] -- Up-to-date symlink: /home/david/ros2_ws/install/mypalletizer_interfaces/include/mypalletizer_interfaces/mypalletizer_interfaces/msg/detail/mypal_set_coords__struct.hpp
[1.771s] -- Up-to-date symlink: /home/david/ros2_ws/install/mypalletizer_interfaces/include/mypalletizer_interfaces/mypalletizer_interfaces/msg/detail/mypal_set_coords__traits.hpp
[1.771s] -- Up-to-date symlink: /home/david/ros2_ws/install/mypalletizer_interfaces/include/mypalletizer_interfaces/mypalletizer_interfaces/msg/mypal_angles.hpp
[1.772s] -- Up-to-date symlink: /home/david/ros2_ws/install/mypalletizer_interfaces/include/mypalletizer_interfaces/mypalletizer_interfaces/msg/mypal_coords.hpp
[1.772s] -- Up-to-date symlink: /home/david/ros2_ws/install/mypalletizer_interfaces/include/mypalletizer_interfaces/mypalletizer_interfaces/msg/mypal_gripper_status.hpp
[1.772s] -- Up-to-date symlink: /home/david/ros2_ws/install/mypalletizer_interfaces/include/mypalletizer_interfaces/mypalletizer_interfaces/msg/mypal_pump_status.hpp
[1.773s] -- Up-to-date symlink: /home/david/ros2_ws/install/mypalletizer_interfaces/include/mypalletizer_interfaces/mypalletizer_interfaces/msg/mypal_set_angles.hpp
[1.773s] -- Up-to-date symlink: /home/david/ros2_ws/install/mypalletizer_interfaces/include/mypalletizer_interfaces/mypalletizer_interfaces/msg/mypal_set_coords.hpp
[1.774s] -- Up-to-date symlink: /home/david/ros2_ws/install/mypalletizer_interfaces/include/mypalletizer_interfaces/mypalletizer_interfaces/srv/detail/get_angles__builder.hpp
[1.774s] -- Up-to-date symlink: /home/david/ros2_ws/install/mypalletizer_interfaces/include/mypalletizer_interfaces/mypalletizer_interfaces/srv/detail/get_angles__struct.hpp
[1.774s] -- Up-to-date symlink: /home/david/ros2_ws/install/mypalletizer_interfaces/include/mypalletizer_interfaces/mypalletizer_interfaces/srv/detail/get_angles__traits.hpp
[1.775s] -- Up-to-date symlink: /home/david/ros2_ws/install/mypalletizer_interfaces/include/mypalletizer_interfaces/mypalletizer_interfaces/srv/detail/get_coords__builder.hpp
[1.775s] -- Up-to-date symlink: /home/david/ros2_ws/install/mypalletizer_interfaces/include/mypalletizer_interfaces/mypalletizer_interfaces/srv/detail/get_coords__struct.hpp
[1.776s] -- Up-to-date symlink: /home/david/ros2_ws/install/mypalletizer_interfaces/include/mypalletizer_interfaces/mypalletizer_interfaces/srv/detail/get_coords__traits.hpp
[1.776s] -- Up-to-date symlink: /home/david/ros2_ws/install/mypalletizer_interfaces/include/mypalletizer_interfaces/mypalletizer_interfaces/srv/detail/gripper_status__builder.hpp
[1.776s] -- Up-to-date symlink: /home/david/ros2_ws/install/mypalletizer_interfaces/include/mypalletizer_interfaces/mypalletizer_interfaces/srv/detail/gripper_status__struct.hpp
[1.777s] -- Up-to-date symlink: /home/david/ros2_ws/install/mypalletizer_interfaces/include/mypalletizer_interfaces/mypalletizer_interfaces/srv/detail/gripper_status__traits.hpp
[1.777s] -- Up-to-date symlink: /home/david/ros2_ws/install/mypalletizer_interfaces/include/mypalletizer_interfaces/mypalletizer_interfaces/srv/detail/pump_status__builder.hpp
[1.777s] -- Up-to-date symlink: /home/david/ros2_ws/install/mypalletizer_interfaces/include/mypalletizer_interfaces/mypalletizer_interfaces/srv/detail/pump_status__struct.hpp
[1.777s] -- Up-to-date symlink: /home/david/ros2_ws/install/mypalletizer_interfaces/include/mypalletizer_interfaces/mypalletizer_interfaces/srv/detail/pump_status__traits.hpp
[1.778s] -- Up-to-date symlink: /home/david/ros2_ws/install/mypalletizer_interfaces/include/mypalletizer_interfaces/mypalletizer_interfaces/srv/detail/set_angles__builder.hpp
[1.778s] -- Up-to-date symlink: /home/david/ros2_ws/install/mypalletizer_interfaces/include/mypalletizer_interfaces/mypalletizer_interfaces/srv/detail/set_angles__struct.hpp
[1.778s] -- Up-to-date symlink: /home/david/ros2_ws/install/mypalletizer_interfaces/include/mypalletizer_interfaces/mypalletizer_interfaces/srv/detail/set_angles__traits.hpp
[1.782s] -- Up-to-date symlink: /home/david/ros2_ws/install/mypalletizer_interfaces/include/mypalletizer_interfaces/mypalletizer_interfaces/srv/detail/set_coords__builder.hpp
[1.783s] -- Up-to-date symlink: /home/david/ros2_ws/install/mypalletizer_interfaces/include/mypalletizer_interfaces/mypalletizer_interfaces/srv/detail/set_coords__struct.hpp
[1.783s] -- Up-to-date symlink: /home/david/ros2_ws/install/mypalletizer_interfaces/include/mypalletizer_interfaces/mypalletizer_interfaces/srv/detail/set_coords__traits.hpp
[1.783s] -- Up-to-date symlink: /home/david/ros2_ws/install/mypalletizer_interfaces/include/mypalletizer_interfaces/mypalletizer_interfaces/srv/get_angles.hpp
[1.783s] -- Up-to-date symlink: /home/david/ros2_ws/install/mypalletizer_interfaces/include/mypalletizer_interfaces/mypalletizer_interfaces/srv/get_coords.hpp
[1.783s] -- Up-to-date symlink: /home/david/ros2_ws/install/mypalletizer_interfaces/include/mypalletizer_interfaces/mypalletizer_interfaces/srv/gripper_status.hpp
[1.783s] -- Up-to-date symlink: /home/david/ros2_ws/install/mypalletizer_interfaces/include/mypalletizer_interfaces/mypalletizer_interfaces/srv/pump_status.hpp
[1.783s] -- Up-to-date symlink: /home/david/ros2_ws/install/mypalletizer_interfaces/include/mypalletizer_interfaces/mypalletizer_interfaces/srv/set_angles.hpp
[1.784s] -- Up-to-date symlink: /home/david/ros2_ws/install/mypalletizer_interfaces/include/mypalletizer_interfaces/mypalletizer_interfaces/srv/set_coords.hpp
[1.784s] -- Up-to-date symlink: /home/david/ros2_ws/install/mypalletizer_interfaces/include/mypalletizer_interfaces/mypalletizer_interfaces/msg/detail/mypal_angles__rosidl_typesupport_fastrtps_cpp.hpp
[1.786s] -- Up-to-date symlink: /home/david/ros2_ws/install/mypalletizer_interfaces/include/mypalletizer_interfaces/mypalletizer_interfaces/msg/detail/mypal_coords__rosidl_typesupport_fastrtps_cpp.hpp
[1.787s] -- Up-to-date symlink: /home/david/ros2_ws/install/mypalletizer_interfaces/include/mypalletizer_interfaces/mypalletizer_interfaces/msg/detail/mypal_gripper_status__rosidl_typesupport_fastrtps_cpp.hpp
[1.787s] -- Up-to-date symlink: /home/david/ros2_ws/install/mypalletizer_interfaces/include/mypalletizer_interfaces/mypalletizer_interfaces/msg/detail/mypal_pump_status__rosidl_typesupport_fastrtps_cpp.hpp
[1.787s] -- Up-to-date symlink: /home/david/ros2_ws/install/mypalletizer_interfaces/include/mypalletizer_interfaces/mypalletizer_interfaces/msg/detail/mypal_set_angles__rosidl_typesupport_fastrtps_cpp.hpp
[1.788s] -- Up-to-date symlink: /home/david/ros2_ws/install/mypalletizer_interfaces/include/mypalletizer_interfaces/mypalletizer_interfaces/msg/detail/mypal_set_coords__rosidl_typesupport_fastrtps_cpp.hpp
[1.788s] -- Up-to-date symlink: /home/david/ros2_ws/install/mypalletizer_interfaces/include/mypalletizer_interfaces/mypalletizer_interfaces/msg/rosidl_typesupport_fastrtps_cpp__visibility_control.h
[1.788s] -- Up-to-date symlink: /home/david/ros2_ws/install/mypalletizer_interfaces/include/mypalletizer_interfaces/mypalletizer_interfaces/srv/detail/get_angles__rosidl_typesupport_fastrtps_cpp.hpp
[1.788s] -- Up-to-date symlink: /home/david/ros2_ws/install/mypalletizer_interfaces/include/mypalletizer_interfaces/mypalletizer_interfaces/srv/detail/get_coords__rosidl_typesupport_fastrtps_cpp.hpp
[1.789s] -- Up-to-date symlink: /home/david/ros2_ws/install/mypalletizer_interfaces/include/mypalletizer_interfaces/mypalletizer_interfaces/srv/detail/gripper_status__rosidl_typesupport_fastrtps_cpp.hpp
[1.789s] -- Up-to-date symlink: /home/david/ros2_ws/install/mypalletizer_interfaces/include/mypalletizer_interfaces/mypalletizer_interfaces/srv/detail/pump_status__rosidl_typesupport_fastrtps_cpp.hpp
[1.789s] -- Up-to-date symlink: /home/david/ros2_ws/install/mypalletizer_interfaces/include/mypalletizer_interfaces/mypalletizer_interfaces/srv/detail/set_angles__rosidl_typesupport_fastrtps_cpp.hpp
[1.789s] -- Up-to-date symlink: /home/david/ros2_ws/install/mypalletizer_interfaces/include/mypalletizer_interfaces/mypalletizer_interfaces/srv/detail/set_coords__rosidl_typesupport_fastrtps_cpp.hpp
[1.790s] -- Up-to-date symlink: /home/david/ros2_ws/install/mypalletizer_interfaces/include/mypalletizer_interfaces/mypalletizer_interfaces/msg/detail/mypal_angles__rosidl_typesupport_introspection_cpp.hpp
[1.791s] -- Up-to-date symlink: /home/david/ros2_ws/install/mypalletizer_interfaces/include/mypalletizer_interfaces/mypalletizer_interfaces/msg/detail/mypal_coords__rosidl_typesupport_introspection_cpp.hpp
[1.791s] -- Up-to-date symlink: /home/david/ros2_ws/install/mypalletizer_interfaces/include/mypalletizer_interfaces/mypalletizer_interfaces/msg/detail/mypal_gripper_status__rosidl_typesupport_introspection_cpp.hpp
[1.792s] -- Up-to-date symlink: /home/david/ros2_ws/install/mypalletizer_interfaces/include/mypalletizer_interfaces/mypalletizer_interfaces/msg/detail/mypal_pump_status__rosidl_typesupport_introspection_cpp.hpp
[1.792s] -- Up-to-date symlink: /home/david/ros2_ws/install/mypalletizer_interfaces/include/mypalletizer_interfaces/mypalletizer_interfaces/msg/detail/mypal_set_angles__rosidl_typesupport_introspection_cpp.hpp
[1.799s] -- Up-to-date symlink: /home/david/ros2_ws/install/mypalletizer_interfaces/include/mypalletizer_interfaces/mypalletizer_interfaces/msg/detail/mypal_set_coords__rosidl_typesupport_introspection_cpp.hpp
[1.800s] -- Up-to-date symlink: /home/david/ros2_ws/install/mypalletizer_interfaces/include/mypalletizer_interfaces/mypalletizer_interfaces/srv/detail/get_angles__rosidl_typesupport_introspection_cpp.hpp
[1.800s] -- Up-to-date symlink: /home/david/ros2_ws/install/mypalletizer_interfaces/include/mypalletizer_interfaces/mypalletizer_interfaces/srv/detail/get_coords__rosidl_typesupport_introspection_cpp.hpp
[1.800s] -- Up-to-date symlink: /home/david/ros2_ws/install/mypalletizer_interfaces/include/mypalletizer_interfaces/mypalletizer_interfaces/srv/detail/gripper_status__rosidl_typesupport_introspection_cpp.hpp
[1.800s] -- Up-to-date symlink: /home/david/ros2_ws/install/mypalletizer_interfaces/include/mypalletizer_interfaces/mypalletizer_interfaces/srv/detail/pump_status__rosidl_typesupport_introspection_cpp.hpp
[1.800s] -- Up-to-date symlink: /home/david/ros2_ws/install/mypalletizer_interfaces/include/mypalletizer_interfaces/mypalletizer_interfaces/srv/detail/set_angles__rosidl_typesupport_introspection_cpp.hpp
[1.801s] -- Up-to-date symlink: /home/david/ros2_ws/install/mypalletizer_interfaces/include/mypalletizer_interfaces/mypalletizer_interfaces/srv/detail/set_coords__rosidl_typesupport_introspection_cpp.hpp
[1.801s] -- Up-to-date symlink: /home/david/ros2_ws/install/mypalletizer_interfaces/share/mypalletizer_interfaces/environment/pythonpath.sh
[1.801s] -- Up-to-date symlink: /home/david/ros2_ws/install/mypalletizer_interfaces/share/mypalletizer_interfaces/environment/pythonpath.dsv
[1.801s] -- Up-to-date symlink: /home/david/ros2_ws/install/mypalletizer_interfaces/local/lib/python3.10/dist-packages/mypalletizer_interfaces-0.0.0-py3.10.egg-info/PKG-INFO
[1.801s] -- Up-to-date symlink: /home/david/ros2_ws/install/mypalletizer_interfaces/local/lib/python3.10/dist-packages/mypalletizer_interfaces-0.0.0-py3.10.egg-info/SOURCES.txt
[1.801s] -- Up-to-date symlink: /home/david/ros2_ws/install/mypalletizer_interfaces/local/lib/python3.10/dist-packages/mypalletizer_interfaces-0.0.0-py3.10.egg-info/dependency_links.txt
[1.801s] -- Up-to-date symlink: /home/david/ros2_ws/install/mypalletizer_interfaces/local/lib/python3.10/dist-packages/mypalletizer_interfaces-0.0.0-py3.10.egg-info/top_level.txt
[1.802s] -- Up-to-date symlink: /home/david/ros2_ws/install/mypalletizer_interfaces/local/lib/python3.10/dist-packages/mypalletizer_interfaces/__init__.py
[1.802s] -- Up-to-date symlink: /home/david/ros2_ws/install/mypalletizer_interfaces/local/lib/python3.10/dist-packages/mypalletizer_interfaces/_mypalletizer_interfaces_s.ep.rosidl_typesupport_c.c
[1.802s] -- Up-to-date symlink: /home/david/ros2_ws/install/mypalletizer_interfaces/local/lib/python3.10/dist-packages/mypalletizer_interfaces/_mypalletizer_interfaces_s.ep.rosidl_typesupport_fastrtps_c.c
[1.802s] -- Up-to-date symlink: /home/david/ros2_ws/install/mypalletizer_interfaces/local/lib/python3.10/dist-packages/mypalletizer_interfaces/_mypalletizer_interfaces_s.ep.rosidl_typesupport_introspection_c.c
[1.802s] -- Up-to-date symlink: /home/david/ros2_ws/install/mypalletizer_interfaces/local/lib/python3.10/dist-packages/mypalletizer_interfaces/libmypalletizer_interfaces__rosidl_generator_py.so
[1.802s] -- Up-to-date symlink: /home/david/ros2_ws/install/mypalletizer_interfaces/local/lib/python3.10/dist-packages/mypalletizer_interfaces/msg/__init__.py
[1.802s] -- Up-to-date symlink: /home/david/ros2_ws/install/mypalletizer_interfaces/local/lib/python3.10/dist-packages/mypalletizer_interfaces/msg/_mypal_angles.py
[1.802s] -- Up-to-date symlink: /home/david/ros2_ws/install/mypalletizer_interfaces/local/lib/python3.10/dist-packages/mypalletizer_interfaces/msg/_mypal_angles_s.c
[1.802s] -- Up-to-date symlink: /home/david/ros2_ws/install/mypalletizer_interfaces/local/lib/python3.10/dist-packages/mypalletizer_interfaces/msg/_mypal_coords.py
[1.803s] -- Up-to-date symlink: /home/david/ros2_ws/install/mypalletizer_interfaces/local/lib/python3.10/dist-packages/mypalletizer_interfaces/msg/_mypal_coords_s.c
[1.803s] -- Up-to-date symlink: /home/david/ros2_ws/install/mypalletizer_interfaces/local/lib/python3.10/dist-packages/mypalletizer_interfaces/msg/_mypal_gripper_status.py
[1.803s] -- Up-to-date symlink: /home/david/ros2_ws/install/mypalletizer_interfaces/local/lib/python3.10/dist-packages/mypalletizer_interfaces/msg/_mypal_gripper_status_s.c
[1.804s] -- Up-to-date symlink: /home/david/ros2_ws/install/mypalletizer_interfaces/local/lib/python3.10/dist-packages/mypalletizer_interfaces/msg/_mypal_pump_status.py
[1.804s] -- Up-to-date symlink: /home/david/ros2_ws/install/mypalletizer_interfaces/local/lib/python3.10/dist-packages/mypalletizer_interfaces/msg/_mypal_pump_status_s.c
[1.804s] -- Up-to-date symlink: /home/david/ros2_ws/install/mypalletizer_interfaces/local/lib/python3.10/dist-packages/mypalletizer_interfaces/msg/_mypal_set_angles.py
[1.804s] -- Up-to-date symlink: /home/david/ros2_ws/install/mypalletizer_interfaces/local/lib/python3.10/dist-packages/mypalletizer_interfaces/msg/_mypal_set_angles_s.c
[1.804s] -- Up-to-date symlink: /home/david/ros2_ws/install/mypalletizer_interfaces/local/lib/python3.10/dist-packages/mypalletizer_interfaces/msg/_mypal_set_coords.py
[1.805s] -- Up-to-date symlink: /home/david/ros2_ws/install/mypalletizer_interfaces/local/lib/python3.10/dist-packages/mypalletizer_interfaces/msg/_mypal_set_coords_s.c
[1.806s] -- Up-to-date symlink: /home/david/ros2_ws/install/mypalletizer_interfaces/local/lib/python3.10/dist-packages/mypalletizer_interfaces/mypalletizer_interfaces_s__rosidl_typesupport_c.cpython-310-x86_64-linux-gnu.so
[1.808s] -- Up-to-date symlink: /home/david/ros2_ws/install/mypalletizer_interfaces/local/lib/python3.10/dist-packages/mypalletizer_interfaces/mypalletizer_interfaces_s__rosidl_typesupport_fastrtps_c.cpython-310-x86_64-linux-gnu.so
[1.809s] -- Up-to-date symlink: /home/david/ros2_ws/install/mypalletizer_interfaces/local/lib/python3.10/dist-packages/mypalletizer_interfaces/mypalletizer_interfaces_s__rosidl_typesupport_introspection_c.cpython-310-x86_64-linux-gnu.so
[1.809s] -- Up-to-date symlink: /home/david/ros2_ws/install/mypalletizer_interfaces/local/lib/python3.10/dist-packages/mypalletizer_interfaces/srv/__init__.py
[1.809s] -- Up-to-date symlink: /home/david/ros2_ws/install/mypalletizer_interfaces/local/lib/python3.10/dist-packages/mypalletizer_interfaces/srv/_get_angles.py
[1.810s] -- Up-to-date symlink: /home/david/ros2_ws/install/mypalletizer_interfaces/local/lib/python3.10/dist-packages/mypalletizer_interfaces/srv/_get_angles_s.c
[1.810s] -- Up-to-date symlink: /home/david/ros2_ws/install/mypalletizer_interfaces/local/lib/python3.10/dist-packages/mypalletizer_interfaces/srv/_get_coords.py
[1.810s] -- Up-to-date symlink: /home/david/ros2_ws/install/mypalletizer_interfaces/local/lib/python3.10/dist-packages/mypalletizer_interfaces/srv/_get_coords_s.c
[1.810s] -- Up-to-date symlink: /home/david/ros2_ws/install/mypalletizer_interfaces/local/lib/python3.10/dist-packages/mypalletizer_interfaces/srv/_gripper_status.py
[1.810s] -- Up-to-date symlink: /home/david/ros2_ws/install/mypalletizer_interfaces/local/lib/python3.10/dist-packages/mypalletizer_interfaces/srv/_gripper_status_s.c
[1.811s] -- Up-to-date symlink: /home/david/ros2_ws/install/mypalletizer_interfaces/local/lib/python3.10/dist-packages/mypalletizer_interfaces/srv/_pump_status.py
[1.812s] -- Up-to-date symlink: /home/david/ros2_ws/install/mypalletizer_interfaces/local/lib/python3.10/dist-packages/mypalletizer_interfaces/srv/_pump_status_s.c
[1.812s] -- Up-to-date symlink: /home/david/ros2_ws/install/mypalletizer_interfaces/local/lib/python3.10/dist-packages/mypalletizer_interfaces/srv/_set_angles.py
[1.813s] -- Up-to-date symlink: /home/david/ros2_ws/install/mypalletizer_interfaces/local/lib/python3.10/dist-packages/mypalletizer_interfaces/srv/_set_angles_s.c
[1.813s] -- Up-to-date symlink: /home/david/ros2_ws/install/mypalletizer_interfaces/local/lib/python3.10/dist-packages/mypalletizer_interfaces/srv/_set_coords.py
[1.819s] -- Up-to-date symlink: /home/david/ros2_ws/install/mypalletizer_interfaces/local/lib/python3.10/dist-packages/mypalletizer_interfaces/srv/_set_coords_s.c
[1.828s] -- Up-to-date symlink: /home/david/ros2_ws/install/mypalletizer_interfaces/local/lib/python3.10/dist-packages/mypalletizer_interfaces/mypalletizer_interfaces_s__rosidl_typesupport_fastrtps_c.cpython-310-x86_64-linux-gnu.so
[1.828s] -- Up-to-date symlink: /home/david/ros2_ws/install/mypalletizer_interfaces/local/lib/python3.10/dist-packages/mypalletizer_interfaces/mypalletizer_interfaces_s__rosidl_typesupport_introspection_c.cpython-310-x86_64-linux-gnu.so
[1.829s] -- Up-to-date symlink: /home/david/ros2_ws/install/mypalletizer_interfaces/local/lib/python3.10/dist-packages/mypalletizer_interfaces/mypalletizer_interfaces_s__rosidl_typesupport_c.cpython-310-x86_64-linux-gnu.so
[1.829s] -- Up-to-date symlink: /home/david/ros2_ws/install/mypalletizer_interfaces/share/mypalletizer_interfaces/msg/MypalAngles.idl
[1.829s] -- Up-to-date symlink: /home/david/ros2_ws/install/mypalletizer_interfaces/share/mypalletizer_interfaces/msg/MypalCoords.idl
[1.829s] -- Up-to-date symlink: /home/david/ros2_ws/install/mypalletizer_interfaces/share/mypalletizer_interfaces/msg/MypalSetAngles.idl
[1.829s] -- Up-to-date symlink: /home/david/ros2_ws/install/mypalletizer_interfaces/share/mypalletizer_interfaces/msg/MypalSetCoords.idl
[1.830s] -- Up-to-date symlink: /home/david/ros2_ws/install/mypalletizer_interfaces/share/mypalletizer_interfaces/msg/MypalGripperStatus.idl
[1.830s] -- Up-to-date symlink: /home/david/ros2_ws/install/mypalletizer_interfaces/share/mypalletizer_interfaces/msg/MypalPumpStatus.idl
[1.830s] -- Up-to-date symlink: /home/david/ros2_ws/install/mypalletizer_interfaces/share/mypalletizer_interfaces/srv/GetAngles.idl
[1.830s] -- Up-to-date symlink: /home/david/ros2_ws/install/mypalletizer_interfaces/share/mypalletizer_interfaces/srv/SetAngles.idl
[1.830s] -- Up-to-date symlink: /home/david/ros2_ws/install/mypalletizer_interfaces/share/mypalletizer_interfaces/srv/GetCoords.idl
[1.830s] -- Up-to-date symlink: /home/david/ros2_ws/install/mypalletizer_interfaces/share/mypalletizer_interfaces/srv/SetCoords.idl
[1.830s] -- Up-to-date symlink: /home/david/ros2_ws/install/mypalletizer_interfaces/share/mypalletizer_interfaces/srv/GripperStatus.idl
[1.830s] -- Up-to-date symlink: /home/david/ros2_ws/install/mypalletizer_interfaces/share/mypalletizer_interfaces/srv/PumpStatus.idl
[1.831s] -- Up-to-date symlink: /home/david/ros2_ws/install/mypalletizer_interfaces/share/mypalletizer_interfaces/msg/MypalAngles.msg
[1.831s] -- Up-to-date symlink: /home/david/ros2_ws/install/mypalletizer_interfaces/share/mypalletizer_interfaces/msg/MypalCoords.msg
[1.831s] -- Up-to-date symlink: /home/david/ros2_ws/install/mypalletizer_interfaces/share/mypalletizer_interfaces/msg/MypalSetAngles.msg
[1.831s] -- Up-to-date symlink: /home/david/ros2_ws/install/mypalletizer_interfaces/share/mypalletizer_interfaces/msg/MypalSetCoords.msg
[1.831s] -- Up-to-date symlink: /home/david/ros2_ws/install/mypalletizer_interfaces/share/mypalletizer_interfaces/msg/MypalGripperStatus.msg
[1.832s] -- Up-to-date symlink: /home/david/ros2_ws/install/mypalletizer_interfaces/share/mypalletizer_interfaces/msg/MypalPumpStatus.msg
[1.832s] -- Up-to-date symlink: /home/david/ros2_ws/install/mypalletizer_interfaces/share/mypalletizer_interfaces/srv/GetAngles.srv
[1.833s] -- Up-to-date symlink: /home/david/ros2_ws/install/mypalletizer_interfaces/share/mypalletizer_interfaces/srv/GetAngles_Request.msg
[1.833s] -- Up-to-date symlink: /home/david/ros2_ws/install/mypalletizer_interfaces/share/mypalletizer_interfaces/srv/GetAngles_Response.msg
[1.833s] -- Up-to-date symlink: /home/david/ros2_ws/install/mypalletizer_interfaces/share/mypalletizer_interfaces/srv/SetAngles.srv
[1.833s] -- Up-to-date symlink: /home/david/ros2_ws/install/mypalletizer_interfaces/share/mypalletizer_interfaces/srv/SetAngles_Request.msg
[1.833s] -- Up-to-date symlink: /home/david/ros2_ws/install/mypalletizer_interfaces/share/mypalletizer_interfaces/srv/SetAngles_Response.msg
[1.839s] -- Up-to-date symlink: /home/david/ros2_ws/install/mypalletizer_interfaces/share/mypalletizer_interfaces/srv/GetCoords.srv
[1.843s] -- Up-to-date symlink: /home/david/ros2_ws/install/mypalletizer_interfaces/share/mypalletizer_interfaces/srv/GetCoords_Request.msg
[1.843s] -- Up-to-date symlink: /home/david/ros2_ws/install/mypalletizer_interfaces/share/mypalletizer_interfaces/srv/GetCoords_Response.msg
[1.843s] -- Up-to-date symlink: /home/david/ros2_ws/install/mypalletizer_interfaces/share/mypalletizer_interfaces/srv/SetCoords.srv
[1.844s] -- Up-to-date symlink: /home/david/ros2_ws/install/mypalletizer_interfaces/share/mypalletizer_interfaces/srv/SetCoords_Request.msg
[1.844s] -- Up-to-date symlink: /home/david/ros2_ws/install/mypalletizer_interfaces/share/mypalletizer_interfaces/srv/SetCoords_Response.msg
[1.844s] -- Up-to-date symlink: /home/david/ros2_ws/install/mypalletizer_interfaces/share/mypalletizer_interfaces/srv/GripperStatus.srv
[1.844s] -- Up-to-date symlink: /home/david/ros2_ws/install/mypalletizer_interfaces/share/mypalletizer_interfaces/srv/GripperStatus_Request.msg
[1.844s] -- Up-to-date symlink: /home/david/ros2_ws/install/mypalletizer_interfaces/share/mypalletizer_interfaces/srv/GripperStatus_Response.msg
[1.844s] -- Up-to-date symlink: /home/david/ros2_ws/install/mypalletizer_interfaces/share/mypalletizer_interfaces/srv/PumpStatus.srv
[1.844s] -- Up-to-date symlink: /home/david/ros2_ws/install/mypalletizer_interfaces/share/mypalletizer_interfaces/srv/PumpStatus_Request.msg
[1.845s] -- Up-to-date symlink: /home/david/ros2_ws/install/mypalletizer_interfaces/share/mypalletizer_interfaces/srv/PumpStatus_Response.msg
[1.845s] -- Up-to-date symlink: /home/david/ros2_ws/install/mypalletizer_interfaces/share/ament_index/resource_index/package_run_dependencies/mypalletizer_interfaces
[1.845s] -- Up-to-date symlink: /home/david/ros2_ws/install/mypalletizer_interfaces/share/ament_index/resource_index/parent_prefix_path/mypalletizer_interfaces
[1.845s] -- Up-to-date symlink: /home/david/ros2_ws/install/mypalletizer_interfaces/share/mypalletizer_interfaces/environment/ament_prefix_path.sh
[1.845s] -- Up-to-date symlink: /home/david/ros2_ws/install/mypalletizer_interfaces/share/mypalletizer_interfaces/environment/ament_prefix_path.dsv
[1.845s] -- Up-to-date symlink: /home/david/ros2_ws/install/mypalletizer_interfaces/share/mypalletizer_interfaces/environment/path.sh
[1.845s] -- Up-to-date symlink: /home/david/ros2_ws/install/mypalletizer_interfaces/share/mypalletizer_interfaces/environment/path.dsv
[1.845s] -- Up-to-date symlink: /home/david/ros2_ws/install/mypalletizer_interfaces/share/mypalletizer_interfaces/local_setup.bash
[1.846s] -- Up-to-date symlink: /home/david/ros2_ws/install/mypalletizer_interfaces/share/mypalletizer_interfaces/local_setup.sh
[1.846s] -- Up-to-date symlink: /home/david/ros2_ws/install/mypalletizer_interfaces/share/mypalletizer_interfaces/local_setup.zsh
[1.846s] -- Up-to-date symlink: /home/david/ros2_ws/install/mypalletizer_interfaces/share/mypalletizer_interfaces/local_setup.dsv
[1.846s] -- Symlinking: /home/david/ros2_ws/install/mypalletizer_interfaces/share/mypalletizer_interfaces/package.dsv
[1.860s] -- Up-to-date symlink: /home/david/ros2_ws/install/mypalletizer_interfaces/share/ament_index/resource_index/packages/mypalletizer_interfaces
[1.860s] -- Up-to-date symlink: /home/david/ros2_ws/install/mypalletizer_interfaces/share/mypalletizer_interfaces/cmake/rosidl_cmake-extras.cmake
[1.860s] -- Up-to-date symlink: /home/david/ros2_ws/install/mypalletizer_interfaces/share/mypalletizer_interfaces/cmake/ament_cmake_export_dependencies-extras.cmake
[1.860s] -- Up-to-date symlink: /home/david/ros2_ws/install/mypalletizer_interfaces/share/mypalletizer_interfaces/cmake/ament_cmake_export_include_directories-extras.cmake
[1.861s] -- Up-to-date symlink: /home/david/ros2_ws/install/mypalletizer_interfaces/share/mypalletizer_interfaces/cmake/ament_cmake_export_libraries-extras.cmake
[1.861s] -- Up-to-date symlink: /home/david/ros2_ws/install/mypalletizer_interfaces/share/mypalletizer_interfaces/cmake/ament_cmake_export_targets-extras.cmake
[1.861s] -- Up-to-date symlink: /home/david/ros2_ws/install/mypalletizer_interfaces/share/mypalletizer_interfaces/cmake/rosidl_cmake_export_typesupport_targets-extras.cmake
[1.861s] -- Up-to-date symlink: /home/david/ros2_ws/install/mypalletizer_interfaces/share/mypalletizer_interfaces/cmake/rosidl_cmake_export_typesupport_libraries-extras.cmake
[1.864s] -- Up-to-date symlink: /home/david/ros2_ws/install/mypalletizer_interfaces/share/mypalletizer_interfaces/cmake/mypalletizer_interfacesConfig.cmake
[1.864s] -- Up-to-date symlink: /home/david/ros2_ws/install/mypalletizer_interfaces/share/mypalletizer_interfaces/cmake/mypalletizer_interfacesConfig-version.cmake
[1.865s] -- Up-to-date symlink: /home/david/ros2_ws/install/mypalletizer_interfaces/share/mypalletizer_interfaces/package.xml
[1.865s] -- Up-to-date: /home/david/ros2_ws/install/mypalletizer_interfaces/lib/libmypalletizer_interfaces__rosidl_generator_c.so
[1.865s] -- Up-to-date: /home/david/ros2_ws/install/mypalletizer_interfaces/lib/libmypalletizer_interfaces__rosidl_typesupport_fastrtps_c.so
[1.870s] -- Up-to-date: /home/david/ros2_ws/install/mypalletizer_interfaces/lib/libmypalletizer_interfaces__rosidl_typesupport_introspection_c.so
[1.870s] -- Up-to-date: /home/david/ros2_ws/install/mypalletizer_interfaces/lib/libmypalletizer_interfaces__rosidl_typesupport_c.so
[1.871s] -- Up-to-date: /home/david/ros2_ws/install/mypalletizer_interfaces/lib/libmypalletizer_interfaces__rosidl_typesupport_fastrtps_cpp.so
[1.872s] -- Up-to-date: /home/david/ros2_ws/install/mypalletizer_interfaces/lib/libmypalletizer_interfaces__rosidl_typesupport_introspection_cpp.so
[1.873s] -- Up-to-date: /home/david/ros2_ws/install/mypalletizer_interfaces/lib/libmypalletizer_interfaces__rosidl_typesupport_cpp.so
[1.967s] Listing '/home/david/ros2_ws/install/mypalletizer_interfaces/local/lib/python3.10/dist-packages/mypalletizer_interfaces'...
[1.968s] Listing '/home/david/ros2_ws/install/mypalletizer_interfaces/local/lib/python3.10/dist-packages/mypalletizer_interfaces/msg'...
[1.968s] Listing '/home/david/ros2_ws/install/mypalletizer_interfaces/local/lib/python3.10/dist-packages/mypalletizer_interfaces/srv'...
[1.976s] -- Up-to-date: /home/david/ros2_ws/install/mypalletizer_interfaces/lib/libmypalletizer_interfaces__rosidl_generator_py.so
[1.977s] -- Up-to-date: /home/david/ros2_ws/install/mypalletizer_interfaces/share/mypalletizer_interfaces/cmake/export_mypalletizer_interfaces__rosidl_generator_cExport.cmake
[1.977s] -- Up-to-date: /home/david/ros2_ws/install/mypalletizer_interfaces/share/mypalletizer_interfaces/cmake/export_mypalletizer_interfaces__rosidl_generator_cExport-noconfig.cmake
[1.977s] -- Up-to-date: /home/david/ros2_ws/install/mypalletizer_interfaces/share/mypalletizer_interfaces/cmake/export_mypalletizer_interfaces__rosidl_typesupport_fastrtps_cExport.cmake
[1.977s] -- Up-to-date: /home/david/ros2_ws/install/mypalletizer_interfaces/share/mypalletizer_interfaces/cmake/export_mypalletizer_interfaces__rosidl_typesupport_fastrtps_cExport-noconfig.cmake
[1.977s] -- Up-to-date: /home/david/ros2_ws/install/mypalletizer_interfaces/share/mypalletizer_interfaces/cmake/mypalletizer_interfaces__rosidl_typesupport_introspection_cExport.cmake
[1.977s] -- Up-to-date: /home/david/ros2_ws/install/mypalletizer_interfaces/share/mypalletizer_interfaces/cmake/mypalletizer_interfaces__rosidl_typesupport_introspection_cExport-noconfig.cmake
[1.978s] -- Up-to-date: /home/david/ros2_ws/install/mypalletizer_interfaces/share/mypalletizer_interfaces/cmake/mypalletizer_interfaces__rosidl_typesupport_cExport.cmake
[1.978s] -- Up-to-date: /home/david/ros2_ws/install/mypalletizer_interfaces/share/mypalletizer_interfaces/cmake/mypalletizer_interfaces__rosidl_typesupport_cExport-noconfig.cmake
[1.978s] -- Up-to-date: /home/david/ros2_ws/install/mypalletizer_interfaces/share/mypalletizer_interfaces/cmake/export_mypalletizer_interfaces__rosidl_generator_cppExport.cmake
[1.978s] -- Up-to-date: /home/david/ros2_ws/install/mypalletizer_interfaces/share/mypalletizer_interfaces/cmake/export_mypalletizer_interfaces__rosidl_typesupport_fastrtps_cppExport.cmake
[1.978s] -- Up-to-date: /home/david/ros2_ws/install/mypalletizer_interfaces/share/mypalletizer_interfaces/cmake/export_mypalletizer_interfaces__rosidl_typesupport_fastrtps_cppExport-noconfig.cmake
[1.979s] -- Up-to-date: /home/david/ros2_ws/install/mypalletizer_interfaces/share/mypalletizer_interfaces/cmake/mypalletizer_interfaces__rosidl_typesupport_introspection_cppExport.cmake
[1.979s] -- Up-to-date: /home/david/ros2_ws/install/mypalletizer_interfaces/share/mypalletizer_interfaces/cmake/mypalletizer_interfaces__rosidl_typesupport_introspection_cppExport-noconfig.cmake
[1.979s] -- Up-to-date: /home/david/ros2_ws/install/mypalletizer_interfaces/share/mypalletizer_interfaces/cmake/mypalletizer_interfaces__rosidl_typesupport_cppExport.cmake
[1.979s] -- Up-to-date: /home/david/ros2_ws/install/mypalletizer_interfaces/share/mypalletizer_interfaces/cmake/mypalletizer_interfaces__rosidl_typesupport_cppExport-noconfig.cmake
[1.980s] -- Up-to-date: /home/david/ros2_ws/install/mypalletizer_interfaces/share/mypalletizer_interfaces/cmake/export_mypalletizer_interfaces__rosidl_generator_pyExport.cmake
[1.980s] -- Up-to-date: /home/david/ros2_ws/install/mypalletizer_interfaces/share/mypalletizer_interfaces/cmake/export_mypalletizer_interfaces__rosidl_generator_pyExport-noconfig.cmake
[1.983s] Invoked command in '/home/david/ros2_ws/build/mypalletizer_interfaces' returned '0': CMAKE_PREFIX_PATH=${CMAKE_PREFIX_PATH}:/home/david/ros2_ws/install/ultraarm:/home/david/ros2_ws/install/mypalletizer_260_pi:/home/david/ros2_ws/install/mypalletizer_260:/home/david/ros2_ws/install/mypalletizer_communication:/home/david/ros2_ws/install/mycobot_630:/home/david/ros2_ws/install/mycobot_600:/home/david/ros2_ws/install/mycobot_320pi:/home/david/ros2_ws/install/mycobot_320:/home/david/ros2_ws/install/mycobot_280pi:/home/david/ros2_ws/install/mycobot_280jn:/home/david/ros2_ws/install/mycobot_280_x3pi:/home/david/ros2_ws/install/mycobot_280:/home/david/ros2_ws/install/myarm_m750:/home/david/ros2_ws/install/myarm_c650:/home/david/ros2_ws/install/myarm_300:/home/david/ros2_ws/install/mycobot_communication:/home/david/ros2_ws/install/mecharm_pi:/home/david/ros2_ws/install/mecharm:/home/david/ros2_ws/install/mecharm_communication:/home/david/ros2_ws/install/mybuddy:/home/david/ros2_ws/install/mycobot_description:/home/david/ros2_ws/install/my_py_pkg:/opt/ros/humble /usr/bin/cmake --install /home/david/ros2_ws/build/mypalletizer_interfaces
