[1.005s] Invoking command in '/home/david/ros2_ws/build/mypalletizer_communication': PYTHONPATH=/home/david/ros2_ws/build/mypalletizer_communication/prefix_override:/usr/lib/python3/dist-packages/colcon_core/task/python/colcon_distutils_commands:/home/david/ros2_ws/install/mypalletizer_communication/lib/python3.10/site-packages:${PYTHONPATH} /usr/bin/python3 -W ignore:setup.py install is deprecated setup.py develop --editable --build-directory /home/david/ros2_ws/build/mypalletizer_communication/build --no-deps symlink_data
[1.254s] running develop
[1.254s] /usr/lib/python3/dist-packages/setuptools/command/easy_install.py:158: EasyInstallDeprecationWarning: easy_install command is deprecated. Use build and pip and other standards-based tools.
[1.254s]   warnings.warn(
[1.352s] running egg_info
[1.353s] writing mypalletizer_communication.egg-info/PKG-INFO
[1.353s] writing dependency_links to mypalletizer_communication.egg-info/dependency_links.txt
[1.353s] writing entry points to mypalletizer_communication.egg-info/entry_points.txt
[1.353s] writing requirements to mypalletizer_communication.egg-info/requires.txt
[1.353s] writing top-level names to mypalletizer_communication.egg-info/top_level.txt
[1.354s] reading manifest file 'mypalletizer_communication.egg-info/SOURCES.txt'
[1.354s] writing manifest file 'mypalletizer_communication.egg-info/SOURCES.txt'
[1.355s] running build_ext
[1.355s] Creating /home/david/ros2_ws/install/mypalletizer_communication/lib/python3.10/site-packages/mypalletizer-communication.egg-link (link to .)
[1.356s] Installing mypalletizer_services script to /home/david/ros2_ws/install/mypalletizer_communication/lib/mypalletizer_communication
[1.356s] Installing mypalletizer_topics script to /home/david/ros2_ws/install/mypalletizer_communication/lib/mypalletizer_communication
[1.356s] Installing mypalletizer_topics_seeed script to /home/david/ros2_ws/install/mypalletizer_communication/lib/mypalletizer_communication
[1.356s] 
[1.356s] Installed /home/david/ros2_ws/build/mypalletizer_communication
[1.356s] running symlink_data
[3.071s] Invoked command in '/home/david/ros2_ws/build/mypalletizer_communication' returned '0': PYTHONPATH=/home/david/ros2_ws/build/mypalletizer_communication/prefix_override:/usr/lib/python3/dist-packages/colcon_core/task/python/colcon_distutils_commands:/home/david/ros2_ws/install/mypalletizer_communication/lib/python3.10/site-packages:${PYTHONPATH} /usr/bin/python3 -W ignore:setup.py install is deprecated setup.py develop --editable --build-directory /home/david/ros2_ws/build/mypalletizer_communication/build --no-deps symlink_data
