[2.415s] Invoking command in '/home/david/ros2_ws/build/mypalletizer_communication': PYTHONPATH=/home/david/ros2_ws/build/mypalletizer_communication/prefix_override:/usr/lib/python3/dist-packages/colcon_core/task/python/colcon_distutils_commands:/home/david/ros2_ws/install/mypalletizer_communication/lib/python3.10/site-packages:${PYTHONPATH} /usr/bin/python3 -W ignore:setup.py install is deprecated setup.py develop --editable --build-directory /home/david/ros2_ws/build/mypalletizer_communication/build --no-deps symlink_data
[3.088s] running develop
[3.088s] /usr/lib/python3/dist-packages/setuptools/command/easy_install.py:158: EasyInstallDeprecationWarning: easy_install command is deprecated. Use build and pip and other standards-based tools.
[3.088s]   warnings.warn(
[3.442s] running egg_info
[3.443s] writing mypalletizer_communication.egg-info/PKG-INFO
[3.443s] writing dependency_links to mypalletizer_communication.egg-info/dependency_links.txt
[3.443s] writing entry points to mypalletizer_communication.egg-info/entry_points.txt
[3.443s] writing requirements to mypalletizer_communication.egg-info/requires.txt
[3.444s] writing top-level names to mypalletizer_communication.egg-info/top_level.txt
[3.447s] reading manifest file 'mypalletizer_communication.egg-info/SOURCES.txt'
[3.449s] writing manifest file 'mypalletizer_communication.egg-info/SOURCES.txt'
[3.453s] running build_ext
[3.453s] Creating /home/david/ros2_ws/install/mypalletizer_communication/lib/python3.10/site-packages/mypalletizer-communication.egg-link (link to .)
[3.455s] Installing mypalletizer_services script to /home/david/ros2_ws/install/mypalletizer_communication/lib/mypalletizer_communication
[3.455s] Installing mypalletizer_topics script to /home/david/ros2_ws/install/mypalletizer_communication/lib/mypalletizer_communication
[3.455s] Installing mypalletizer_topics_seeed script to /home/david/ros2_ws/install/mypalletizer_communication/lib/mypalletizer_communication
[3.455s] 
[3.456s] Installed /home/david/ros2_ws/build/mypalletizer_communication
[3.456s] running symlink_data
[7.488s] Invoked command in '/home/david/ros2_ws/build/mypalletizer_communication' returned '0': PYTHONPATH=/home/david/ros2_ws/build/mypalletizer_communication/prefix_override:/usr/lib/python3/dist-packages/colcon_core/task/python/colcon_distutils_commands:/home/david/ros2_ws/install/mypalletizer_communication/lib/python3.10/site-packages:${PYTHONPATH} /usr/bin/python3 -W ignore:setup.py install is deprecated setup.py develop --editable --build-directory /home/david/ros2_ws/build/mypalletizer_communication/build --no-deps symlink_data
