[0.516s] Invoking command in '/home/david/ros2_ws/build/mycobot_description': PYTHONPATH=/home/david/ros2_ws/build/mycobot_description/prefix_override:/usr/lib/python3/dist-packages/colcon_core/task/python/colcon_distutils_commands:/home/david/ros2_ws/install/mycobot_description/lib/python3.10/site-packages:${PYTHONPATH} /usr/bin/python3 -W ignore:setup.py install is deprecated setup.py develop --uninstall --editable --build-directory /home/david/ros2_ws/build/mycobot_description/build
[0.707s] running develop
[0.707s] /usr/lib/python3/dist-packages/setuptools/command/easy_install.py:158: EasyInstallDeprecationWarning: easy_install command is deprecated. Use build and pip and other standards-based tools.
[0.707s]   warnings.warn(
[0.811s] Removing /home/david/ros2_ws/install/mycobot_description/lib/python3.10/site-packages/mycobot-description.egg-link (link to .)
[0.831s] Invoked command in '/home/david/ros2_ws/build/mycobot_description' returned '0': PYTHONPATH=/home/david/ros2_ws/build/mycobot_description/prefix_override:/usr/lib/python3/dist-packages/colcon_core/task/python/colcon_distutils_commands:/home/david/ros2_ws/install/mycobot_description/lib/python3.10/site-packages:${PYTHONPATH} /usr/bin/python3 -W ignore:setup.py install is deprecated setup.py develop --uninstall --editable --build-directory /home/david/ros2_ws/build/mycobot_description/build
[0.833s] Invoking command in '/home/david/ros2_ws/src/mycobot_ros2/mycobot_description': PYTHONPATH=/home/david/ros2_ws/build/mycobot_description/prefix_override:/usr/lib/python3/dist-packages/colcon_core/task/python/colcon_distutils_commands:/home/david/ros2_ws/install/mycobot_description/lib/python3.10/site-packages:${PYTHONPATH} /usr/bin/python3 -W ignore:setup.py install is deprecated setup.py egg_info --egg-base ../../../build/mycobot_description build --build-base /home/david/ros2_ws/build/mycobot_description/build install --record /home/david/ros2_ws/build/mycobot_description/install.log --single-version-externally-managed install_data --force
[1.048s] running egg_info
[1.048s] writing ../../../build/mycobot_description/mycobot_description.egg-info/PKG-INFO
[1.048s] writing dependency_links to ../../../build/mycobot_description/mycobot_description.egg-info/dependency_links.txt
[1.049s] writing entry points to ../../../build/mycobot_description/mycobot_description.egg-info/entry_points.txt
[1.049s] writing requirements to ../../../build/mycobot_description/mycobot_description.egg-info/requires.txt
[1.049s] writing top-level names to ../../../build/mycobot_description/mycobot_description.egg-info/top_level.txt
[1.052s] reading manifest file '../../../build/mycobot_description/mycobot_description.egg-info/SOURCES.txt'
[1.053s] adding license file 'LICENSE'
[1.055s] writing manifest file '../../../build/mycobot_description/mycobot_description.egg-info/SOURCES.txt'
[1.055s] running build
[1.055s] running build_py
[1.055s] creating /home/david/ros2_ws/build/mycobot_description/build
[1.055s] creating /home/david/ros2_ws/build/mycobot_description/build/lib
[1.056s] creating /home/david/ros2_ws/build/mycobot_description/build/lib/mycobot_description
[1.056s] copying mycobot_description/__init__.py -> /home/david/ros2_ws/build/mycobot_description/build/lib/mycobot_description
[1.056s] running install
[1.056s] running install_lib
[1.056s] creating /home/david/ros2_ws/install/mycobot_description/lib/python3.10/site-packages/mycobot_description
[1.057s] copying /home/david/ros2_ws/build/mycobot_description/build/lib/mycobot_description/__init__.py -> /home/david/ros2_ws/install/mycobot_description/lib/python3.10/site-packages/mycobot_description
[1.057s] byte-compiling /home/david/ros2_ws/install/mycobot_description/lib/python3.10/site-packages/mycobot_description/__init__.py to __init__.cpython-310.pyc
[1.058s] running install_data
[1.058s] copying resource/mycobot_description -> /home/david/ros2_ws/install/mycobot_description/share/ament_index/resource_index/packages
[1.058s] copying package.xml -> /home/david/ros2_ws/install/mycobot_description/share/mycobot_description
[1.058s] copying urdf/mypalletizer_260_pi/mypalletizer_260_pi_aikit.urdf -> /home/david/ros2_ws/install/mycobot_description/share/mycobot_description/urdf/mypalletizer_260_pi
[1.058s] copying urdf/mypalletizer_260_pi/link5.dae -> /home/david/ros2_ws/install/mycobot_description/share/mycobot_description/urdf/mypalletizer_260_pi
[1.059s] copying urdf/mypalletizer_260_pi/mypalletizer_260_pi.urdf -> /home/david/ros2_ws/install/mycobot_description/share/mycobot_description/urdf/mypalletizer_260_pi
[1.059s] copying urdf/mypalletizer_260_pi/base.dae -> /home/david/ros2_ws/install/mycobot_description/share/mycobot_description/urdf/mypalletizer_260_pi
[1.063s] copying urdf/mypalletizer_260_pi/suit_env.dae -> /home/david/ros2_ws/install/mycobot_description/share/mycobot_description/urdf/mypalletizer_260_pi
[1.070s] copying urdf/mypalletizer_260_pi/link3.dae -> /home/david/ros2_ws/install/mycobot_description/share/mycobot_description/urdf/mypalletizer_260_pi
[1.074s] copying urdf/mypalletizer_260_pi/link1.dae -> /home/david/ros2_ws/install/mycobot_description/share/mycobot_description/urdf/mypalletizer_260_pi
[1.076s] copying urdf/mypalletizer_260_pi/link2.dae -> /home/david/ros2_ws/install/mycobot_description/share/mycobot_description/urdf/mypalletizer_260_pi
[1.079s] copying urdf/mypalletizer_260_pi/link4.dae -> /home/david/ros2_ws/install/mycobot_description/share/mycobot_description/urdf/mypalletizer_260_pi
[1.080s] copying urdf/mycobot_280_jn/joint2.dae -> /home/david/ros2_ws/install/mycobot_description/share/mycobot_description/urdf/mycobot_280_jn
[1.083s] copying urdf/mycobot_280_jn/joint6.png -> /home/david/ros2_ws/install/mycobot_description/share/mycobot_description/urdf/mycobot_280_jn
[1.083s] copying urdf/mycobot_280_jn/joint5.dae -> /home/david/ros2_ws/install/mycobot_description/share/mycobot_description/urdf/mycobot_280_jn
[1.086s] copying urdf/mycobot_280_jn/joint3.png -> /home/david/ros2_ws/install/mycobot_description/share/mycobot_description/urdf/mycobot_280_jn
[1.086s] copying urdf/mycobot_280_jn/mycobot_280_jn.urdf -> /home/david/ros2_ws/install/mycobot_description/share/mycobot_description/urdf/mycobot_280_jn
[1.086s] copying urdf/mycobot_280_jn/joint7.png -> /home/david/ros2_ws/install/mycobot_description/share/mycobot_description/urdf/mycobot_280_jn
[1.086s] copying urdf/mycobot_280_jn/joint2.png -> /home/david/ros2_ws/install/mycobot_description/share/mycobot_description/urdf/mycobot_280_jn
[1.086s] copying urdf/mycobot_280_jn/joint3.dae -> /home/david/ros2_ws/install/mycobot_description/share/mycobot_description/urdf/mycobot_280_jn
[1.090s] copying urdf/mycobot_280_jn/joint4.png -> /home/david/ros2_ws/install/mycobot_description/share/mycobot_description/urdf/mycobot_280_jn
[1.090s] copying urdf/mycobot_280_jn/joint5.png -> /home/david/ros2_ws/install/mycobot_description/share/mycobot_description/urdf/mycobot_280_jn
[1.090s] copying urdf/mycobot_280_jn/joint1_jet.dae -> /home/david/ros2_ws/install/mycobot_description/share/mycobot_description/urdf/mycobot_280_jn
[1.100s] copying urdf/mycobot_280_jn/joint6.dae -> /home/david/ros2_ws/install/mycobot_description/share/mycobot_description/urdf/mycobot_280_jn
[1.102s] copying urdf/mycobot_280_jn/joint4.dae -> /home/david/ros2_ws/install/mycobot_description/share/mycobot_description/urdf/mycobot_280_jn
[1.103s] copying urdf/mycobot_280_jn/joint7.dae -> /home/david/ros2_ws/install/mycobot_description/share/mycobot_description/urdf/mycobot_280_jn
[1.104s] copying urdf/mycobot_320_m5_2022/link5.dae -> /home/david/ros2_ws/install/mycobot_description/share/mycobot_description/urdf/mycobot_320_m5_2022
[1.106s] copying urdf/mycobot_320_m5_2022/link6.dae -> /home/david/ros2_ws/install/mycobot_description/share/mycobot_description/urdf/mycobot_320_m5_2022
[1.107s] copying urdf/mycobot_320_m5_2022/base.dae -> /home/david/ros2_ws/install/mycobot_description/share/mycobot_description/urdf/mycobot_320_m5_2022
[1.118s] copying urdf/mycobot_320_m5_2022/link3.dae -> /home/david/ros2_ws/install/mycobot_description/share/mycobot_description/urdf/mycobot_320_m5_2022
[1.121s] copying urdf/mycobot_320_m5_2022/link1.dae -> /home/david/ros2_ws/install/mycobot_description/share/mycobot_description/urdf/mycobot_320_m5_2022
[1.123s] copying urdf/mycobot_320_m5_2022/mycobot_320_m5_2022.urdf -> /home/david/ros2_ws/install/mycobot_description/share/mycobot_description/urdf/mycobot_320_m5_2022
[1.123s] copying urdf/mycobot_320_m5_2022/link2.dae -> /home/david/ros2_ws/install/mycobot_description/share/mycobot_description/urdf/mycobot_320_m5_2022
[1.125s] copying urdf/mycobot_320_m5_2022/link4.dae -> /home/david/ros2_ws/install/mycobot_description/share/mycobot_description/urdf/mycobot_320_m5_2022
[1.127s] copying urdf/mycobot_pro_600/link5.dae -> /home/david/ros2_ws/install/mycobot_description/share/mycobot_description/urdf/mycobot_pro_600
[1.132s] copying urdf/mycobot_pro_600/link6.dae -> /home/david/ros2_ws/install/mycobot_description/share/mycobot_description/urdf/mycobot_pro_600
[1.134s] copying urdf/mycobot_pro_600/base.dae -> /home/david/ros2_ws/install/mycobot_description/share/mycobot_description/urdf/mycobot_pro_600
[1.137s] copying urdf/mycobot_pro_600/mycobot_pro_600.urdf -> /home/david/ros2_ws/install/mycobot_description/share/mycobot_description/urdf/mycobot_pro_600
[1.137s] copying urdf/mycobot_pro_600/link3.dae -> /home/david/ros2_ws/install/mycobot_description/share/mycobot_description/urdf/mycobot_pro_600
[1.142s] copying urdf/mycobot_pro_600/link1.dae -> /home/david/ros2_ws/install/mycobot_description/share/mycobot_description/urdf/mycobot_pro_600
[1.144s] copying urdf/mycobot_pro_600/link2.dae -> /home/david/ros2_ws/install/mycobot_description/share/mycobot_description/urdf/mycobot_pro_600
[1.150s] copying urdf/mycobot_pro_600/link4.dae -> /home/david/ros2_ws/install/mycobot_description/share/mycobot_description/urdf/mycobot_pro_600
[1.154s] copying urdf/mycobot_280_m5/noenv.urdf -> /home/david/ros2_ws/install/mycobot_description/share/mycobot_description/urdf/mycobot_280_m5
[1.154s] copying urdf/mycobot_280_m5/pump_head.dae -> /home/david/ros2_ws/install/mycobot_description/share/mycobot_description/urdf/mycobot_280_m5
[1.158s] copying urdf/mycobot_280_m5/joint2.dae -> /home/david/ros2_ws/install/mycobot_description/share/mycobot_description/urdf/mycobot_280_m5
[1.160s] copying urdf/mycobot_280_m5/joint6.png -> /home/david/ros2_ws/install/mycobot_description/share/mycobot_description/urdf/mycobot_280_m5
[1.160s] copying urdf/mycobot_280_m5/joint5.dae -> /home/david/ros2_ws/install/mycobot_description/share/mycobot_description/urdf/mycobot_280_m5
[1.162s] copying urdf/mycobot_280_m5/joint3.png -> /home/david/ros2_ws/install/mycobot_description/share/mycobot_description/urdf/mycobot_280_m5
[1.163s] copying urdf/mycobot_280_m5/joint7.png -> /home/david/ros2_ws/install/mycobot_description/share/mycobot_description/urdf/mycobot_280_m5
[1.163s] copying urdf/mycobot_280_m5/pump_box.dae -> /home/david/ros2_ws/install/mycobot_description/share/mycobot_description/urdf/mycobot_280_m5
[1.164s] copying urdf/mycobot_280_m5/mycobot_280_m5_with_camera_flange_pump.urdf -> /home/david/ros2_ws/install/mycobot_description/share/mycobot_description/urdf/mycobot_280_m5
[1.164s] copying urdf/mycobot_280_m5/mycobot_280_m5_with_camera_flange.urdf -> /home/david/ros2_ws/install/mycobot_description/share/mycobot_description/urdf/mycobot_280_m5
[1.164s] copying urdf/mycobot_280_m5/joint2.png -> /home/david/ros2_ws/install/mycobot_description/share/mycobot_description/urdf/mycobot_280_m5
[1.164s] copying urdf/mycobot_280_m5/camera_flange.dae -> /home/david/ros2_ws/install/mycobot_description/share/mycobot_description/urdf/mycobot_280_m5
[1.167s] copying urdf/mycobot_280_m5/joint3.dae -> /home/david/ros2_ws/install/mycobot_description/share/mycobot_description/urdf/mycobot_280_m5
[1.170s] copying urdf/mycobot_280_m5/joint4.png -> /home/david/ros2_ws/install/mycobot_description/share/mycobot_description/urdf/mycobot_280_m5
[1.171s] copying urdf/mycobot_280_m5/mycobot_280_m5_with_pump.urdf -> /home/david/ros2_ws/install/mycobot_description/share/mycobot_description/urdf/mycobot_280_m5
[1.171s] copying urdf/mycobot_280_m5/joint1.dae -> /home/david/ros2_ws/install/mycobot_description/share/mycobot_description/urdf/mycobot_280_m5
[1.173s] copying urdf/mycobot_280_m5/mycobot_with_vision.urdf -> /home/david/ros2_ws/install/mycobot_description/share/mycobot_description/urdf/mycobot_280_m5
[1.173s] copying urdf/mycobot_280_m5/mycobot_280_m5.urdf -> /home/david/ros2_ws/install/mycobot_description/share/mycobot_description/urdf/mycobot_280_m5
[1.173s] copying urdf/mycobot_280_m5/withenv.urdf -> /home/david/ros2_ws/install/mycobot_description/share/mycobot_description/urdf/mycobot_280_m5
[1.173s] copying urdf/mycobot_280_m5/joint5.png -> /home/david/ros2_ws/install/mycobot_description/share/mycobot_description/urdf/mycobot_280_m5
[1.173s] copying urdf/mycobot_280_m5/mycobot_with_vision_copy.urdf -> /home/david/ros2_ws/install/mycobot_description/share/mycobot_description/urdf/mycobot_280_m5
[1.173s] copying urdf/mycobot_280_m5/suit_env.dae -> /home/david/ros2_ws/install/mycobot_description/share/mycobot_description/urdf/mycobot_280_m5
[1.181s] copying urdf/mycobot_280_m5/joint1.png -> /home/david/ros2_ws/install/mycobot_description/share/mycobot_description/urdf/mycobot_280_m5
[1.182s] copying urdf/mycobot_280_m5/mycobot_step.STEP -> /home/david/ros2_ws/install/mycobot_description/share/mycobot_description/urdf/mycobot_280_m5
[1.247s] copying urdf/mycobot_280_m5/joint6.dae -> /home/david/ros2_ws/install/mycobot_description/share/mycobot_description/urdf/mycobot_280_m5
[1.249s] copying urdf/mycobot_280_m5/joint4.dae -> /home/david/ros2_ws/install/mycobot_description/share/mycobot_description/urdf/mycobot_280_m5
[1.249s] copying urdf/mycobot_280_m5/G_base.dae -> /home/david/ros2_ws/install/mycobot_description/share/mycobot_description/urdf/mycobot_280_m5
[1.255s] copying urdf/mycobot_280_m5/joint7.dae -> /home/david/ros2_ws/install/mycobot_description/share/mycobot_description/urdf/mycobot_280_m5
[1.256s] copying urdf/mycobot_280_pi/pump_head.dae -> /home/david/ros2_ws/install/mycobot_description/share/mycobot_description/urdf/mycobot_280_pi
[1.258s] copying urdf/mycobot_280_pi/joint2.dae -> /home/david/ros2_ws/install/mycobot_description/share/mycobot_description/urdf/mycobot_280_pi
[1.260s] copying urdf/mycobot_280_pi/mycobot_280_pi_with_pump.urdf -> /home/david/ros2_ws/install/mycobot_description/share/mycobot_description/urdf/mycobot_280_pi
[1.261s] copying urdf/mycobot_280_pi/joint6.png -> /home/david/ros2_ws/install/mycobot_description/share/mycobot_description/urdf/mycobot_280_pi
[1.261s] copying urdf/mycobot_280_pi/joint5.dae -> /home/david/ros2_ws/install/mycobot_description/share/mycobot_description/urdf/mycobot_280_pi
[1.263s] copying urdf/mycobot_280_pi/joint3.png -> /home/david/ros2_ws/install/mycobot_description/share/mycobot_description/urdf/mycobot_280_pi
[1.263s] copying urdf/mycobot_280_pi/joint7.png -> /home/david/ros2_ws/install/mycobot_description/share/mycobot_description/urdf/mycobot_280_pi
[1.263s] copying urdf/mycobot_280_pi/joint1_pi.dae -> /home/david/ros2_ws/install/mycobot_description/share/mycobot_description/urdf/mycobot_280_pi
[1.274s] copying urdf/mycobot_280_pi/mycobot_280_pi.urdf -> /home/david/ros2_ws/install/mycobot_description/share/mycobot_description/urdf/mycobot_280_pi
[1.274s] copying urdf/mycobot_280_pi/pump_box.dae -> /home/david/ros2_ws/install/mycobot_description/share/mycobot_description/urdf/mycobot_280_pi
[1.275s] copying urdf/mycobot_280_pi/joint2.png -> /home/david/ros2_ws/install/mycobot_description/share/mycobot_description/urdf/mycobot_280_pi
[1.275s] copying urdf/mycobot_280_pi/camera_flange.dae -> /home/david/ros2_ws/install/mycobot_description/share/mycobot_description/urdf/mycobot_280_pi
[1.278s] copying urdf/mycobot_280_pi/joint3.dae -> /home/david/ros2_ws/install/mycobot_description/share/mycobot_description/urdf/mycobot_280_pi
[1.281s] copying urdf/mycobot_280_pi/joint4.png -> /home/david/ros2_ws/install/mycobot_description/share/mycobot_description/urdf/mycobot_280_pi
[1.281s] copying urdf/mycobot_280_pi/joint5.png -> /home/david/ros2_ws/install/mycobot_description/share/mycobot_description/urdf/mycobot_280_pi
[1.281s] copying urdf/mycobot_280_pi/mycobot_280_pi_with_camera_flange_pump.urdf -> /home/david/ros2_ws/install/mycobot_description/share/mycobot_description/urdf/mycobot_280_pi
[1.281s] copying urdf/mycobot_280_pi/joint1.png -> /home/david/ros2_ws/install/mycobot_description/share/mycobot_description/urdf/mycobot_280_pi
[1.281s] copying urdf/mycobot_280_pi/joint6.dae -> /home/david/ros2_ws/install/mycobot_description/share/mycobot_description/urdf/mycobot_280_pi
[1.283s] copying urdf/mycobot_280_pi/joint4.dae -> /home/david/ros2_ws/install/mycobot_description/share/mycobot_description/urdf/mycobot_280_pi
[1.284s] copying urdf/mycobot_280_pi/G_base.dae -> /home/david/ros2_ws/install/mycobot_description/share/mycobot_description/urdf/mycobot_280_pi
[1.289s] copying urdf/mycobot_280_pi/joint7.dae -> /home/david/ros2_ws/install/mycobot_description/share/mycobot_description/urdf/mycobot_280_pi
[1.291s] copying urdf/mycobot_280_pi/mycobot_280_pi_with_camera_flange.urdf -> /home/david/ros2_ws/install/mycobot_description/share/mycobot_description/urdf/mycobot_280_pi
[1.291s] copying urdf/mecharm_270_m5/link5.dae -> /home/david/ros2_ws/install/mycobot_description/share/mycobot_description/urdf/mecharm_270_m5
[1.293s] copying urdf/mecharm_270_m5/link6.dae -> /home/david/ros2_ws/install/mycobot_description/share/mycobot_description/urdf/mecharm_270_m5
[1.295s] copying urdf/mecharm_270_m5/mecharm_270_m5.urdf -> /home/david/ros2_ws/install/mycobot_description/share/mycobot_description/urdf/mecharm_270_m5
[1.295s] copying urdf/mecharm_270_m5/base.dae -> /home/david/ros2_ws/install/mycobot_description/share/mycobot_description/urdf/mecharm_270_m5
[1.298s] copying urdf/mecharm_270_m5/link3.dae -> /home/david/ros2_ws/install/mycobot_description/share/mycobot_description/urdf/mecharm_270_m5
[1.302s] copying urdf/mecharm_270_m5/link1.dae -> /home/david/ros2_ws/install/mycobot_description/share/mycobot_description/urdf/mecharm_270_m5
[1.306s] copying urdf/mecharm_270_m5/link2.dae -> /home/david/ros2_ws/install/mycobot_description/share/mycobot_description/urdf/mecharm_270_m5
[1.313s] copying urdf/mecharm_270_m5/link4.dae -> /home/david/ros2_ws/install/mycobot_description/share/mycobot_description/urdf/mecharm_270_m5
[1.317s] copying urdf/mecharm_270_pi/link5.dae -> /home/david/ros2_ws/install/mycobot_description/share/mycobot_description/urdf/mecharm_270_pi
[1.318s] copying urdf/mecharm_270_pi/link6.dae -> /home/david/ros2_ws/install/mycobot_description/share/mycobot_description/urdf/mecharm_270_pi
[1.320s] copying urdf/mecharm_270_pi/base.dae -> /home/david/ros2_ws/install/mycobot_description/share/mycobot_description/urdf/mecharm_270_pi
[1.326s] copying urdf/mecharm_270_pi/link3.dae -> /home/david/ros2_ws/install/mycobot_description/share/mycobot_description/urdf/mecharm_270_pi
[1.330s] copying urdf/mecharm_270_pi/link1.dae -> /home/david/ros2_ws/install/mycobot_description/share/mycobot_description/urdf/mecharm_270_pi
[1.335s] copying urdf/mecharm_270_pi/mecharm_270_pi.urdf -> /home/david/ros2_ws/install/mycobot_description/share/mycobot_description/urdf/mecharm_270_pi
[1.335s] copying urdf/mecharm_270_pi/link2.dae -> /home/david/ros2_ws/install/mycobot_description/share/mycobot_description/urdf/mecharm_270_pi
[1.341s] copying urdf/mecharm_270_pi/link4.dae -> /home/david/ros2_ws/install/mycobot_description/share/mycobot_description/urdf/mecharm_270_pi
[1.345s] copying urdf/mycobot_320_pi_2022/link5.dae -> /home/david/ros2_ws/install/mycobot_description/share/mycobot_description/urdf/mycobot_320_pi_2022
[1.351s] copying urdf/mycobot_320_pi_2022/link6.dae -> /home/david/ros2_ws/install/mycobot_description/share/mycobot_description/urdf/mycobot_320_pi_2022
[1.351s] copying urdf/mycobot_320_pi_2022/mycobot_320_pi_2022.urdf -> /home/david/ros2_ws/install/mycobot_description/share/mycobot_description/urdf/mycobot_320_pi_2022
[1.352s] copying urdf/mycobot_320_pi_2022/base.dae -> /home/david/ros2_ws/install/mycobot_description/share/mycobot_description/urdf/mycobot_320_pi_2022
[1.376s] copying urdf/mycobot_320_pi_2022/link3.dae -> /home/david/ros2_ws/install/mycobot_description/share/mycobot_description/urdf/mycobot_320_pi_2022
[1.386s] copying urdf/mycobot_320_pi_2022/link1.dae -> /home/david/ros2_ws/install/mycobot_description/share/mycobot_description/urdf/mycobot_320_pi_2022
[1.392s] copying urdf/mycobot_320_pi_2022/link2.dae -> /home/david/ros2_ws/install/mycobot_description/share/mycobot_description/urdf/mycobot_320_pi_2022
[1.402s] copying urdf/mycobot_320_pi_2022/link4.dae -> /home/david/ros2_ws/install/mycobot_description/share/mycobot_description/urdf/mycobot_320_pi_2022
[1.407s] copying urdf/mybuddy/joint4_L.dae -> /home/david/ros2_ws/install/mycobot_description/share/mycobot_description/urdf/mybuddy
[1.410s] copying urdf/mybuddy/joint5_R.dae -> /home/david/ros2_ws/install/mycobot_description/share/mycobot_description/urdf/mybuddy
[1.412s] copying urdf/mybuddy/joint6.png -> /home/david/ros2_ws/install/mycobot_description/share/mycobot_description/urdf/mybuddy
[1.412s] copying urdf/mybuddy/joint3.png -> /home/david/ros2_ws/install/mycobot_description/share/mycobot_description/urdf/mybuddy
[1.412s] copying urdf/mybuddy/joint7.png -> /home/david/ros2_ws/install/mycobot_description/share/mycobot_description/urdf/mybuddy
[1.412s] copying urdf/mybuddy/joint2.png -> /home/david/ros2_ws/install/mycobot_description/share/mycobot_description/urdf/mybuddy
[1.412s] copying urdf/mybuddy/joint3.dae -> /home/david/ros2_ws/install/mycobot_description/share/mycobot_description/urdf/mybuddy
[1.416s] copying urdf/mybuddy/joint4.png -> /home/david/ros2_ws/install/mycobot_description/share/mycobot_description/urdf/mybuddy
[1.416s] copying urdf/mybuddy/joint3_R.dae -> /home/david/ros2_ws/install/mycobot_description/share/mycobot_description/urdf/mybuddy
[1.417s] copying urdf/mybuddy/joint2_R.dae -> /home/david/ros2_ws/install/mycobot_description/share/mycobot_description/urdf/mybuddy
[1.421s] copying urdf/mybuddy/joint5.png -> /home/david/ros2_ws/install/mycobot_description/share/mycobot_description/urdf/mybuddy
[1.421s] copying urdf/mybuddy/joint4_R.dae -> /home/david/ros2_ws/install/mycobot_description/share/mycobot_description/urdf/mybuddy
[1.424s] copying urdf/mybuddy/joint1_R.dae -> /home/david/ros2_ws/install/mycobot_description/share/mycobot_description/urdf/mybuddy
[1.427s] copying urdf/mybuddy/joint3_L.dae -> /home/david/ros2_ws/install/mycobot_description/share/mycobot_description/urdf/mybuddy
[1.428s] copying urdf/mybuddy/joint5_L.dae -> /home/david/ros2_ws/install/mycobot_description/share/mycobot_description/urdf/mybuddy
[1.430s] copying urdf/mybuddy/mybuddy.urdf -> /home/david/ros2_ws/install/mycobot_description/share/mycobot_description/urdf/mybuddy
[1.430s] copying urdf/mybuddy/joint1_L.dae -> /home/david/ros2_ws/install/mycobot_description/share/mycobot_description/urdf/mybuddy
[1.433s] copying urdf/mybuddy/joint6_L.dae -> /home/david/ros2_ws/install/mycobot_description/share/mycobot_description/urdf/mybuddy
[1.434s] copying urdf/mybuddy/joint2_L.dae -> /home/david/ros2_ws/install/mycobot_description/share/mycobot_description/urdf/mybuddy
[1.438s] copying urdf/mybuddy/mybuddy-up.dae -> /home/david/ros2_ws/install/mycobot_description/share/mycobot_description/urdf/mybuddy
[1.449s] copying urdf/mybuddy/joint6_R.dae -> /home/david/ros2_ws/install/mycobot_description/share/mycobot_description/urdf/mybuddy
[1.450s] copying urdf/mybuddy/mybuddy-down.dae -> /home/david/ros2_ws/install/mycobot_description/share/mycobot_description/urdf/mybuddy
[1.453s] copying urdf/ultraArm_p340/ultraArm-1.dae -> /home/david/ros2_ws/install/mycobot_description/share/mycobot_description/urdf/ultraArm_p340
[1.456s] copying urdf/ultraArm_p340/ultraArm_p340.urdf -> /home/david/ros2_ws/install/mycobot_description/share/mycobot_description/urdf/ultraArm_p340
[1.456s] copying urdf/ultraArm_p340/suit_env.dae -> /home/david/ros2_ws/install/mycobot_description/share/mycobot_description/urdf/ultraArm_p340
[1.465s] copying urdf/ultraArm_p340/ultraArm-base.dae -> /home/david/ros2_ws/install/mycobot_description/share/mycobot_description/urdf/ultraArm_p340
[1.467s] copying urdf/ultraArm_p340/ultraArm_p340_aiki.urdf -> /home/david/ros2_ws/install/mycobot_description/share/mycobot_description/urdf/ultraArm_p340
[1.467s] copying urdf/ultraArm_p340/ultraArm-3.dae -> /home/david/ros2_ws/install/mycobot_description/share/mycobot_description/urdf/ultraArm_p340
[1.468s] copying urdf/ultraArm_p340/ultraArm-2.dae -> /home/david/ros2_ws/install/mycobot_description/share/mycobot_description/urdf/ultraArm_p340
[1.470s] copying urdf/mycobot_280_x3pi/joint2.dae -> /home/david/ros2_ws/install/mycobot_description/share/mycobot_description/urdf/mycobot_280_x3pi
[1.472s] copying urdf/mycobot_280_x3pi/joint6.png -> /home/david/ros2_ws/install/mycobot_description/share/mycobot_description/urdf/mycobot_280_x3pi
[1.472s] copying urdf/mycobot_280_x3pi/joint5.dae -> /home/david/ros2_ws/install/mycobot_description/share/mycobot_description/urdf/mycobot_280_x3pi
[1.475s] copying urdf/mycobot_280_x3pi/joint3.png -> /home/david/ros2_ws/install/mycobot_description/share/mycobot_description/urdf/mycobot_280_x3pi
[1.475s] copying urdf/mycobot_280_x3pi/mycobot_280_x3pi.urdf -> /home/david/ros2_ws/install/mycobot_description/share/mycobot_description/urdf/mycobot_280_x3pi
[1.475s] copying urdf/mycobot_280_x3pi/joint7.png -> /home/david/ros2_ws/install/mycobot_description/share/mycobot_description/urdf/mycobot_280_x3pi
[1.475s] copying urdf/mycobot_280_x3pi/joint1_pi.dae -> /home/david/ros2_ws/install/mycobot_description/share/mycobot_description/urdf/mycobot_280_x3pi
[1.483s] copying urdf/mycobot_280_x3pi/joint2.png -> /home/david/ros2_ws/install/mycobot_description/share/mycobot_description/urdf/mycobot_280_x3pi
[1.483s] copying urdf/mycobot_280_x3pi/joint3.dae -> /home/david/ros2_ws/install/mycobot_description/share/mycobot_description/urdf/mycobot_280_x3pi
[1.485s] copying urdf/mycobot_280_x3pi/joint4.png -> /home/david/ros2_ws/install/mycobot_description/share/mycobot_description/urdf/mycobot_280_x3pi
[1.485s] copying urdf/mycobot_280_x3pi/joint5.png -> /home/david/ros2_ws/install/mycobot_description/share/mycobot_description/urdf/mycobot_280_x3pi
[1.485s] copying urdf/mycobot_280_x3pi/joint1.png -> /home/david/ros2_ws/install/mycobot_description/share/mycobot_description/urdf/mycobot_280_x3pi
[1.485s] copying urdf/mycobot_280_x3pi/joint6.dae -> /home/david/ros2_ws/install/mycobot_description/share/mycobot_description/urdf/mycobot_280_x3pi
[1.486s] copying urdf/mycobot_280_x3pi/joint4.dae -> /home/david/ros2_ws/install/mycobot_description/share/mycobot_description/urdf/mycobot_280_x3pi
[1.487s] copying urdf/mycobot_280_x3pi/joint7.dae -> /home/david/ros2_ws/install/mycobot_description/share/mycobot_description/urdf/mycobot_280_x3pi
[1.487s] copying urdf/myarm_300_pi/j7.dae -> /home/david/ros2_ws/install/mycobot_description/share/mycobot_description/urdf/myarm_300_pi
[1.489s] copying urdf/myarm_300_pi/j1.dae -> /home/david/ros2_ws/install/mycobot_description/share/mycobot_description/urdf/myarm_300_pi
[1.496s] copying urdf/myarm_300_pi/base.dae -> /home/david/ros2_ws/install/mycobot_description/share/mycobot_description/urdf/myarm_300_pi
[1.501s] copying urdf/myarm_300_pi/j6.dae -> /home/david/ros2_ws/install/mycobot_description/share/mycobot_description/urdf/myarm_300_pi
[1.503s] copying urdf/myarm_300_pi/myarm_300_pi.urdf -> /home/david/ros2_ws/install/mycobot_description/share/mycobot_description/urdf/myarm_300_pi
[1.503s] copying urdf/myarm_300_pi/j4.dae -> /home/david/ros2_ws/install/mycobot_description/share/mycobot_description/urdf/myarm_300_pi
[1.511s] copying urdf/myarm_300_pi/j5.dae -> /home/david/ros2_ws/install/mycobot_description/share/mycobot_description/urdf/myarm_300_pi
[1.514s] copying urdf/myarm_300_pi/j3.dae -> /home/david/ros2_ws/install/mycobot_description/share/mycobot_description/urdf/myarm_300_pi
[1.519s] copying urdf/myarm_300_pi/j2.dae -> /home/david/ros2_ws/install/mycobot_description/share/mycobot_description/urdf/myarm_300_pi
[1.526s] copying urdf/myarm_c650/joint2.dae -> /home/david/ros2_ws/install/mycobot_description/share/mycobot_description/urdf/myarm_c650
[1.543s] copying urdf/myarm_c650/joint5.dae -> /home/david/ros2_ws/install/mycobot_description/share/mycobot_description/urdf/myarm_c650
[1.671s] copying urdf/myarm_c650/joint3.dae -> /home/david/ros2_ws/install/mycobot_description/share/mycobot_description/urdf/myarm_c650
[1.726s] copying urdf/myarm_c650/myarm_c650.urdf.xacro -> /home/david/ros2_ws/install/mycobot_description/share/mycobot_description/urdf/myarm_c650
[1.726s] copying urdf/myarm_c650/myarm_c_grip_R.dae -> /home/david/ros2_ws/install/mycobot_description/share/mycobot_description/urdf/myarm_c650
[1.727s] copying urdf/myarm_c650/myarm_c650.urdf -> /home/david/ros2_ws/install/mycobot_description/share/mycobot_description/urdf/myarm_c650
[1.727s] copying urdf/myarm_c650/joint1.dae -> /home/david/ros2_ws/install/mycobot_description/share/mycobot_description/urdf/myarm_c650
[1.738s] copying urdf/myarm_c650/base.dae -> /home/david/ros2_ws/install/mycobot_description/share/mycobot_description/urdf/myarm_c650
[1.817s] copying urdf/myarm_c650/endeffector.dae -> /home/david/ros2_ws/install/mycobot_description/share/mycobot_description/urdf/myarm_c650
[1.878s] copying urdf/myarm_c650/myarm_basic_base.dae -> /home/david/ros2_ws/install/mycobot_description/share/mycobot_description/urdf/myarm_c650
[2.028s] copying urdf/myarm_c650/myarm_c_grip_Base.dae -> /home/david/ros2_ws/install/mycobot_description/share/mycobot_description/urdf/myarm_c650
[2.045s] copying urdf/myarm_c650/joint4.dae -> /home/david/ros2_ws/install/mycobot_description/share/mycobot_description/urdf/myarm_c650
[2.141s] copying urdf/myarm_c650/myarm_c_grip_L.dae -> /home/david/ros2_ws/install/mycobot_description/share/mycobot_description/urdf/myarm_c650
[2.150s] copying urdf/myarm_m750/finger_right.dae -> /home/david/ros2_ws/install/mycobot_description/share/mycobot_description/urdf/myarm_m750
[2.153s] copying urdf/myarm_m750/link5.dae -> /home/david/ros2_ws/install/mycobot_description/share/mycobot_description/urdf/myarm_m750
[2.173s] copying urdf/myarm_m750/finger_holder.dae -> /home/david/ros2_ws/install/mycobot_description/share/mycobot_description/urdf/myarm_m750
[2.203s] copying urdf/myarm_m750/myarm_m750.urdf.xacro -> /home/david/ros2_ws/install/mycobot_description/share/mycobot_description/urdf/myarm_m750
[2.203s] copying urdf/myarm_m750/finger_left.dae -> /home/david/ros2_ws/install/mycobot_description/share/mycobot_description/urdf/myarm_m750
[2.205s] copying urdf/myarm_m750/myarm_m750.urdf -> /home/david/ros2_ws/install/mycobot_description/share/mycobot_description/urdf/myarm_m750
[2.205s] copying urdf/myarm_m750/endeffector.dae -> /home/david/ros2_ws/install/mycobot_description/share/mycobot_description/urdf/myarm_m750
[2.226s] copying urdf/myarm_m750/link3.dae -> /home/david/ros2_ws/install/mycobot_description/share/mycobot_description/urdf/myarm_m750
[2.246s] copying urdf/myarm_m750/link1.dae -> /home/david/ros2_ws/install/mycobot_description/share/mycobot_description/urdf/myarm_m750
[2.307s] copying urdf/myarm_m750/myarm_m750_base.dae -> /home/david/ros2_ws/install/mycobot_description/share/mycobot_description/urdf/myarm_m750
[2.315s] copying urdf/myarm_m750/link2.dae -> /home/david/ros2_ws/install/mycobot_description/share/mycobot_description/urdf/myarm_m750
[2.357s] copying urdf/myarm_m750/link4.dae -> /home/david/ros2_ws/install/mycobot_description/share/mycobot_description/urdf/myarm_m750
[2.379s] copying urdf/mycobot_pro_630/link5.dae -> /home/david/ros2_ws/install/mycobot_description/share/mycobot_description/urdf/mycobot_pro_630
[2.381s] copying urdf/mycobot_pro_630/link6.dae -> /home/david/ros2_ws/install/mycobot_description/share/mycobot_description/urdf/mycobot_pro_630
[2.382s] copying urdf/mycobot_pro_630/mycobot_pro_630.urdf -> /home/david/ros2_ws/install/mycobot_description/share/mycobot_description/urdf/mycobot_pro_630
[2.382s] copying urdf/mycobot_pro_630/base.dae -> /home/david/ros2_ws/install/mycobot_description/share/mycobot_description/urdf/mycobot_pro_630
[2.386s] copying urdf/mycobot_pro_630/link3.dae -> /home/david/ros2_ws/install/mycobot_description/share/mycobot_description/urdf/mycobot_pro_630
[2.391s] copying urdf/mycobot_pro_630/link1.dae -> /home/david/ros2_ws/install/mycobot_description/share/mycobot_description/urdf/mycobot_pro_630
[2.394s] copying urdf/mycobot_pro_630/link2.dae -> /home/david/ros2_ws/install/mycobot_description/share/mycobot_description/urdf/mycobot_pro_630
[2.398s] copying urdf/mycobot_pro_630/link4.dae -> /home/david/ros2_ws/install/mycobot_description/share/mycobot_description/urdf/mycobot_pro_630
[2.400s] running install_egg_info
[2.402s] Copying ../../../build/mycobot_description/mycobot_description.egg-info to /home/david/ros2_ws/install/mycobot_description/lib/python3.10/site-packages/mycobot_description-0.0.0-py3.10.egg-info
[2.404s] running install_scripts
[2.421s] writing list of installed files to '/home/david/ros2_ws/build/mycobot_description/install.log'
[2.445s] Invoked command in '/home/david/ros2_ws/src/mycobot_ros2/mycobot_description' returned '0': PYTHONPATH=/home/david/ros2_ws/build/mycobot_description/prefix_override:/usr/lib/python3/dist-packages/colcon_core/task/python/colcon_distutils_commands:/home/david/ros2_ws/install/mycobot_description/lib/python3.10/site-packages:${PYTHONPATH} /usr/bin/python3 -W ignore:setup.py install is deprecated setup.py egg_info --egg-base ../../../build/mycobot_description build --build-base /home/david/ros2_ws/build/mycobot_description/build install --record /home/david/ros2_ws/build/mycobot_description/install.log --single-version-externally-managed install_data --force
