[0.207s] Invoking command in '/home/david/ros2_ws/build/mecharm_interfaces': CMAKE_PREFIX_PATH=${CMAKE_PREFIX_PATH}:/home/david/ros2_ws/install/ultraarm:/home/david/ros2_ws/install/mypalletizer_260_pi:/home/david/ros2_ws/install/mypalletizer_260:/home/david/ros2_ws/install/mypalletizer_communication:/home/david/ros2_ws/install/mycobot_630:/home/david/ros2_ws/install/mycobot_600:/home/david/ros2_ws/install/mycobot_320pi:/home/david/ros2_ws/install/mycobot_320:/home/david/ros2_ws/install/mycobot_280pi:/home/david/ros2_ws/install/mycobot_280jn:/home/david/ros2_ws/install/mycobot_280_x3pi:/home/david/ros2_ws/install/mycobot_280:/home/david/ros2_ws/install/myarm_m750:/home/david/ros2_ws/install/myarm_c650:/home/david/ros2_ws/install/myarm_300:/home/david/ros2_ws/install/mycobot_communication:/home/david/ros2_ws/install/mecharm_pi:/home/david/ros2_ws/install/mecharm:/home/david/ros2_ws/install/mecharm_communication:/home/david/ros2_ws/install/mybuddy:/home/david/ros2_ws/install/mycobot_description:/home/david/ros2_ws/install/my_py_pkg:/opt/ros/humble /usr/bin/cmake --build /home/david/ros2_ws/build/mecharm_interfaces -- -j12 -l12
[0.253s] [  0%] Built target mecharm_interfaces__cpp
[0.261s] [  0%] Built target ament_cmake_python_symlink_mecharm_interfaces
[0.268s] [ 12%] Built target mecharm_interfaces__rosidl_generator_c
[0.297s] [ 24%] Built target mecharm_interfaces__rosidl_typesupport_cpp
[0.301s] [ 36%] Built target mecharm_interfaces__rosidl_typesupport_introspection_cpp
[0.306s] [ 47%] Built target mecharm_interfaces__rosidl_typesupport_fastrtps_cpp
[0.316s] [ 75%] Built target mecharm_interfaces__rosidl_typesupport_fastrtps_c
[0.316s] [ 76%] Built target mecharm_interfaces__rosidl_typesupport_introspection_c
[0.316s] [ 83%] Built target mecharm_interfaces__rosidl_typesupport_c
[0.338s] [ 83%] Built target mecharm_interfaces
[0.361s] [ 84%] Built target mecharm_interfaces__py
[0.388s] [ 95%] Built target mecharm_interfaces__rosidl_generator_py
[0.411s] [ 97%] Built target mecharm_interfaces__rosidl_typesupport_fastrtps_c__pyext
[0.413s] [ 99%] Built target mecharm_interfaces__rosidl_typesupport_introspection_c__pyext
[0.419s] [100%] Built target mecharm_interfaces__rosidl_typesupport_c__pyext
[0.576s] running egg_info
[0.577s] writing mecharm_interfaces.egg-info/PKG-INFO
[0.577s] writing dependency_links to mecharm_interfaces.egg-info/dependency_links.txt
[0.577s] writing top-level names to mecharm_interfaces.egg-info/top_level.txt
[0.579s] reading manifest file 'mecharm_interfaces.egg-info/SOURCES.txt'
[0.579s] writing manifest file 'mecharm_interfaces.egg-info/SOURCES.txt'
[0.601s] [100%] Built target ament_cmake_python_build_mecharm_interfaces_egg
[0.611s] Invoked command in '/home/david/ros2_ws/build/mecharm_interfaces' returned '0': CMAKE_PREFIX_PATH=${CMAKE_PREFIX_PATH}:/home/david/ros2_ws/install/ultraarm:/home/david/ros2_ws/install/mypalletizer_260_pi:/home/david/ros2_ws/install/mypalletizer_260:/home/david/ros2_ws/install/mypalletizer_communication:/home/david/ros2_ws/install/mycobot_630:/home/david/ros2_ws/install/mycobot_600:/home/david/ros2_ws/install/mycobot_320pi:/home/david/ros2_ws/install/mycobot_320:/home/david/ros2_ws/install/mycobot_280pi:/home/david/ros2_ws/install/mycobot_280jn:/home/david/ros2_ws/install/mycobot_280_x3pi:/home/david/ros2_ws/install/mycobot_280:/home/david/ros2_ws/install/myarm_m750:/home/david/ros2_ws/install/myarm_c650:/home/david/ros2_ws/install/myarm_300:/home/david/ros2_ws/install/mycobot_communication:/home/david/ros2_ws/install/mecharm_pi:/home/david/ros2_ws/install/mecharm:/home/david/ros2_ws/install/mecharm_communication:/home/david/ros2_ws/install/mybuddy:/home/david/ros2_ws/install/mycobot_description:/home/david/ros2_ws/install/my_py_pkg:/opt/ros/humble /usr/bin/cmake --build /home/david/ros2_ws/build/mecharm_interfaces -- -j12 -l12
[0.800s] Invoking command in '/home/david/ros2_ws/build/mecharm_interfaces': CMAKE_PREFIX_PATH=${CMAKE_PREFIX_PATH}:/home/david/ros2_ws/install/ultraarm:/home/david/ros2_ws/install/mypalletizer_260_pi:/home/david/ros2_ws/install/mypalletizer_260:/home/david/ros2_ws/install/mypalletizer_communication:/home/david/ros2_ws/install/mycobot_630:/home/david/ros2_ws/install/mycobot_600:/home/david/ros2_ws/install/mycobot_320pi:/home/david/ros2_ws/install/mycobot_320:/home/david/ros2_ws/install/mycobot_280pi:/home/david/ros2_ws/install/mycobot_280jn:/home/david/ros2_ws/install/mycobot_280_x3pi:/home/david/ros2_ws/install/mycobot_280:/home/david/ros2_ws/install/myarm_m750:/home/david/ros2_ws/install/myarm_c650:/home/david/ros2_ws/install/myarm_300:/home/david/ros2_ws/install/mycobot_communication:/home/david/ros2_ws/install/mecharm_pi:/home/david/ros2_ws/install/mecharm:/home/david/ros2_ws/install/mecharm_communication:/home/david/ros2_ws/install/mybuddy:/home/david/ros2_ws/install/mycobot_description:/home/david/ros2_ws/install/my_py_pkg:/opt/ros/humble /usr/bin/cmake --install /home/david/ros2_ws/build/mecharm_interfaces
[0.807s] -- Install configuration: ""
[0.808s] -- Execute custom install script
[0.808s] -- Up-to-date symlink: /home/david/ros2_ws/install/mecharm_interfaces/share/ament_index/resource_index/rosidl_interfaces/mecharm_interfaces
[0.809s] -- Up-to-date symlink: /home/david/ros2_ws/install/mecharm_interfaces/include/mecharm_interfaces/mecharm_interfaces/msg/detail/mecharm_angles__functions.h
[0.809s] -- Up-to-date symlink: /home/david/ros2_ws/install/mecharm_interfaces/include/mecharm_interfaces/mecharm_interfaces/msg/detail/mecharm_angles__struct.h
[0.809s] -- Up-to-date symlink: /home/david/ros2_ws/install/mecharm_interfaces/include/mecharm_interfaces/mecharm_interfaces/msg/detail/mecharm_angles__type_support.h
[0.809s] -- Up-to-date symlink: /home/david/ros2_ws/install/mecharm_interfaces/include/mecharm_interfaces/mecharm_interfaces/msg/detail/mecharm_coords__functions.h
[0.809s] -- Up-to-date symlink: /home/david/ros2_ws/install/mecharm_interfaces/include/mecharm_interfaces/mecharm_interfaces/msg/detail/mecharm_coords__struct.h
[0.810s] -- Up-to-date symlink: /home/david/ros2_ws/install/mecharm_interfaces/include/mecharm_interfaces/mecharm_interfaces/msg/detail/mecharm_coords__type_support.h
[0.810s] -- Up-to-date symlink: /home/david/ros2_ws/install/mecharm_interfaces/include/mecharm_interfaces/mecharm_interfaces/msg/detail/mecharm_gripper_status__functions.h
[0.810s] -- Up-to-date symlink: /home/david/ros2_ws/install/mecharm_interfaces/include/mecharm_interfaces/mecharm_interfaces/msg/detail/mecharm_gripper_status__struct.h
[0.810s] -- Up-to-date symlink: /home/david/ros2_ws/install/mecharm_interfaces/include/mecharm_interfaces/mecharm_interfaces/msg/detail/mecharm_gripper_status__type_support.h
[0.810s] -- Up-to-date symlink: /home/david/ros2_ws/install/mecharm_interfaces/include/mecharm_interfaces/mecharm_interfaces/msg/detail/mecharm_pump_status__functions.h
[0.810s] -- Up-to-date symlink: /home/david/ros2_ws/install/mecharm_interfaces/include/mecharm_interfaces/mecharm_interfaces/msg/detail/mecharm_pump_status__struct.h
[0.810s] -- Up-to-date symlink: /home/david/ros2_ws/install/mecharm_interfaces/include/mecharm_interfaces/mecharm_interfaces/msg/detail/mecharm_pump_status__type_support.h
[0.810s] -- Up-to-date symlink: /home/david/ros2_ws/install/mecharm_interfaces/include/mecharm_interfaces/mecharm_interfaces/msg/detail/mecharm_set_angles__functions.h
[0.810s] -- Up-to-date symlink: /home/david/ros2_ws/install/mecharm_interfaces/include/mecharm_interfaces/mecharm_interfaces/msg/detail/mecharm_set_angles__struct.h
[0.810s] -- Up-to-date symlink: /home/david/ros2_ws/install/mecharm_interfaces/include/mecharm_interfaces/mecharm_interfaces/msg/detail/mecharm_set_angles__type_support.h
[0.811s] -- Up-to-date symlink: /home/david/ros2_ws/install/mecharm_interfaces/include/mecharm_interfaces/mecharm_interfaces/msg/detail/mecharm_set_coords__functions.h
[0.811s] -- Up-to-date symlink: /home/david/ros2_ws/install/mecharm_interfaces/include/mecharm_interfaces/mecharm_interfaces/msg/detail/mecharm_set_coords__struct.h
[0.811s] -- Up-to-date symlink: /home/david/ros2_ws/install/mecharm_interfaces/include/mecharm_interfaces/mecharm_interfaces/msg/detail/mecharm_set_coords__type_support.h
[0.811s] -- Up-to-date symlink: /home/david/ros2_ws/install/mecharm_interfaces/include/mecharm_interfaces/mecharm_interfaces/msg/mecharm_angles.h
[0.811s] -- Up-to-date symlink: /home/david/ros2_ws/install/mecharm_interfaces/include/mecharm_interfaces/mecharm_interfaces/msg/mecharm_coords.h
[0.811s] -- Up-to-date symlink: /home/david/ros2_ws/install/mecharm_interfaces/include/mecharm_interfaces/mecharm_interfaces/msg/mecharm_gripper_status.h
[0.811s] -- Up-to-date symlink: /home/david/ros2_ws/install/mecharm_interfaces/include/mecharm_interfaces/mecharm_interfaces/msg/mecharm_pump_status.h
[0.811s] -- Up-to-date symlink: /home/david/ros2_ws/install/mecharm_interfaces/include/mecharm_interfaces/mecharm_interfaces/msg/mecharm_set_angles.h
[0.811s] -- Up-to-date symlink: /home/david/ros2_ws/install/mecharm_interfaces/include/mecharm_interfaces/mecharm_interfaces/msg/mecharm_set_coords.h
[0.811s] -- Up-to-date symlink: /home/david/ros2_ws/install/mecharm_interfaces/include/mecharm_interfaces/mecharm_interfaces/msg/rosidl_generator_c__visibility_control.h
[0.812s] -- Up-to-date symlink: /home/david/ros2_ws/install/mecharm_interfaces/include/mecharm_interfaces/mecharm_interfaces/srv/detail/get_angles__functions.h
[0.812s] -- Up-to-date symlink: /home/david/ros2_ws/install/mecharm_interfaces/include/mecharm_interfaces/mecharm_interfaces/srv/detail/get_angles__struct.h
[0.812s] -- Up-to-date symlink: /home/david/ros2_ws/install/mecharm_interfaces/include/mecharm_interfaces/mecharm_interfaces/srv/detail/get_angles__type_support.h
[0.812s] -- Up-to-date symlink: /home/david/ros2_ws/install/mecharm_interfaces/include/mecharm_interfaces/mecharm_interfaces/srv/detail/get_coords__functions.h
[0.812s] -- Up-to-date symlink: /home/david/ros2_ws/install/mecharm_interfaces/include/mecharm_interfaces/mecharm_interfaces/srv/detail/get_coords__struct.h
[0.812s] -- Up-to-date symlink: /home/david/ros2_ws/install/mecharm_interfaces/include/mecharm_interfaces/mecharm_interfaces/srv/detail/get_coords__type_support.h
[0.812s] -- Up-to-date symlink: /home/david/ros2_ws/install/mecharm_interfaces/include/mecharm_interfaces/mecharm_interfaces/srv/detail/gripper_status__functions.h
[0.812s] -- Up-to-date symlink: /home/david/ros2_ws/install/mecharm_interfaces/include/mecharm_interfaces/mecharm_interfaces/srv/detail/gripper_status__struct.h
[0.812s] -- Up-to-date symlink: /home/david/ros2_ws/install/mecharm_interfaces/include/mecharm_interfaces/mecharm_interfaces/srv/detail/gripper_status__type_support.h
[0.812s] -- Up-to-date symlink: /home/david/ros2_ws/install/mecharm_interfaces/include/mecharm_interfaces/mecharm_interfaces/srv/detail/pump_status__functions.h
[0.813s] -- Up-to-date symlink: /home/david/ros2_ws/install/mecharm_interfaces/include/mecharm_interfaces/mecharm_interfaces/srv/detail/pump_status__struct.h
[0.813s] -- Up-to-date symlink: /home/david/ros2_ws/install/mecharm_interfaces/include/mecharm_interfaces/mecharm_interfaces/srv/detail/pump_status__type_support.h
[0.813s] -- Up-to-date symlink: /home/david/ros2_ws/install/mecharm_interfaces/include/mecharm_interfaces/mecharm_interfaces/srv/detail/set_angles__functions.h
[0.813s] -- Up-to-date symlink: /home/david/ros2_ws/install/mecharm_interfaces/include/mecharm_interfaces/mecharm_interfaces/srv/detail/set_angles__struct.h
[0.813s] -- Up-to-date symlink: /home/david/ros2_ws/install/mecharm_interfaces/include/mecharm_interfaces/mecharm_interfaces/srv/detail/set_angles__type_support.h
[0.813s] -- Up-to-date symlink: /home/david/ros2_ws/install/mecharm_interfaces/include/mecharm_interfaces/mecharm_interfaces/srv/detail/set_coords__functions.h
[0.813s] -- Up-to-date symlink: /home/david/ros2_ws/install/mecharm_interfaces/include/mecharm_interfaces/mecharm_interfaces/srv/detail/set_coords__struct.h
[0.813s] -- Up-to-date symlink: /home/david/ros2_ws/install/mecharm_interfaces/include/mecharm_interfaces/mecharm_interfaces/srv/detail/set_coords__type_support.h
[0.813s] -- Up-to-date symlink: /home/david/ros2_ws/install/mecharm_interfaces/include/mecharm_interfaces/mecharm_interfaces/srv/get_angles.h
[0.813s] -- Up-to-date symlink: /home/david/ros2_ws/install/mecharm_interfaces/include/mecharm_interfaces/mecharm_interfaces/srv/get_coords.h
[0.814s] -- Up-to-date symlink: /home/david/ros2_ws/install/mecharm_interfaces/include/mecharm_interfaces/mecharm_interfaces/srv/gripper_status.h
[0.814s] -- Up-to-date symlink: /home/david/ros2_ws/install/mecharm_interfaces/include/mecharm_interfaces/mecharm_interfaces/srv/pump_status.h
[0.814s] -- Up-to-date symlink: /home/david/ros2_ws/install/mecharm_interfaces/include/mecharm_interfaces/mecharm_interfaces/srv/set_angles.h
[0.814s] -- Up-to-date symlink: /home/david/ros2_ws/install/mecharm_interfaces/include/mecharm_interfaces/mecharm_interfaces/srv/set_coords.h
[0.814s] -- Up-to-date symlink: /home/david/ros2_ws/install/mecharm_interfaces/share/mecharm_interfaces/environment/library_path.sh
[0.814s] -- Up-to-date symlink: /home/david/ros2_ws/install/mecharm_interfaces/share/mecharm_interfaces/environment/library_path.dsv
[0.815s] -- Up-to-date symlink: /home/david/ros2_ws/install/mecharm_interfaces/include/mecharm_interfaces/mecharm_interfaces/msg/detail/mecharm_angles__rosidl_typesupport_fastrtps_c.h
[0.815s] -- Up-to-date symlink: /home/david/ros2_ws/install/mecharm_interfaces/include/mecharm_interfaces/mecharm_interfaces/msg/detail/mecharm_coords__rosidl_typesupport_fastrtps_c.h
[0.815s] -- Up-to-date symlink: /home/david/ros2_ws/install/mecharm_interfaces/include/mecharm_interfaces/mecharm_interfaces/msg/detail/mecharm_gripper_status__rosidl_typesupport_fastrtps_c.h
[0.815s] -- Up-to-date symlink: /home/david/ros2_ws/install/mecharm_interfaces/include/mecharm_interfaces/mecharm_interfaces/msg/detail/mecharm_pump_status__rosidl_typesupport_fastrtps_c.h
[0.815s] -- Up-to-date symlink: /home/david/ros2_ws/install/mecharm_interfaces/include/mecharm_interfaces/mecharm_interfaces/msg/detail/mecharm_set_angles__rosidl_typesupport_fastrtps_c.h
[0.816s] -- Up-to-date symlink: /home/david/ros2_ws/install/mecharm_interfaces/include/mecharm_interfaces/mecharm_interfaces/msg/detail/mecharm_set_coords__rosidl_typesupport_fastrtps_c.h
[0.816s] -- Up-to-date symlink: /home/david/ros2_ws/install/mecharm_interfaces/include/mecharm_interfaces/mecharm_interfaces/msg/rosidl_typesupport_fastrtps_c__visibility_control.h
[0.816s] -- Up-to-date symlink: /home/david/ros2_ws/install/mecharm_interfaces/include/mecharm_interfaces/mecharm_interfaces/srv/detail/get_angles__rosidl_typesupport_fastrtps_c.h
[0.816s] -- Up-to-date symlink: /home/david/ros2_ws/install/mecharm_interfaces/include/mecharm_interfaces/mecharm_interfaces/srv/detail/get_coords__rosidl_typesupport_fastrtps_c.h
[0.816s] -- Up-to-date symlink: /home/david/ros2_ws/install/mecharm_interfaces/include/mecharm_interfaces/mecharm_interfaces/srv/detail/gripper_status__rosidl_typesupport_fastrtps_c.h
[0.816s] -- Up-to-date symlink: /home/david/ros2_ws/install/mecharm_interfaces/include/mecharm_interfaces/mecharm_interfaces/srv/detail/pump_status__rosidl_typesupport_fastrtps_c.h
[0.816s] -- Up-to-date symlink: /home/david/ros2_ws/install/mecharm_interfaces/include/mecharm_interfaces/mecharm_interfaces/srv/detail/set_angles__rosidl_typesupport_fastrtps_c.h
[0.816s] -- Up-to-date symlink: /home/david/ros2_ws/install/mecharm_interfaces/include/mecharm_interfaces/mecharm_interfaces/srv/detail/set_coords__rosidl_typesupport_fastrtps_c.h
[0.817s] -- Up-to-date symlink: /home/david/ros2_ws/install/mecharm_interfaces/include/mecharm_interfaces/mecharm_interfaces/msg/detail/mecharm_angles__rosidl_typesupport_introspection_c.h
[0.817s] -- Up-to-date symlink: /home/david/ros2_ws/install/mecharm_interfaces/include/mecharm_interfaces/mecharm_interfaces/msg/detail/mecharm_coords__rosidl_typesupport_introspection_c.h
[0.817s] -- Up-to-date symlink: /home/david/ros2_ws/install/mecharm_interfaces/include/mecharm_interfaces/mecharm_interfaces/msg/detail/mecharm_gripper_status__rosidl_typesupport_introspection_c.h
[0.817s] -- Up-to-date symlink: /home/david/ros2_ws/install/mecharm_interfaces/include/mecharm_interfaces/mecharm_interfaces/msg/detail/mecharm_pump_status__rosidl_typesupport_introspection_c.h
[0.817s] -- Up-to-date symlink: /home/david/ros2_ws/install/mecharm_interfaces/include/mecharm_interfaces/mecharm_interfaces/msg/detail/mecharm_set_angles__rosidl_typesupport_introspection_c.h
[0.817s] -- Up-to-date symlink: /home/david/ros2_ws/install/mecharm_interfaces/include/mecharm_interfaces/mecharm_interfaces/msg/detail/mecharm_set_coords__rosidl_typesupport_introspection_c.h
[0.817s] -- Up-to-date symlink: /home/david/ros2_ws/install/mecharm_interfaces/include/mecharm_interfaces/mecharm_interfaces/msg/rosidl_typesupport_introspection_c__visibility_control.h
[0.818s] -- Up-to-date symlink: /home/david/ros2_ws/install/mecharm_interfaces/include/mecharm_interfaces/mecharm_interfaces/srv/detail/get_angles__rosidl_typesupport_introspection_c.h
[0.818s] -- Up-to-date symlink: /home/david/ros2_ws/install/mecharm_interfaces/include/mecharm_interfaces/mecharm_interfaces/srv/detail/get_coords__rosidl_typesupport_introspection_c.h
[0.818s] -- Up-to-date symlink: /home/david/ros2_ws/install/mecharm_interfaces/include/mecharm_interfaces/mecharm_interfaces/srv/detail/gripper_status__rosidl_typesupport_introspection_c.h
[0.818s] -- Up-to-date symlink: /home/david/ros2_ws/install/mecharm_interfaces/include/mecharm_interfaces/mecharm_interfaces/srv/detail/pump_status__rosidl_typesupport_introspection_c.h
[0.818s] -- Up-to-date symlink: /home/david/ros2_ws/install/mecharm_interfaces/include/mecharm_interfaces/mecharm_interfaces/srv/detail/set_angles__rosidl_typesupport_introspection_c.h
[0.818s] -- Up-to-date symlink: /home/david/ros2_ws/install/mecharm_interfaces/include/mecharm_interfaces/mecharm_interfaces/srv/detail/set_coords__rosidl_typesupport_introspection_c.h
[0.819s] -- Up-to-date symlink: /home/david/ros2_ws/install/mecharm_interfaces/include/mecharm_interfaces/mecharm_interfaces/msg/detail/mecharm_angles__builder.hpp
[0.819s] -- Up-to-date symlink: /home/david/ros2_ws/install/mecharm_interfaces/include/mecharm_interfaces/mecharm_interfaces/msg/detail/mecharm_angles__struct.hpp
[0.819s] -- Up-to-date symlink: /home/david/ros2_ws/install/mecharm_interfaces/include/mecharm_interfaces/mecharm_interfaces/msg/detail/mecharm_angles__traits.hpp
[0.819s] -- Up-to-date symlink: /home/david/ros2_ws/install/mecharm_interfaces/include/mecharm_interfaces/mecharm_interfaces/msg/detail/mecharm_coords__builder.hpp
[0.819s] -- Up-to-date symlink: /home/david/ros2_ws/install/mecharm_interfaces/include/mecharm_interfaces/mecharm_interfaces/msg/detail/mecharm_coords__struct.hpp
[0.819s] -- Up-to-date symlink: /home/david/ros2_ws/install/mecharm_interfaces/include/mecharm_interfaces/mecharm_interfaces/msg/detail/mecharm_coords__traits.hpp
[0.819s] -- Up-to-date symlink: /home/david/ros2_ws/install/mecharm_interfaces/include/mecharm_interfaces/mecharm_interfaces/msg/detail/mecharm_gripper_status__builder.hpp
[0.819s] -- Up-to-date symlink: /home/david/ros2_ws/install/mecharm_interfaces/include/mecharm_interfaces/mecharm_interfaces/msg/detail/mecharm_gripper_status__struct.hpp
[0.820s] -- Up-to-date symlink: /home/david/ros2_ws/install/mecharm_interfaces/include/mecharm_interfaces/mecharm_interfaces/msg/detail/mecharm_gripper_status__traits.hpp
[0.820s] -- Up-to-date symlink: /home/david/ros2_ws/install/mecharm_interfaces/include/mecharm_interfaces/mecharm_interfaces/msg/detail/mecharm_pump_status__builder.hpp
[0.820s] -- Up-to-date symlink: /home/david/ros2_ws/install/mecharm_interfaces/include/mecharm_interfaces/mecharm_interfaces/msg/detail/mecharm_pump_status__struct.hpp
[0.820s] -- Up-to-date symlink: /home/david/ros2_ws/install/mecharm_interfaces/include/mecharm_interfaces/mecharm_interfaces/msg/detail/mecharm_pump_status__traits.hpp
[0.820s] -- Up-to-date symlink: /home/david/ros2_ws/install/mecharm_interfaces/include/mecharm_interfaces/mecharm_interfaces/msg/detail/mecharm_set_angles__builder.hpp
[0.820s] -- Up-to-date symlink: /home/david/ros2_ws/install/mecharm_interfaces/include/mecharm_interfaces/mecharm_interfaces/msg/detail/mecharm_set_angles__struct.hpp
[0.820s] -- Up-to-date symlink: /home/david/ros2_ws/install/mecharm_interfaces/include/mecharm_interfaces/mecharm_interfaces/msg/detail/mecharm_set_angles__traits.hpp
[0.820s] -- Up-to-date symlink: /home/david/ros2_ws/install/mecharm_interfaces/include/mecharm_interfaces/mecharm_interfaces/msg/detail/mecharm_set_coords__builder.hpp
[0.820s] -- Up-to-date symlink: /home/david/ros2_ws/install/mecharm_interfaces/include/mecharm_interfaces/mecharm_interfaces/msg/detail/mecharm_set_coords__struct.hpp
[0.821s] -- Up-to-date symlink: /home/david/ros2_ws/install/mecharm_interfaces/include/mecharm_interfaces/mecharm_interfaces/msg/detail/mecharm_set_coords__traits.hpp
[0.821s] -- Up-to-date symlink: /home/david/ros2_ws/install/mecharm_interfaces/include/mecharm_interfaces/mecharm_interfaces/msg/mecharm_angles.hpp
[0.821s] -- Up-to-date symlink: /home/david/ros2_ws/install/mecharm_interfaces/include/mecharm_interfaces/mecharm_interfaces/msg/mecharm_coords.hpp
[0.821s] -- Up-to-date symlink: /home/david/ros2_ws/install/mecharm_interfaces/include/mecharm_interfaces/mecharm_interfaces/msg/mecharm_gripper_status.hpp
[0.821s] -- Up-to-date symlink: /home/david/ros2_ws/install/mecharm_interfaces/include/mecharm_interfaces/mecharm_interfaces/msg/mecharm_pump_status.hpp
[0.821s] -- Up-to-date symlink: /home/david/ros2_ws/install/mecharm_interfaces/include/mecharm_interfaces/mecharm_interfaces/msg/mecharm_set_angles.hpp
[0.821s] -- Up-to-date symlink: /home/david/ros2_ws/install/mecharm_interfaces/include/mecharm_interfaces/mecharm_interfaces/msg/mecharm_set_coords.hpp
[0.821s] -- Up-to-date symlink: /home/david/ros2_ws/install/mecharm_interfaces/include/mecharm_interfaces/mecharm_interfaces/srv/detail/get_angles__builder.hpp
[0.821s] -- Up-to-date symlink: /home/david/ros2_ws/install/mecharm_interfaces/include/mecharm_interfaces/mecharm_interfaces/srv/detail/get_angles__struct.hpp
[0.821s] -- Up-to-date symlink: /home/david/ros2_ws/install/mecharm_interfaces/include/mecharm_interfaces/mecharm_interfaces/srv/detail/get_angles__traits.hpp
[0.822s] -- Up-to-date symlink: /home/david/ros2_ws/install/mecharm_interfaces/include/mecharm_interfaces/mecharm_interfaces/srv/detail/get_coords__builder.hpp
[0.822s] -- Up-to-date symlink: /home/david/ros2_ws/install/mecharm_interfaces/include/mecharm_interfaces/mecharm_interfaces/srv/detail/get_coords__struct.hpp
[0.822s] -- Up-to-date symlink: /home/david/ros2_ws/install/mecharm_interfaces/include/mecharm_interfaces/mecharm_interfaces/srv/detail/get_coords__traits.hpp
[0.822s] -- Up-to-date symlink: /home/david/ros2_ws/install/mecharm_interfaces/include/mecharm_interfaces/mecharm_interfaces/srv/detail/gripper_status__builder.hpp
[0.822s] -- Up-to-date symlink: /home/david/ros2_ws/install/mecharm_interfaces/include/mecharm_interfaces/mecharm_interfaces/srv/detail/gripper_status__struct.hpp
[0.822s] -- Up-to-date symlink: /home/david/ros2_ws/install/mecharm_interfaces/include/mecharm_interfaces/mecharm_interfaces/srv/detail/gripper_status__traits.hpp
[0.822s] -- Up-to-date symlink: /home/david/ros2_ws/install/mecharm_interfaces/include/mecharm_interfaces/mecharm_interfaces/srv/detail/pump_status__builder.hpp
[0.822s] -- Up-to-date symlink: /home/david/ros2_ws/install/mecharm_interfaces/include/mecharm_interfaces/mecharm_interfaces/srv/detail/pump_status__struct.hpp
[0.822s] -- Up-to-date symlink: /home/david/ros2_ws/install/mecharm_interfaces/include/mecharm_interfaces/mecharm_interfaces/srv/detail/pump_status__traits.hpp
[0.822s] -- Up-to-date symlink: /home/david/ros2_ws/install/mecharm_interfaces/include/mecharm_interfaces/mecharm_interfaces/srv/detail/set_angles__builder.hpp
[0.823s] -- Up-to-date symlink: /home/david/ros2_ws/install/mecharm_interfaces/include/mecharm_interfaces/mecharm_interfaces/srv/detail/set_angles__struct.hpp
[0.823s] -- Up-to-date symlink: /home/david/ros2_ws/install/mecharm_interfaces/include/mecharm_interfaces/mecharm_interfaces/srv/detail/set_angles__traits.hpp
[0.823s] -- Up-to-date symlink: /home/david/ros2_ws/install/mecharm_interfaces/include/mecharm_interfaces/mecharm_interfaces/srv/detail/set_coords__builder.hpp
[0.823s] -- Up-to-date symlink: /home/david/ros2_ws/install/mecharm_interfaces/include/mecharm_interfaces/mecharm_interfaces/srv/detail/set_coords__struct.hpp
[0.823s] -- Up-to-date symlink: /home/david/ros2_ws/install/mecharm_interfaces/include/mecharm_interfaces/mecharm_interfaces/srv/detail/set_coords__traits.hpp
[0.823s] -- Up-to-date symlink: /home/david/ros2_ws/install/mecharm_interfaces/include/mecharm_interfaces/mecharm_interfaces/srv/get_angles.hpp
[0.823s] -- Up-to-date symlink: /home/david/ros2_ws/install/mecharm_interfaces/include/mecharm_interfaces/mecharm_interfaces/srv/get_coords.hpp
[0.823s] -- Up-to-date symlink: /home/david/ros2_ws/install/mecharm_interfaces/include/mecharm_interfaces/mecharm_interfaces/srv/gripper_status.hpp
[0.823s] -- Up-to-date symlink: /home/david/ros2_ws/install/mecharm_interfaces/include/mecharm_interfaces/mecharm_interfaces/srv/pump_status.hpp
[0.823s] -- Up-to-date symlink: /home/david/ros2_ws/install/mecharm_interfaces/include/mecharm_interfaces/mecharm_interfaces/srv/set_angles.hpp
[0.824s] -- Up-to-date symlink: /home/david/ros2_ws/install/mecharm_interfaces/include/mecharm_interfaces/mecharm_interfaces/srv/set_coords.hpp
[0.824s] -- Up-to-date symlink: /home/david/ros2_ws/install/mecharm_interfaces/include/mecharm_interfaces/mecharm_interfaces/msg/detail/mecharm_angles__rosidl_typesupport_fastrtps_cpp.hpp
[0.825s] -- Up-to-date symlink: /home/david/ros2_ws/install/mecharm_interfaces/include/mecharm_interfaces/mecharm_interfaces/msg/detail/mecharm_coords__rosidl_typesupport_fastrtps_cpp.hpp
[0.828s] -- Up-to-date symlink: /home/david/ros2_ws/install/mecharm_interfaces/include/mecharm_interfaces/mecharm_interfaces/msg/detail/mecharm_gripper_status__rosidl_typesupport_fastrtps_cpp.hpp
[0.828s] -- Up-to-date symlink: /home/david/ros2_ws/install/mecharm_interfaces/include/mecharm_interfaces/mecharm_interfaces/msg/detail/mecharm_pump_status__rosidl_typesupport_fastrtps_cpp.hpp
[0.828s] -- Up-to-date symlink: /home/david/ros2_ws/install/mecharm_interfaces/include/mecharm_interfaces/mecharm_interfaces/msg/detail/mecharm_set_angles__rosidl_typesupport_fastrtps_cpp.hpp
[0.828s] -- Up-to-date symlink: /home/david/ros2_ws/install/mecharm_interfaces/include/mecharm_interfaces/mecharm_interfaces/msg/detail/mecharm_set_coords__rosidl_typesupport_fastrtps_cpp.hpp
[0.829s] -- Up-to-date symlink: /home/david/ros2_ws/install/mecharm_interfaces/include/mecharm_interfaces/mecharm_interfaces/msg/rosidl_typesupport_fastrtps_cpp__visibility_control.h
[0.829s] -- Up-to-date symlink: /home/david/ros2_ws/install/mecharm_interfaces/include/mecharm_interfaces/mecharm_interfaces/srv/detail/get_angles__rosidl_typesupport_fastrtps_cpp.hpp
[0.829s] -- Up-to-date symlink: /home/david/ros2_ws/install/mecharm_interfaces/include/mecharm_interfaces/mecharm_interfaces/srv/detail/get_coords__rosidl_typesupport_fastrtps_cpp.hpp
[0.829s] -- Up-to-date symlink: /home/david/ros2_ws/install/mecharm_interfaces/include/mecharm_interfaces/mecharm_interfaces/srv/detail/gripper_status__rosidl_typesupport_fastrtps_cpp.hpp
[0.829s] -- Up-to-date symlink: /home/david/ros2_ws/install/mecharm_interfaces/include/mecharm_interfaces/mecharm_interfaces/srv/detail/pump_status__rosidl_typesupport_fastrtps_cpp.hpp
[0.829s] -- Up-to-date symlink: /home/david/ros2_ws/install/mecharm_interfaces/include/mecharm_interfaces/mecharm_interfaces/srv/detail/set_angles__rosidl_typesupport_fastrtps_cpp.hpp
[0.829s] -- Up-to-date symlink: /home/david/ros2_ws/install/mecharm_interfaces/include/mecharm_interfaces/mecharm_interfaces/srv/detail/set_coords__rosidl_typesupport_fastrtps_cpp.hpp
[0.829s] -- Up-to-date symlink: /home/david/ros2_ws/install/mecharm_interfaces/include/mecharm_interfaces/mecharm_interfaces/msg/detail/mecharm_angles__rosidl_typesupport_introspection_cpp.hpp
[0.829s] -- Up-to-date symlink: /home/david/ros2_ws/install/mecharm_interfaces/include/mecharm_interfaces/mecharm_interfaces/msg/detail/mecharm_coords__rosidl_typesupport_introspection_cpp.hpp
[0.829s] -- Up-to-date symlink: /home/david/ros2_ws/install/mecharm_interfaces/include/mecharm_interfaces/mecharm_interfaces/msg/detail/mecharm_gripper_status__rosidl_typesupport_introspection_cpp.hpp
[0.829s] -- Up-to-date symlink: /home/david/ros2_ws/install/mecharm_interfaces/include/mecharm_interfaces/mecharm_interfaces/msg/detail/mecharm_pump_status__rosidl_typesupport_introspection_cpp.hpp
[0.829s] -- Up-to-date symlink: /home/david/ros2_ws/install/mecharm_interfaces/include/mecharm_interfaces/mecharm_interfaces/msg/detail/mecharm_set_angles__rosidl_typesupport_introspection_cpp.hpp
[0.830s] -- Up-to-date symlink: /home/david/ros2_ws/install/mecharm_interfaces/include/mecharm_interfaces/mecharm_interfaces/msg/detail/mecharm_set_coords__rosidl_typesupport_introspection_cpp.hpp
[0.830s] -- Up-to-date symlink: /home/david/ros2_ws/install/mecharm_interfaces/include/mecharm_interfaces/mecharm_interfaces/srv/detail/get_angles__rosidl_typesupport_introspection_cpp.hpp
[0.830s] -- Up-to-date symlink: /home/david/ros2_ws/install/mecharm_interfaces/include/mecharm_interfaces/mecharm_interfaces/srv/detail/get_coords__rosidl_typesupport_introspection_cpp.hpp
[0.830s] -- Up-to-date symlink: /home/david/ros2_ws/install/mecharm_interfaces/include/mecharm_interfaces/mecharm_interfaces/srv/detail/gripper_status__rosidl_typesupport_introspection_cpp.hpp
[0.830s] -- Up-to-date symlink: /home/david/ros2_ws/install/mecharm_interfaces/include/mecharm_interfaces/mecharm_interfaces/srv/detail/pump_status__rosidl_typesupport_introspection_cpp.hpp
[0.830s] -- Up-to-date symlink: /home/david/ros2_ws/install/mecharm_interfaces/include/mecharm_interfaces/mecharm_interfaces/srv/detail/set_angles__rosidl_typesupport_introspection_cpp.hpp
[0.830s] -- Up-to-date symlink: /home/david/ros2_ws/install/mecharm_interfaces/include/mecharm_interfaces/mecharm_interfaces/srv/detail/set_coords__rosidl_typesupport_introspection_cpp.hpp
[0.830s] -- Up-to-date symlink: /home/david/ros2_ws/install/mecharm_interfaces/share/mecharm_interfaces/environment/pythonpath.sh
[0.830s] -- Up-to-date symlink: /home/david/ros2_ws/install/mecharm_interfaces/share/mecharm_interfaces/environment/pythonpath.dsv
[0.830s] -- Up-to-date symlink: /home/david/ros2_ws/install/mecharm_interfaces/local/lib/python3.10/dist-packages/mecharm_interfaces-0.0.0-py3.10.egg-info/PKG-INFO
[0.830s] -- Up-to-date symlink: /home/david/ros2_ws/install/mecharm_interfaces/local/lib/python3.10/dist-packages/mecharm_interfaces-0.0.0-py3.10.egg-info/SOURCES.txt
[0.830s] -- Up-to-date symlink: /home/david/ros2_ws/install/mecharm_interfaces/local/lib/python3.10/dist-packages/mecharm_interfaces-0.0.0-py3.10.egg-info/dependency_links.txt
[0.831s] -- Up-to-date symlink: /home/david/ros2_ws/install/mecharm_interfaces/local/lib/python3.10/dist-packages/mecharm_interfaces-0.0.0-py3.10.egg-info/top_level.txt
[0.831s] -- Up-to-date symlink: /home/david/ros2_ws/install/mecharm_interfaces/local/lib/python3.10/dist-packages/mecharm_interfaces/__init__.py
[0.831s] -- Up-to-date symlink: /home/david/ros2_ws/install/mecharm_interfaces/local/lib/python3.10/dist-packages/mecharm_interfaces/_mecharm_interfaces_s.ep.rosidl_typesupport_c.c
[0.831s] -- Up-to-date symlink: /home/david/ros2_ws/install/mecharm_interfaces/local/lib/python3.10/dist-packages/mecharm_interfaces/_mecharm_interfaces_s.ep.rosidl_typesupport_fastrtps_c.c
[0.831s] -- Up-to-date symlink: /home/david/ros2_ws/install/mecharm_interfaces/local/lib/python3.10/dist-packages/mecharm_interfaces/_mecharm_interfaces_s.ep.rosidl_typesupport_introspection_c.c
[0.831s] -- Up-to-date symlink: /home/david/ros2_ws/install/mecharm_interfaces/local/lib/python3.10/dist-packages/mecharm_interfaces/libmecharm_interfaces__rosidl_generator_py.so
[0.831s] -- Up-to-date symlink: /home/david/ros2_ws/install/mecharm_interfaces/local/lib/python3.10/dist-packages/mecharm_interfaces/mecharm_interfaces_s__rosidl_typesupport_c.cpython-310-x86_64-linux-gnu.so
[0.831s] -- Up-to-date symlink: /home/david/ros2_ws/install/mecharm_interfaces/local/lib/python3.10/dist-packages/mecharm_interfaces/mecharm_interfaces_s__rosidl_typesupport_fastrtps_c.cpython-310-x86_64-linux-gnu.so
[0.831s] -- Up-to-date symlink: /home/david/ros2_ws/install/mecharm_interfaces/local/lib/python3.10/dist-packages/mecharm_interfaces/mecharm_interfaces_s__rosidl_typesupport_introspection_c.cpython-310-x86_64-linux-gnu.so
[0.831s] -- Up-to-date symlink: /home/david/ros2_ws/install/mecharm_interfaces/local/lib/python3.10/dist-packages/mecharm_interfaces/msg/__init__.py
[0.831s] -- Up-to-date symlink: /home/david/ros2_ws/install/mecharm_interfaces/local/lib/python3.10/dist-packages/mecharm_interfaces/msg/_mecharm_angles.py
[0.832s] -- Up-to-date symlink: /home/david/ros2_ws/install/mecharm_interfaces/local/lib/python3.10/dist-packages/mecharm_interfaces/msg/_mecharm_angles_s.c
[0.832s] -- Up-to-date symlink: /home/david/ros2_ws/install/mecharm_interfaces/local/lib/python3.10/dist-packages/mecharm_interfaces/msg/_mecharm_coords.py
[0.832s] -- Up-to-date symlink: /home/david/ros2_ws/install/mecharm_interfaces/local/lib/python3.10/dist-packages/mecharm_interfaces/msg/_mecharm_coords_s.c
[0.832s] -- Up-to-date symlink: /home/david/ros2_ws/install/mecharm_interfaces/local/lib/python3.10/dist-packages/mecharm_interfaces/msg/_mecharm_gripper_status.py
[0.832s] -- Up-to-date symlink: /home/david/ros2_ws/install/mecharm_interfaces/local/lib/python3.10/dist-packages/mecharm_interfaces/msg/_mecharm_gripper_status_s.c
[0.832s] -- Up-to-date symlink: /home/david/ros2_ws/install/mecharm_interfaces/local/lib/python3.10/dist-packages/mecharm_interfaces/msg/_mecharm_pump_status.py
[0.832s] -- Up-to-date symlink: /home/david/ros2_ws/install/mecharm_interfaces/local/lib/python3.10/dist-packages/mecharm_interfaces/msg/_mecharm_pump_status_s.c
[0.832s] -- Up-to-date symlink: /home/david/ros2_ws/install/mecharm_interfaces/local/lib/python3.10/dist-packages/mecharm_interfaces/msg/_mecharm_set_angles.py
[0.832s] -- Up-to-date symlink: /home/david/ros2_ws/install/mecharm_interfaces/local/lib/python3.10/dist-packages/mecharm_interfaces/msg/_mecharm_set_angles_s.c
[0.832s] -- Up-to-date symlink: /home/david/ros2_ws/install/mecharm_interfaces/local/lib/python3.10/dist-packages/mecharm_interfaces/msg/_mecharm_set_coords.py
[0.832s] -- Up-to-date symlink: /home/david/ros2_ws/install/mecharm_interfaces/local/lib/python3.10/dist-packages/mecharm_interfaces/msg/_mecharm_set_coords_s.c
[0.833s] -- Up-to-date symlink: /home/david/ros2_ws/install/mecharm_interfaces/local/lib/python3.10/dist-packages/mecharm_interfaces/srv/__init__.py
[0.833s] -- Up-to-date symlink: /home/david/ros2_ws/install/mecharm_interfaces/local/lib/python3.10/dist-packages/mecharm_interfaces/srv/_get_angles.py
[0.833s] -- Up-to-date symlink: /home/david/ros2_ws/install/mecharm_interfaces/local/lib/python3.10/dist-packages/mecharm_interfaces/srv/_get_angles_s.c
[0.833s] -- Up-to-date symlink: /home/david/ros2_ws/install/mecharm_interfaces/local/lib/python3.10/dist-packages/mecharm_interfaces/srv/_get_coords.py
[0.833s] -- Up-to-date symlink: /home/david/ros2_ws/install/mecharm_interfaces/local/lib/python3.10/dist-packages/mecharm_interfaces/srv/_get_coords_s.c
[0.833s] -- Up-to-date symlink: /home/david/ros2_ws/install/mecharm_interfaces/local/lib/python3.10/dist-packages/mecharm_interfaces/srv/_gripper_status.py
[0.833s] -- Up-to-date symlink: /home/david/ros2_ws/install/mecharm_interfaces/local/lib/python3.10/dist-packages/mecharm_interfaces/srv/_gripper_status_s.c
[0.833s] -- Up-to-date symlink: /home/david/ros2_ws/install/mecharm_interfaces/local/lib/python3.10/dist-packages/mecharm_interfaces/srv/_pump_status.py
[0.833s] -- Up-to-date symlink: /home/david/ros2_ws/install/mecharm_interfaces/local/lib/python3.10/dist-packages/mecharm_interfaces/srv/_pump_status_s.c
[0.833s] -- Up-to-date symlink: /home/david/ros2_ws/install/mecharm_interfaces/local/lib/python3.10/dist-packages/mecharm_interfaces/srv/_set_angles.py
[0.833s] -- Up-to-date symlink: /home/david/ros2_ws/install/mecharm_interfaces/local/lib/python3.10/dist-packages/mecharm_interfaces/srv/_set_angles_s.c
[0.833s] -- Up-to-date symlink: /home/david/ros2_ws/install/mecharm_interfaces/local/lib/python3.10/dist-packages/mecharm_interfaces/srv/_set_coords.py
[0.834s] -- Up-to-date symlink: /home/david/ros2_ws/install/mecharm_interfaces/local/lib/python3.10/dist-packages/mecharm_interfaces/srv/_set_coords_s.c
[0.834s] -- Up-to-date symlink: /home/david/ros2_ws/install/mecharm_interfaces/local/lib/python3.10/dist-packages/mecharm_interfaces/mecharm_interfaces_s__rosidl_typesupport_fastrtps_c.cpython-310-x86_64-linux-gnu.so
[0.834s] -- Up-to-date symlink: /home/david/ros2_ws/install/mecharm_interfaces/local/lib/python3.10/dist-packages/mecharm_interfaces/mecharm_interfaces_s__rosidl_typesupport_introspection_c.cpython-310-x86_64-linux-gnu.so
[0.834s] -- Up-to-date symlink: /home/david/ros2_ws/install/mecharm_interfaces/local/lib/python3.10/dist-packages/mecharm_interfaces/mecharm_interfaces_s__rosidl_typesupport_c.cpython-310-x86_64-linux-gnu.so
[0.834s] -- Up-to-date symlink: /home/david/ros2_ws/install/mecharm_interfaces/share/mecharm_interfaces/msg/MecharmAngles.idl
[0.834s] -- Up-to-date symlink: /home/david/ros2_ws/install/mecharm_interfaces/share/mecharm_interfaces/msg/MecharmCoords.idl
[0.834s] -- Up-to-date symlink: /home/david/ros2_ws/install/mecharm_interfaces/share/mecharm_interfaces/msg/MecharmSetAngles.idl
[0.834s] -- Up-to-date symlink: /home/david/ros2_ws/install/mecharm_interfaces/share/mecharm_interfaces/msg/MecharmSetCoords.idl
[0.834s] -- Up-to-date symlink: /home/david/ros2_ws/install/mecharm_interfaces/share/mecharm_interfaces/msg/MecharmGripperStatus.idl
[0.835s] -- Up-to-date symlink: /home/david/ros2_ws/install/mecharm_interfaces/share/mecharm_interfaces/msg/MecharmPumpStatus.idl
[0.835s] -- Up-to-date symlink: /home/david/ros2_ws/install/mecharm_interfaces/share/mecharm_interfaces/srv/GetAngles.idl
[0.835s] -- Up-to-date symlink: /home/david/ros2_ws/install/mecharm_interfaces/share/mecharm_interfaces/srv/SetAngles.idl
[0.835s] -- Up-to-date symlink: /home/david/ros2_ws/install/mecharm_interfaces/share/mecharm_interfaces/srv/GetCoords.idl
[0.835s] -- Up-to-date symlink: /home/david/ros2_ws/install/mecharm_interfaces/share/mecharm_interfaces/srv/SetCoords.idl
[0.835s] -- Up-to-date symlink: /home/david/ros2_ws/install/mecharm_interfaces/share/mecharm_interfaces/srv/GripperStatus.idl
[0.835s] -- Up-to-date symlink: /home/david/ros2_ws/install/mecharm_interfaces/share/mecharm_interfaces/srv/PumpStatus.idl
[0.836s] -- Up-to-date symlink: /home/david/ros2_ws/install/mecharm_interfaces/share/mecharm_interfaces/msg/MecharmAngles.msg
[0.836s] -- Up-to-date symlink: /home/david/ros2_ws/install/mecharm_interfaces/share/mecharm_interfaces/msg/MecharmCoords.msg
[0.836s] -- Up-to-date symlink: /home/david/ros2_ws/install/mecharm_interfaces/share/mecharm_interfaces/msg/MecharmSetAngles.msg
[0.836s] -- Up-to-date symlink: /home/david/ros2_ws/install/mecharm_interfaces/share/mecharm_interfaces/msg/MecharmSetCoords.msg
[0.836s] -- Up-to-date symlink: /home/david/ros2_ws/install/mecharm_interfaces/share/mecharm_interfaces/msg/MecharmGripperStatus.msg
[0.837s] -- Up-to-date symlink: /home/david/ros2_ws/install/mecharm_interfaces/share/mecharm_interfaces/msg/MecharmPumpStatus.msg
[0.837s] -- Up-to-date symlink: /home/david/ros2_ws/install/mecharm_interfaces/share/mecharm_interfaces/srv/GetAngles.srv
[0.837s] -- Up-to-date symlink: /home/david/ros2_ws/install/mecharm_interfaces/share/mecharm_interfaces/srv/GetAngles_Request.msg
[0.837s] -- Up-to-date symlink: /home/david/ros2_ws/install/mecharm_interfaces/share/mecharm_interfaces/srv/GetAngles_Response.msg
[0.837s] -- Up-to-date symlink: /home/david/ros2_ws/install/mecharm_interfaces/share/mecharm_interfaces/srv/SetAngles.srv
[0.837s] -- Up-to-date symlink: /home/david/ros2_ws/install/mecharm_interfaces/share/mecharm_interfaces/srv/SetAngles_Request.msg
[0.837s] -- Up-to-date symlink: /home/david/ros2_ws/install/mecharm_interfaces/share/mecharm_interfaces/srv/SetAngles_Response.msg
[0.837s] -- Up-to-date symlink: /home/david/ros2_ws/install/mecharm_interfaces/share/mecharm_interfaces/srv/GetCoords.srv
[0.838s] -- Up-to-date symlink: /home/david/ros2_ws/install/mecharm_interfaces/share/mecharm_interfaces/srv/GetCoords_Request.msg
[0.838s] -- Up-to-date symlink: /home/david/ros2_ws/install/mecharm_interfaces/share/mecharm_interfaces/srv/GetCoords_Response.msg
[0.838s] -- Up-to-date symlink: /home/david/ros2_ws/install/mecharm_interfaces/share/mecharm_interfaces/srv/SetCoords.srv
[0.838s] -- Up-to-date symlink: /home/david/ros2_ws/install/mecharm_interfaces/share/mecharm_interfaces/srv/SetCoords_Request.msg
[0.838s] -- Up-to-date symlink: /home/david/ros2_ws/install/mecharm_interfaces/share/mecharm_interfaces/srv/SetCoords_Response.msg
[0.838s] -- Up-to-date symlink: /home/david/ros2_ws/install/mecharm_interfaces/share/mecharm_interfaces/srv/GripperStatus.srv
[0.838s] -- Up-to-date symlink: /home/david/ros2_ws/install/mecharm_interfaces/share/mecharm_interfaces/srv/GripperStatus_Request.msg
[0.839s] -- Up-to-date symlink: /home/david/ros2_ws/install/mecharm_interfaces/share/mecharm_interfaces/srv/GripperStatus_Response.msg
[0.839s] -- Up-to-date symlink: /home/david/ros2_ws/install/mecharm_interfaces/share/mecharm_interfaces/srv/PumpStatus.srv
[0.839s] -- Up-to-date symlink: /home/david/ros2_ws/install/mecharm_interfaces/share/mecharm_interfaces/srv/PumpStatus_Request.msg
[0.839s] -- Up-to-date symlink: /home/david/ros2_ws/install/mecharm_interfaces/share/mecharm_interfaces/srv/PumpStatus_Response.msg
[0.839s] -- Up-to-date symlink: /home/david/ros2_ws/install/mecharm_interfaces/share/ament_index/resource_index/package_run_dependencies/mecharm_interfaces
[0.839s] -- Up-to-date symlink: /home/david/ros2_ws/install/mecharm_interfaces/share/ament_index/resource_index/parent_prefix_path/mecharm_interfaces
[0.840s] -- Up-to-date symlink: /home/david/ros2_ws/install/mecharm_interfaces/share/mecharm_interfaces/environment/ament_prefix_path.sh
[0.840s] -- Up-to-date symlink: /home/david/ros2_ws/install/mecharm_interfaces/share/mecharm_interfaces/environment/ament_prefix_path.dsv
[0.840s] -- Up-to-date symlink: /home/david/ros2_ws/install/mecharm_interfaces/share/mecharm_interfaces/environment/path.sh
[0.840s] -- Up-to-date symlink: /home/david/ros2_ws/install/mecharm_interfaces/share/mecharm_interfaces/environment/path.dsv
[0.840s] -- Up-to-date symlink: /home/david/ros2_ws/install/mecharm_interfaces/share/mecharm_interfaces/local_setup.bash
[0.840s] -- Up-to-date symlink: /home/david/ros2_ws/install/mecharm_interfaces/share/mecharm_interfaces/local_setup.sh
[0.841s] -- Up-to-date symlink: /home/david/ros2_ws/install/mecharm_interfaces/share/mecharm_interfaces/local_setup.zsh
[0.841s] -- Up-to-date symlink: /home/david/ros2_ws/install/mecharm_interfaces/share/mecharm_interfaces/local_setup.dsv
[0.841s] -- Symlinking: /home/david/ros2_ws/install/mecharm_interfaces/share/mecharm_interfaces/package.dsv
[0.848s] -- Up-to-date symlink: /home/david/ros2_ws/install/mecharm_interfaces/share/ament_index/resource_index/packages/mecharm_interfaces
[0.848s] -- Up-to-date symlink: /home/david/ros2_ws/install/mecharm_interfaces/share/mecharm_interfaces/cmake/rosidl_cmake-extras.cmake
[0.848s] -- Up-to-date symlink: /home/david/ros2_ws/install/mecharm_interfaces/share/mecharm_interfaces/cmake/ament_cmake_export_dependencies-extras.cmake
[0.848s] -- Up-to-date symlink: /home/david/ros2_ws/install/mecharm_interfaces/share/mecharm_interfaces/cmake/ament_cmake_export_include_directories-extras.cmake
[0.848s] -- Up-to-date symlink: /home/david/ros2_ws/install/mecharm_interfaces/share/mecharm_interfaces/cmake/ament_cmake_export_libraries-extras.cmake
[0.849s] -- Up-to-date symlink: /home/david/ros2_ws/install/mecharm_interfaces/share/mecharm_interfaces/cmake/ament_cmake_export_targets-extras.cmake
[0.849s] -- Up-to-date symlink: /home/david/ros2_ws/install/mecharm_interfaces/share/mecharm_interfaces/cmake/rosidl_cmake_export_typesupport_targets-extras.cmake
[0.849s] -- Up-to-date symlink: /home/david/ros2_ws/install/mecharm_interfaces/share/mecharm_interfaces/cmake/rosidl_cmake_export_typesupport_libraries-extras.cmake
[0.850s] -- Up-to-date symlink: /home/david/ros2_ws/install/mecharm_interfaces/share/mecharm_interfaces/cmake/mecharm_interfacesConfig.cmake
[0.850s] -- Up-to-date symlink: /home/david/ros2_ws/install/mecharm_interfaces/share/mecharm_interfaces/cmake/mecharm_interfacesConfig-version.cmake
[0.850s] -- Up-to-date symlink: /home/david/ros2_ws/install/mecharm_interfaces/share/mecharm_interfaces/package.xml
[0.850s] -- Up-to-date: /home/david/ros2_ws/install/mecharm_interfaces/lib/libmecharm_interfaces__rosidl_generator_c.so
[0.850s] -- Up-to-date: /home/david/ros2_ws/install/mecharm_interfaces/lib/libmecharm_interfaces__rosidl_typesupport_fastrtps_c.so
[0.850s] -- Up-to-date: /home/david/ros2_ws/install/mecharm_interfaces/lib/libmecharm_interfaces__rosidl_typesupport_introspection_c.so
[0.850s] -- Up-to-date: /home/david/ros2_ws/install/mecharm_interfaces/lib/libmecharm_interfaces__rosidl_typesupport_c.so
[0.850s] -- Up-to-date: /home/david/ros2_ws/install/mecharm_interfaces/lib/libmecharm_interfaces__rosidl_typesupport_fastrtps_cpp.so
[0.850s] -- Up-to-date: /home/david/ros2_ws/install/mecharm_interfaces/lib/libmecharm_interfaces__rosidl_typesupport_introspection_cpp.so
[0.851s] -- Up-to-date: /home/david/ros2_ws/install/mecharm_interfaces/lib/libmecharm_interfaces__rosidl_typesupport_cpp.so
[0.891s] Listing '/home/david/ros2_ws/install/mecharm_interfaces/local/lib/python3.10/dist-packages/mecharm_interfaces'...
[0.891s] Listing '/home/david/ros2_ws/install/mecharm_interfaces/local/lib/python3.10/dist-packages/mecharm_interfaces/msg'...
[0.892s] Listing '/home/david/ros2_ws/install/mecharm_interfaces/local/lib/python3.10/dist-packages/mecharm_interfaces/srv'...
[0.895s] -- Up-to-date: /home/david/ros2_ws/install/mecharm_interfaces/lib/libmecharm_interfaces__rosidl_generator_py.so
[0.896s] -- Up-to-date: /home/david/ros2_ws/install/mecharm_interfaces/share/mecharm_interfaces/cmake/export_mecharm_interfaces__rosidl_generator_cExport.cmake
[0.896s] -- Up-to-date: /home/david/ros2_ws/install/mecharm_interfaces/share/mecharm_interfaces/cmake/export_mecharm_interfaces__rosidl_generator_cExport-noconfig.cmake
[0.896s] -- Up-to-date: /home/david/ros2_ws/install/mecharm_interfaces/share/mecharm_interfaces/cmake/export_mecharm_interfaces__rosidl_typesupport_fastrtps_cExport.cmake
[0.896s] -- Up-to-date: /home/david/ros2_ws/install/mecharm_interfaces/share/mecharm_interfaces/cmake/export_mecharm_interfaces__rosidl_typesupport_fastrtps_cExport-noconfig.cmake
[0.897s] -- Up-to-date: /home/david/ros2_ws/install/mecharm_interfaces/share/mecharm_interfaces/cmake/mecharm_interfaces__rosidl_typesupport_introspection_cExport.cmake
[0.897s] -- Up-to-date: /home/david/ros2_ws/install/mecharm_interfaces/share/mecharm_interfaces/cmake/mecharm_interfaces__rosidl_typesupport_introspection_cExport-noconfig.cmake
[0.897s] -- Up-to-date: /home/david/ros2_ws/install/mecharm_interfaces/share/mecharm_interfaces/cmake/mecharm_interfaces__rosidl_typesupport_cExport.cmake
[0.897s] -- Up-to-date: /home/david/ros2_ws/install/mecharm_interfaces/share/mecharm_interfaces/cmake/mecharm_interfaces__rosidl_typesupport_cExport-noconfig.cmake
[0.897s] -- Up-to-date: /home/david/ros2_ws/install/mecharm_interfaces/share/mecharm_interfaces/cmake/export_mecharm_interfaces__rosidl_generator_cppExport.cmake
[0.897s] -- Up-to-date: /home/david/ros2_ws/install/mecharm_interfaces/share/mecharm_interfaces/cmake/export_mecharm_interfaces__rosidl_typesupport_fastrtps_cppExport.cmake
[0.897s] -- Up-to-date: /home/david/ros2_ws/install/mecharm_interfaces/share/mecharm_interfaces/cmake/export_mecharm_interfaces__rosidl_typesupport_fastrtps_cppExport-noconfig.cmake
[0.897s] -- Up-to-date: /home/david/ros2_ws/install/mecharm_interfaces/share/mecharm_interfaces/cmake/mecharm_interfaces__rosidl_typesupport_introspection_cppExport.cmake
[0.897s] -- Up-to-date: /home/david/ros2_ws/install/mecharm_interfaces/share/mecharm_interfaces/cmake/mecharm_interfaces__rosidl_typesupport_introspection_cppExport-noconfig.cmake
[0.897s] -- Up-to-date: /home/david/ros2_ws/install/mecharm_interfaces/share/mecharm_interfaces/cmake/mecharm_interfaces__rosidl_typesupport_cppExport.cmake
[0.897s] -- Up-to-date: /home/david/ros2_ws/install/mecharm_interfaces/share/mecharm_interfaces/cmake/mecharm_interfaces__rosidl_typesupport_cppExport-noconfig.cmake
[0.898s] -- Up-to-date: /home/david/ros2_ws/install/mecharm_interfaces/share/mecharm_interfaces/cmake/export_mecharm_interfaces__rosidl_generator_pyExport.cmake
[0.898s] -- Up-to-date: /home/david/ros2_ws/install/mecharm_interfaces/share/mecharm_interfaces/cmake/export_mecharm_interfaces__rosidl_generator_pyExport-noconfig.cmake
[0.902s] Invoked command in '/home/david/ros2_ws/build/mecharm_interfaces' returned '0': CMAKE_PREFIX_PATH=${CMAKE_PREFIX_PATH}:/home/david/ros2_ws/install/ultraarm:/home/david/ros2_ws/install/mypalletizer_260_pi:/home/david/ros2_ws/install/mypalletizer_260:/home/david/ros2_ws/install/mypalletizer_communication:/home/david/ros2_ws/install/mycobot_630:/home/david/ros2_ws/install/mycobot_600:/home/david/ros2_ws/install/mycobot_320pi:/home/david/ros2_ws/install/mycobot_320:/home/david/ros2_ws/install/mycobot_280pi:/home/david/ros2_ws/install/mycobot_280jn:/home/david/ros2_ws/install/mycobot_280_x3pi:/home/david/ros2_ws/install/mycobot_280:/home/david/ros2_ws/install/myarm_m750:/home/david/ros2_ws/install/myarm_c650:/home/david/ros2_ws/install/myarm_300:/home/david/ros2_ws/install/mycobot_communication:/home/david/ros2_ws/install/mecharm_pi:/home/david/ros2_ws/install/mecharm:/home/david/ros2_ws/install/mecharm_communication:/home/david/ros2_ws/install/mybuddy:/home/david/ros2_ws/install/mycobot_description:/home/david/ros2_ws/install/my_py_pkg:/opt/ros/humble /usr/bin/cmake --install /home/david/ros2_ws/build/mecharm_interfaces
