running develop
/usr/lib/python3/dist-packages/setuptools/command/easy_install.py:158: EasyInstallDeprecationWarning: easy_install command is deprecated. Use build and pip and other standards-based tools.
  warnings.warn(
running egg_info
writing mycobot_320.egg-info/PKG-INFO
writing dependency_links to mycobot_320.egg-info/dependency_links.txt
writing entry points to mycobot_320.egg-info/entry_points.txt
writing requirements to mycobot_320.egg-info/requires.txt
writing top-level names to mycobot_320.egg-info/top_level.txt
reading manifest file 'mycobot_320.egg-info/SOURCES.txt'
writing manifest file 'mycobot_320.egg-info/SOURCES.txt'
running build_ext
Creating /home/david/ros2_ws/install/mycobot_320/lib/python3.10/site-packages/mycobot-320.egg-link (link to .)
Installing camera_display script to /home/david/ros2_ws/install/mycobot_320/lib/mycobot_320
Installing detect_marker script to /home/david/ros2_ws/install/mycobot_320/lib/mycobot_320
Installing follow_display script to /home/david/ros2_ws/install/mycobot_320/lib/mycobot_320
Installing following_marker script to /home/david/ros2_ws/install/mycobot_320/lib/mycobot_320
Installing listen_real script to /home/david/ros2_ws/install/mycobot_320/lib/mycobot_320
Installing listen_real_of_topic script to /home/david/ros2_ws/install/mycobot_320/lib/mycobot_320
Installing opencv_camera script to /home/david/ros2_ws/install/mycobot_320/lib/mycobot_320
Installing simple_gui script to /home/david/ros2_ws/install/mycobot_320/lib/mycobot_320
Installing slider_control script to /home/david/ros2_ws/install/mycobot_320/lib/mycobot_320
Installing teleop_keyboard script to /home/david/ros2_ws/install/mycobot_320/lib/mycobot_320

Installed /home/david/ros2_ws/build/mycobot_320
running symlink_data
