[0.816s] Invoking command in '/home/david/ros2_ws/build/mycobot_630': AMENT_PREFIX_PATH=/home/david/ros2_ws/install/mycobot_communication:/home/david/ros2_ws/install/mycobot_interfaces:/home/david/ros2_ws/install/mycobot_description:${AMENT_PREFIX_PATH} CMAKE_PREFIX_PATH=/home/david/ros2_ws/install/mycobot_interfaces LD_LIBRARY_PATH=/home/david/ros2_ws/install/mycobot_interfaces/lib:${LD_LIBRARY_PATH} PYTHONPATH=/home/david/ros2_ws/build/mycobot_630/prefix_override:/usr/lib/python3/dist-packages/colcon_core/task/python/colcon_distutils_commands:/home/david/ros2_ws/install/mycobot_630/lib/python3.10/site-packages:/home/david/ros2_ws/build/mycobot_communication:/home/david/ros2_ws/install/mycobot_communication/lib/python3.10/site-packages:/home/david/ros2_ws/install/mycobot_interfaces/local/lib/python3.10/dist-packages:/home/david/ros2_ws/build/mycobot_description:/home/david/ros2_ws/install/mycobot_description/lib/python3.10/site-packages:${PYTHONPATH} /usr/bin/python3 -W ignore:setup.py install is deprecated setup.py develop --editable --build-directory /home/david/ros2_ws/build/mycobot_630/build --no-deps symlink_data
[0.964s] running develop
[0.965s] /usr/lib/python3/dist-packages/setuptools/command/easy_install.py:158: EasyInstallDeprecationWarning: easy_install command is deprecated. Use build and pip and other standards-based tools.
[0.965s]   warnings.warn(
[1.042s] running egg_info
[1.042s] creating mycobot_630.egg-info
[1.042s] writing mycobot_630.egg-info/PKG-INFO
[1.043s] writing dependency_links to mycobot_630.egg-info/dependency_links.txt
[1.043s] writing entry points to mycobot_630.egg-info/entry_points.txt
[1.043s] writing requirements to mycobot_630.egg-info/requires.txt
[1.043s] writing top-level names to mycobot_630.egg-info/top_level.txt
[1.043s] writing manifest file 'mycobot_630.egg-info/SOURCES.txt'
[1.044s] reading manifest file 'mycobot_630.egg-info/SOURCES.txt'
[1.045s] writing manifest file 'mycobot_630.egg-info/SOURCES.txt'
[1.046s] running build_ext
[1.046s] Creating /home/david/ros2_ws/install/mycobot_630/lib/python3.10/site-packages/mycobot-630.egg-link (link to .)
[1.047s] Installing slider_control script to /home/david/ros2_ws/install/mycobot_630/lib/mycobot_630
[1.047s] 
[1.047s] Installed /home/david/ros2_ws/build/mycobot_630
[1.047s] running symlink_data
[1.047s] creating /home/david/ros2_ws/install/mycobot_630/share/ament_index
[1.047s] creating /home/david/ros2_ws/install/mycobot_630/share/ament_index/resource_index
[1.047s] creating /home/david/ros2_ws/install/mycobot_630/share/ament_index/resource_index/packages
[1.047s] symbolically linking /home/david/ros2_ws/build/mycobot_630/resource/mycobot_630 -> /home/david/ros2_ws/install/mycobot_630/share/ament_index/resource_index/packages
[1.048s] symbolically linking /home/david/ros2_ws/build/mycobot_630/package.xml -> /home/david/ros2_ws/install/mycobot_630/share/mycobot_630
[1.048s] creating /home/david/ros2_ws/install/mycobot_630/share/mycobot_630/launch
[1.048s] symbolically linking /home/david/ros2_ws/build/mycobot_630/launch/test.launch.py -> /home/david/ros2_ws/install/mycobot_630/share/mycobot_630/launch
[1.048s] symbolically linking /home/david/ros2_ws/build/mycobot_630/launch/slider_control.launch.py -> /home/david/ros2_ws/install/mycobot_630/share/mycobot_630/launch
[1.048s] creating /home/david/ros2_ws/install/mycobot_630/share/mycobot_630/config
[1.048s] symbolically linking /home/david/ros2_ws/build/mycobot_630/config/mycobot_630.rviz -> /home/david/ros2_ws/install/mycobot_630/share/mycobot_630/config
[1.078s] Invoked command in '/home/david/ros2_ws/build/mycobot_630' returned '0': AMENT_PREFIX_PATH=/home/david/ros2_ws/install/mycobot_communication:/home/david/ros2_ws/install/mycobot_interfaces:/home/david/ros2_ws/install/mycobot_description:${AMENT_PREFIX_PATH} CMAKE_PREFIX_PATH=/home/david/ros2_ws/install/mycobot_interfaces LD_LIBRARY_PATH=/home/david/ros2_ws/install/mycobot_interfaces/lib:${LD_LIBRARY_PATH} PYTHONPATH=/home/david/ros2_ws/build/mycobot_630/prefix_override:/usr/lib/python3/dist-packages/colcon_core/task/python/colcon_distutils_commands:/home/david/ros2_ws/install/mycobot_630/lib/python3.10/site-packages:/home/david/ros2_ws/build/mycobot_communication:/home/david/ros2_ws/install/mycobot_communication/lib/python3.10/site-packages:/home/david/ros2_ws/install/mycobot_interfaces/local/lib/python3.10/dist-packages:/home/david/ros2_ws/build/mycobot_description:/home/david/ros2_ws/install/mycobot_description/lib/python3.10/site-packages:${PYTHONPATH} /usr/bin/python3 -W ignore:setup.py install is deprecated setup.py develop --editable --build-directory /home/david/ros2_ws/build/mycobot_630/build --no-deps symlink_data
