running develop
/usr/lib/python3/dist-packages/setuptools/command/easy_install.py:158: EasyInstallDeprecationWarning: easy_install command is deprecated. Use build and pip and other standards-based tools.
  warnings.warn(
running egg_info
creating mypalletizer_260_pi.egg-info
writing mypalletizer_260_pi.egg-info/PKG-INFO
writing dependency_links to mypalletizer_260_pi.egg-info/dependency_links.txt
writing entry points to mypalletizer_260_pi.egg-info/entry_points.txt
writing requirements to mypalletizer_260_pi.egg-info/requires.txt
writing top-level names to mypalletizer_260_pi.egg-info/top_level.txt
writing manifest file 'mypalletizer_260_pi.egg-info/SOURCES.txt'
reading manifest file 'mypalletizer_260_pi.egg-info/SOURCES.txt'
writing manifest file 'mypalletizer_260_pi.egg-info/SOURCES.txt'
running build_ext
Creating /home/david/ros2_ws/install/mypalletizer_260_pi/lib/python3.10/site-packages/mypalletizer-260-pi.egg-link (link to .)
Installing detect_marker script to /home/david/ros2_ws/install/mypalletizer_260_pi/lib/mypalletizer_260_pi
Installing follow_display script to /home/david/ros2_ws/install/mypalletizer_260_pi/lib/mypalletizer_260_pi
Installing following_marker script to /home/david/ros2_ws/install/mypalletizer_260_pi/lib/mypalletizer_260_pi
Installing listen_real script to /home/david/ros2_ws/install/mypalletizer_260_pi/lib/mypalletizer_260_pi
Installing listen_real_of_topic script to /home/david/ros2_ws/install/mypalletizer_260_pi/lib/mypalletizer_260_pi
Installing simple_gui script to /home/david/ros2_ws/install/mypalletizer_260_pi/lib/mypalletizer_260_pi
Installing slider_control script to /home/david/ros2_ws/install/mypalletizer_260_pi/lib/mypalletizer_260_pi
Installing teleop_keyboard script to /home/david/ros2_ws/install/mypalletizer_260_pi/lib/mypalletizer_260_pi

Installed /home/david/ros2_ws/build/mypalletizer_260_pi
running symlink_data
creating /home/david/ros2_ws/install/mypalletizer_260_pi/share/ament_index
creating /home/david/ros2_ws/install/mypalletizer_260_pi/share/ament_index/resource_index
creating /home/david/ros2_ws/install/mypalletizer_260_pi/share/ament_index/resource_index/packages
symbolically linking /home/david/ros2_ws/build/mypalletizer_260_pi/resource/mypalletizer_260_pi -> /home/david/ros2_ws/install/mypalletizer_260_pi/share/ament_index/resource_index/packages
symbolically linking /home/david/ros2_ws/build/mypalletizer_260_pi/package.xml -> /home/david/ros2_ws/install/mypalletizer_260_pi/share/mypalletizer_260_pi
creating /home/david/ros2_ws/install/mypalletizer_260_pi/share/mypalletizer_260_pi/launch
symbolically linking /home/david/ros2_ws/build/mypalletizer_260_pi/launch/test.launch.py -> /home/david/ros2_ws/install/mypalletizer_260_pi/share/mypalletizer_260_pi/launch
symbolically linking /home/david/ros2_ws/build/mypalletizer_260_pi/launch/teleop_keyboard.launch.py -> /home/david/ros2_ws/install/mypalletizer_260_pi/share/mypalletizer_260_pi/launch
symbolically linking /home/david/ros2_ws/build/mypalletizer_260_pi/launch/detect_marker_with_topic.launch.py -> /home/david/ros2_ws/install/mypalletizer_260_pi/share/mypalletizer_260_pi/launch
symbolically linking /home/david/ros2_ws/build/mypalletizer_260_pi/launch/simple_gui.launch.py -> /home/david/ros2_ws/install/mypalletizer_260_pi/share/mypalletizer_260_pi/launch
symbolically linking /home/david/ros2_ws/build/mypalletizer_260_pi/launch/follow.launch.py -> /home/david/ros2_ws/install/mypalletizer_260_pi/share/mypalletizer_260_pi/launch
symbolically linking /home/david/ros2_ws/build/mypalletizer_260_pi/launch/slider_control.launch.py -> /home/david/ros2_ws/install/mypalletizer_260_pi/share/mypalletizer_260_pi/launch
symbolically linking /home/david/ros2_ws/build/mypalletizer_260_pi/launch/detect_marker.launch.py -> /home/david/ros2_ws/install/mypalletizer_260_pi/share/mypalletizer_260_pi/launch
creating /home/david/ros2_ws/install/mypalletizer_260_pi/share/mypalletizer_260_pi/config
symbolically linking /home/david/ros2_ws/build/mypalletizer_260_pi/config/mypalletizer_pi.rviz -> /home/david/ros2_ws/install/mypalletizer_260_pi/share/mypalletizer_260_pi/config
symbolically linking /home/david/ros2_ws/build/mypalletizer_260_pi/config/mycobot_with_marker.rviz -> /home/david/ros2_ws/install/mypalletizer_260_pi/share/mypalletizer_260_pi/config
