running develop
running egg_info
writing mycobot_280.egg-info/PKG-INFO
writing dependency_links to mycobot_280.egg-info/dependency_links.txt
writing entry points to mycobot_280.egg-info/entry_points.txt
writing requirements to mycobot_280.egg-info/requires.txt
writing top-level names to mycobot_280.egg-info/top_level.txt
reading manifest file 'mycobot_280.egg-info/SOURCES.txt'
writing manifest file 'mycobot_280.egg-info/SOURCES.txt'
running build_ext
Creating /home/david/ros2_ws/install/mycobot_280/lib/python3.10/site-packages/mycobot-280.egg-link (link to .)
Installing aruco_marker script to /home/david/ros2_ws/install/mycobot_280/lib/mycobot_280
Installing camera_display script to /home/david/ros2_ws/install/mycobot_280/lib/mycobot_280
Installing detect_marker script to /home/david/ros2_ws/install/mycobot_280/lib/mycobot_280
Installing follow_display script to /home/david/ros2_ws/install/mycobot_280/lib/mycobot_280
Installing following_marker script to /home/david/ros2_ws/install/mycobot_280/lib/mycobot_280
Installing listen_real script to /home/david/ros2_ws/install/mycobot_280/lib/mycobot_280
Installing listen_real_of_topic script to /home/david/ros2_ws/install/mycobot_280/lib/mycobot_280
Installing opencv_camera script to /home/david/ros2_ws/install/mycobot_280/lib/mycobot_280
Installing origen script to /home/david/ros2_ws/install/mycobot_280/lib/mycobot_280
Installing rutina script to /home/david/ros2_ws/install/mycobot_280/lib/mycobot_280
Installing rutina2 script to /home/david/ros2_ws/install/mycobot_280/lib/mycobot_280
Installing simple_gui script to /home/david/ros2_ws/install/mycobot_280/lib/mycobot_280
Installing slider_control script to /home/david/ros2_ws/install/mycobot_280/lib/mycobot_280
Installing teleop_keyboard script to /home/david/ros2_ws/install/mycobot_280/lib/mycobot_280

Installed /home/david/ros2_ws/build/mycobot_280
running symlink_data
symbolically linking /home/david/ros2_ws/build/mycobot_280/resource/mycobot_280 -> /home/david/ros2_ws/install/mycobot_280/share/ament_index/resource_index/packages
symbolically linking /home/david/ros2_ws/build/mycobot_280/package.xml -> /home/david/ros2_ws/install/mycobot_280/share/mycobot_280
symbolically linking /home/david/ros2_ws/build/mycobot_280/launch/slider_control_camera_flange.launch.py -> /home/david/ros2_ws/install/mycobot_280/share/mycobot_280/launch
symbolically linking /home/david/ros2_ws/build/mycobot_280/launch/test.launch.py -> /home/david/ros2_ws/install/mycobot_280/share/mycobot_280/launch
symbolically linking /home/david/ros2_ws/build/mycobot_280/launch/teleop_keyboard.launch.py -> /home/david/ros2_ws/install/mycobot_280/share/mycobot_280/launch
symbolically linking /home/david/ros2_ws/build/mycobot_280/launch/detect_marker_with_topic.launch.py -> /home/david/ros2_ws/install/mycobot_280/share/mycobot_280/launch
symbolically linking /home/david/ros2_ws/build/mycobot_280/launch/simple_gui.launch.py -> /home/david/ros2_ws/install/mycobot_280/share/mycobot_280/launch
symbolically linking /home/david/ros2_ws/build/mycobot_280/launch/test_camera_flange_pump.launch.py -> /home/david/ros2_ws/install/mycobot_280/share/mycobot_280/launch
symbolically linking /home/david/ros2_ws/build/mycobot_280/launch/test_pump.launch.py -> /home/david/ros2_ws/install/mycobot_280/share/mycobot_280/launch
symbolically linking /home/david/ros2_ws/build/mycobot_280/launch/test_camera_flange.launch.py -> /home/david/ros2_ws/install/mycobot_280/share/mycobot_280/launch
symbolically linking /home/david/ros2_ws/build/mycobot_280/launch/mycobot_follow.launch.py -> /home/david/ros2_ws/install/mycobot_280/share/mycobot_280/launch
symbolically linking /home/david/ros2_ws/build/mycobot_280/launch/simple_gui_pump.launch.py -> /home/david/ros2_ws/install/mycobot_280/share/mycobot_280/launch
symbolically linking /home/david/ros2_ws/build/mycobot_280/launch/slider_control.launch.py -> /home/david/ros2_ws/install/mycobot_280/share/mycobot_280/launch
symbolically linking /home/david/ros2_ws/build/mycobot_280/launch/slider_control_pump.launch.py -> /home/david/ros2_ws/install/mycobot_280/share/mycobot_280/launch
symbolically linking /home/david/ros2_ws/build/mycobot_280/launch/detect_marker.launch.py -> /home/david/ros2_ws/install/mycobot_280/share/mycobot_280/launch
symbolically linking /home/david/ros2_ws/build/mycobot_280/launch/origen.launch.py -> /home/david/ros2_ws/install/mycobot_280/share/mycobot_280/launch
symbolically linking /home/david/ros2_ws/build/mycobot_280/config/mycobot_with_marker.rviz -> /home/david/ros2_ws/install/mycobot_280/share/mycobot_280/config
symbolically linking /home/david/ros2_ws/build/mycobot_280/config/mycobot.rviz -> /home/david/ros2_ws/install/mycobot_280/share/mycobot_280/config
