[2.349s] Invoking command in '/home/david/ros2_ws/build/mybuddy': AMENT_PREFIX_PATH=/home/david/ros2_ws/install/mycobot_communication:/home/david/ros2_ws/install/mycobot_interfaces:/home/david/ros2_ws/install/mycobot_description:${AMENT_PREFIX_PATH} CMAKE_PREFIX_PATH=/home/david/ros2_ws/install/mycobot_interfaces LD_LIBRARY_PATH=/home/david/ros2_ws/install/mycobot_interfaces/lib:${LD_LIBRARY_PATH} PYTHONPATH=/home/david/ros2_ws/build/mybuddy/prefix_override:/usr/lib/python3/dist-packages/colcon_core/task/python/colcon_distutils_commands:/home/david/ros2_ws/install/mybuddy/lib/python3.10/site-packages:/home/david/ros2_ws/build/mycobot_communication:/home/david/ros2_ws/install/mycobot_communication/lib/python3.10/site-packages:/home/david/ros2_ws/install/mycobot_interfaces/local/lib/python3.10/dist-packages:/home/david/ros2_ws/build/mycobot_description:/home/david/ros2_ws/install/mycobot_description/lib/python3.10/site-packages:${PYTHONPATH} /usr/bin/python3 -W ignore:setup.py install is deprecated setup.py develop --editable --build-directory /home/david/ros2_ws/build/mybuddy/build --no-deps symlink_data
[3.072s] running develop
[3.074s] /usr/lib/python3/dist-packages/setuptools/command/easy_install.py:158: EasyInstallDeprecationWarning: easy_install command is deprecated. Use build and pip and other standards-based tools.
[3.075s]   warnings.warn(
[3.462s] running egg_info
[3.462s] creating mybuddy.egg-info
[3.462s] writing mybuddy.egg-info/PKG-INFO
[3.462s] writing dependency_links to mybuddy.egg-info/dependency_links.txt
[3.462s] writing entry points to mybuddy.egg-info/entry_points.txt
[3.462s] writing requirements to mybuddy.egg-info/requires.txt
[3.463s] writing top-level names to mybuddy.egg-info/top_level.txt
[3.463s] writing manifest file 'mybuddy.egg-info/SOURCES.txt'
[3.465s] reading manifest file 'mybuddy.egg-info/SOURCES.txt'
[3.466s] writing manifest file 'mybuddy.egg-info/SOURCES.txt'
[3.468s] running build_ext
[3.468s] Creating /home/david/ros2_ws/install/mybuddy/lib/python3.10/site-packages/mybuddy.egg-link (link to .)
[3.469s] Installing follow_display script to /home/david/ros2_ws/install/mybuddy/lib/mybuddy
[3.469s] Installing listen_real script to /home/david/ros2_ws/install/mybuddy/lib/mybuddy
[3.469s] Installing listen_real_of_topic script to /home/david/ros2_ws/install/mybuddy/lib/mybuddy
[3.469s] Installing slider_control script to /home/david/ros2_ws/install/mybuddy/lib/mybuddy
[3.469s] 
[3.470s] Installed /home/david/ros2_ws/build/mybuddy
[3.470s] running symlink_data
[3.470s] creating /home/david/ros2_ws/install/mybuddy/share/ament_index
[3.470s] creating /home/david/ros2_ws/install/mybuddy/share/ament_index/resource_index
[3.470s] creating /home/david/ros2_ws/install/mybuddy/share/ament_index/resource_index/packages
[3.470s] symbolically linking /home/david/ros2_ws/build/mybuddy/resource/mybuddy -> /home/david/ros2_ws/install/mybuddy/share/ament_index/resource_index/packages
[3.470s] symbolically linking /home/david/ros2_ws/build/mybuddy/package.xml -> /home/david/ros2_ws/install/mybuddy/share/mybuddy
[3.470s] creating /home/david/ros2_ws/install/mybuddy/share/mybuddy/launch
[3.470s] symbolically linking /home/david/ros2_ws/build/mybuddy/launch/test.launch.py -> /home/david/ros2_ws/install/mybuddy/share/mybuddy/launch
[3.470s] symbolically linking /home/david/ros2_ws/build/mybuddy/launch/slider_control.launch.py -> /home/david/ros2_ws/install/mybuddy/share/mybuddy/launch
[3.471s] symbolically linking /home/david/ros2_ws/build/mybuddy/launch/mybuddy_follow.launch.py -> /home/david/ros2_ws/install/mybuddy/share/mybuddy/launch
[3.471s] creating /home/david/ros2_ws/install/mybuddy/share/mybuddy/config
[3.471s] symbolically linking /home/david/ros2_ws/build/mybuddy/config/dual_arm.rviz -> /home/david/ros2_ws/install/mybuddy/share/mybuddy/config
[3.761s] Invoked command in '/home/david/ros2_ws/build/mybuddy' returned '0': AMENT_PREFIX_PATH=/home/david/ros2_ws/install/mycobot_communication:/home/david/ros2_ws/install/mycobot_interfaces:/home/david/ros2_ws/install/mycobot_description:${AMENT_PREFIX_PATH} CMAKE_PREFIX_PATH=/home/david/ros2_ws/install/mycobot_interfaces LD_LIBRARY_PATH=/home/david/ros2_ws/install/mycobot_interfaces/lib:${LD_LIBRARY_PATH} PYTHONPATH=/home/david/ros2_ws/build/mybuddy/prefix_override:/usr/lib/python3/dist-packages/colcon_core/task/python/colcon_distutils_commands:/home/david/ros2_ws/install/mybuddy/lib/python3.10/site-packages:/home/david/ros2_ws/build/mycobot_communication:/home/david/ros2_ws/install/mycobot_communication/lib/python3.10/site-packages:/home/david/ros2_ws/install/mycobot_interfaces/local/lib/python3.10/dist-packages:/home/david/ros2_ws/build/mycobot_description:/home/david/ros2_ws/install/mycobot_description/lib/python3.10/site-packages:${PYTHONPATH} /usr/bin/python3 -W ignore:setup.py install is deprecated setup.py develop --editable --build-directory /home/david/ros2_ws/build/mybuddy/build --no-deps symlink_data
