[3.971s] Invoking command in '/home/david/ros2_ws/build/mecharm_communication': CMAKE_PREFIX_PATH=/home/david/ros2_ws/install/mycobot_interfaces:/home/david/ros2_ws/install/mypalletizer_interfaces:/home/david/ros2_ws/install/mecharm_interfaces LD_LIBRARY_PATH=/home/david/ros2_ws/install/mycobot_interfaces/lib:/home/david/ros2_ws/install/mypalletizer_interfaces/lib:/home/david/ros2_ws/install/mecharm_interfaces/lib:/opt/ros/humble/opt/rviz_ogre_vendor/lib:/opt/ros/humble/lib/x86_64-linux-gnu:/opt/ros/humble/lib PYTHONPATH=/home/david/ros2_ws/build/mecharm_communication/prefix_override:/usr/lib/python3/dist-packages/colcon_core/task/python/colcon_distutils_commands:/home/david/ros2_ws/install/mecharm_communication/lib/python3.10/site-packages:${PYTHONPATH} /usr/bin/python3 -W ignore:setup.py install is deprecated setup.py develop --editable --build-directory /home/david/ros2_ws/build/mecharm_communication/build --no-deps symlink_data
[4.595s] running develop
[4.595s] /usr/lib/python3/dist-packages/setuptools/command/easy_install.py:158: EasyInstallDeprecationWarning: easy_install command is deprecated. Use build and pip and other standards-based tools.
[4.596s]   warnings.warn(
[4.906s] running egg_info
[4.906s] writing mecharm_communication.egg-info/PKG-INFO
[4.907s] writing dependency_links to mecharm_communication.egg-info/dependency_links.txt
[4.907s] writing entry points to mecharm_communication.egg-info/entry_points.txt
[4.907s] writing requirements to mecharm_communication.egg-info/requires.txt
[4.908s] writing top-level names to mecharm_communication.egg-info/top_level.txt
[4.910s] reading manifest file 'mecharm_communication.egg-info/SOURCES.txt'
[4.912s] writing manifest file 'mecharm_communication.egg-info/SOURCES.txt'
[4.916s] running build_ext
[4.916s] Creating /home/david/ros2_ws/install/mecharm_communication/lib/python3.10/site-packages/mecharm-communication.egg-link (link to .)
[4.917s] Installing mecharm_services script to /home/david/ros2_ws/install/mecharm_communication/lib/mecharm_communication
[4.918s] Installing mycobot_topics script to /home/david/ros2_ws/install/mecharm_communication/lib/mecharm_communication
[4.918s] Installing mycobot_topics_jsnn script to /home/david/ros2_ws/install/mecharm_communication/lib/mecharm_communication
[4.919s] Installing mycobot_topics_pi script to /home/david/ros2_ws/install/mecharm_communication/lib/mecharm_communication
[4.919s] Installing mycobot_topics_seeed script to /home/david/ros2_ws/install/mecharm_communication/lib/mecharm_communication
[4.919s] 
[4.919s] Installed /home/david/ros2_ws/build/mecharm_communication
[4.920s] running symlink_data
[9.141s] Invoked command in '/home/david/ros2_ws/build/mecharm_communication' returned '0': CMAKE_PREFIX_PATH=/home/david/ros2_ws/install/mycobot_interfaces:/home/david/ros2_ws/install/mypalletizer_interfaces:/home/david/ros2_ws/install/mecharm_interfaces LD_LIBRARY_PATH=/home/david/ros2_ws/install/mycobot_interfaces/lib:/home/david/ros2_ws/install/mypalletizer_interfaces/lib:/home/david/ros2_ws/install/mecharm_interfaces/lib:/opt/ros/humble/opt/rviz_ogre_vendor/lib:/opt/ros/humble/lib/x86_64-linux-gnu:/opt/ros/humble/lib PYTHONPATH=/home/david/ros2_ws/build/mecharm_communication/prefix_override:/usr/lib/python3/dist-packages/colcon_core/task/python/colcon_distutils_commands:/home/david/ros2_ws/install/mecharm_communication/lib/python3.10/site-packages:${PYTHONPATH} /usr/bin/python3 -W ignore:setup.py install is deprecated setup.py develop --editable --build-directory /home/david/ros2_ws/build/mecharm_communication/build --no-deps symlink_data
