[1.740s] Invoking command in '/home/david/ros2_ws/build/mypalletizer_communication': PYTHONPATH=/home/david/ros2_ws/build/mypalletizer_communication/prefix_override:/usr/lib/python3/dist-packages/colcon_core/task/python/colcon_distutils_commands:/home/david/ros2_ws/install/mypalletizer_communication/lib/python3.10/site-packages:${PYTHONPATH} /usr/bin/python3 -W ignore:setup.py install is deprecated setup.py develop --editable --build-directory /home/david/ros2_ws/build/mypalletizer_communication/build --no-deps symlink_data
[2.756s] running develop
[2.757s] /usr/lib/python3/dist-packages/setuptools/command/easy_install.py:158: EasyInstallDeprecationWarning: easy_install command is deprecated. Use build and pip and other standards-based tools.
[2.757s]   warnings.warn(
[3.392s] running egg_info
[3.393s] writing mypalletizer_communication.egg-info/PKG-INFO
[3.394s] writing dependency_links to mypalletizer_communication.egg-info/dependency_links.txt
[3.394s] writing entry points to mypalletizer_communication.egg-info/entry_points.txt
[3.395s] writing requirements to mypalletizer_communication.egg-info/requires.txt
[3.395s] writing top-level names to mypalletizer_communication.egg-info/top_level.txt
[3.401s] reading manifest file 'mypalletizer_communication.egg-info/SOURCES.txt'
[3.403s] writing manifest file 'mypalletizer_communication.egg-info/SOURCES.txt'
[3.407s] running build_ext
[3.407s] Creating /home/david/ros2_ws/install/mypalletizer_communication/lib/python3.10/site-packages/mypalletizer-communication.egg-link (link to .)
[3.409s] Installing mypalletizer_services script to /home/david/ros2_ws/install/mypalletizer_communication/lib/mypalletizer_communication
[3.409s] Installing mypalletizer_topics script to /home/david/ros2_ws/install/mypalletizer_communication/lib/mypalletizer_communication
[3.409s] Installing mypalletizer_topics_seeed script to /home/david/ros2_ws/install/mypalletizer_communication/lib/mypalletizer_communication
[3.410s] 
[3.410s] Installed /home/david/ros2_ws/build/mypalletizer_communication
[3.410s] running symlink_data
[3.521s] Invoked command in '/home/david/ros2_ws/build/mypalletizer_communication' returned '0': PYTHONPATH=/home/david/ros2_ws/build/mypalletizer_communication/prefix_override:/usr/lib/python3/dist-packages/colcon_core/task/python/colcon_distutils_commands:/home/david/ros2_ws/install/mypalletizer_communication/lib/python3.10/site-packages:${PYTHONPATH} /usr/bin/python3 -W ignore:setup.py install is deprecated setup.py develop --editable --build-directory /home/david/ros2_ws/build/mypalletizer_communication/build --no-deps symlink_data
