[3.026s] Invoking command in '/home/david/ros2_ws/build/my_py_pkg': PYTHONPATH=/home/david/ros2_ws/build/my_py_pkg/prefix_override:/usr/lib/python3/dist-packages/colcon_core/task/python/colcon_distutils_commands:/home/david/ros2_ws/install/my_py_pkg/lib/python3.10/site-packages:${PYTHONPATH} /usr/bin/python3 -W ignore:setup.py install is deprecated setup.py develop --editable --build-directory /home/david/ros2_ws/build/my_py_pkg/build --no-deps symlink_data
[3.629s] running develop
[3.629s] /usr/lib/python3/dist-packages/setuptools/command/easy_install.py:158: EasyInstallDeprecationWarning: easy_install command is deprecated. Use build and pip and other standards-based tools.
[3.630s]   warnings.warn(
[3.940s] running egg_info
[3.940s] writing my_py_pkg.egg-info/PKG-INFO
[3.941s] writing dependency_links to my_py_pkg.egg-info/dependency_links.txt
[3.941s] writing entry points to my_py_pkg.egg-info/entry_points.txt
[3.942s] writing requirements to my_py_pkg.egg-info/requires.txt
[3.942s] writing top-level names to my_py_pkg.egg-info/top_level.txt
[3.945s] reading manifest file 'my_py_pkg.egg-info/SOURCES.txt'
[3.946s] writing manifest file 'my_py_pkg.egg-info/SOURCES.txt'
[3.950s] running build_ext
[3.951s] Creating /home/david/ros2_ws/install/my_py_pkg/lib/python3.10/site-packages/my-py-pkg.egg-link (link to .)
[3.954s] Installing add_two_ints_client script to /home/david/ros2_ws/install/my_py_pkg/lib/my_py_pkg
[3.954s] Installing add_two_ints_client_no_oop script to /home/david/ros2_ws/install/my_py_pkg/lib/my_py_pkg
[3.955s] Installing add_two_ints_server script to /home/david/ros2_ws/install/my_py_pkg/lib/my_py_pkg
[3.956s] Installing number_counter script to /home/david/ros2_ws/install/my_py_pkg/lib/my_py_pkg
[3.956s] Installing number_publisher script to /home/david/ros2_ws/install/my_py_pkg/lib/my_py_pkg
[3.956s] Installing py_node script to /home/david/ros2_ws/install/my_py_pkg/lib/my_py_pkg
[3.957s] Installing robot_news_station script to /home/david/ros2_ws/install/my_py_pkg/lib/my_py_pkg
[3.957s] Installing smartphone script to /home/david/ros2_ws/install/my_py_pkg/lib/my_py_pkg
[3.958s] 
[3.958s] Installed /home/david/ros2_ws/build/my_py_pkg
[3.958s] running symlink_data
[5.102s] Invoked command in '/home/david/ros2_ws/build/my_py_pkg' returned '0': PYTHONPATH=/home/david/ros2_ws/build/my_py_pkg/prefix_override:/usr/lib/python3/dist-packages/colcon_core/task/python/colcon_distutils_commands:/home/david/ros2_ws/install/my_py_pkg/lib/python3.10/site-packages:${PYTHONPATH} /usr/bin/python3 -W ignore:setup.py install is deprecated setup.py develop --editable --build-directory /home/david/ros2_ws/build/my_py_pkg/build --no-deps symlink_data
