running develop
running egg_info
creating mycobot_320.egg-info
writing mycobot_320.egg-info/PKG-INFO
writing dependency_links to mycobot_320.egg-info/dependency_links.txt
writing entry points to mycobot_320.egg-info/entry_points.txt
writing requirements to mycobot_320.egg-info/requires.txt
writing top-level names to mycobot_320.egg-info/top_level.txt
writing manifest file 'mycobot_320.egg-info/SOURCES.txt'
reading manifest file 'mycobot_320.egg-info/SOURCES.txt'
writing manifest file 'mycobot_320.egg-info/SOURCES.txt'
running build_ext
Creating /home/david/ros2_ws/install/mycobot_320/lib/python3.10/site-packages/mycobot-320.egg-link (link to .)
Installing camera_display script to /home/david/ros2_ws/install/mycobot_320/lib/mycobot_320
Installing detect_marker script to /home/david/ros2_ws/install/mycobot_320/lib/mycobot_320
Installing follow_display script to /home/david/ros2_ws/install/mycobot_320/lib/mycobot_320
Installing following_marker script to /home/david/ros2_ws/install/mycobot_320/lib/mycobot_320
Installing listen_real script to /home/david/ros2_ws/install/mycobot_320/lib/mycobot_320
Installing listen_real_of_topic script to /home/david/ros2_ws/install/mycobot_320/lib/mycobot_320
Installing opencv_camera script to /home/david/ros2_ws/install/mycobot_320/lib/mycobot_320
Installing simple_gui script to /home/david/ros2_ws/install/mycobot_320/lib/mycobot_320
Installing slider_control script to /home/david/ros2_ws/install/mycobot_320/lib/mycobot_320
Installing teleop_keyboard script to /home/david/ros2_ws/install/mycobot_320/lib/mycobot_320

Installed /home/david/ros2_ws/build/mycobot_320
running symlink_data
creating /home/david/ros2_ws/install/mycobot_320/share/ament_index
creating /home/david/ros2_ws/install/mycobot_320/share/ament_index/resource_index
creating /home/david/ros2_ws/install/mycobot_320/share/ament_index/resource_index/packages
symbolically linking /home/david/ros2_ws/build/mycobot_320/resource/mycobot_320 -> /home/david/ros2_ws/install/mycobot_320/share/ament_index/resource_index/packages
symbolically linking /home/david/ros2_ws/build/mycobot_320/package.xml -> /home/david/ros2_ws/install/mycobot_320/share/mycobot_320
creating /home/david/ros2_ws/install/mycobot_320/share/mycobot_320/launch
symbolically linking /home/david/ros2_ws/build/mycobot_320/launch/test.launch.py -> /home/david/ros2_ws/install/mycobot_320/share/mycobot_320/launch
symbolically linking /home/david/ros2_ws/build/mycobot_320/launch/teleop_keyboard.launch.py -> /home/david/ros2_ws/install/mycobot_320/share/mycobot_320/launch
symbolically linking /home/david/ros2_ws/build/mycobot_320/launch/detect_marker_with_topic.launch.py -> /home/david/ros2_ws/install/mycobot_320/share/mycobot_320/launch
symbolically linking /home/david/ros2_ws/build/mycobot_320/launch/simple_gui.launch.py -> /home/david/ros2_ws/install/mycobot_320/share/mycobot_320/launch
symbolically linking /home/david/ros2_ws/build/mycobot_320/launch/mycobot_follow.launch.py -> /home/david/ros2_ws/install/mycobot_320/share/mycobot_320/launch
symbolically linking /home/david/ros2_ws/build/mycobot_320/launch/slider_control.launch.py -> /home/david/ros2_ws/install/mycobot_320/share/mycobot_320/launch
symbolically linking /home/david/ros2_ws/build/mycobot_320/launch/detect_marker.launch.py -> /home/david/ros2_ws/install/mycobot_320/share/mycobot_320/launch
creating /home/david/ros2_ws/install/mycobot_320/share/mycobot_320/config
symbolically linking /home/david/ros2_ws/build/mycobot_320/config/mycobot_with_marker.rviz -> /home/david/ros2_ws/install/mycobot_320/share/mycobot_320/config
symbolically linking /home/david/ros2_ws/build/mycobot_320/config/mycobot_pro_320.rviz -> /home/david/ros2_ws/install/mycobot_320/share/mycobot_320/config
