[0.586s] Invoking command in '/home/david/ros2_ws/build/mypalletizer_communication': AMENT_PREFIX_PATH=/home/david/ros2_ws/install/mypalletizer_interfaces:${AMENT_PREFIX_PATH} CMAKE_PREFIX_PATH=/home/david/ros2_ws/install/mypalletizer_interfaces LD_LIBRARY_PATH=/home/david/ros2_ws/install/mypalletizer_interfaces/lib:${LD_LIBRARY_PATH} PYTHONPATH=/home/david/ros2_ws/build/mypalletizer_communication/prefix_override:/usr/lib/python3/dist-packages/colcon_core/task/python/colcon_distutils_commands:/home/david/ros2_ws/install/mypalletizer_communication/lib/python3.10/site-packages:/home/david/ros2_ws/install/mypalletizer_interfaces/local/lib/python3.10/dist-packages:${PYTHONPATH} /usr/bin/python3 -W ignore:setup.py install is deprecated setup.py develop --editable --build-directory /home/david/ros2_ws/build/mypalletizer_communication/build --no-deps symlink_data
[0.806s] running develop
[0.806s] /usr/lib/python3/dist-packages/setuptools/command/easy_install.py:158: EasyInstallDeprecationWarning: easy_install command is deprecated. Use build and pip and other standards-based tools.
[0.806s]   warnings.warn(
[0.939s] running egg_info
[0.939s] creating mypalletizer_communication.egg-info
[0.940s] writing mypalletizer_communication.egg-info/PKG-INFO
[0.940s] writing dependency_links to mypalletizer_communication.egg-info/dependency_links.txt
[0.940s] writing entry points to mypalletizer_communication.egg-info/entry_points.txt
[0.940s] writing requirements to mypalletizer_communication.egg-info/requires.txt
[0.940s] writing top-level names to mypalletizer_communication.egg-info/top_level.txt
[0.940s] writing manifest file 'mypalletizer_communication.egg-info/SOURCES.txt'
[0.941s] reading manifest file 'mypalletizer_communication.egg-info/SOURCES.txt'
[0.942s] writing manifest file 'mypalletizer_communication.egg-info/SOURCES.txt'
[0.943s] running build_ext
[0.943s] Creating /home/david/ros2_ws/install/mypalletizer_communication/lib/python3.10/site-packages/mypalletizer-communication.egg-link (link to .)
[0.944s] Installing mypalletizer_services script to /home/david/ros2_ws/install/mypalletizer_communication/lib/mypalletizer_communication
[0.944s] Installing mypalletizer_topics script to /home/david/ros2_ws/install/mypalletizer_communication/lib/mypalletizer_communication
[0.944s] Installing mypalletizer_topics_seeed script to /home/david/ros2_ws/install/mypalletizer_communication/lib/mypalletizer_communication
[0.944s] 
[0.945s] Installed /home/david/ros2_ws/build/mypalletizer_communication
[0.945s] running symlink_data
[0.945s] creating /home/david/ros2_ws/install/mypalletizer_communication/share/ament_index
[0.945s] creating /home/david/ros2_ws/install/mypalletizer_communication/share/ament_index/resource_index
[0.945s] creating /home/david/ros2_ws/install/mypalletizer_communication/share/ament_index/resource_index/packages
[0.945s] symbolically linking /home/david/ros2_ws/build/mypalletizer_communication/resource/mypalletizer_communication -> /home/david/ros2_ws/install/mypalletizer_communication/share/ament_index/resource_index/packages
[0.945s] symbolically linking /home/david/ros2_ws/build/mypalletizer_communication/package.xml -> /home/david/ros2_ws/install/mypalletizer_communication/share/mypalletizer_communication
[0.945s] creating /home/david/ros2_ws/install/mypalletizer_communication/share/mypalletizer_communication/launch
[0.945s] symbolically linking /home/david/ros2_ws/build/mypalletizer_communication/launch/communication_topic_pi.launch.py -> /home/david/ros2_ws/install/mypalletizer_communication/share/mypalletizer_communication/launch
[0.945s] symbolically linking /home/david/ros2_ws/build/mypalletizer_communication/launch/communication_topic.launch.py -> /home/david/ros2_ws/install/mypalletizer_communication/share/mypalletizer_communication/launch
[0.945s] symbolically linking /home/david/ros2_ws/build/mypalletizer_communication/launch/communication_seeed.launch.py -> /home/david/ros2_ws/install/mypalletizer_communication/share/mypalletizer_communication/launch
[0.945s] symbolically linking /home/david/ros2_ws/build/mypalletizer_communication/launch/communication_service.launch.py -> /home/david/ros2_ws/install/mypalletizer_communication/share/mypalletizer_communication/launch
[0.968s] Invoked command in '/home/david/ros2_ws/build/mypalletizer_communication' returned '0': AMENT_PREFIX_PATH=/home/david/ros2_ws/install/mypalletizer_interfaces:${AMENT_PREFIX_PATH} CMAKE_PREFIX_PATH=/home/david/ros2_ws/install/mypalletizer_interfaces LD_LIBRARY_PATH=/home/david/ros2_ws/install/mypalletizer_interfaces/lib:${LD_LIBRARY_PATH} PYTHONPATH=/home/david/ros2_ws/build/mypalletizer_communication/prefix_override:/usr/lib/python3/dist-packages/colcon_core/task/python/colcon_distutils_commands:/home/david/ros2_ws/install/mypalletizer_communication/lib/python3.10/site-packages:/home/david/ros2_ws/install/mypalletizer_interfaces/local/lib/python3.10/dist-packages:${PYTHONPATH} /usr/bin/python3 -W ignore:setup.py install is deprecated setup.py develop --editable --build-directory /home/david/ros2_ws/build/mypalletizer_communication/build --no-deps symlink_data
