running develop
/usr/lib/python3/dist-packages/setuptools/command/easy_install.py:158: EasyInstallDeprecationWarning: easy_install command is deprecated. Use build and pip and other standards-based tools.
  warnings.warn(
running egg_info
creating mecharm.egg-info
writing mecharm.egg-info/PKG-INFO
writing dependency_links to mecharm.egg-info/dependency_links.txt
writing entry points to mecharm.egg-info/entry_points.txt
writing requirements to mecharm.egg-info/requires.txt
writing top-level names to mecharm.egg-info/top_level.txt
writing manifest file 'mecharm.egg-info/SOURCES.txt'
reading manifest file 'mecharm.egg-info/SOURCES.txt'
writing manifest file 'mecharm.egg-info/SOURCES.txt'
running build_ext
Creating /home/david/ros2_ws/install/mecharm/lib/python3.10/site-packages/mecharm.egg-link (link to .)
Installing detect_marker script to /home/david/ros2_ws/install/mecharm/lib/mecharm
Installing follow_display script to /home/david/ros2_ws/install/mecharm/lib/mecharm
Installing following_marker script to /home/david/ros2_ws/install/mecharm/lib/mecharm
Installing listen_real script to /home/david/ros2_ws/install/mecharm/lib/mecharm
Installing listen_real_of_topic script to /home/david/ros2_ws/install/mecharm/lib/mecharm
Installing simple_gui script to /home/david/ros2_ws/install/mecharm/lib/mecharm
Installing slider_control script to /home/david/ros2_ws/install/mecharm/lib/mecharm
Installing teleop_keyboard script to /home/david/ros2_ws/install/mecharm/lib/mecharm

Installed /home/david/ros2_ws/build/mecharm
running symlink_data
creating /home/david/ros2_ws/install/mecharm/share/ament_index
creating /home/david/ros2_ws/install/mecharm/share/ament_index/resource_index
creating /home/david/ros2_ws/install/mecharm/share/ament_index/resource_index/packages
symbolically linking /home/david/ros2_ws/build/mecharm/resource/mecharm -> /home/david/ros2_ws/install/mecharm/share/ament_index/resource_index/packages
symbolically linking /home/david/ros2_ws/build/mecharm/package.xml -> /home/david/ros2_ws/install/mecharm/share/mecharm
creating /home/david/ros2_ws/install/mecharm/share/mecharm/launch
symbolically linking /home/david/ros2_ws/build/mecharm/launch/test.launch.py -> /home/david/ros2_ws/install/mecharm/share/mecharm/launch
symbolically linking /home/david/ros2_ws/build/mecharm/launch/teleop_keyboard.launch.py -> /home/david/ros2_ws/install/mecharm/share/mecharm/launch
symbolically linking /home/david/ros2_ws/build/mecharm/launch/detect_marker_with_topic.launch.py -> /home/david/ros2_ws/install/mecharm/share/mecharm/launch
symbolically linking /home/david/ros2_ws/build/mecharm/launch/simple_gui.launch.py -> /home/david/ros2_ws/install/mecharm/share/mecharm/launch
symbolically linking /home/david/ros2_ws/build/mecharm/launch/follow.launch.py -> /home/david/ros2_ws/install/mecharm/share/mecharm/launch
symbolically linking /home/david/ros2_ws/build/mecharm/launch/slider_control.launch.py -> /home/david/ros2_ws/install/mecharm/share/mecharm/launch
symbolically linking /home/david/ros2_ws/build/mecharm/launch/detect_marker.launch.py -> /home/david/ros2_ws/install/mecharm/share/mecharm/launch
creating /home/david/ros2_ws/install/mecharm/share/mecharm/config
symbolically linking /home/david/ros2_ws/build/mecharm/config/mycobot_with_marker.rviz -> /home/david/ros2_ws/install/mecharm/share/mecharm/config
symbolically linking /home/david/ros2_ws/build/mecharm/config/mecharm.rviz -> /home/david/ros2_ws/install/mecharm/share/mecharm/config
