[0.510s] Invoking command in '/home/david/ros2_ws/build/mypalletizer_interfaces': CMAKE_PREFIX_PATH=${CMAKE_PREFIX_PATH}:/home/david/ros2_ws/install/ultraarm:/home/david/ros2_ws/install/mypalletizer_260_pi:/home/david/ros2_ws/install/mypalletizer_260:/home/david/ros2_ws/install/mypalletizer_communication:/home/david/ros2_ws/install/mycobot_630:/home/david/ros2_ws/install/mycobot_600:/home/david/ros2_ws/install/mycobot_320pi:/home/david/ros2_ws/install/mycobot_320:/home/david/ros2_ws/install/mycobot_280pi:/home/david/ros2_ws/install/mycobot_280jn:/home/david/ros2_ws/install/mycobot_280_x3pi:/home/david/ros2_ws/install/mycobot_280:/home/david/ros2_ws/install/myarm_m750:/home/david/ros2_ws/install/myarm_c650:/home/david/ros2_ws/install/myarm_300:/home/david/ros2_ws/install/mycobot_communication:/home/david/ros2_ws/install/mecharm_pi:/home/david/ros2_ws/install/mecharm:/home/david/ros2_ws/install/mecharm_communication:/home/david/ros2_ws/install/mybuddy:/home/david/ros2_ws/install/mycobot_description:/home/david/ros2_ws/install/my_py_pkg:/opt/ros/humble /usr/bin/cmake --build /home/david/ros2_ws/build/mypalletizer_interfaces -- -j12 -l12
[1.131s] [  0%] Built target mypalletizer_interfaces__cpp
[1.132s] [ 12%] Built target mypalletizer_interfaces__rosidl_generator_c
[1.132s] [ 12%] Built target ament_cmake_python_symlink_mypalletizer_interfaces
[1.133s] [ 32%] Built target mypalletizer_interfaces__rosidl_typesupport_cpp
[1.133s] [ 43%] Built target mypalletizer_interfaces__rosidl_typesupport_fastrtps_cpp
[1.133s] [ 47%] Built target mypalletizer_interfaces__rosidl_typesupport_introspection_c
[1.133s] [ 59%] Built target mypalletizer_interfaces__rosidl_typesupport_introspection_cpp
[1.133s] [ 81%] Built target mypalletizer_interfaces__rosidl_typesupport_c
[1.133s] [ 83%] Built target mypalletizer_interfaces__rosidl_typesupport_fastrtps_c
[1.133s] [ 83%] Built target mypalletizer_interfaces
[1.134s] [ 84%] Built target mypalletizer_interfaces__py
[1.134s] [ 95%] Built target mypalletizer_interfaces__rosidl_generator_py
[1.134s] [ 97%] Built target mypalletizer_interfaces__rosidl_typesupport_fastrtps_c__pyext
[1.134s] [ 99%] Built target mypalletizer_interfaces__rosidl_typesupport_introspection_c__pyext
[1.134s] [100%] Built target mypalletizer_interfaces__rosidl_typesupport_c__pyext
[1.320s] running egg_info
[1.320s] writing mypalletizer_interfaces.egg-info/PKG-INFO
[1.320s] writing dependency_links to mypalletizer_interfaces.egg-info/dependency_links.txt
[1.320s] writing top-level names to mypalletizer_interfaces.egg-info/top_level.txt
[1.327s] reading manifest file 'mypalletizer_interfaces.egg-info/SOURCES.txt'
[1.328s] writing manifest file 'mypalletizer_interfaces.egg-info/SOURCES.txt'
[1.403s] [100%] Built target ament_cmake_python_build_mypalletizer_interfaces_egg
[1.431s] Invoked command in '/home/david/ros2_ws/build/mypalletizer_interfaces' returned '0': CMAKE_PREFIX_PATH=${CMAKE_PREFIX_PATH}:/home/david/ros2_ws/install/ultraarm:/home/david/ros2_ws/install/mypalletizer_260_pi:/home/david/ros2_ws/install/mypalletizer_260:/home/david/ros2_ws/install/mypalletizer_communication:/home/david/ros2_ws/install/mycobot_630:/home/david/ros2_ws/install/mycobot_600:/home/david/ros2_ws/install/mycobot_320pi:/home/david/ros2_ws/install/mycobot_320:/home/david/ros2_ws/install/mycobot_280pi:/home/david/ros2_ws/install/mycobot_280jn:/home/david/ros2_ws/install/mycobot_280_x3pi:/home/david/ros2_ws/install/mycobot_280:/home/david/ros2_ws/install/myarm_m750:/home/david/ros2_ws/install/myarm_c650:/home/david/ros2_ws/install/myarm_300:/home/david/ros2_ws/install/mycobot_communication:/home/david/ros2_ws/install/mecharm_pi:/home/david/ros2_ws/install/mecharm:/home/david/ros2_ws/install/mecharm_communication:/home/david/ros2_ws/install/mybuddy:/home/david/ros2_ws/install/mycobot_description:/home/david/ros2_ws/install/my_py_pkg:/opt/ros/humble /usr/bin/cmake --build /home/david/ros2_ws/build/mypalletizer_interfaces -- -j12 -l12
