[2.353s] Invoking command in '/home/david/ros2_ws/build/myarm_300': AMENT_PREFIX_PATH=/home/david/ros2_ws/install/mycobot_communication:/home/david/ros2_ws/install/mycobot_interfaces:/home/david/ros2_ws/install/mycobot_description:${AMENT_PREFIX_PATH} CMAKE_PREFIX_PATH=/home/david/ros2_ws/install/mycobot_interfaces LD_LIBRARY_PATH=/home/david/ros2_ws/install/mycobot_interfaces/lib:${LD_LIBRARY_PATH} PYTHONPATH=/home/david/ros2_ws/build/myarm_300/prefix_override:/usr/lib/python3/dist-packages/colcon_core/task/python/colcon_distutils_commands:/home/david/ros2_ws/install/myarm_300/lib/python3.10/site-packages:/home/david/ros2_ws/build/mycobot_communication:/home/david/ros2_ws/install/mycobot_communication/lib/python3.10/site-packages:/home/david/ros2_ws/install/mycobot_interfaces/local/lib/python3.10/dist-packages:/home/david/ros2_ws/build/mycobot_description:/home/david/ros2_ws/install/mycobot_description/lib/python3.10/site-packages:${PYTHONPATH} /usr/bin/python3 -W ignore:setup.py install is deprecated setup.py develop --editable --build-directory /home/david/ros2_ws/build/myarm_300/build --no-deps symlink_data
[3.042s] running develop
[3.044s] /usr/lib/python3/dist-packages/setuptools/command/easy_install.py:158: EasyInstallDeprecationWarning: easy_install command is deprecated. Use build and pip and other standards-based tools.
[3.044s]   warnings.warn(
[3.464s] running egg_info
[3.465s] creating myarm_300.egg-info
[3.465s] writing myarm_300.egg-info/PKG-INFO
[3.465s] writing dependency_links to myarm_300.egg-info/dependency_links.txt
[3.465s] writing entry points to myarm_300.egg-info/entry_points.txt
[3.465s] writing requirements to myarm_300.egg-info/requires.txt
[3.465s] writing top-level names to myarm_300.egg-info/top_level.txt
[3.465s] writing manifest file 'myarm_300.egg-info/SOURCES.txt'
[3.466s] reading manifest file 'myarm_300.egg-info/SOURCES.txt'
[3.467s] writing manifest file 'myarm_300.egg-info/SOURCES.txt'
[3.468s] running build_ext
[3.469s] Creating /home/david/ros2_ws/install/myarm_300/lib/python3.10/site-packages/myarm-300.egg-link (link to .)
[3.470s] Installing follow_display script to /home/david/ros2_ws/install/myarm_300/lib/myarm_300
[3.470s] Installing simple_gui script to /home/david/ros2_ws/install/myarm_300/lib/myarm_300
[3.470s] Installing slider_control script to /home/david/ros2_ws/install/myarm_300/lib/myarm_300
[3.470s] Installing teleop_keyboard script to /home/david/ros2_ws/install/myarm_300/lib/myarm_300
[3.470s] 
[3.470s] Installed /home/david/ros2_ws/build/myarm_300
[3.470s] running symlink_data
[3.471s] creating /home/david/ros2_ws/install/myarm_300/share/ament_index
[3.471s] creating /home/david/ros2_ws/install/myarm_300/share/ament_index/resource_index
[3.471s] creating /home/david/ros2_ws/install/myarm_300/share/ament_index/resource_index/packages
[3.471s] symbolically linking /home/david/ros2_ws/build/myarm_300/resource/myarm_300 -> /home/david/ros2_ws/install/myarm_300/share/ament_index/resource_index/packages
[3.471s] symbolically linking /home/david/ros2_ws/build/myarm_300/package.xml -> /home/david/ros2_ws/install/myarm_300/share/myarm_300
[3.471s] creating /home/david/ros2_ws/install/myarm_300/share/myarm_300/launch
[3.471s] symbolically linking /home/david/ros2_ws/build/myarm_300/launch/test.launch.py -> /home/david/ros2_ws/install/myarm_300/share/myarm_300/launch
[3.472s] symbolically linking /home/david/ros2_ws/build/myarm_300/launch/teleop_keyboard.launch.py -> /home/david/ros2_ws/install/myarm_300/share/myarm_300/launch
[3.472s] symbolically linking /home/david/ros2_ws/build/myarm_300/launch/simple_gui.launch.py -> /home/david/ros2_ws/install/myarm_300/share/myarm_300/launch
[3.472s] symbolically linking /home/david/ros2_ws/build/myarm_300/launch/mycobot_follow.launch.py -> /home/david/ros2_ws/install/myarm_300/share/myarm_300/launch
[3.472s] symbolically linking /home/david/ros2_ws/build/myarm_300/launch/slider_control.launch.py -> /home/david/ros2_ws/install/myarm_300/share/myarm_300/launch
[3.472s] creating /home/david/ros2_ws/install/myarm_300/share/myarm_300/config
[3.472s] symbolically linking /home/david/ros2_ws/build/myarm_300/config/myarm_300.rviz -> /home/david/ros2_ws/install/myarm_300/share/myarm_300/config
[3.740s] Invoked command in '/home/david/ros2_ws/build/myarm_300' returned '0': AMENT_PREFIX_PATH=/home/david/ros2_ws/install/mycobot_communication:/home/david/ros2_ws/install/mycobot_interfaces:/home/david/ros2_ws/install/mycobot_description:${AMENT_PREFIX_PATH} CMAKE_PREFIX_PATH=/home/david/ros2_ws/install/mycobot_interfaces LD_LIBRARY_PATH=/home/david/ros2_ws/install/mycobot_interfaces/lib:${LD_LIBRARY_PATH} PYTHONPATH=/home/david/ros2_ws/build/myarm_300/prefix_override:/usr/lib/python3/dist-packages/colcon_core/task/python/colcon_distutils_commands:/home/david/ros2_ws/install/myarm_300/lib/python3.10/site-packages:/home/david/ros2_ws/build/mycobot_communication:/home/david/ros2_ws/install/mycobot_communication/lib/python3.10/site-packages:/home/david/ros2_ws/install/mycobot_interfaces/local/lib/python3.10/dist-packages:/home/david/ros2_ws/build/mycobot_description:/home/david/ros2_ws/install/mycobot_description/lib/python3.10/site-packages:${PYTHONPATH} /usr/bin/python3 -W ignore:setup.py install is deprecated setup.py develop --editable --build-directory /home/david/ros2_ws/build/myarm_300/build --no-deps symlink_data
