-- Found ament_cmake: 1.3.9 (/opt/ros/humble/share/ament_cmake/cmake)
-- Found rosidl_default_generators: 1.2.0 (/opt/ros/humble/share/rosidl_default_generators/cmake)
-- Using all available rosidl_typesupport_c: rosidl_typesupport_fastrtps_c;rosidl_typesupport_introspection_c
-- Found rosidl_adapter: 3.1.5 (/opt/ros/humble/share/rosidl_adapter/cmake)
-- Using all available rosidl_typesupport_cpp: rosidl_typesupport_fastrtps_cpp;rosidl_typesupport_introspection_cpp
-- Found rclpy: 3.3.13 (/opt/ros/humble/share/rclpy/cmake)
-- Found std_msgs: 4.2.4 (/opt/ros/humble/share/std_msgs/cmake)
-- Found ament_cmake_ros: 0.10.0 (/opt/ros/humble/share/ament_cmake_ros/cmake)
-- Using all available rosidl_typesupport_c: rosidl_typesupport_fastrtps_c;rosidl_typesupport_introspection_c
-- Using all available rosidl_typesupport_cpp: rosidl_typesupport_fastrtps_cpp;rosidl_typesupport_introspection_cpp
-- Found python_cmake_module: 0.10.0 (/opt/ros/humble/share/python_cmake_module/cmake)
-- Using PYTHON_EXECUTABLE: /usr/bin/python3
-- Using PYTHON_INCLUDE_DIRS: /usr/include/python3.10
-- Using PYTHON_LIBRARIES: /usr/lib/x86_64-linux-gnu/libpython3.10.so
-- Configuring done
-- Generating done
-- Build files have been written to: /home/david/ros2_ws/build/mycobot_interfaces2
[  3%] [34m[1mGenerating C code for ROS interfaces[0m
[  6%] [34m[1mGenerating C++ code for ROS interfaces[0m
[  6%] Built target ament_cmake_python_copy_mycobot_interfaces2
[  6%] Built target mycobot_interfaces2__cpp
[  9%] [34m[1mGenerating C++ type support for eProsima Fast-RTPS[0m
[ 12%] [34m[1mGenerating C++ type support dispatch for ROS interfaces[0m
[ 16%] [34m[1mGenerating C++ introspection for ROS interfaces[0m
running egg_info
creating mycobot_interfaces2.egg-info
writing mycobot_interfaces2.egg-info/PKG-INFO
writing dependency_links to mycobot_interfaces2.egg-info/dependency_links.txt
writing top-level names to mycobot_interfaces2.egg-info/top_level.txt
writing manifest file 'mycobot_interfaces2.egg-info/SOURCES.txt'
reading manifest file 'mycobot_interfaces2.egg-info/SOURCES.txt'
writing manifest file 'mycobot_interfaces2.egg-info/SOURCES.txt'
[ 19%] [32mBuilding C object CMakeFiles/mycobot_interfaces2__rosidl_generator_c.dir/rosidl_generator_c/mycobot_interfaces2/msg/detail/my_aruco_coords__functions.c.o[0m
[ 19%] Built target ament_cmake_python_build_mycobot_interfaces2_egg
[ 22%] [32m[1mLinking C shared library libmycobot_interfaces2__rosidl_generator_c.so[0m
[ 22%] Built target mycobot_interfaces2__rosidl_generator_c
[ 29%] [34m[1mGenerating C type support dispatch for ROS interfaces[0m
[ 32%] [34m[1mGenerating C introspection for ROS interfaces[0m
[ 29%] [34m[1mGenerating C type support for eProsima Fast-RTPS[0m
[ 35%] [32mBuilding CXX object CMakeFiles/mycobot_interfaces2__rosidl_typesupport_introspection_cpp.dir/rosidl_typesupport_introspection_cpp/mycobot_interfaces2/msg/detail/my_aruco_coords__type_support.cpp.o[0m
[ 38%] [32mBuilding CXX object CMakeFiles/mycobot_interfaces2__rosidl_typesupport_fastrtps_cpp.dir/rosidl_typesupport_fastrtps_cpp/mycobot_interfaces2/msg/detail/dds_fastrtps/my_aruco_coords__type_support.cpp.o[0m
[ 41%] [32mBuilding CXX object CMakeFiles/mycobot_interfaces2__rosidl_typesupport_cpp.dir/rosidl_typesupport_cpp/mycobot_interfaces2/msg/my_aruco_coords__type_support.cpp.o[0m
[ 45%] [32mBuilding CXX object CMakeFiles/mycobot_interfaces2__rosidl_typesupport_c.dir/rosidl_typesupport_c/mycobot_interfaces2/msg/my_aruco_coords__type_support.cpp.o[0m
[ 48%] [32mBuilding CXX object CMakeFiles/mycobot_interfaces2__rosidl_typesupport_fastrtps_c.dir/rosidl_typesupport_fastrtps_c/mycobot_interfaces2/msg/detail/my_aruco_coords__type_support_c.cpp.o[0m
[ 51%] [32mBuilding C object CMakeFiles/mycobot_interfaces2__rosidl_typesupport_introspection_c.dir/rosidl_typesupport_introspection_c/mycobot_interfaces2/msg/detail/my_aruco_coords__type_support.c.o[0m
[ 54%] [32m[1mLinking CXX shared library libmycobot_interfaces2__rosidl_typesupport_c.so[0m
[ 58%] [32m[1mLinking C shared library libmycobot_interfaces2__rosidl_typesupport_introspection_c.so[0m
[ 58%] Built target mycobot_interfaces2__rosidl_typesupport_c
[ 58%] Built target mycobot_interfaces2__rosidl_typesupport_introspection_c
[ 61%] [32m[1mLinking CXX shared library libmycobot_interfaces2__rosidl_typesupport_cpp.so[0m
[ 61%] Built target mycobot_interfaces2__rosidl_typesupport_cpp
[ 64%] [32m[1mLinking CXX shared library libmycobot_interfaces2__rosidl_typesupport_introspection_cpp.so[0m
[ 64%] Built target mycobot_interfaces2__rosidl_typesupport_introspection_cpp
[ 67%] [32m[1mLinking CXX shared library libmycobot_interfaces2__rosidl_typesupport_fastrtps_cpp.so[0m
[ 70%] [32m[1mLinking CXX shared library libmycobot_interfaces2__rosidl_typesupport_fastrtps_c.so[0m
[ 70%] Built target mycobot_interfaces2__rosidl_typesupport_fastrtps_cpp
[ 70%] Built target mycobot_interfaces2__rosidl_typesupport_fastrtps_c
[ 70%] Built target mycobot_interfaces2
[ 74%] [34m[1mGenerating Python code for ROS interfaces[0m
[ 74%] Built target mycobot_interfaces2__py
[ 77%] [32mBuilding C object CMakeFiles/mycobot_interfaces2__rosidl_generator_py.dir/rosidl_generator_py/mycobot_interfaces2/msg/_my_aruco_coords_s.c.o[0m
[ 80%] [32m[1mLinking C shared library rosidl_generator_py/mycobot_interfaces2/libmycobot_interfaces2__rosidl_generator_py.so[0m
[ 80%] Built target mycobot_interfaces2__rosidl_generator_py
[ 83%] [32mBuilding C object CMakeFiles/mycobot_interfaces2__rosidl_typesupport_fastrtps_c__pyext.dir/rosidl_generator_py/mycobot_interfaces2/_mycobot_interfaces2_s.ep.rosidl_typesupport_fastrtps_c.c.o[0m
[ 87%] [32mBuilding C object CMakeFiles/mycobot_interfaces2__rosidl_typesupport_c__pyext.dir/rosidl_generator_py/mycobot_interfaces2/_mycobot_interfaces2_s.ep.rosidl_typesupport_c.c.o[0m
[ 90%] [32mBuilding C object CMakeFiles/mycobot_interfaces2__rosidl_typesupport_introspection_c__pyext.dir/rosidl_generator_py/mycobot_interfaces2/_mycobot_interfaces2_s.ep.rosidl_typesupport_introspection_c.c.o[0m
[ 93%] [32m[1mLinking C shared library rosidl_generator_py/mycobot_interfaces2/mycobot_interfaces2_s__rosidl_typesupport_introspection_c.cpython-310-x86_64-linux-gnu.so[0m
[ 96%] [32m[1mLinking C shared library rosidl_generator_py/mycobot_interfaces2/mycobot_interfaces2_s__rosidl_typesupport_c.cpython-310-x86_64-linux-gnu.so[0m
[100%] [32m[1mLinking C shared library rosidl_generator_py/mycobot_interfaces2/mycobot_interfaces2_s__rosidl_typesupport_fastrtps_c.cpython-310-x86_64-linux-gnu.so[0m
[100%] Built target mycobot_interfaces2__rosidl_typesupport_introspection_c__pyext
[100%] Built target mycobot_interfaces2__rosidl_typesupport_c__pyext
[100%] Built target mycobot_interfaces2__rosidl_typesupport_fastrtps_c__pyext
-- Install configuration: ""
-- Installing: /home/david/ros2_ws/install/mycobot_interfaces2/share/ament_index/resource_index/rosidl_interfaces/mycobot_interfaces2
-- Installing: /home/david/ros2_ws/install/mycobot_interfaces2/include/mycobot_interfaces2/mycobot_interfaces2
-- Installing: /home/david/ros2_ws/install/mycobot_interfaces2/include/mycobot_interfaces2/mycobot_interfaces2/msg
-- Installing: /home/david/ros2_ws/install/mycobot_interfaces2/include/mycobot_interfaces2/mycobot_interfaces2/msg/rosidl_generator_c__visibility_control.h
-- Installing: /home/david/ros2_ws/install/mycobot_interfaces2/include/mycobot_interfaces2/mycobot_interfaces2/msg/detail
-- Installing: /home/david/ros2_ws/install/mycobot_interfaces2/include/mycobot_interfaces2/mycobot_interfaces2/msg/detail/my_aruco_coords__functions.c
-- Installing: /home/david/ros2_ws/install/mycobot_interfaces2/include/mycobot_interfaces2/mycobot_interfaces2/msg/detail/my_aruco_coords__struct.h
-- Installing: /home/david/ros2_ws/install/mycobot_interfaces2/include/mycobot_interfaces2/mycobot_interfaces2/msg/detail/my_aruco_coords__functions.h
-- Installing: /home/david/ros2_ws/install/mycobot_interfaces2/include/mycobot_interfaces2/mycobot_interfaces2/msg/detail/my_aruco_coords__type_support.h
-- Installing: /home/david/ros2_ws/install/mycobot_interfaces2/include/mycobot_interfaces2/mycobot_interfaces2/msg/my_aruco_coords.h
-- Installing: /home/david/ros2_ws/install/mycobot_interfaces2/share/mycobot_interfaces2/environment/library_path.sh
-- Installing: /home/david/ros2_ws/install/mycobot_interfaces2/share/mycobot_interfaces2/environment/library_path.dsv
-- Installing: /home/david/ros2_ws/install/mycobot_interfaces2/lib/libmycobot_interfaces2__rosidl_generator_c.so
-- Set runtime path of "/home/david/ros2_ws/install/mycobot_interfaces2/lib/libmycobot_interfaces2__rosidl_generator_c.so" to ""
-- Up-to-date: /home/david/ros2_ws/install/mycobot_interfaces2/include/mycobot_interfaces2/mycobot_interfaces2
-- Up-to-date: /home/david/ros2_ws/install/mycobot_interfaces2/include/mycobot_interfaces2/mycobot_interfaces2/msg
-- Up-to-date: /home/david/ros2_ws/install/mycobot_interfaces2/include/mycobot_interfaces2/mycobot_interfaces2/msg/detail
-- Installing: /home/david/ros2_ws/install/mycobot_interfaces2/include/mycobot_interfaces2/mycobot_interfaces2/msg/detail/my_aruco_coords__rosidl_typesupport_fastrtps_c.h
-- Installing: /home/david/ros2_ws/install/mycobot_interfaces2/include/mycobot_interfaces2/mycobot_interfaces2/msg/rosidl_typesupport_fastrtps_c__visibility_control.h
-- Installing: /home/david/ros2_ws/install/mycobot_interfaces2/lib/libmycobot_interfaces2__rosidl_typesupport_fastrtps_c.so
-- Set runtime path of "/home/david/ros2_ws/install/mycobot_interfaces2/lib/libmycobot_interfaces2__rosidl_typesupport_fastrtps_c.so" to ""
-- Up-to-date: /home/david/ros2_ws/install/mycobot_interfaces2/include/mycobot_interfaces2/mycobot_interfaces2
-- Up-to-date: /home/david/ros2_ws/install/mycobot_interfaces2/include/mycobot_interfaces2/mycobot_interfaces2/msg
-- Installing: /home/david/ros2_ws/install/mycobot_interfaces2/include/mycobot_interfaces2/mycobot_interfaces2/msg/rosidl_typesupport_introspection_c__visibility_control.h
-- Up-to-date: /home/david/ros2_ws/install/mycobot_interfaces2/include/mycobot_interfaces2/mycobot_interfaces2/msg/detail
-- Installing: /home/david/ros2_ws/install/mycobot_interfaces2/include/mycobot_interfaces2/mycobot_interfaces2/msg/detail/my_aruco_coords__rosidl_typesupport_introspection_c.h
-- Installing: /home/david/ros2_ws/install/mycobot_interfaces2/include/mycobot_interfaces2/mycobot_interfaces2/msg/detail/my_aruco_coords__type_support.c
-- Installing: /home/david/ros2_ws/install/mycobot_interfaces2/lib/libmycobot_interfaces2__rosidl_typesupport_introspection_c.so
-- Set runtime path of "/home/david/ros2_ws/install/mycobot_interfaces2/lib/libmycobot_interfaces2__rosidl_typesupport_introspection_c.so" to ""
-- Installing: /home/david/ros2_ws/install/mycobot_interfaces2/lib/libmycobot_interfaces2__rosidl_typesupport_c.so
-- Set runtime path of "/home/david/ros2_ws/install/mycobot_interfaces2/lib/libmycobot_interfaces2__rosidl_typesupport_c.so" to ""
-- Up-to-date: /home/david/ros2_ws/install/mycobot_interfaces2/include/mycobot_interfaces2/mycobot_interfaces2
-- Up-to-date: /home/david/ros2_ws/install/mycobot_interfaces2/include/mycobot_interfaces2/mycobot_interfaces2/msg
-- Installing: /home/david/ros2_ws/install/mycobot_interfaces2/include/mycobot_interfaces2/mycobot_interfaces2/msg/my_aruco_coords.hpp
-- Up-to-date: /home/david/ros2_ws/install/mycobot_interfaces2/include/mycobot_interfaces2/mycobot_interfaces2/msg/detail
-- Installing: /home/david/ros2_ws/install/mycobot_interfaces2/include/mycobot_interfaces2/mycobot_interfaces2/msg/detail/my_aruco_coords__builder.hpp
-- Installing: /home/david/ros2_ws/install/mycobot_interfaces2/include/mycobot_interfaces2/mycobot_interfaces2/msg/detail/my_aruco_coords__traits.hpp
-- Installing: /home/david/ros2_ws/install/mycobot_interfaces2/include/mycobot_interfaces2/mycobot_interfaces2/msg/detail/my_aruco_coords__struct.hpp
-- Up-to-date: /home/david/ros2_ws/install/mycobot_interfaces2/include/mycobot_interfaces2/mycobot_interfaces2
-- Up-to-date: /home/david/ros2_ws/install/mycobot_interfaces2/include/mycobot_interfaces2/mycobot_interfaces2/msg
-- Installing: /home/david/ros2_ws/install/mycobot_interfaces2/include/mycobot_interfaces2/mycobot_interfaces2/msg/rosidl_typesupport_fastrtps_cpp__visibility_control.h
-- Up-to-date: /home/david/ros2_ws/install/mycobot_interfaces2/include/mycobot_interfaces2/mycobot_interfaces2/msg/detail
-- Installing: /home/david/ros2_ws/install/mycobot_interfaces2/include/mycobot_interfaces2/mycobot_interfaces2/msg/detail/dds_fastrtps
-- Installing: /home/david/ros2_ws/install/mycobot_interfaces2/include/mycobot_interfaces2/mycobot_interfaces2/msg/detail/my_aruco_coords__rosidl_typesupport_fastrtps_cpp.hpp
-- Installing: /home/david/ros2_ws/install/mycobot_interfaces2/lib/libmycobot_interfaces2__rosidl_typesupport_fastrtps_cpp.so
-- Set runtime path of "/home/david/ros2_ws/install/mycobot_interfaces2/lib/libmycobot_interfaces2__rosidl_typesupport_fastrtps_cpp.so" to ""
-- Up-to-date: /home/david/ros2_ws/install/mycobot_interfaces2/include/mycobot_interfaces2/mycobot_interfaces2
-- Up-to-date: /home/david/ros2_ws/install/mycobot_interfaces2/include/mycobot_interfaces2/mycobot_interfaces2/msg
-- Up-to-date: /home/david/ros2_ws/install/mycobot_interfaces2/include/mycobot_interfaces2/mycobot_interfaces2/msg/detail
-- Installing: /home/david/ros2_ws/install/mycobot_interfaces2/include/mycobot_interfaces2/mycobot_interfaces2/msg/detail/my_aruco_coords__rosidl_typesupport_introspection_cpp.hpp
-- Installing: /home/david/ros2_ws/install/mycobot_interfaces2/include/mycobot_interfaces2/mycobot_interfaces2/msg/detail/my_aruco_coords__type_support.cpp
-- Installing: /home/david/ros2_ws/install/mycobot_interfaces2/lib/libmycobot_interfaces2__rosidl_typesupport_introspection_cpp.so
-- Set runtime path of "/home/david/ros2_ws/install/mycobot_interfaces2/lib/libmycobot_interfaces2__rosidl_typesupport_introspection_cpp.so" to ""
-- Installing: /home/david/ros2_ws/install/mycobot_interfaces2/lib/libmycobot_interfaces2__rosidl_typesupport_cpp.so
-- Set runtime path of "/home/david/ros2_ws/install/mycobot_interfaces2/lib/libmycobot_interfaces2__rosidl_typesupport_cpp.so" to ""
-- Installing: /home/david/ros2_ws/install/mycobot_interfaces2/share/mycobot_interfaces2/environment/pythonpath.sh
-- Installing: /home/david/ros2_ws/install/mycobot_interfaces2/share/mycobot_interfaces2/environment/pythonpath.dsv
-- Installing: /home/david/ros2_ws/install/mycobot_interfaces2/local/lib/python3.10/dist-packages/mycobot_interfaces2-0.0.0-py3.10.egg-info
-- Installing: /home/david/ros2_ws/install/mycobot_interfaces2/local/lib/python3.10/dist-packages/mycobot_interfaces2-0.0.0-py3.10.egg-info/SOURCES.txt
-- Installing: /home/david/ros2_ws/install/mycobot_interfaces2/local/lib/python3.10/dist-packages/mycobot_interfaces2-0.0.0-py3.10.egg-info/PKG-INFO
-- Installing: /home/david/ros2_ws/install/mycobot_interfaces2/local/lib/python3.10/dist-packages/mycobot_interfaces2-0.0.0-py3.10.egg-info/dependency_links.txt
-- Installing: /home/david/ros2_ws/install/mycobot_interfaces2/local/lib/python3.10/dist-packages/mycobot_interfaces2-0.0.0-py3.10.egg-info/top_level.txt
-- Installing: /home/david/ros2_ws/install/mycobot_interfaces2/local/lib/python3.10/dist-packages/mycobot_interfaces2
-- Installing: /home/david/ros2_ws/install/mycobot_interfaces2/local/lib/python3.10/dist-packages/mycobot_interfaces2/_mycobot_interfaces2_s.ep.rosidl_typesupport_c.c
-- Installing: /home/david/ros2_ws/install/mycobot_interfaces2/local/lib/python3.10/dist-packages/mycobot_interfaces2/mycobot_interfaces2_s__rosidl_typesupport_fastrtps_c.cpython-310-x86_64-linux-gnu.so
-- Installing: /home/david/ros2_ws/install/mycobot_interfaces2/local/lib/python3.10/dist-packages/mycobot_interfaces2/msg
-- Installing: /home/david/ros2_ws/install/mycobot_interfaces2/local/lib/python3.10/dist-packages/mycobot_interfaces2/msg/_my_aruco_coords.py
-- Installing: /home/david/ros2_ws/install/mycobot_interfaces2/local/lib/python3.10/dist-packages/mycobot_interfaces2/msg/_my_aruco_coords_s.c
-- Installing: /home/david/ros2_ws/install/mycobot_interfaces2/local/lib/python3.10/dist-packages/mycobot_interfaces2/msg/__init__.py
-- Installing: /home/david/ros2_ws/install/mycobot_interfaces2/local/lib/python3.10/dist-packages/mycobot_interfaces2/_mycobot_interfaces2_s.ep.rosidl_typesupport_fastrtps_c.c
-- Installing: /home/david/ros2_ws/install/mycobot_interfaces2/local/lib/python3.10/dist-packages/mycobot_interfaces2/__init__.py
-- Installing: /home/david/ros2_ws/install/mycobot_interfaces2/local/lib/python3.10/dist-packages/mycobot_interfaces2/libmycobot_interfaces2__rosidl_generator_py.so
-- Installing: /home/david/ros2_ws/install/mycobot_interfaces2/local/lib/python3.10/dist-packages/mycobot_interfaces2/_mycobot_interfaces2_s.ep.rosidl_typesupport_introspection_c.c
-- Installing: /home/david/ros2_ws/install/mycobot_interfaces2/local/lib/python3.10/dist-packages/mycobot_interfaces2/mycobot_interfaces2_s__rosidl_typesupport_c.cpython-310-x86_64-linux-gnu.so
-- Installing: /home/david/ros2_ws/install/mycobot_interfaces2/local/lib/python3.10/dist-packages/mycobot_interfaces2/mycobot_interfaces2_s__rosidl_typesupport_introspection_c.cpython-310-x86_64-linux-gnu.so
Listing '/home/david/ros2_ws/install/mycobot_interfaces2/local/lib/python3.10/dist-packages/mycobot_interfaces2'...
Compiling '/home/david/ros2_ws/install/mycobot_interfaces2/local/lib/python3.10/dist-packages/mycobot_interfaces2/__init__.py'...
Listing '/home/david/ros2_ws/install/mycobot_interfaces2/local/lib/python3.10/dist-packages/mycobot_interfaces2/msg'...
Compiling '/home/david/ros2_ws/install/mycobot_interfaces2/local/lib/python3.10/dist-packages/mycobot_interfaces2/msg/__init__.py'...
Compiling '/home/david/ros2_ws/install/mycobot_interfaces2/local/lib/python3.10/dist-packages/mycobot_interfaces2/msg/_my_aruco_coords.py'...
-- Installing: /home/david/ros2_ws/install/mycobot_interfaces2/local/lib/python3.10/dist-packages/mycobot_interfaces2/mycobot_interfaces2_s__rosidl_typesupport_fastrtps_c.cpython-310-x86_64-linux-gnu.so
-- Set runtime path of "/home/david/ros2_ws/install/mycobot_interfaces2/local/lib/python3.10/dist-packages/mycobot_interfaces2/mycobot_interfaces2_s__rosidl_typesupport_fastrtps_c.cpython-310-x86_64-linux-gnu.so" to ""
-- Installing: /home/david/ros2_ws/install/mycobot_interfaces2/local/lib/python3.10/dist-packages/mycobot_interfaces2/mycobot_interfaces2_s__rosidl_typesupport_introspection_c.cpython-310-x86_64-linux-gnu.so
-- Set runtime path of "/home/david/ros2_ws/install/mycobot_interfaces2/local/lib/python3.10/dist-packages/mycobot_interfaces2/mycobot_interfaces2_s__rosidl_typesupport_introspection_c.cpython-310-x86_64-linux-gnu.so" to ""
-- Installing: /home/david/ros2_ws/install/mycobot_interfaces2/local/lib/python3.10/dist-packages/mycobot_interfaces2/mycobot_interfaces2_s__rosidl_typesupport_c.cpython-310-x86_64-linux-gnu.so
-- Set runtime path of "/home/david/ros2_ws/install/mycobot_interfaces2/local/lib/python3.10/dist-packages/mycobot_interfaces2/mycobot_interfaces2_s__rosidl_typesupport_c.cpython-310-x86_64-linux-gnu.so" to ""
-- Installing: /home/david/ros2_ws/install/mycobot_interfaces2/lib/libmycobot_interfaces2__rosidl_generator_py.so
-- Set runtime path of "/home/david/ros2_ws/install/mycobot_interfaces2/lib/libmycobot_interfaces2__rosidl_generator_py.so" to ""
-- Installing: /home/david/ros2_ws/install/mycobot_interfaces2/share/mycobot_interfaces2/msg/MyArucoCoords.idl
-- Installing: /home/david/ros2_ws/install/mycobot_interfaces2/share/mycobot_interfaces2/msg/MyArucoCoords.msg
-- Installing: /home/david/ros2_ws/install/mycobot_interfaces2/share/ament_index/resource_index/package_run_dependencies/mycobot_interfaces2
-- Installing: /home/david/ros2_ws/install/mycobot_interfaces2/share/ament_index/resource_index/parent_prefix_path/mycobot_interfaces2
-- Installing: /home/david/ros2_ws/install/mycobot_interfaces2/share/mycobot_interfaces2/environment/ament_prefix_path.sh
-- Installing: /home/david/ros2_ws/install/mycobot_interfaces2/share/mycobot_interfaces2/environment/ament_prefix_path.dsv
-- Installing: /home/david/ros2_ws/install/mycobot_interfaces2/share/mycobot_interfaces2/environment/path.sh
-- Installing: /home/david/ros2_ws/install/mycobot_interfaces2/share/mycobot_interfaces2/environment/path.dsv
-- Installing: /home/david/ros2_ws/install/mycobot_interfaces2/share/mycobot_interfaces2/local_setup.bash
-- Installing: /home/david/ros2_ws/install/mycobot_interfaces2/share/mycobot_interfaces2/local_setup.sh
-- Installing: /home/david/ros2_ws/install/mycobot_interfaces2/share/mycobot_interfaces2/local_setup.zsh
-- Installing: /home/david/ros2_ws/install/mycobot_interfaces2/share/mycobot_interfaces2/local_setup.dsv
-- Installing: /home/david/ros2_ws/install/mycobot_interfaces2/share/mycobot_interfaces2/package.dsv
-- Installing: /home/david/ros2_ws/install/mycobot_interfaces2/share/ament_index/resource_index/packages/mycobot_interfaces2
-- Installing: /home/david/ros2_ws/install/mycobot_interfaces2/share/mycobot_interfaces2/cmake/export_mycobot_interfaces2__rosidl_generator_cExport.cmake
-- Installing: /home/david/ros2_ws/install/mycobot_interfaces2/share/mycobot_interfaces2/cmake/export_mycobot_interfaces2__rosidl_generator_cExport-noconfig.cmake
-- Installing: /home/david/ros2_ws/install/mycobot_interfaces2/share/mycobot_interfaces2/cmake/export_mycobot_interfaces2__rosidl_typesupport_fastrtps_cExport.cmake
-- Installing: /home/david/ros2_ws/install/mycobot_interfaces2/share/mycobot_interfaces2/cmake/export_mycobot_interfaces2__rosidl_typesupport_fastrtps_cExport-noconfig.cmake
-- Installing: /home/david/ros2_ws/install/mycobot_interfaces2/share/mycobot_interfaces2/cmake/mycobot_interfaces2__rosidl_typesupport_introspection_cExport.cmake
-- Installing: /home/david/ros2_ws/install/mycobot_interfaces2/share/mycobot_interfaces2/cmake/mycobot_interfaces2__rosidl_typesupport_introspection_cExport-noconfig.cmake
-- Installing: /home/david/ros2_ws/install/mycobot_interfaces2/share/mycobot_interfaces2/cmake/mycobot_interfaces2__rosidl_typesupport_cExport.cmake
-- Installing: /home/david/ros2_ws/install/mycobot_interfaces2/share/mycobot_interfaces2/cmake/mycobot_interfaces2__rosidl_typesupport_cExport-noconfig.cmake
-- Installing: /home/david/ros2_ws/install/mycobot_interfaces2/share/mycobot_interfaces2/cmake/export_mycobot_interfaces2__rosidl_generator_cppExport.cmake
-- Installing: /home/david/ros2_ws/install/mycobot_interfaces2/share/mycobot_interfaces2/cmake/export_mycobot_interfaces2__rosidl_typesupport_fastrtps_cppExport.cmake
-- Installing: /home/david/ros2_ws/install/mycobot_interfaces2/share/mycobot_interfaces2/cmake/export_mycobot_interfaces2__rosidl_typesupport_fastrtps_cppExport-noconfig.cmake
-- Installing: /home/david/ros2_ws/install/mycobot_interfaces2/share/mycobot_interfaces2/cmake/mycobot_interfaces2__rosidl_typesupport_introspection_cppExport.cmake
-- Installing: /home/david/ros2_ws/install/mycobot_interfaces2/share/mycobot_interfaces2/cmake/mycobot_interfaces2__rosidl_typesupport_introspection_cppExport-noconfig.cmake
-- Installing: /home/david/ros2_ws/install/mycobot_interfaces2/share/mycobot_interfaces2/cmake/mycobot_interfaces2__rosidl_typesupport_cppExport.cmake
-- Installing: /home/david/ros2_ws/install/mycobot_interfaces2/share/mycobot_interfaces2/cmake/mycobot_interfaces2__rosidl_typesupport_cppExport-noconfig.cmake
-- Installing: /home/david/ros2_ws/install/mycobot_interfaces2/share/mycobot_interfaces2/cmake/export_mycobot_interfaces2__rosidl_generator_pyExport.cmake
-- Installing: /home/david/ros2_ws/install/mycobot_interfaces2/share/mycobot_interfaces2/cmake/export_mycobot_interfaces2__rosidl_generator_pyExport-noconfig.cmake
-- Installing: /home/david/ros2_ws/install/mycobot_interfaces2/share/mycobot_interfaces2/cmake/rosidl_cmake-extras.cmake
-- Installing: /home/david/ros2_ws/install/mycobot_interfaces2/share/mycobot_interfaces2/cmake/ament_cmake_export_include_directories-extras.cmake
-- Installing: /home/david/ros2_ws/install/mycobot_interfaces2/share/mycobot_interfaces2/cmake/ament_cmake_export_libraries-extras.cmake
-- Installing: /home/david/ros2_ws/install/mycobot_interfaces2/share/mycobot_interfaces2/cmake/ament_cmake_export_targets-extras.cmake
-- Installing: /home/david/ros2_ws/install/mycobot_interfaces2/share/mycobot_interfaces2/cmake/rosidl_cmake_export_typesupport_targets-extras.cmake
-- Installing: /home/david/ros2_ws/install/mycobot_interfaces2/share/mycobot_interfaces2/cmake/ament_cmake_export_dependencies-extras.cmake
-- Installing: /home/david/ros2_ws/install/mycobot_interfaces2/share/mycobot_interfaces2/cmake/rosidl_cmake_export_typesupport_libraries-extras.cmake
-- Installing: /home/david/ros2_ws/install/mycobot_interfaces2/share/mycobot_interfaces2/cmake/mycobot_interfaces2Config.cmake
-- Installing: /home/david/ros2_ws/install/mycobot_interfaces2/share/mycobot_interfaces2/cmake/mycobot_interfaces2Config-version.cmake
-- Installing: /home/david/ros2_ws/install/mycobot_interfaces2/share/mycobot_interfaces2/package.xml
