[0.015s] Invoking command in '/home/david/ros2_ws/build/mycobot_interfaces2': CMAKE_PREFIX_PATH=${CMAKE_PREFIX_PATH}:/home/david/ros2_ws/install/ultraarm:/home/david/ros2_ws/install/mypalletizer_260_pi:/home/david/ros2_ws/install/mypalletizer_260:/home/david/ros2_ws/install/mypalletizer_communication:/home/david/ros2_ws/install/mycobot_630:/home/david/ros2_ws/install/mycobot_600:/home/david/ros2_ws/install/mycobot_320pi:/home/david/ros2_ws/install/mycobot_320:/home/david/ros2_ws/install/mycobot_280pi:/home/david/ros2_ws/install/mycobot_280jn:/home/david/ros2_ws/install/mycobot_280_x3pi:/home/david/ros2_ws/install/mycobot_280:/home/david/ros2_ws/install/myarm_m750:/home/david/ros2_ws/install/myarm_c650:/home/david/ros2_ws/install/myarm_300:/home/david/ros2_ws/install/mycobot_communication:/home/david/ros2_ws/install/mecharm_pi:/home/david/ros2_ws/install/mecharm:/home/david/ros2_ws/install/mecharm_communication:/home/david/ros2_ws/install/mybuddy:/home/david/ros2_ws/install/mycobot_description:/home/david/ros2_ws/install/my_py_pkg:/opt/ros/humble /usr/bin/cmake /home/david/ros2_ws/src/mycobot_ros2/mycobot_280/mycobot_interfaces2 -DCMAKE_INSTALL_PREFIX=/home/david/ros2_ws/install/mycobot_interfaces2
[0.034s] -- Found ament_cmake: 1.3.9 (/opt/ros/humble/share/ament_cmake/cmake)
[0.324s] -- Found rosidl_default_generators: 1.2.0 (/opt/ros/humble/share/rosidl_default_generators/cmake)
[0.331s] -- Using all available rosidl_typesupport_c: rosidl_typesupport_fastrtps_c;rosidl_typesupport_introspection_c
[0.337s] -- Found rosidl_adapter: 3.1.5 (/opt/ros/humble/share/rosidl_adapter/cmake)
[0.395s] -- Using all available rosidl_typesupport_cpp: rosidl_typesupport_fastrtps_cpp;rosidl_typesupport_introspection_cpp
[0.447s] -- Found rclpy: 3.3.13 (/opt/ros/humble/share/rclpy/cmake)
[0.448s] -- Found std_msgs: 4.2.4 (/opt/ros/humble/share/std_msgs/cmake)
[1.055s] -- Found ament_cmake_ros: 0.10.0 (/opt/ros/humble/share/ament_cmake_ros/cmake)
[1.434s] -- Using all available rosidl_typesupport_c: rosidl_typesupport_fastrtps_c;rosidl_typesupport_introspection_c
[1.979s] -- Using all available rosidl_typesupport_cpp: rosidl_typesupport_fastrtps_cpp;rosidl_typesupport_introspection_cpp
[2.034s] -- Found python_cmake_module: 0.10.0 (/opt/ros/humble/share/python_cmake_module/cmake)
[2.081s] -- Using PYTHON_EXECUTABLE: /usr/bin/python3
[2.081s] -- Using PYTHON_INCLUDE_DIRS: /usr/include/python3.10
[2.081s] -- Using PYTHON_LIBRARIES: /usr/lib/x86_64-linux-gnu/libpython3.10.so
[2.113s] -- Configuring done
[2.140s] -- Generating done
[2.142s] -- Build files have been written to: /home/david/ros2_ws/build/mycobot_interfaces2
[2.149s] Invoked command in '/home/david/ros2_ws/build/mycobot_interfaces2' returned '0': CMAKE_PREFIX_PATH=${CMAKE_PREFIX_PATH}:/home/david/ros2_ws/install/ultraarm:/home/david/ros2_ws/install/mypalletizer_260_pi:/home/david/ros2_ws/install/mypalletizer_260:/home/david/ros2_ws/install/mypalletizer_communication:/home/david/ros2_ws/install/mycobot_630:/home/david/ros2_ws/install/mycobot_600:/home/david/ros2_ws/install/mycobot_320pi:/home/david/ros2_ws/install/mycobot_320:/home/david/ros2_ws/install/mycobot_280pi:/home/david/ros2_ws/install/mycobot_280jn:/home/david/ros2_ws/install/mycobot_280_x3pi:/home/david/ros2_ws/install/mycobot_280:/home/david/ros2_ws/install/myarm_m750:/home/david/ros2_ws/install/myarm_c650:/home/david/ros2_ws/install/myarm_300:/home/david/ros2_ws/install/mycobot_communication:/home/david/ros2_ws/install/mecharm_pi:/home/david/ros2_ws/install/mecharm:/home/david/ros2_ws/install/mecharm_communication:/home/david/ros2_ws/install/mybuddy:/home/david/ros2_ws/install/mycobot_description:/home/david/ros2_ws/install/my_py_pkg:/opt/ros/humble /usr/bin/cmake /home/david/ros2_ws/src/mycobot_ros2/mycobot_280/mycobot_interfaces2 -DCMAKE_INSTALL_PREFIX=/home/david/ros2_ws/install/mycobot_interfaces2
[2.151s] Invoking command in '/home/david/ros2_ws/build/mycobot_interfaces2': CMAKE_PREFIX_PATH=${CMAKE_PREFIX_PATH}:/home/david/ros2_ws/install/ultraarm:/home/david/ros2_ws/install/mypalletizer_260_pi:/home/david/ros2_ws/install/mypalletizer_260:/home/david/ros2_ws/install/mypalletizer_communication:/home/david/ros2_ws/install/mycobot_630:/home/david/ros2_ws/install/mycobot_600:/home/david/ros2_ws/install/mycobot_320pi:/home/david/ros2_ws/install/mycobot_320:/home/david/ros2_ws/install/mycobot_280pi:/home/david/ros2_ws/install/mycobot_280jn:/home/david/ros2_ws/install/mycobot_280_x3pi:/home/david/ros2_ws/install/mycobot_280:/home/david/ros2_ws/install/myarm_m750:/home/david/ros2_ws/install/myarm_c650:/home/david/ros2_ws/install/myarm_300:/home/david/ros2_ws/install/mycobot_communication:/home/david/ros2_ws/install/mecharm_pi:/home/david/ros2_ws/install/mecharm:/home/david/ros2_ws/install/mecharm_communication:/home/david/ros2_ws/install/mybuddy:/home/david/ros2_ws/install/mycobot_description:/home/david/ros2_ws/install/my_py_pkg:/opt/ros/humble /usr/bin/cmake --build /home/david/ros2_ws/build/mycobot_interfaces2 -- -j12 -l12
[2.212s] [  3%] [34m[1mGenerating C code for ROS interfaces[0m
[2.230s] [  6%] [34m[1mGenerating C++ code for ROS interfaces[0m
[2.244s] [  6%] Built target ament_cmake_python_copy_mycobot_interfaces2
[2.722s] [  6%] Built target mycobot_interfaces2__cpp
[2.734s] [  9%] [34m[1mGenerating C++ type support for eProsima Fast-RTPS[0m
[2.741s] [ 12%] [34m[1mGenerating C++ type support dispatch for ROS interfaces[0m
[2.741s] [ 16%] [34m[1mGenerating C++ introspection for ROS interfaces[0m
[2.766s] running egg_info
[2.767s] creating mycobot_interfaces2.egg-info
[2.768s] writing mycobot_interfaces2.egg-info/PKG-INFO
[2.768s] writing dependency_links to mycobot_interfaces2.egg-info/dependency_links.txt
[2.768s] writing top-level names to mycobot_interfaces2.egg-info/top_level.txt
[2.769s] writing manifest file 'mycobot_interfaces2.egg-info/SOURCES.txt'
[2.787s] reading manifest file 'mycobot_interfaces2.egg-info/SOURCES.txt'
[2.788s] writing manifest file 'mycobot_interfaces2.egg-info/SOURCES.txt'
[2.819s] [ 19%] [32mBuilding C object CMakeFiles/mycobot_interfaces2__rosidl_generator_c.dir/rosidl_generator_c/mycobot_interfaces2/msg/detail/my_aruco_coords__functions.c.o[0m
[2.828s] [ 19%] Built target ament_cmake_python_build_mycobot_interfaces2_egg
[2.925s] [ 22%] [32m[1mLinking C shared library libmycobot_interfaces2__rosidl_generator_c.so[0m
[3.011s] [ 22%] Built target mycobot_interfaces2__rosidl_generator_c
[3.033s] [ 29%] [34m[1mGenerating C type support dispatch for ROS interfaces[0m
[3.033s] [ 32%] [34m[1mGenerating C introspection for ROS interfaces[0m
[3.035s] [ 29%] [34m[1mGenerating C type support for eProsima Fast-RTPS[0m
[3.286s] [ 35%] [32mBuilding CXX object CMakeFiles/mycobot_interfaces2__rosidl_typesupport_introspection_cpp.dir/rosidl_typesupport_introspection_cpp/mycobot_interfaces2/msg/detail/my_aruco_coords__type_support.cpp.o[0m
[3.287s] [ 38%] [32mBuilding CXX object CMakeFiles/mycobot_interfaces2__rosidl_typesupport_fastrtps_cpp.dir/rosidl_typesupport_fastrtps_cpp/mycobot_interfaces2/msg/detail/dds_fastrtps/my_aruco_coords__type_support.cpp.o[0m
[3.314s] [ 41%] [32mBuilding CXX object CMakeFiles/mycobot_interfaces2__rosidl_typesupport_cpp.dir/rosidl_typesupport_cpp/mycobot_interfaces2/msg/my_aruco_coords__type_support.cpp.o[0m
[3.650s] [ 45%] [32mBuilding CXX object CMakeFiles/mycobot_interfaces2__rosidl_typesupport_c.dir/rosidl_typesupport_c/mycobot_interfaces2/msg/my_aruco_coords__type_support.cpp.o[0m
[3.692s] [ 48%] [32mBuilding CXX object CMakeFiles/mycobot_interfaces2__rosidl_typesupport_fastrtps_c.dir/rosidl_typesupport_fastrtps_c/mycobot_interfaces2/msg/detail/my_aruco_coords__type_support_c.cpp.o[0m
[3.701s] [ 51%] [32mBuilding C object CMakeFiles/mycobot_interfaces2__rosidl_typesupport_introspection_c.dir/rosidl_typesupport_introspection_c/mycobot_interfaces2/msg/detail/my_aruco_coords__type_support.c.o[0m
[3.725s] [ 54%] [32m[1mLinking CXX shared library libmycobot_interfaces2__rosidl_typesupport_c.so[0m
[3.756s] [ 58%] [32m[1mLinking C shared library libmycobot_interfaces2__rosidl_typesupport_introspection_c.so[0m
[3.808s] [ 58%] Built target mycobot_interfaces2__rosidl_typesupport_c
[3.814s] [ 58%] Built target mycobot_interfaces2__rosidl_typesupport_introspection_c
[3.939s] [ 61%] [32m[1mLinking CXX shared library libmycobot_interfaces2__rosidl_typesupport_cpp.so[0m
[4.053s] [ 61%] Built target mycobot_interfaces2__rosidl_typesupport_cpp
[4.100s] [ 64%] [32m[1mLinking CXX shared library libmycobot_interfaces2__rosidl_typesupport_introspection_cpp.so[0m
[4.165s] [ 64%] Built target mycobot_interfaces2__rosidl_typesupport_introspection_cpp
[4.232s] [ 67%] [32m[1mLinking CXX shared library libmycobot_interfaces2__rosidl_typesupport_fastrtps_cpp.so[0m
[4.297s] [ 70%] [32m[1mLinking CXX shared library libmycobot_interfaces2__rosidl_typesupport_fastrtps_c.so[0m
[4.397s] [ 70%] Built target mycobot_interfaces2__rosidl_typesupport_fastrtps_cpp
[4.425s] [ 70%] Built target mycobot_interfaces2__rosidl_typesupport_fastrtps_c
[4.452s] [ 70%] Built target mycobot_interfaces2
[4.479s] [ 74%] [34m[1mGenerating Python code for ROS interfaces[0m
[5.018s] [ 74%] Built target mycobot_interfaces2__py
[5.054s] [ 77%] [32mBuilding C object CMakeFiles/mycobot_interfaces2__rosidl_generator_py.dir/rosidl_generator_py/mycobot_interfaces2/msg/_my_aruco_coords_s.c.o[0m
[5.204s] [ 80%] [32m[1mLinking C shared library rosidl_generator_py/mycobot_interfaces2/libmycobot_interfaces2__rosidl_generator_py.so[0m
[5.251s] [ 80%] Built target mycobot_interfaces2__rosidl_generator_py
[5.284s] [ 83%] [32mBuilding C object CMakeFiles/mycobot_interfaces2__rosidl_typesupport_fastrtps_c__pyext.dir/rosidl_generator_py/mycobot_interfaces2/_mycobot_interfaces2_s.ep.rosidl_typesupport_fastrtps_c.c.o[0m
[5.284s] [ 87%] [32mBuilding C object CMakeFiles/mycobot_interfaces2__rosidl_typesupport_c__pyext.dir/rosidl_generator_py/mycobot_interfaces2/_mycobot_interfaces2_s.ep.rosidl_typesupport_c.c.o[0m
[5.285s] [ 90%] [32mBuilding C object CMakeFiles/mycobot_interfaces2__rosidl_typesupport_introspection_c__pyext.dir/rosidl_generator_py/mycobot_interfaces2/_mycobot_interfaces2_s.ep.rosidl_typesupport_introspection_c.c.o[0m
[5.450s] [ 93%] [32m[1mLinking C shared library rosidl_generator_py/mycobot_interfaces2/mycobot_interfaces2_s__rosidl_typesupport_introspection_c.cpython-310-x86_64-linux-gnu.so[0m
[5.450s] [ 96%] [32m[1mLinking C shared library rosidl_generator_py/mycobot_interfaces2/mycobot_interfaces2_s__rosidl_typesupport_c.cpython-310-x86_64-linux-gnu.so[0m
[5.457s] [100%] [32m[1mLinking C shared library rosidl_generator_py/mycobot_interfaces2/mycobot_interfaces2_s__rosidl_typesupport_fastrtps_c.cpython-310-x86_64-linux-gnu.so[0m
[5.498s] [100%] Built target mycobot_interfaces2__rosidl_typesupport_introspection_c__pyext
[5.498s] [100%] Built target mycobot_interfaces2__rosidl_typesupport_c__pyext
[5.512s] [100%] Built target mycobot_interfaces2__rosidl_typesupport_fastrtps_c__pyext
[5.525s] Invoked command in '/home/david/ros2_ws/build/mycobot_interfaces2' returned '0': CMAKE_PREFIX_PATH=${CMAKE_PREFIX_PATH}:/home/david/ros2_ws/install/ultraarm:/home/david/ros2_ws/install/mypalletizer_260_pi:/home/david/ros2_ws/install/mypalletizer_260:/home/david/ros2_ws/install/mypalletizer_communication:/home/david/ros2_ws/install/mycobot_630:/home/david/ros2_ws/install/mycobot_600:/home/david/ros2_ws/install/mycobot_320pi:/home/david/ros2_ws/install/mycobot_320:/home/david/ros2_ws/install/mycobot_280pi:/home/david/ros2_ws/install/mycobot_280jn:/home/david/ros2_ws/install/mycobot_280_x3pi:/home/david/ros2_ws/install/mycobot_280:/home/david/ros2_ws/install/myarm_m750:/home/david/ros2_ws/install/myarm_c650:/home/david/ros2_ws/install/myarm_300:/home/david/ros2_ws/install/mycobot_communication:/home/david/ros2_ws/install/mecharm_pi:/home/david/ros2_ws/install/mecharm:/home/david/ros2_ws/install/mecharm_communication:/home/david/ros2_ws/install/mybuddy:/home/david/ros2_ws/install/mycobot_description:/home/david/ros2_ws/install/my_py_pkg:/opt/ros/humble /usr/bin/cmake --build /home/david/ros2_ws/build/mycobot_interfaces2 -- -j12 -l12
[5.602s] Invoking command in '/home/david/ros2_ws/build/mycobot_interfaces2': CMAKE_PREFIX_PATH=${CMAKE_PREFIX_PATH}:/home/david/ros2_ws/install/ultraarm:/home/david/ros2_ws/install/mypalletizer_260_pi:/home/david/ros2_ws/install/mypalletizer_260:/home/david/ros2_ws/install/mypalletizer_communication:/home/david/ros2_ws/install/mycobot_630:/home/david/ros2_ws/install/mycobot_600:/home/david/ros2_ws/install/mycobot_320pi:/home/david/ros2_ws/install/mycobot_320:/home/david/ros2_ws/install/mycobot_280pi:/home/david/ros2_ws/install/mycobot_280jn:/home/david/ros2_ws/install/mycobot_280_x3pi:/home/david/ros2_ws/install/mycobot_280:/home/david/ros2_ws/install/myarm_m750:/home/david/ros2_ws/install/myarm_c650:/home/david/ros2_ws/install/myarm_300:/home/david/ros2_ws/install/mycobot_communication:/home/david/ros2_ws/install/mecharm_pi:/home/david/ros2_ws/install/mecharm:/home/david/ros2_ws/install/mecharm_communication:/home/david/ros2_ws/install/mybuddy:/home/david/ros2_ws/install/mycobot_description:/home/david/ros2_ws/install/my_py_pkg:/opt/ros/humble /usr/bin/cmake --install /home/david/ros2_ws/build/mycobot_interfaces2
[5.615s] -- Install configuration: ""
[5.615s] -- Installing: /home/david/ros2_ws/install/mycobot_interfaces2/share/ament_index/resource_index/rosidl_interfaces/mycobot_interfaces2
[5.615s] -- Installing: /home/david/ros2_ws/install/mycobot_interfaces2/include/mycobot_interfaces2/mycobot_interfaces2
[5.615s] -- Installing: /home/david/ros2_ws/install/mycobot_interfaces2/include/mycobot_interfaces2/mycobot_interfaces2/msg
[5.616s] -- Installing: /home/david/ros2_ws/install/mycobot_interfaces2/include/mycobot_interfaces2/mycobot_interfaces2/msg/rosidl_generator_c__visibility_control.h
[5.616s] -- Installing: /home/david/ros2_ws/install/mycobot_interfaces2/include/mycobot_interfaces2/mycobot_interfaces2/msg/detail
[5.616s] -- Installing: /home/david/ros2_ws/install/mycobot_interfaces2/include/mycobot_interfaces2/mycobot_interfaces2/msg/detail/my_aruco_coords__functions.c
[5.616s] -- Installing: /home/david/ros2_ws/install/mycobot_interfaces2/include/mycobot_interfaces2/mycobot_interfaces2/msg/detail/my_aruco_coords__struct.h
[5.617s] -- Installing: /home/david/ros2_ws/install/mycobot_interfaces2/include/mycobot_interfaces2/mycobot_interfaces2/msg/detail/my_aruco_coords__functions.h
[5.617s] -- Installing: /home/david/ros2_ws/install/mycobot_interfaces2/include/mycobot_interfaces2/mycobot_interfaces2/msg/detail/my_aruco_coords__type_support.h
[5.617s] -- Installing: /home/david/ros2_ws/install/mycobot_interfaces2/include/mycobot_interfaces2/mycobot_interfaces2/msg/my_aruco_coords.h
[5.617s] -- Installing: /home/david/ros2_ws/install/mycobot_interfaces2/share/mycobot_interfaces2/environment/library_path.sh
[5.617s] -- Installing: /home/david/ros2_ws/install/mycobot_interfaces2/share/mycobot_interfaces2/environment/library_path.dsv
[5.618s] -- Installing: /home/david/ros2_ws/install/mycobot_interfaces2/lib/libmycobot_interfaces2__rosidl_generator_c.so
[5.618s] -- Set runtime path of "/home/david/ros2_ws/install/mycobot_interfaces2/lib/libmycobot_interfaces2__rosidl_generator_c.so" to ""
[5.618s] -- Up-to-date: /home/david/ros2_ws/install/mycobot_interfaces2/include/mycobot_interfaces2/mycobot_interfaces2
[5.619s] -- Up-to-date: /home/david/ros2_ws/install/mycobot_interfaces2/include/mycobot_interfaces2/mycobot_interfaces2/msg
[5.619s] -- Up-to-date: /home/david/ros2_ws/install/mycobot_interfaces2/include/mycobot_interfaces2/mycobot_interfaces2/msg/detail
[5.619s] -- Installing: /home/david/ros2_ws/install/mycobot_interfaces2/include/mycobot_interfaces2/mycobot_interfaces2/msg/detail/my_aruco_coords__rosidl_typesupport_fastrtps_c.h
[5.619s] -- Installing: /home/david/ros2_ws/install/mycobot_interfaces2/include/mycobot_interfaces2/mycobot_interfaces2/msg/rosidl_typesupport_fastrtps_c__visibility_control.h
[5.619s] -- Installing: /home/david/ros2_ws/install/mycobot_interfaces2/lib/libmycobot_interfaces2__rosidl_typesupport_fastrtps_c.so
[5.619s] -- Set runtime path of "/home/david/ros2_ws/install/mycobot_interfaces2/lib/libmycobot_interfaces2__rosidl_typesupport_fastrtps_c.so" to ""
[5.620s] -- Up-to-date: /home/david/ros2_ws/install/mycobot_interfaces2/include/mycobot_interfaces2/mycobot_interfaces2
[5.620s] -- Up-to-date: /home/david/ros2_ws/install/mycobot_interfaces2/include/mycobot_interfaces2/mycobot_interfaces2/msg
[5.620s] -- Installing: /home/david/ros2_ws/install/mycobot_interfaces2/include/mycobot_interfaces2/mycobot_interfaces2/msg/rosidl_typesupport_introspection_c__visibility_control.h
[5.620s] -- Up-to-date: /home/david/ros2_ws/install/mycobot_interfaces2/include/mycobot_interfaces2/mycobot_interfaces2/msg/detail
[5.620s] -- Installing: /home/david/ros2_ws/install/mycobot_interfaces2/include/mycobot_interfaces2/mycobot_interfaces2/msg/detail/my_aruco_coords__rosidl_typesupport_introspection_c.h
[5.621s] -- Installing: /home/david/ros2_ws/install/mycobot_interfaces2/include/mycobot_interfaces2/mycobot_interfaces2/msg/detail/my_aruco_coords__type_support.c
[5.621s] -- Installing: /home/david/ros2_ws/install/mycobot_interfaces2/lib/libmycobot_interfaces2__rosidl_typesupport_introspection_c.so
[5.621s] -- Set runtime path of "/home/david/ros2_ws/install/mycobot_interfaces2/lib/libmycobot_interfaces2__rosidl_typesupport_introspection_c.so" to ""
[5.621s] -- Installing: /home/david/ros2_ws/install/mycobot_interfaces2/lib/libmycobot_interfaces2__rosidl_typesupport_c.so
[5.622s] -- Set runtime path of "/home/david/ros2_ws/install/mycobot_interfaces2/lib/libmycobot_interfaces2__rosidl_typesupport_c.so" to ""
[5.622s] -- Up-to-date: /home/david/ros2_ws/install/mycobot_interfaces2/include/mycobot_interfaces2/mycobot_interfaces2
[5.622s] -- Up-to-date: /home/david/ros2_ws/install/mycobot_interfaces2/include/mycobot_interfaces2/mycobot_interfaces2/msg
[5.622s] -- Installing: /home/david/ros2_ws/install/mycobot_interfaces2/include/mycobot_interfaces2/mycobot_interfaces2/msg/my_aruco_coords.hpp
[5.623s] -- Up-to-date: /home/david/ros2_ws/install/mycobot_interfaces2/include/mycobot_interfaces2/mycobot_interfaces2/msg/detail
[5.623s] -- Installing: /home/david/ros2_ws/install/mycobot_interfaces2/include/mycobot_interfaces2/mycobot_interfaces2/msg/detail/my_aruco_coords__builder.hpp
[5.623s] -- Installing: /home/david/ros2_ws/install/mycobot_interfaces2/include/mycobot_interfaces2/mycobot_interfaces2/msg/detail/my_aruco_coords__traits.hpp
[5.623s] -- Installing: /home/david/ros2_ws/install/mycobot_interfaces2/include/mycobot_interfaces2/mycobot_interfaces2/msg/detail/my_aruco_coords__struct.hpp
[5.623s] -- Up-to-date: /home/david/ros2_ws/install/mycobot_interfaces2/include/mycobot_interfaces2/mycobot_interfaces2
[5.624s] -- Up-to-date: /home/david/ros2_ws/install/mycobot_interfaces2/include/mycobot_interfaces2/mycobot_interfaces2/msg
[5.624s] -- Installing: /home/david/ros2_ws/install/mycobot_interfaces2/include/mycobot_interfaces2/mycobot_interfaces2/msg/rosidl_typesupport_fastrtps_cpp__visibility_control.h
[5.624s] -- Up-to-date: /home/david/ros2_ws/install/mycobot_interfaces2/include/mycobot_interfaces2/mycobot_interfaces2/msg/detail
[5.624s] -- Installing: /home/david/ros2_ws/install/mycobot_interfaces2/include/mycobot_interfaces2/mycobot_interfaces2/msg/detail/dds_fastrtps
[5.624s] -- Installing: /home/david/ros2_ws/install/mycobot_interfaces2/include/mycobot_interfaces2/mycobot_interfaces2/msg/detail/my_aruco_coords__rosidl_typesupport_fastrtps_cpp.hpp
[5.624s] -- Installing: /home/david/ros2_ws/install/mycobot_interfaces2/lib/libmycobot_interfaces2__rosidl_typesupport_fastrtps_cpp.so
[5.624s] -- Set runtime path of "/home/david/ros2_ws/install/mycobot_interfaces2/lib/libmycobot_interfaces2__rosidl_typesupport_fastrtps_cpp.so" to ""
[5.625s] -- Up-to-date: /home/david/ros2_ws/install/mycobot_interfaces2/include/mycobot_interfaces2/mycobot_interfaces2
[5.625s] -- Up-to-date: /home/david/ros2_ws/install/mycobot_interfaces2/include/mycobot_interfaces2/mycobot_interfaces2/msg
[5.625s] -- Up-to-date: /home/david/ros2_ws/install/mycobot_interfaces2/include/mycobot_interfaces2/mycobot_interfaces2/msg/detail
[5.625s] -- Installing: /home/david/ros2_ws/install/mycobot_interfaces2/include/mycobot_interfaces2/mycobot_interfaces2/msg/detail/my_aruco_coords__rosidl_typesupport_introspection_cpp.hpp
[5.625s] -- Installing: /home/david/ros2_ws/install/mycobot_interfaces2/include/mycobot_interfaces2/mycobot_interfaces2/msg/detail/my_aruco_coords__type_support.cpp
[5.625s] -- Installing: /home/david/ros2_ws/install/mycobot_interfaces2/lib/libmycobot_interfaces2__rosidl_typesupport_introspection_cpp.so
[5.626s] -- Set runtime path of "/home/david/ros2_ws/install/mycobot_interfaces2/lib/libmycobot_interfaces2__rosidl_typesupport_introspection_cpp.so" to ""
[5.626s] -- Installing: /home/david/ros2_ws/install/mycobot_interfaces2/lib/libmycobot_interfaces2__rosidl_typesupport_cpp.so
[5.626s] -- Set runtime path of "/home/david/ros2_ws/install/mycobot_interfaces2/lib/libmycobot_interfaces2__rosidl_typesupport_cpp.so" to ""
[5.626s] -- Installing: /home/david/ros2_ws/install/mycobot_interfaces2/share/mycobot_interfaces2/environment/pythonpath.sh
[5.627s] -- Installing: /home/david/ros2_ws/install/mycobot_interfaces2/share/mycobot_interfaces2/environment/pythonpath.dsv
[5.627s] -- Installing: /home/david/ros2_ws/install/mycobot_interfaces2/local/lib/python3.10/dist-packages/mycobot_interfaces2-0.0.0-py3.10.egg-info
[5.627s] -- Installing: /home/david/ros2_ws/install/mycobot_interfaces2/local/lib/python3.10/dist-packages/mycobot_interfaces2-0.0.0-py3.10.egg-info/SOURCES.txt
[5.627s] -- Installing: /home/david/ros2_ws/install/mycobot_interfaces2/local/lib/python3.10/dist-packages/mycobot_interfaces2-0.0.0-py3.10.egg-info/PKG-INFO
[5.628s] -- Installing: /home/david/ros2_ws/install/mycobot_interfaces2/local/lib/python3.10/dist-packages/mycobot_interfaces2-0.0.0-py3.10.egg-info/dependency_links.txt
[5.628s] -- Installing: /home/david/ros2_ws/install/mycobot_interfaces2/local/lib/python3.10/dist-packages/mycobot_interfaces2-0.0.0-py3.10.egg-info/top_level.txt
[5.628s] -- Installing: /home/david/ros2_ws/install/mycobot_interfaces2/local/lib/python3.10/dist-packages/mycobot_interfaces2
[5.628s] -- Installing: /home/david/ros2_ws/install/mycobot_interfaces2/local/lib/python3.10/dist-packages/mycobot_interfaces2/_mycobot_interfaces2_s.ep.rosidl_typesupport_c.c
[5.628s] -- Installing: /home/david/ros2_ws/install/mycobot_interfaces2/local/lib/python3.10/dist-packages/mycobot_interfaces2/mycobot_interfaces2_s__rosidl_typesupport_fastrtps_c.cpython-310-x86_64-linux-gnu.so
[5.628s] -- Installing: /home/david/ros2_ws/install/mycobot_interfaces2/local/lib/python3.10/dist-packages/mycobot_interfaces2/msg
[5.629s] -- Installing: /home/david/ros2_ws/install/mycobot_interfaces2/local/lib/python3.10/dist-packages/mycobot_interfaces2/msg/_my_aruco_coords.py
[5.630s] -- Installing: /home/david/ros2_ws/install/mycobot_interfaces2/local/lib/python3.10/dist-packages/mycobot_interfaces2/msg/_my_aruco_coords_s.c
[5.630s] -- Installing: /home/david/ros2_ws/install/mycobot_interfaces2/local/lib/python3.10/dist-packages/mycobot_interfaces2/msg/__init__.py
[5.630s] -- Installing: /home/david/ros2_ws/install/mycobot_interfaces2/local/lib/python3.10/dist-packages/mycobot_interfaces2/_mycobot_interfaces2_s.ep.rosidl_typesupport_fastrtps_c.c
[5.630s] -- Installing: /home/david/ros2_ws/install/mycobot_interfaces2/local/lib/python3.10/dist-packages/mycobot_interfaces2/__init__.py
[5.630s] -- Installing: /home/david/ros2_ws/install/mycobot_interfaces2/local/lib/python3.10/dist-packages/mycobot_interfaces2/libmycobot_interfaces2__rosidl_generator_py.so
[5.630s] -- Installing: /home/david/ros2_ws/install/mycobot_interfaces2/local/lib/python3.10/dist-packages/mycobot_interfaces2/_mycobot_interfaces2_s.ep.rosidl_typesupport_introspection_c.c
[5.631s] -- Installing: /home/david/ros2_ws/install/mycobot_interfaces2/local/lib/python3.10/dist-packages/mycobot_interfaces2/mycobot_interfaces2_s__rosidl_typesupport_c.cpython-310-x86_64-linux-gnu.so
[5.631s] -- Installing: /home/david/ros2_ws/install/mycobot_interfaces2/local/lib/python3.10/dist-packages/mycobot_interfaces2/mycobot_interfaces2_s__rosidl_typesupport_introspection_c.cpython-310-x86_64-linux-gnu.so
[5.721s] Listing '/home/david/ros2_ws/install/mycobot_interfaces2/local/lib/python3.10/dist-packages/mycobot_interfaces2'...
[5.721s] Compiling '/home/david/ros2_ws/install/mycobot_interfaces2/local/lib/python3.10/dist-packages/mycobot_interfaces2/__init__.py'...
[5.721s] Listing '/home/david/ros2_ws/install/mycobot_interfaces2/local/lib/python3.10/dist-packages/mycobot_interfaces2/msg'...
[5.721s] Compiling '/home/david/ros2_ws/install/mycobot_interfaces2/local/lib/python3.10/dist-packages/mycobot_interfaces2/msg/__init__.py'...
[5.721s] Compiling '/home/david/ros2_ws/install/mycobot_interfaces2/local/lib/python3.10/dist-packages/mycobot_interfaces2/msg/_my_aruco_coords.py'...
[5.731s] -- Installing: /home/david/ros2_ws/install/mycobot_interfaces2/local/lib/python3.10/dist-packages/mycobot_interfaces2/mycobot_interfaces2_s__rosidl_typesupport_fastrtps_c.cpython-310-x86_64-linux-gnu.so
[5.731s] -- Set runtime path of "/home/david/ros2_ws/install/mycobot_interfaces2/local/lib/python3.10/dist-packages/mycobot_interfaces2/mycobot_interfaces2_s__rosidl_typesupport_fastrtps_c.cpython-310-x86_64-linux-gnu.so" to ""
[5.731s] -- Installing: /home/david/ros2_ws/install/mycobot_interfaces2/local/lib/python3.10/dist-packages/mycobot_interfaces2/mycobot_interfaces2_s__rosidl_typesupport_introspection_c.cpython-310-x86_64-linux-gnu.so
[5.732s] -- Set runtime path of "/home/david/ros2_ws/install/mycobot_interfaces2/local/lib/python3.10/dist-packages/mycobot_interfaces2/mycobot_interfaces2_s__rosidl_typesupport_introspection_c.cpython-310-x86_64-linux-gnu.so" to ""
[5.732s] -- Installing: /home/david/ros2_ws/install/mycobot_interfaces2/local/lib/python3.10/dist-packages/mycobot_interfaces2/mycobot_interfaces2_s__rosidl_typesupport_c.cpython-310-x86_64-linux-gnu.so
[5.732s] -- Set runtime path of "/home/david/ros2_ws/install/mycobot_interfaces2/local/lib/python3.10/dist-packages/mycobot_interfaces2/mycobot_interfaces2_s__rosidl_typesupport_c.cpython-310-x86_64-linux-gnu.so" to ""
[5.733s] -- Installing: /home/david/ros2_ws/install/mycobot_interfaces2/lib/libmycobot_interfaces2__rosidl_generator_py.so
[5.733s] -- Set runtime path of "/home/david/ros2_ws/install/mycobot_interfaces2/lib/libmycobot_interfaces2__rosidl_generator_py.so" to ""
[5.733s] -- Installing: /home/david/ros2_ws/install/mycobot_interfaces2/share/mycobot_interfaces2/msg/MyArucoCoords.idl
[5.734s] -- Installing: /home/david/ros2_ws/install/mycobot_interfaces2/share/mycobot_interfaces2/msg/MyArucoCoords.msg
[5.734s] -- Installing: /home/david/ros2_ws/install/mycobot_interfaces2/share/ament_index/resource_index/package_run_dependencies/mycobot_interfaces2
[5.734s] -- Installing: /home/david/ros2_ws/install/mycobot_interfaces2/share/ament_index/resource_index/parent_prefix_path/mycobot_interfaces2
[5.735s] -- Installing: /home/david/ros2_ws/install/mycobot_interfaces2/share/mycobot_interfaces2/environment/ament_prefix_path.sh
[5.735s] -- Installing: /home/david/ros2_ws/install/mycobot_interfaces2/share/mycobot_interfaces2/environment/ament_prefix_path.dsv
[5.735s] -- Installing: /home/david/ros2_ws/install/mycobot_interfaces2/share/mycobot_interfaces2/environment/path.sh
[5.735s] -- Installing: /home/david/ros2_ws/install/mycobot_interfaces2/share/mycobot_interfaces2/environment/path.dsv
[5.735s] -- Installing: /home/david/ros2_ws/install/mycobot_interfaces2/share/mycobot_interfaces2/local_setup.bash
[5.736s] -- Installing: /home/david/ros2_ws/install/mycobot_interfaces2/share/mycobot_interfaces2/local_setup.sh
[5.736s] -- Installing: /home/david/ros2_ws/install/mycobot_interfaces2/share/mycobot_interfaces2/local_setup.zsh
[5.736s] -- Installing: /home/david/ros2_ws/install/mycobot_interfaces2/share/mycobot_interfaces2/local_setup.dsv
[5.736s] -- Installing: /home/david/ros2_ws/install/mycobot_interfaces2/share/mycobot_interfaces2/package.dsv
[5.737s] -- Installing: /home/david/ros2_ws/install/mycobot_interfaces2/share/ament_index/resource_index/packages/mycobot_interfaces2
[5.737s] -- Installing: /home/david/ros2_ws/install/mycobot_interfaces2/share/mycobot_interfaces2/cmake/export_mycobot_interfaces2__rosidl_generator_cExport.cmake
[5.737s] -- Installing: /home/david/ros2_ws/install/mycobot_interfaces2/share/mycobot_interfaces2/cmake/export_mycobot_interfaces2__rosidl_generator_cExport-noconfig.cmake
[5.737s] -- Installing: /home/david/ros2_ws/install/mycobot_interfaces2/share/mycobot_interfaces2/cmake/export_mycobot_interfaces2__rosidl_typesupport_fastrtps_cExport.cmake
[5.738s] -- Installing: /home/david/ros2_ws/install/mycobot_interfaces2/share/mycobot_interfaces2/cmake/export_mycobot_interfaces2__rosidl_typesupport_fastrtps_cExport-noconfig.cmake
[5.738s] -- Installing: /home/david/ros2_ws/install/mycobot_interfaces2/share/mycobot_interfaces2/cmake/mycobot_interfaces2__rosidl_typesupport_introspection_cExport.cmake
[5.738s] -- Installing: /home/david/ros2_ws/install/mycobot_interfaces2/share/mycobot_interfaces2/cmake/mycobot_interfaces2__rosidl_typesupport_introspection_cExport-noconfig.cmake
[5.738s] -- Installing: /home/david/ros2_ws/install/mycobot_interfaces2/share/mycobot_interfaces2/cmake/mycobot_interfaces2__rosidl_typesupport_cExport.cmake
[5.739s] -- Installing: /home/david/ros2_ws/install/mycobot_interfaces2/share/mycobot_interfaces2/cmake/mycobot_interfaces2__rosidl_typesupport_cExport-noconfig.cmake
[5.739s] -- Installing: /home/david/ros2_ws/install/mycobot_interfaces2/share/mycobot_interfaces2/cmake/export_mycobot_interfaces2__rosidl_generator_cppExport.cmake
[5.739s] -- Installing: /home/david/ros2_ws/install/mycobot_interfaces2/share/mycobot_interfaces2/cmake/export_mycobot_interfaces2__rosidl_typesupport_fastrtps_cppExport.cmake
[5.739s] -- Installing: /home/david/ros2_ws/install/mycobot_interfaces2/share/mycobot_interfaces2/cmake/export_mycobot_interfaces2__rosidl_typesupport_fastrtps_cppExport-noconfig.cmake
[5.740s] -- Installing: /home/david/ros2_ws/install/mycobot_interfaces2/share/mycobot_interfaces2/cmake/mycobot_interfaces2__rosidl_typesupport_introspection_cppExport.cmake
[5.740s] -- Installing: /home/david/ros2_ws/install/mycobot_interfaces2/share/mycobot_interfaces2/cmake/mycobot_interfaces2__rosidl_typesupport_introspection_cppExport-noconfig.cmake
[5.740s] -- Installing: /home/david/ros2_ws/install/mycobot_interfaces2/share/mycobot_interfaces2/cmake/mycobot_interfaces2__rosidl_typesupport_cppExport.cmake
[5.740s] -- Installing: /home/david/ros2_ws/install/mycobot_interfaces2/share/mycobot_interfaces2/cmake/mycobot_interfaces2__rosidl_typesupport_cppExport-noconfig.cmake
[5.740s] -- Installing: /home/david/ros2_ws/install/mycobot_interfaces2/share/mycobot_interfaces2/cmake/export_mycobot_interfaces2__rosidl_generator_pyExport.cmake
[5.741s] -- Installing: /home/david/ros2_ws/install/mycobot_interfaces2/share/mycobot_interfaces2/cmake/export_mycobot_interfaces2__rosidl_generator_pyExport-noconfig.cmake
[5.741s] -- Installing: /home/david/ros2_ws/install/mycobot_interfaces2/share/mycobot_interfaces2/cmake/rosidl_cmake-extras.cmake
[5.741s] -- Installing: /home/david/ros2_ws/install/mycobot_interfaces2/share/mycobot_interfaces2/cmake/ament_cmake_export_include_directories-extras.cmake
[5.741s] -- Installing: /home/david/ros2_ws/install/mycobot_interfaces2/share/mycobot_interfaces2/cmake/ament_cmake_export_libraries-extras.cmake
[5.742s] -- Installing: /home/david/ros2_ws/install/mycobot_interfaces2/share/mycobot_interfaces2/cmake/ament_cmake_export_targets-extras.cmake
[5.742s] -- Installing: /home/david/ros2_ws/install/mycobot_interfaces2/share/mycobot_interfaces2/cmake/rosidl_cmake_export_typesupport_targets-extras.cmake
[5.742s] -- Installing: /home/david/ros2_ws/install/mycobot_interfaces2/share/mycobot_interfaces2/cmake/ament_cmake_export_dependencies-extras.cmake
[5.742s] -- Installing: /home/david/ros2_ws/install/mycobot_interfaces2/share/mycobot_interfaces2/cmake/rosidl_cmake_export_typesupport_libraries-extras.cmake
[5.743s] -- Installing: /home/david/ros2_ws/install/mycobot_interfaces2/share/mycobot_interfaces2/cmake/mycobot_interfaces2Config.cmake
[5.743s] -- Installing: /home/david/ros2_ws/install/mycobot_interfaces2/share/mycobot_interfaces2/cmake/mycobot_interfaces2Config-version.cmake
[5.743s] -- Installing: /home/david/ros2_ws/install/mycobot_interfaces2/share/mycobot_interfaces2/package.xml
[5.747s] Invoked command in '/home/david/ros2_ws/build/mycobot_interfaces2' returned '0': CMAKE_PREFIX_PATH=${CMAKE_PREFIX_PATH}:/home/david/ros2_ws/install/ultraarm:/home/david/ros2_ws/install/mypalletizer_260_pi:/home/david/ros2_ws/install/mypalletizer_260:/home/david/ros2_ws/install/mypalletizer_communication:/home/david/ros2_ws/install/mycobot_630:/home/david/ros2_ws/install/mycobot_600:/home/david/ros2_ws/install/mycobot_320pi:/home/david/ros2_ws/install/mycobot_320:/home/david/ros2_ws/install/mycobot_280pi:/home/david/ros2_ws/install/mycobot_280jn:/home/david/ros2_ws/install/mycobot_280_x3pi:/home/david/ros2_ws/install/mycobot_280:/home/david/ros2_ws/install/myarm_m750:/home/david/ros2_ws/install/myarm_c650:/home/david/ros2_ws/install/myarm_300:/home/david/ros2_ws/install/mycobot_communication:/home/david/ros2_ws/install/mecharm_pi:/home/david/ros2_ws/install/mecharm:/home/david/ros2_ws/install/mecharm_communication:/home/david/ros2_ws/install/mybuddy:/home/david/ros2_ws/install/mycobot_description:/home/david/ros2_ws/install/my_py_pkg:/opt/ros/humble /usr/bin/cmake --install /home/david/ros2_ws/build/mycobot_interfaces2
