[7.294s] Invoking command in '/home/david/ros2_ws/build/mypalletizer_communication': PYTHONPATH=/home/david/ros2_ws/build/mypalletizer_communication/prefix_override:/usr/lib/python3/dist-packages/colcon_core/task/python/colcon_distutils_commands:/home/david/ros2_ws/install/mypalletizer_communication/lib/python3.10/site-packages:${PYTHONPATH} /usr/bin/python3 -W ignore:setup.py install is deprecated setup.py develop --editable --build-directory /home/david/ros2_ws/build/mypalletizer_communication/build --no-deps symlink_data
[7.824s] running develop
[7.825s] /usr/lib/python3/dist-packages/setuptools/command/easy_install.py:158: EasyInstallDeprecationWarning: easy_install command is deprecated. Use build and pip and other standards-based tools.
[7.829s]   warnings.warn(
[8.141s] running egg_info
[8.143s] writing mypalletizer_communication.egg-info/PKG-INFO
[8.144s] writing dependency_links to mypalletizer_communication.egg-info/dependency_links.txt
[8.144s] writing entry points to mypalletizer_communication.egg-info/entry_points.txt
[8.144s] writing requirements to mypalletizer_communication.egg-info/requires.txt
[8.144s] writing top-level names to mypalletizer_communication.egg-info/top_level.txt
[8.147s] reading manifest file 'mypalletizer_communication.egg-info/SOURCES.txt'
[8.149s] writing manifest file 'mypalletizer_communication.egg-info/SOURCES.txt'
[8.153s] running build_ext
[8.154s] Creating /home/david/ros2_ws/install/mypalletizer_communication/lib/python3.10/site-packages/mypalletizer-communication.egg-link (link to .)
[8.155s] Installing mypalletizer_services script to /home/david/ros2_ws/install/mypalletizer_communication/lib/mypalletizer_communication
[8.156s] Installing mypalletizer_topics script to /home/david/ros2_ws/install/mypalletizer_communication/lib/mypalletizer_communication
[8.156s] Installing mypalletizer_topics_seeed script to /home/david/ros2_ws/install/mypalletizer_communication/lib/mypalletizer_communication
[8.156s] 
[8.157s] Installed /home/david/ros2_ws/build/mypalletizer_communication
[8.157s] running symlink_data
[8.215s] Invoked command in '/home/david/ros2_ws/build/mypalletizer_communication' returned '0': PYTHONPATH=/home/david/ros2_ws/build/mypalletizer_communication/prefix_override:/usr/lib/python3/dist-packages/colcon_core/task/python/colcon_distutils_commands:/home/david/ros2_ws/install/mypalletizer_communication/lib/python3.10/site-packages:${PYTHONPATH} /usr/bin/python3 -W ignore:setup.py install is deprecated setup.py develop --editable --build-directory /home/david/ros2_ws/build/mypalletizer_communication/build --no-deps symlink_data
