running develop
/usr/lib/python3/dist-packages/setuptools/command/easy_install.py:158: EasyInstallDeprecationWarning: easy_install command is deprecated. Use build and pip and other standards-based tools.
  warnings.warn(
running egg_info
writing mypalletizer_260_pi.egg-info/PKG-INFO
writing dependency_links to mypalletizer_260_pi.egg-info/dependency_links.txt
writing entry points to mypalletizer_260_pi.egg-info/entry_points.txt
writing requirements to mypalletizer_260_pi.egg-info/requires.txt
writing top-level names to mypalletizer_260_pi.egg-info/top_level.txt
reading manifest file 'mypalletizer_260_pi.egg-info/SOURCES.txt'
writing manifest file 'mypalletizer_260_pi.egg-info/SOURCES.txt'
running build_ext
Creating /home/david/ros2_ws/install/mypalletizer_260_pi/lib/python3.10/site-packages/mypalletizer-260-pi.egg-link (link to .)
Installing detect_marker script to /home/david/ros2_ws/install/mypalletizer_260_pi/lib/mypalletizer_260_pi
Installing follow_display script to /home/david/ros2_ws/install/mypalletizer_260_pi/lib/mypalletizer_260_pi
Installing following_marker script to /home/david/ros2_ws/install/mypalletizer_260_pi/lib/mypalletizer_260_pi
Installing listen_real script to /home/david/ros2_ws/install/mypalletizer_260_pi/lib/mypalletizer_260_pi
Installing listen_real_of_topic script to /home/david/ros2_ws/install/mypalletizer_260_pi/lib/mypalletizer_260_pi
Installing simple_gui script to /home/david/ros2_ws/install/mypalletizer_260_pi/lib/mypalletizer_260_pi
Installing slider_control script to /home/david/ros2_ws/install/mypalletizer_260_pi/lib/mypalletizer_260_pi
Installing teleop_keyboard script to /home/david/ros2_ws/install/mypalletizer_260_pi/lib/mypalletizer_260_pi

Installed /home/david/ros2_ws/build/mypalletizer_260_pi
running symlink_data
