[0.501s] Invoking command in '/home/david/ros2_ws/build/mycobot_communication': AMENT_PREFIX_PATH=/home/david/ros2_ws/install/mycobot_interfaces:${AMENT_PREFIX_PATH} CMAKE_PREFIX_PATH=/home/david/ros2_ws/install/mycobot_interfaces LD_LIBRARY_PATH=/home/david/ros2_ws/install/mycobot_interfaces/lib:${LD_LIBRARY_PATH} PYTHONPATH=/home/david/ros2_ws/build/mycobot_communication/prefix_override:/usr/lib/python3/dist-packages/colcon_core/task/python/colcon_distutils_commands:/home/david/ros2_ws/install/mycobot_communication/lib/python3.10/site-packages:/home/david/ros2_ws/install/mycobot_interfaces/local/lib/python3.10/dist-packages:${PYTHONPATH} /usr/bin/python3 -W ignore:setup.py install is deprecated setup.py develop --editable --build-directory /home/david/ros2_ws/build/mycobot_communication/build --no-deps symlink_data
[0.655s] running develop
[0.656s] /usr/lib/python3/dist-packages/setuptools/command/easy_install.py:158: EasyInstallDeprecationWarning: easy_install command is deprecated. Use build and pip and other standards-based tools.
[0.656s]   warnings.warn(
[0.745s] running egg_info
[0.746s] creating mycobot_communication.egg-info
[0.746s] writing mycobot_communication.egg-info/PKG-INFO
[0.746s] writing dependency_links to mycobot_communication.egg-info/dependency_links.txt
[0.746s] writing entry points to mycobot_communication.egg-info/entry_points.txt
[0.746s] writing requirements to mycobot_communication.egg-info/requires.txt
[0.746s] writing top-level names to mycobot_communication.egg-info/top_level.txt
[0.746s] writing manifest file 'mycobot_communication.egg-info/SOURCES.txt'
[0.747s] reading manifest file 'mycobot_communication.egg-info/SOURCES.txt'
[0.747s] writing manifest file 'mycobot_communication.egg-info/SOURCES.txt'
[0.748s] running build_ext
[0.748s] Creating /home/david/ros2_ws/install/mycobot_communication/lib/python3.10/site-packages/mycobot-communication.egg-link (link to .)
[0.749s] Installing mycobot_services script to /home/david/ros2_ws/install/mycobot_communication/lib/mycobot_communication
[0.749s] Installing mycobot_topics script to /home/david/ros2_ws/install/mycobot_communication/lib/mycobot_communication
[0.749s] Installing mycobot_topics_jsnn script to /home/david/ros2_ws/install/mycobot_communication/lib/mycobot_communication
[0.749s] Installing mycobot_topics_pi script to /home/david/ros2_ws/install/mycobot_communication/lib/mycobot_communication
[0.749s] Installing mycobot_topics_seeed script to /home/david/ros2_ws/install/mycobot_communication/lib/mycobot_communication
[0.749s] 
[0.749s] Installed /home/david/ros2_ws/build/mycobot_communication
[0.749s] running symlink_data
[0.750s] creating /home/david/ros2_ws/install/mycobot_communication/share/ament_index
[0.750s] creating /home/david/ros2_ws/install/mycobot_communication/share/ament_index/resource_index
[0.750s] creating /home/david/ros2_ws/install/mycobot_communication/share/ament_index/resource_index/packages
[0.750s] symbolically linking /home/david/ros2_ws/build/mycobot_communication/resource/mycobot_communication -> /home/david/ros2_ws/install/mycobot_communication/share/ament_index/resource_index/packages
[0.750s] symbolically linking /home/david/ros2_ws/build/mycobot_communication/package.xml -> /home/david/ros2_ws/install/mycobot_communication/share/mycobot_communication
[0.750s] creating /home/david/ros2_ws/install/mycobot_communication/share/mycobot_communication/launch
[0.750s] symbolically linking /home/david/ros2_ws/build/mycobot_communication/launch/communication_topic_pi.launch.py -> /home/david/ros2_ws/install/mycobot_communication/share/mycobot_communication/launch
[0.750s] symbolically linking /home/david/ros2_ws/build/mycobot_communication/launch/communication_topic.launch.py -> /home/david/ros2_ws/install/mycobot_communication/share/mycobot_communication/launch
[0.750s] symbolically linking /home/david/ros2_ws/build/mycobot_communication/launch/communication_seeed.launch.py -> /home/david/ros2_ws/install/mycobot_communication/share/mycobot_communication/launch
[0.750s] symbolically linking /home/david/ros2_ws/build/mycobot_communication/launch/communication_service.launch.py -> /home/david/ros2_ws/install/mycobot_communication/share/mycobot_communication/launch
[0.750s] symbolically linking /home/david/ros2_ws/build/mycobot_communication/launch/communication_jsnn.launch.py -> /home/david/ros2_ws/install/mycobot_communication/share/mycobot_communication/launch
[1.169s] Invoked command in '/home/david/ros2_ws/build/mycobot_communication' returned '0': AMENT_PREFIX_PATH=/home/david/ros2_ws/install/mycobot_interfaces:${AMENT_PREFIX_PATH} CMAKE_PREFIX_PATH=/home/david/ros2_ws/install/mycobot_interfaces LD_LIBRARY_PATH=/home/david/ros2_ws/install/mycobot_interfaces/lib:${LD_LIBRARY_PATH} PYTHONPATH=/home/david/ros2_ws/build/mycobot_communication/prefix_override:/usr/lib/python3/dist-packages/colcon_core/task/python/colcon_distutils_commands:/home/david/ros2_ws/install/mycobot_communication/lib/python3.10/site-packages:/home/david/ros2_ws/install/mycobot_interfaces/local/lib/python3.10/dist-packages:${PYTHONPATH} /usr/bin/python3 -W ignore:setup.py install is deprecated setup.py develop --editable --build-directory /home/david/ros2_ws/build/mycobot_communication/build --no-deps symlink_data
