[0.436s] Invoking command in '/home/david/ros2_ws/build/mecharm_interfaces': CMAKE_PREFIX_PATH=${CMAKE_PREFIX_PATH}:/home/david/ros2_ws/install/ultraarm:/home/david/ros2_ws/install/mypalletizer_260_pi:/home/david/ros2_ws/install/mypalletizer_260:/home/david/ros2_ws/install/mypalletizer_communication:/home/david/ros2_ws/install/mycobot_630:/home/david/ros2_ws/install/mycobot_600:/home/david/ros2_ws/install/mycobot_320pi:/home/david/ros2_ws/install/mycobot_320:/home/david/ros2_ws/install/mycobot_280pi:/home/david/ros2_ws/install/mycobot_280jn:/home/david/ros2_ws/install/mycobot_280_x3pi:/home/david/ros2_ws/install/mycobot_280:/home/david/ros2_ws/install/myarm_m750:/home/david/ros2_ws/install/myarm_c650:/home/david/ros2_ws/install/myarm_300:/home/david/ros2_ws/install/mycobot_communication:/home/david/ros2_ws/install/mecharm_pi:/home/david/ros2_ws/install/mecharm:/home/david/ros2_ws/install/mecharm_communication:/home/david/ros2_ws/install/mybuddy:/home/david/ros2_ws/install/mycobot_description:/home/david/ros2_ws/install/my_py_pkg:/opt/ros/humble /usr/bin/cmake --build /home/david/ros2_ws/build/mecharm_interfaces -- -j12 -l12
[0.553s] [  0%] Built target mecharm_interfaces__cpp
[0.571s] [ 12%] Built target mecharm_interfaces__rosidl_generator_c
[0.587s] [ 12%] Built target ament_cmake_python_symlink_mecharm_interfaces
[0.595s] [35m[1mConsolidate compiler generated dependencies of target mecharm_interfaces__rosidl_typesupport_cpp[0m
[0.614s] [35m[1mConsolidate compiler generated dependencies of target mecharm_interfaces__rosidl_typesupport_introspection_cpp[0m
[0.657s] [35m[1mConsolidate compiler generated dependencies of target mecharm_interfaces__rosidl_typesupport_fastrtps_c[0m
[0.694s] [35m[1mConsolidate compiler generated dependencies of target mecharm_interfaces__rosidl_typesupport_fastrtps_cpp[0m
[0.710s] [ 24%] Built target mecharm_interfaces__rosidl_typesupport_cpp
[0.718s] [ 36%] Built target mecharm_interfaces__rosidl_typesupport_introspection_cpp
[0.719s] [ 48%] Built target mecharm_interfaces__rosidl_typesupport_introspection_c
[0.738s] [ 60%] Built target mecharm_interfaces__rosidl_typesupport_c
[0.738s] [ 72%] Built target mecharm_interfaces__rosidl_typesupport_fastrtps_c
[0.772s] [ 83%] Built target mecharm_interfaces__rosidl_typesupport_fastrtps_cpp
[0.815s] [ 83%] Built target mecharm_interfaces
[0.869s] [ 84%] Built target mecharm_interfaces__py
[0.905s] [35m[1mConsolidate compiler generated dependencies of target mecharm_interfaces__rosidl_generator_py[0m
[0.958s] [ 95%] Built target mecharm_interfaces__rosidl_generator_py
[0.983s] [35m[1mConsolidate compiler generated dependencies of target mecharm_interfaces__rosidl_typesupport_introspection_c__pyext[0m
[0.987s] [35m[1mConsolidate compiler generated dependencies of target mecharm_interfaces__rosidl_typesupport_fastrtps_c__pyext[0m
[0.992s] [35m[1mConsolidate compiler generated dependencies of target mecharm_interfaces__rosidl_typesupport_c__pyext[0m
[1.015s] [ 97%] Built target mecharm_interfaces__rosidl_typesupport_introspection_c__pyext
[1.019s] [ 99%] Built target mecharm_interfaces__rosidl_typesupport_fastrtps_c__pyext
[1.032s] [100%] Built target mecharm_interfaces__rosidl_typesupport_c__pyext
[1.307s] running egg_info
[1.311s] writing mecharm_interfaces.egg-info/PKG-INFO
[1.312s] writing dependency_links to mecharm_interfaces.egg-info/dependency_links.txt
[1.312s] writing top-level names to mecharm_interfaces.egg-info/top_level.txt
[1.315s] reading manifest file 'mecharm_interfaces.egg-info/SOURCES.txt'
[1.318s] writing manifest file 'mecharm_interfaces.egg-info/SOURCES.txt'
[1.386s] [100%] Built target ament_cmake_python_build_mecharm_interfaces_egg
[1.412s] Invoked command in '/home/david/ros2_ws/build/mecharm_interfaces' returned '0': CMAKE_PREFIX_PATH=${CMAKE_PREFIX_PATH}:/home/david/ros2_ws/install/ultraarm:/home/david/ros2_ws/install/mypalletizer_260_pi:/home/david/ros2_ws/install/mypalletizer_260:/home/david/ros2_ws/install/mypalletizer_communication:/home/david/ros2_ws/install/mycobot_630:/home/david/ros2_ws/install/mycobot_600:/home/david/ros2_ws/install/mycobot_320pi:/home/david/ros2_ws/install/mycobot_320:/home/david/ros2_ws/install/mycobot_280pi:/home/david/ros2_ws/install/mycobot_280jn:/home/david/ros2_ws/install/mycobot_280_x3pi:/home/david/ros2_ws/install/mycobot_280:/home/david/ros2_ws/install/myarm_m750:/home/david/ros2_ws/install/myarm_c650:/home/david/ros2_ws/install/myarm_300:/home/david/ros2_ws/install/mycobot_communication:/home/david/ros2_ws/install/mecharm_pi:/home/david/ros2_ws/install/mecharm:/home/david/ros2_ws/install/mecharm_communication:/home/david/ros2_ws/install/mybuddy:/home/david/ros2_ws/install/mycobot_description:/home/david/ros2_ws/install/my_py_pkg:/opt/ros/humble /usr/bin/cmake --build /home/david/ros2_ws/build/mecharm_interfaces -- -j12 -l12
[1.932s] Invoking command in '/home/david/ros2_ws/build/mecharm_interfaces': CMAKE_PREFIX_PATH=${CMAKE_PREFIX_PATH}:/home/david/ros2_ws/install/ultraarm:/home/david/ros2_ws/install/mypalletizer_260_pi:/home/david/ros2_ws/install/mypalletizer_260:/home/david/ros2_ws/install/mypalletizer_communication:/home/david/ros2_ws/install/mycobot_630:/home/david/ros2_ws/install/mycobot_600:/home/david/ros2_ws/install/mycobot_320pi:/home/david/ros2_ws/install/mycobot_320:/home/david/ros2_ws/install/mycobot_280pi:/home/david/ros2_ws/install/mycobot_280jn:/home/david/ros2_ws/install/mycobot_280_x3pi:/home/david/ros2_ws/install/mycobot_280:/home/david/ros2_ws/install/myarm_m750:/home/david/ros2_ws/install/myarm_c650:/home/david/ros2_ws/install/myarm_300:/home/david/ros2_ws/install/mycobot_communication:/home/david/ros2_ws/install/mecharm_pi:/home/david/ros2_ws/install/mecharm:/home/david/ros2_ws/install/mecharm_communication:/home/david/ros2_ws/install/mybuddy:/home/david/ros2_ws/install/mycobot_description:/home/david/ros2_ws/install/my_py_pkg:/opt/ros/humble /usr/bin/cmake --install /home/david/ros2_ws/build/mecharm_interfaces
[1.945s] -- Install configuration: ""
[1.947s] -- Execute custom install script
[1.947s] -- Up-to-date symlink: /home/david/ros2_ws/install/mecharm_interfaces/share/ament_index/resource_index/rosidl_interfaces/mecharm_interfaces
[1.949s] -- Up-to-date symlink: /home/david/ros2_ws/install/mecharm_interfaces/include/mecharm_interfaces/mecharm_interfaces/msg/detail/mecharm_angles__functions.h
[1.949s] -- Up-to-date symlink: /home/david/ros2_ws/install/mecharm_interfaces/include/mecharm_interfaces/mecharm_interfaces/msg/detail/mecharm_angles__struct.h
[1.949s] -- Up-to-date symlink: /home/david/ros2_ws/install/mecharm_interfaces/include/mecharm_interfaces/mecharm_interfaces/msg/detail/mecharm_angles__type_support.h
[1.950s] -- Up-to-date symlink: /home/david/ros2_ws/install/mecharm_interfaces/include/mecharm_interfaces/mecharm_interfaces/msg/detail/mecharm_coords__functions.h
[1.950s] -- Up-to-date symlink: /home/david/ros2_ws/install/mecharm_interfaces/include/mecharm_interfaces/mecharm_interfaces/msg/detail/mecharm_coords__struct.h
[1.950s] -- Up-to-date symlink: /home/david/ros2_ws/install/mecharm_interfaces/include/mecharm_interfaces/mecharm_interfaces/msg/detail/mecharm_coords__type_support.h
[1.950s] -- Up-to-date symlink: /home/david/ros2_ws/install/mecharm_interfaces/include/mecharm_interfaces/mecharm_interfaces/msg/detail/mecharm_gripper_status__functions.h
[1.951s] -- Up-to-date symlink: /home/david/ros2_ws/install/mecharm_interfaces/include/mecharm_interfaces/mecharm_interfaces/msg/detail/mecharm_gripper_status__struct.h
[1.951s] -- Up-to-date symlink: /home/david/ros2_ws/install/mecharm_interfaces/include/mecharm_interfaces/mecharm_interfaces/msg/detail/mecharm_gripper_status__type_support.h
[1.951s] -- Up-to-date symlink: /home/david/ros2_ws/install/mecharm_interfaces/include/mecharm_interfaces/mecharm_interfaces/msg/detail/mecharm_pump_status__functions.h
[1.951s] -- Up-to-date symlink: /home/david/ros2_ws/install/mecharm_interfaces/include/mecharm_interfaces/mecharm_interfaces/msg/detail/mecharm_pump_status__struct.h
[1.952s] -- Up-to-date symlink: /home/david/ros2_ws/install/mecharm_interfaces/include/mecharm_interfaces/mecharm_interfaces/msg/detail/mecharm_pump_status__type_support.h
[1.952s] -- Up-to-date symlink: /home/david/ros2_ws/install/mecharm_interfaces/include/mecharm_interfaces/mecharm_interfaces/msg/detail/mecharm_set_angles__functions.h
[1.952s] -- Up-to-date symlink: /home/david/ros2_ws/install/mecharm_interfaces/include/mecharm_interfaces/mecharm_interfaces/msg/detail/mecharm_set_angles__struct.h
[1.952s] -- Up-to-date symlink: /home/david/ros2_ws/install/mecharm_interfaces/include/mecharm_interfaces/mecharm_interfaces/msg/detail/mecharm_set_angles__type_support.h
[1.952s] -- Up-to-date symlink: /home/david/ros2_ws/install/mecharm_interfaces/include/mecharm_interfaces/mecharm_interfaces/msg/detail/mecharm_set_coords__functions.h
[1.953s] -- Up-to-date symlink: /home/david/ros2_ws/install/mecharm_interfaces/include/mecharm_interfaces/mecharm_interfaces/msg/detail/mecharm_set_coords__struct.h
[1.953s] -- Up-to-date symlink: /home/david/ros2_ws/install/mecharm_interfaces/include/mecharm_interfaces/mecharm_interfaces/msg/detail/mecharm_set_coords__type_support.h
[1.953s] -- Up-to-date symlink: /home/david/ros2_ws/install/mecharm_interfaces/include/mecharm_interfaces/mecharm_interfaces/msg/mecharm_angles.h
[1.953s] -- Up-to-date symlink: /home/david/ros2_ws/install/mecharm_interfaces/include/mecharm_interfaces/mecharm_interfaces/msg/mecharm_coords.h
[1.953s] -- Up-to-date symlink: /home/david/ros2_ws/install/mecharm_interfaces/include/mecharm_interfaces/mecharm_interfaces/msg/mecharm_gripper_status.h
[1.954s] -- Up-to-date symlink: /home/david/ros2_ws/install/mecharm_interfaces/include/mecharm_interfaces/mecharm_interfaces/msg/mecharm_pump_status.h
[1.954s] -- Up-to-date symlink: /home/david/ros2_ws/install/mecharm_interfaces/include/mecharm_interfaces/mecharm_interfaces/msg/mecharm_set_angles.h
[1.954s] -- Up-to-date symlink: /home/david/ros2_ws/install/mecharm_interfaces/include/mecharm_interfaces/mecharm_interfaces/msg/mecharm_set_coords.h
[1.954s] -- Up-to-date symlink: /home/david/ros2_ws/install/mecharm_interfaces/include/mecharm_interfaces/mecharm_interfaces/msg/rosidl_generator_c__visibility_control.h
[1.954s] -- Up-to-date symlink: /home/david/ros2_ws/install/mecharm_interfaces/include/mecharm_interfaces/mecharm_interfaces/srv/detail/get_angles__functions.h
[1.955s] -- Up-to-date symlink: /home/david/ros2_ws/install/mecharm_interfaces/include/mecharm_interfaces/mecharm_interfaces/srv/detail/get_angles__struct.h
[1.955s] -- Up-to-date symlink: /home/david/ros2_ws/install/mecharm_interfaces/include/mecharm_interfaces/mecharm_interfaces/srv/detail/get_angles__type_support.h
[1.955s] -- Up-to-date symlink: /home/david/ros2_ws/install/mecharm_interfaces/include/mecharm_interfaces/mecharm_interfaces/srv/detail/get_coords__functions.h
[1.955s] -- Up-to-date symlink: /home/david/ros2_ws/install/mecharm_interfaces/include/mecharm_interfaces/mecharm_interfaces/srv/detail/get_coords__struct.h
[1.955s] -- Up-to-date symlink: /home/david/ros2_ws/install/mecharm_interfaces/include/mecharm_interfaces/mecharm_interfaces/srv/detail/get_coords__type_support.h
[1.956s] -- Up-to-date symlink: /home/david/ros2_ws/install/mecharm_interfaces/include/mecharm_interfaces/mecharm_interfaces/srv/detail/gripper_status__functions.h
[1.956s] -- Up-to-date symlink: /home/david/ros2_ws/install/mecharm_interfaces/include/mecharm_interfaces/mecharm_interfaces/srv/detail/gripper_status__struct.h
[1.956s] -- Up-to-date symlink: /home/david/ros2_ws/install/mecharm_interfaces/include/mecharm_interfaces/mecharm_interfaces/srv/detail/gripper_status__type_support.h
[1.956s] -- Up-to-date symlink: /home/david/ros2_ws/install/mecharm_interfaces/include/mecharm_interfaces/mecharm_interfaces/srv/detail/pump_status__functions.h
[1.957s] -- Up-to-date symlink: /home/david/ros2_ws/install/mecharm_interfaces/include/mecharm_interfaces/mecharm_interfaces/srv/detail/pump_status__struct.h
[1.957s] -- Up-to-date symlink: /home/david/ros2_ws/install/mecharm_interfaces/include/mecharm_interfaces/mecharm_interfaces/srv/detail/pump_status__type_support.h
[1.957s] -- Up-to-date symlink: /home/david/ros2_ws/install/mecharm_interfaces/include/mecharm_interfaces/mecharm_interfaces/srv/detail/set_angles__functions.h
[1.957s] -- Up-to-date symlink: /home/david/ros2_ws/install/mecharm_interfaces/include/mecharm_interfaces/mecharm_interfaces/srv/detail/set_angles__struct.h
[1.957s] -- Up-to-date symlink: /home/david/ros2_ws/install/mecharm_interfaces/include/mecharm_interfaces/mecharm_interfaces/srv/detail/set_angles__type_support.h
[1.958s] -- Up-to-date symlink: /home/david/ros2_ws/install/mecharm_interfaces/include/mecharm_interfaces/mecharm_interfaces/srv/detail/set_coords__functions.h
[1.958s] -- Up-to-date symlink: /home/david/ros2_ws/install/mecharm_interfaces/include/mecharm_interfaces/mecharm_interfaces/srv/detail/set_coords__struct.h
[1.959s] -- Up-to-date symlink: /home/david/ros2_ws/install/mecharm_interfaces/include/mecharm_interfaces/mecharm_interfaces/srv/detail/set_coords__type_support.h
[1.959s] -- Up-to-date symlink: /home/david/ros2_ws/install/mecharm_interfaces/include/mecharm_interfaces/mecharm_interfaces/srv/get_angles.h
[1.960s] -- Up-to-date symlink: /home/david/ros2_ws/install/mecharm_interfaces/include/mecharm_interfaces/mecharm_interfaces/srv/get_coords.h
[1.961s] -- Up-to-date symlink: /home/david/ros2_ws/install/mecharm_interfaces/include/mecharm_interfaces/mecharm_interfaces/srv/gripper_status.h
[1.962s] -- Up-to-date symlink: /home/david/ros2_ws/install/mecharm_interfaces/include/mecharm_interfaces/mecharm_interfaces/srv/pump_status.h
[1.963s] -- Up-to-date symlink: /home/david/ros2_ws/install/mecharm_interfaces/include/mecharm_interfaces/mecharm_interfaces/srv/set_angles.h
[1.963s] -- Up-to-date symlink: /home/david/ros2_ws/install/mecharm_interfaces/include/mecharm_interfaces/mecharm_interfaces/srv/set_coords.h
[1.963s] -- Up-to-date symlink: /home/david/ros2_ws/install/mecharm_interfaces/share/mecharm_interfaces/environment/library_path.sh
[1.963s] -- Up-to-date symlink: /home/david/ros2_ws/install/mecharm_interfaces/share/mecharm_interfaces/environment/library_path.dsv
[1.963s] -- Up-to-date symlink: /home/david/ros2_ws/install/mecharm_interfaces/include/mecharm_interfaces/mecharm_interfaces/msg/detail/mecharm_angles__rosidl_typesupport_fastrtps_c.h
[1.963s] -- Up-to-date symlink: /home/david/ros2_ws/install/mecharm_interfaces/include/mecharm_interfaces/mecharm_interfaces/msg/detail/mecharm_coords__rosidl_typesupport_fastrtps_c.h
[1.964s] -- Up-to-date symlink: /home/david/ros2_ws/install/mecharm_interfaces/include/mecharm_interfaces/mecharm_interfaces/msg/detail/mecharm_gripper_status__rosidl_typesupport_fastrtps_c.h
[1.965s] -- Up-to-date symlink: /home/david/ros2_ws/install/mecharm_interfaces/include/mecharm_interfaces/mecharm_interfaces/msg/detail/mecharm_pump_status__rosidl_typesupport_fastrtps_c.h
[1.965s] -- Up-to-date symlink: /home/david/ros2_ws/install/mecharm_interfaces/include/mecharm_interfaces/mecharm_interfaces/msg/detail/mecharm_set_angles__rosidl_typesupport_fastrtps_c.h
[1.965s] -- Up-to-date symlink: /home/david/ros2_ws/install/mecharm_interfaces/include/mecharm_interfaces/mecharm_interfaces/msg/detail/mecharm_set_coords__rosidl_typesupport_fastrtps_c.h
[1.965s] -- Up-to-date symlink: /home/david/ros2_ws/install/mecharm_interfaces/include/mecharm_interfaces/mecharm_interfaces/msg/rosidl_typesupport_fastrtps_c__visibility_control.h
[1.965s] -- Up-to-date symlink: /home/david/ros2_ws/install/mecharm_interfaces/include/mecharm_interfaces/mecharm_interfaces/srv/detail/get_angles__rosidl_typesupport_fastrtps_c.h
[1.966s] -- Up-to-date symlink: /home/david/ros2_ws/install/mecharm_interfaces/include/mecharm_interfaces/mecharm_interfaces/srv/detail/get_coords__rosidl_typesupport_fastrtps_c.h
[1.966s] -- Up-to-date symlink: /home/david/ros2_ws/install/mecharm_interfaces/include/mecharm_interfaces/mecharm_interfaces/srv/detail/gripper_status__rosidl_typesupport_fastrtps_c.h
[1.966s] -- Up-to-date symlink: /home/david/ros2_ws/install/mecharm_interfaces/include/mecharm_interfaces/mecharm_interfaces/srv/detail/pump_status__rosidl_typesupport_fastrtps_c.h
[1.966s] -- Up-to-date symlink: /home/david/ros2_ws/install/mecharm_interfaces/include/mecharm_interfaces/mecharm_interfaces/srv/detail/set_angles__rosidl_typesupport_fastrtps_c.h
[1.966s] -- Up-to-date symlink: /home/david/ros2_ws/install/mecharm_interfaces/include/mecharm_interfaces/mecharm_interfaces/srv/detail/set_coords__rosidl_typesupport_fastrtps_c.h
[1.966s] -- Up-to-date symlink: /home/david/ros2_ws/install/mecharm_interfaces/include/mecharm_interfaces/mecharm_interfaces/msg/detail/mecharm_angles__rosidl_typesupport_introspection_c.h
[1.967s] -- Up-to-date symlink: /home/david/ros2_ws/install/mecharm_interfaces/include/mecharm_interfaces/mecharm_interfaces/msg/detail/mecharm_coords__rosidl_typesupport_introspection_c.h
[1.967s] -- Up-to-date symlink: /home/david/ros2_ws/install/mecharm_interfaces/include/mecharm_interfaces/mecharm_interfaces/msg/detail/mecharm_gripper_status__rosidl_typesupport_introspection_c.h
[1.967s] -- Up-to-date symlink: /home/david/ros2_ws/install/mecharm_interfaces/include/mecharm_interfaces/mecharm_interfaces/msg/detail/mecharm_pump_status__rosidl_typesupport_introspection_c.h
[1.967s] -- Up-to-date symlink: /home/david/ros2_ws/install/mecharm_interfaces/include/mecharm_interfaces/mecharm_interfaces/msg/detail/mecharm_set_angles__rosidl_typesupport_introspection_c.h
[1.967s] -- Up-to-date symlink: /home/david/ros2_ws/install/mecharm_interfaces/include/mecharm_interfaces/mecharm_interfaces/msg/detail/mecharm_set_coords__rosidl_typesupport_introspection_c.h
[1.967s] -- Up-to-date symlink: /home/david/ros2_ws/install/mecharm_interfaces/include/mecharm_interfaces/mecharm_interfaces/msg/rosidl_typesupport_introspection_c__visibility_control.h
[1.968s] -- Up-to-date symlink: /home/david/ros2_ws/install/mecharm_interfaces/include/mecharm_interfaces/mecharm_interfaces/srv/detail/get_angles__rosidl_typesupport_introspection_c.h
[1.968s] -- Up-to-date symlink: /home/david/ros2_ws/install/mecharm_interfaces/include/mecharm_interfaces/mecharm_interfaces/srv/detail/get_coords__rosidl_typesupport_introspection_c.h
[1.968s] -- Up-to-date symlink: /home/david/ros2_ws/install/mecharm_interfaces/include/mecharm_interfaces/mecharm_interfaces/srv/detail/gripper_status__rosidl_typesupport_introspection_c.h
[1.968s] -- Up-to-date symlink: /home/david/ros2_ws/install/mecharm_interfaces/include/mecharm_interfaces/mecharm_interfaces/srv/detail/pump_status__rosidl_typesupport_introspection_c.h
[1.968s] -- Up-to-date symlink: /home/david/ros2_ws/install/mecharm_interfaces/include/mecharm_interfaces/mecharm_interfaces/srv/detail/set_angles__rosidl_typesupport_introspection_c.h
[1.969s] -- Up-to-date symlink: /home/david/ros2_ws/install/mecharm_interfaces/include/mecharm_interfaces/mecharm_interfaces/srv/detail/set_coords__rosidl_typesupport_introspection_c.h
[1.969s] -- Up-to-date symlink: /home/david/ros2_ws/install/mecharm_interfaces/include/mecharm_interfaces/mecharm_interfaces/msg/detail/mecharm_angles__builder.hpp
[1.969s] -- Up-to-date symlink: /home/david/ros2_ws/install/mecharm_interfaces/include/mecharm_interfaces/mecharm_interfaces/msg/detail/mecharm_angles__struct.hpp
[1.969s] -- Up-to-date symlink: /home/david/ros2_ws/install/mecharm_interfaces/include/mecharm_interfaces/mecharm_interfaces/msg/detail/mecharm_angles__traits.hpp
[1.969s] -- Up-to-date symlink: /home/david/ros2_ws/install/mecharm_interfaces/include/mecharm_interfaces/mecharm_interfaces/msg/detail/mecharm_coords__builder.hpp
[1.970s] -- Up-to-date symlink: /home/david/ros2_ws/install/mecharm_interfaces/include/mecharm_interfaces/mecharm_interfaces/msg/detail/mecharm_coords__struct.hpp
[1.970s] -- Up-to-date symlink: /home/david/ros2_ws/install/mecharm_interfaces/include/mecharm_interfaces/mecharm_interfaces/msg/detail/mecharm_coords__traits.hpp
[1.970s] -- Up-to-date symlink: /home/david/ros2_ws/install/mecharm_interfaces/include/mecharm_interfaces/mecharm_interfaces/msg/detail/mecharm_gripper_status__builder.hpp
[1.970s] -- Up-to-date symlink: /home/david/ros2_ws/install/mecharm_interfaces/include/mecharm_interfaces/mecharm_interfaces/msg/detail/mecharm_gripper_status__struct.hpp
[1.970s] -- Up-to-date symlink: /home/david/ros2_ws/install/mecharm_interfaces/include/mecharm_interfaces/mecharm_interfaces/msg/detail/mecharm_gripper_status__traits.hpp
[1.970s] -- Up-to-date symlink: /home/david/ros2_ws/install/mecharm_interfaces/include/mecharm_interfaces/mecharm_interfaces/msg/detail/mecharm_pump_status__builder.hpp
[1.971s] -- Up-to-date symlink: /home/david/ros2_ws/install/mecharm_interfaces/include/mecharm_interfaces/mecharm_interfaces/msg/detail/mecharm_pump_status__struct.hpp
[1.971s] -- Up-to-date symlink: /home/david/ros2_ws/install/mecharm_interfaces/include/mecharm_interfaces/mecharm_interfaces/msg/detail/mecharm_pump_status__traits.hpp
[1.971s] -- Up-to-date symlink: /home/david/ros2_ws/install/mecharm_interfaces/include/mecharm_interfaces/mecharm_interfaces/msg/detail/mecharm_set_angles__builder.hpp
[1.971s] -- Up-to-date symlink: /home/david/ros2_ws/install/mecharm_interfaces/include/mecharm_interfaces/mecharm_interfaces/msg/detail/mecharm_set_angles__struct.hpp
[1.971s] -- Up-to-date symlink: /home/david/ros2_ws/install/mecharm_interfaces/include/mecharm_interfaces/mecharm_interfaces/msg/detail/mecharm_set_angles__traits.hpp
[1.972s] -- Up-to-date symlink: /home/david/ros2_ws/install/mecharm_interfaces/include/mecharm_interfaces/mecharm_interfaces/msg/detail/mecharm_set_coords__builder.hpp
[1.972s] -- Up-to-date symlink: /home/david/ros2_ws/install/mecharm_interfaces/include/mecharm_interfaces/mecharm_interfaces/msg/detail/mecharm_set_coords__struct.hpp
[1.972s] -- Up-to-date symlink: /home/david/ros2_ws/install/mecharm_interfaces/include/mecharm_interfaces/mecharm_interfaces/msg/detail/mecharm_set_coords__traits.hpp
[1.972s] -- Up-to-date symlink: /home/david/ros2_ws/install/mecharm_interfaces/include/mecharm_interfaces/mecharm_interfaces/msg/mecharm_angles.hpp
[1.972s] -- Up-to-date symlink: /home/david/ros2_ws/install/mecharm_interfaces/include/mecharm_interfaces/mecharm_interfaces/msg/mecharm_coords.hpp
[1.973s] -- Up-to-date symlink: /home/david/ros2_ws/install/mecharm_interfaces/include/mecharm_interfaces/mecharm_interfaces/msg/mecharm_gripper_status.hpp
[1.973s] -- Up-to-date symlink: /home/david/ros2_ws/install/mecharm_interfaces/include/mecharm_interfaces/mecharm_interfaces/msg/mecharm_pump_status.hpp
[1.973s] -- Up-to-date symlink: /home/david/ros2_ws/install/mecharm_interfaces/include/mecharm_interfaces/mecharm_interfaces/msg/mecharm_set_angles.hpp
[1.973s] -- Up-to-date symlink: /home/david/ros2_ws/install/mecharm_interfaces/include/mecharm_interfaces/mecharm_interfaces/msg/mecharm_set_coords.hpp
[1.973s] -- Up-to-date symlink: /home/david/ros2_ws/install/mecharm_interfaces/include/mecharm_interfaces/mecharm_interfaces/srv/detail/get_angles__builder.hpp
[1.974s] -- Up-to-date symlink: /home/david/ros2_ws/install/mecharm_interfaces/include/mecharm_interfaces/mecharm_interfaces/srv/detail/get_angles__struct.hpp
[1.974s] -- Up-to-date symlink: /home/david/ros2_ws/install/mecharm_interfaces/include/mecharm_interfaces/mecharm_interfaces/srv/detail/get_angles__traits.hpp
[1.974s] -- Up-to-date symlink: /home/david/ros2_ws/install/mecharm_interfaces/include/mecharm_interfaces/mecharm_interfaces/srv/detail/get_coords__builder.hpp
[1.974s] -- Up-to-date symlink: /home/david/ros2_ws/install/mecharm_interfaces/include/mecharm_interfaces/mecharm_interfaces/srv/detail/get_coords__struct.hpp
[1.974s] -- Up-to-date symlink: /home/david/ros2_ws/install/mecharm_interfaces/include/mecharm_interfaces/mecharm_interfaces/srv/detail/get_coords__traits.hpp
[1.975s] -- Up-to-date symlink: /home/david/ros2_ws/install/mecharm_interfaces/include/mecharm_interfaces/mecharm_interfaces/srv/detail/gripper_status__builder.hpp
[1.975s] -- Up-to-date symlink: /home/david/ros2_ws/install/mecharm_interfaces/include/mecharm_interfaces/mecharm_interfaces/srv/detail/gripper_status__struct.hpp
[1.975s] -- Up-to-date symlink: /home/david/ros2_ws/install/mecharm_interfaces/include/mecharm_interfaces/mecharm_interfaces/srv/detail/gripper_status__traits.hpp
[1.975s] -- Up-to-date symlink: /home/david/ros2_ws/install/mecharm_interfaces/include/mecharm_interfaces/mecharm_interfaces/srv/detail/pump_status__builder.hpp
[1.975s] -- Up-to-date symlink: /home/david/ros2_ws/install/mecharm_interfaces/include/mecharm_interfaces/mecharm_interfaces/srv/detail/pump_status__struct.hpp
[1.976s] -- Up-to-date symlink: /home/david/ros2_ws/install/mecharm_interfaces/include/mecharm_interfaces/mecharm_interfaces/srv/detail/pump_status__traits.hpp
[1.976s] -- Up-to-date symlink: /home/david/ros2_ws/install/mecharm_interfaces/include/mecharm_interfaces/mecharm_interfaces/srv/detail/set_angles__builder.hpp
[1.976s] -- Up-to-date symlink: /home/david/ros2_ws/install/mecharm_interfaces/include/mecharm_interfaces/mecharm_interfaces/srv/detail/set_angles__struct.hpp
[1.976s] -- Up-to-date symlink: /home/david/ros2_ws/install/mecharm_interfaces/include/mecharm_interfaces/mecharm_interfaces/srv/detail/set_angles__traits.hpp
[1.976s] -- Up-to-date symlink: /home/david/ros2_ws/install/mecharm_interfaces/include/mecharm_interfaces/mecharm_interfaces/srv/detail/set_coords__builder.hpp
[1.976s] -- Up-to-date symlink: /home/david/ros2_ws/install/mecharm_interfaces/include/mecharm_interfaces/mecharm_interfaces/srv/detail/set_coords__struct.hpp
[1.977s] -- Up-to-date symlink: /home/david/ros2_ws/install/mecharm_interfaces/include/mecharm_interfaces/mecharm_interfaces/srv/detail/set_coords__traits.hpp
[1.977s] -- Up-to-date symlink: /home/david/ros2_ws/install/mecharm_interfaces/include/mecharm_interfaces/mecharm_interfaces/srv/get_angles.hpp
[1.977s] -- Up-to-date symlink: /home/david/ros2_ws/install/mecharm_interfaces/include/mecharm_interfaces/mecharm_interfaces/srv/get_coords.hpp
[1.977s] -- Up-to-date symlink: /home/david/ros2_ws/install/mecharm_interfaces/include/mecharm_interfaces/mecharm_interfaces/srv/gripper_status.hpp
[1.977s] -- Up-to-date symlink: /home/david/ros2_ws/install/mecharm_interfaces/include/mecharm_interfaces/mecharm_interfaces/srv/pump_status.hpp
[1.978s] -- Up-to-date symlink: /home/david/ros2_ws/install/mecharm_interfaces/include/mecharm_interfaces/mecharm_interfaces/srv/set_angles.hpp
[1.978s] -- Up-to-date symlink: /home/david/ros2_ws/install/mecharm_interfaces/include/mecharm_interfaces/mecharm_interfaces/srv/set_coords.hpp
[1.979s] -- Up-to-date symlink: /home/david/ros2_ws/install/mecharm_interfaces/include/mecharm_interfaces/mecharm_interfaces/msg/detail/mecharm_angles__rosidl_typesupport_fastrtps_cpp.hpp
[1.979s] -- Up-to-date symlink: /home/david/ros2_ws/install/mecharm_interfaces/include/mecharm_interfaces/mecharm_interfaces/msg/detail/mecharm_coords__rosidl_typesupport_fastrtps_cpp.hpp
[1.979s] -- Up-to-date symlink: /home/david/ros2_ws/install/mecharm_interfaces/include/mecharm_interfaces/mecharm_interfaces/msg/detail/mecharm_gripper_status__rosidl_typesupport_fastrtps_cpp.hpp
[1.980s] -- Up-to-date symlink: /home/david/ros2_ws/install/mecharm_interfaces/include/mecharm_interfaces/mecharm_interfaces/msg/detail/mecharm_pump_status__rosidl_typesupport_fastrtps_cpp.hpp
[1.980s] -- Up-to-date symlink: /home/david/ros2_ws/install/mecharm_interfaces/include/mecharm_interfaces/mecharm_interfaces/msg/detail/mecharm_set_angles__rosidl_typesupport_fastrtps_cpp.hpp
[1.980s] -- Up-to-date symlink: /home/david/ros2_ws/install/mecharm_interfaces/include/mecharm_interfaces/mecharm_interfaces/msg/detail/mecharm_set_coords__rosidl_typesupport_fastrtps_cpp.hpp
[1.981s] -- Up-to-date symlink: /home/david/ros2_ws/install/mecharm_interfaces/include/mecharm_interfaces/mecharm_interfaces/msg/rosidl_typesupport_fastrtps_cpp__visibility_control.h
[1.981s] -- Up-to-date symlink: /home/david/ros2_ws/install/mecharm_interfaces/include/mecharm_interfaces/mecharm_interfaces/srv/detail/get_angles__rosidl_typesupport_fastrtps_cpp.hpp
[1.981s] -- Up-to-date symlink: /home/david/ros2_ws/install/mecharm_interfaces/include/mecharm_interfaces/mecharm_interfaces/srv/detail/get_coords__rosidl_typesupport_fastrtps_cpp.hpp
[1.981s] -- Up-to-date symlink: /home/david/ros2_ws/install/mecharm_interfaces/include/mecharm_interfaces/mecharm_interfaces/srv/detail/gripper_status__rosidl_typesupport_fastrtps_cpp.hpp
[1.982s] -- Up-to-date symlink: /home/david/ros2_ws/install/mecharm_interfaces/include/mecharm_interfaces/mecharm_interfaces/srv/detail/pump_status__rosidl_typesupport_fastrtps_cpp.hpp
[1.982s] -- Up-to-date symlink: /home/david/ros2_ws/install/mecharm_interfaces/include/mecharm_interfaces/mecharm_interfaces/srv/detail/set_angles__rosidl_typesupport_fastrtps_cpp.hpp
[1.983s] -- Up-to-date symlink: /home/david/ros2_ws/install/mecharm_interfaces/include/mecharm_interfaces/mecharm_interfaces/srv/detail/set_coords__rosidl_typesupport_fastrtps_cpp.hpp
[1.984s] -- Up-to-date symlink: /home/david/ros2_ws/install/mecharm_interfaces/include/mecharm_interfaces/mecharm_interfaces/msg/detail/mecharm_angles__rosidl_typesupport_introspection_cpp.hpp
[1.984s] -- Up-to-date symlink: /home/david/ros2_ws/install/mecharm_interfaces/include/mecharm_interfaces/mecharm_interfaces/msg/detail/mecharm_coords__rosidl_typesupport_introspection_cpp.hpp
[1.985s] -- Up-to-date symlink: /home/david/ros2_ws/install/mecharm_interfaces/include/mecharm_interfaces/mecharm_interfaces/msg/detail/mecharm_gripper_status__rosidl_typesupport_introspection_cpp.hpp
[1.986s] -- Up-to-date symlink: /home/david/ros2_ws/install/mecharm_interfaces/include/mecharm_interfaces/mecharm_interfaces/msg/detail/mecharm_pump_status__rosidl_typesupport_introspection_cpp.hpp
[1.986s] -- Up-to-date symlink: /home/david/ros2_ws/install/mecharm_interfaces/include/mecharm_interfaces/mecharm_interfaces/msg/detail/mecharm_set_angles__rosidl_typesupport_introspection_cpp.hpp
[1.987s] -- Up-to-date symlink: /home/david/ros2_ws/install/mecharm_interfaces/include/mecharm_interfaces/mecharm_interfaces/msg/detail/mecharm_set_coords__rosidl_typesupport_introspection_cpp.hpp
[1.988s] -- Up-to-date symlink: /home/david/ros2_ws/install/mecharm_interfaces/include/mecharm_interfaces/mecharm_interfaces/srv/detail/get_angles__rosidl_typesupport_introspection_cpp.hpp
[1.989s] -- Up-to-date symlink: /home/david/ros2_ws/install/mecharm_interfaces/include/mecharm_interfaces/mecharm_interfaces/srv/detail/get_coords__rosidl_typesupport_introspection_cpp.hpp
[1.990s] -- Up-to-date symlink: /home/david/ros2_ws/install/mecharm_interfaces/include/mecharm_interfaces/mecharm_interfaces/srv/detail/gripper_status__rosidl_typesupport_introspection_cpp.hpp
[1.990s] -- Up-to-date symlink: /home/david/ros2_ws/install/mecharm_interfaces/include/mecharm_interfaces/mecharm_interfaces/srv/detail/pump_status__rosidl_typesupport_introspection_cpp.hpp
[1.990s] -- Up-to-date symlink: /home/david/ros2_ws/install/mecharm_interfaces/include/mecharm_interfaces/mecharm_interfaces/srv/detail/set_angles__rosidl_typesupport_introspection_cpp.hpp
[1.991s] -- Up-to-date symlink: /home/david/ros2_ws/install/mecharm_interfaces/include/mecharm_interfaces/mecharm_interfaces/srv/detail/set_coords__rosidl_typesupport_introspection_cpp.hpp
[1.992s] -- Up-to-date symlink: /home/david/ros2_ws/install/mecharm_interfaces/share/mecharm_interfaces/environment/pythonpath.sh
[1.992s] -- Up-to-date symlink: /home/david/ros2_ws/install/mecharm_interfaces/share/mecharm_interfaces/environment/pythonpath.dsv
[1.993s] -- Up-to-date symlink: /home/david/ros2_ws/install/mecharm_interfaces/local/lib/python3.10/dist-packages/mecharm_interfaces-0.0.0-py3.10.egg-info/PKG-INFO
[1.994s] -- Up-to-date symlink: /home/david/ros2_ws/install/mecharm_interfaces/local/lib/python3.10/dist-packages/mecharm_interfaces-0.0.0-py3.10.egg-info/SOURCES.txt
[1.994s] -- Up-to-date symlink: /home/david/ros2_ws/install/mecharm_interfaces/local/lib/python3.10/dist-packages/mecharm_interfaces-0.0.0-py3.10.egg-info/dependency_links.txt
[1.994s] -- Up-to-date symlink: /home/david/ros2_ws/install/mecharm_interfaces/local/lib/python3.10/dist-packages/mecharm_interfaces-0.0.0-py3.10.egg-info/top_level.txt
[1.996s] -- Up-to-date symlink: /home/david/ros2_ws/install/mecharm_interfaces/local/lib/python3.10/dist-packages/mecharm_interfaces/__init__.py
[1.997s] -- Up-to-date symlink: /home/david/ros2_ws/install/mecharm_interfaces/local/lib/python3.10/dist-packages/mecharm_interfaces/_mecharm_interfaces_s.ep.rosidl_typesupport_c.c
[1.998s] -- Up-to-date symlink: /home/david/ros2_ws/install/mecharm_interfaces/local/lib/python3.10/dist-packages/mecharm_interfaces/_mecharm_interfaces_s.ep.rosidl_typesupport_fastrtps_c.c
[1.998s] -- Up-to-date symlink: /home/david/ros2_ws/install/mecharm_interfaces/local/lib/python3.10/dist-packages/mecharm_interfaces/_mecharm_interfaces_s.ep.rosidl_typesupport_introspection_c.c
[1.998s] -- Up-to-date symlink: /home/david/ros2_ws/install/mecharm_interfaces/local/lib/python3.10/dist-packages/mecharm_interfaces/libmecharm_interfaces__rosidl_generator_py.so
[1.999s] -- Up-to-date symlink: /home/david/ros2_ws/install/mecharm_interfaces/local/lib/python3.10/dist-packages/mecharm_interfaces/mecharm_interfaces_s__rosidl_typesupport_c.cpython-310-x86_64-linux-gnu.so
[1.999s] -- Up-to-date symlink: /home/david/ros2_ws/install/mecharm_interfaces/local/lib/python3.10/dist-packages/mecharm_interfaces/mecharm_interfaces_s__rosidl_typesupport_fastrtps_c.cpython-310-x86_64-linux-gnu.so
[2.001s] -- Up-to-date symlink: /home/david/ros2_ws/install/mecharm_interfaces/local/lib/python3.10/dist-packages/mecharm_interfaces/mecharm_interfaces_s__rosidl_typesupport_introspection_c.cpython-310-x86_64-linux-gnu.so
[2.002s] -- Up-to-date symlink: /home/david/ros2_ws/install/mecharm_interfaces/local/lib/python3.10/dist-packages/mecharm_interfaces/msg/__init__.py
[2.004s] -- Up-to-date symlink: /home/david/ros2_ws/install/mecharm_interfaces/local/lib/python3.10/dist-packages/mecharm_interfaces/msg/_mecharm_angles.py
[2.006s] -- Up-to-date symlink: /home/david/ros2_ws/install/mecharm_interfaces/local/lib/python3.10/dist-packages/mecharm_interfaces/msg/_mecharm_angles_s.c
[2.006s] -- Up-to-date symlink: /home/david/ros2_ws/install/mecharm_interfaces/local/lib/python3.10/dist-packages/mecharm_interfaces/msg/_mecharm_coords.py
[2.006s] -- Up-to-date symlink: /home/david/ros2_ws/install/mecharm_interfaces/local/lib/python3.10/dist-packages/mecharm_interfaces/msg/_mecharm_coords_s.c
[2.007s] -- Up-to-date symlink: /home/david/ros2_ws/install/mecharm_interfaces/local/lib/python3.10/dist-packages/mecharm_interfaces/msg/_mecharm_gripper_status.py
[2.007s] -- Up-to-date symlink: /home/david/ros2_ws/install/mecharm_interfaces/local/lib/python3.10/dist-packages/mecharm_interfaces/msg/_mecharm_gripper_status_s.c
[2.007s] -- Up-to-date symlink: /home/david/ros2_ws/install/mecharm_interfaces/local/lib/python3.10/dist-packages/mecharm_interfaces/msg/_mecharm_pump_status.py
[2.007s] -- Up-to-date symlink: /home/david/ros2_ws/install/mecharm_interfaces/local/lib/python3.10/dist-packages/mecharm_interfaces/msg/_mecharm_pump_status_s.c
[2.008s] -- Up-to-date symlink: /home/david/ros2_ws/install/mecharm_interfaces/local/lib/python3.10/dist-packages/mecharm_interfaces/msg/_mecharm_set_angles.py
[2.008s] -- Up-to-date symlink: /home/david/ros2_ws/install/mecharm_interfaces/local/lib/python3.10/dist-packages/mecharm_interfaces/msg/_mecharm_set_angles_s.c
[2.008s] -- Up-to-date symlink: /home/david/ros2_ws/install/mecharm_interfaces/local/lib/python3.10/dist-packages/mecharm_interfaces/msg/_mecharm_set_coords.py
[2.008s] -- Up-to-date symlink: /home/david/ros2_ws/install/mecharm_interfaces/local/lib/python3.10/dist-packages/mecharm_interfaces/msg/_mecharm_set_coords_s.c
[2.009s] -- Up-to-date symlink: /home/david/ros2_ws/install/mecharm_interfaces/local/lib/python3.10/dist-packages/mecharm_interfaces/srv/__init__.py
[2.009s] -- Up-to-date symlink: /home/david/ros2_ws/install/mecharm_interfaces/local/lib/python3.10/dist-packages/mecharm_interfaces/srv/_get_angles.py
[2.009s] -- Up-to-date symlink: /home/david/ros2_ws/install/mecharm_interfaces/local/lib/python3.10/dist-packages/mecharm_interfaces/srv/_get_angles_s.c
[2.009s] -- Up-to-date symlink: /home/david/ros2_ws/install/mecharm_interfaces/local/lib/python3.10/dist-packages/mecharm_interfaces/srv/_get_coords.py
[2.009s] -- Up-to-date symlink: /home/david/ros2_ws/install/mecharm_interfaces/local/lib/python3.10/dist-packages/mecharm_interfaces/srv/_get_coords_s.c
[2.009s] -- Up-to-date symlink: /home/david/ros2_ws/install/mecharm_interfaces/local/lib/python3.10/dist-packages/mecharm_interfaces/srv/_gripper_status.py
[2.010s] -- Up-to-date symlink: /home/david/ros2_ws/install/mecharm_interfaces/local/lib/python3.10/dist-packages/mecharm_interfaces/srv/_gripper_status_s.c
[2.010s] -- Up-to-date symlink: /home/david/ros2_ws/install/mecharm_interfaces/local/lib/python3.10/dist-packages/mecharm_interfaces/srv/_pump_status.py
[2.010s] -- Up-to-date symlink: /home/david/ros2_ws/install/mecharm_interfaces/local/lib/python3.10/dist-packages/mecharm_interfaces/srv/_pump_status_s.c
[2.011s] -- Up-to-date symlink: /home/david/ros2_ws/install/mecharm_interfaces/local/lib/python3.10/dist-packages/mecharm_interfaces/srv/_set_angles.py
[2.012s] -- Up-to-date symlink: /home/david/ros2_ws/install/mecharm_interfaces/local/lib/python3.10/dist-packages/mecharm_interfaces/srv/_set_angles_s.c
[2.012s] -- Up-to-date symlink: /home/david/ros2_ws/install/mecharm_interfaces/local/lib/python3.10/dist-packages/mecharm_interfaces/srv/_set_coords.py
[2.012s] -- Up-to-date symlink: /home/david/ros2_ws/install/mecharm_interfaces/local/lib/python3.10/dist-packages/mecharm_interfaces/srv/_set_coords_s.c
[2.012s] -- Up-to-date symlink: /home/david/ros2_ws/install/mecharm_interfaces/local/lib/python3.10/dist-packages/mecharm_interfaces/mecharm_interfaces_s__rosidl_typesupport_fastrtps_c.cpython-310-x86_64-linux-gnu.so
[2.013s] -- Up-to-date symlink: /home/david/ros2_ws/install/mecharm_interfaces/local/lib/python3.10/dist-packages/mecharm_interfaces/mecharm_interfaces_s__rosidl_typesupport_introspection_c.cpython-310-x86_64-linux-gnu.so
[2.013s] -- Up-to-date symlink: /home/david/ros2_ws/install/mecharm_interfaces/local/lib/python3.10/dist-packages/mecharm_interfaces/mecharm_interfaces_s__rosidl_typesupport_c.cpython-310-x86_64-linux-gnu.so
[2.013s] -- Up-to-date symlink: /home/david/ros2_ws/install/mecharm_interfaces/share/mecharm_interfaces/msg/MecharmAngles.idl
[2.013s] -- Up-to-date symlink: /home/david/ros2_ws/install/mecharm_interfaces/share/mecharm_interfaces/msg/MecharmCoords.idl
[2.014s] -- Up-to-date symlink: /home/david/ros2_ws/install/mecharm_interfaces/share/mecharm_interfaces/msg/MecharmSetAngles.idl
[2.015s] -- Up-to-date symlink: /home/david/ros2_ws/install/mecharm_interfaces/share/mecharm_interfaces/msg/MecharmSetCoords.idl
[2.015s] -- Up-to-date symlink: /home/david/ros2_ws/install/mecharm_interfaces/share/mecharm_interfaces/msg/MecharmGripperStatus.idl
[2.015s] -- Up-to-date symlink: /home/david/ros2_ws/install/mecharm_interfaces/share/mecharm_interfaces/msg/MecharmPumpStatus.idl
[2.015s] -- Up-to-date symlink: /home/david/ros2_ws/install/mecharm_interfaces/share/mecharm_interfaces/srv/GetAngles.idl
[2.015s] -- Up-to-date symlink: /home/david/ros2_ws/install/mecharm_interfaces/share/mecharm_interfaces/srv/SetAngles.idl
[2.016s] -- Up-to-date symlink: /home/david/ros2_ws/install/mecharm_interfaces/share/mecharm_interfaces/srv/GetCoords.idl
[2.016s] -- Up-to-date symlink: /home/david/ros2_ws/install/mecharm_interfaces/share/mecharm_interfaces/srv/SetCoords.idl
[2.016s] -- Up-to-date symlink: /home/david/ros2_ws/install/mecharm_interfaces/share/mecharm_interfaces/srv/GripperStatus.idl
[2.016s] -- Up-to-date symlink: /home/david/ros2_ws/install/mecharm_interfaces/share/mecharm_interfaces/srv/PumpStatus.idl
[2.017s] -- Up-to-date symlink: /home/david/ros2_ws/install/mecharm_interfaces/share/mecharm_interfaces/msg/MecharmAngles.msg
[2.017s] -- Up-to-date symlink: /home/david/ros2_ws/install/mecharm_interfaces/share/mecharm_interfaces/msg/MecharmCoords.msg
[2.018s] -- Up-to-date symlink: /home/david/ros2_ws/install/mecharm_interfaces/share/mecharm_interfaces/msg/MecharmSetAngles.msg
[2.018s] -- Up-to-date symlink: /home/david/ros2_ws/install/mecharm_interfaces/share/mecharm_interfaces/msg/MecharmSetCoords.msg
[2.018s] -- Up-to-date symlink: /home/david/ros2_ws/install/mecharm_interfaces/share/mecharm_interfaces/msg/MecharmGripperStatus.msg
[2.018s] -- Up-to-date symlink: /home/david/ros2_ws/install/mecharm_interfaces/share/mecharm_interfaces/msg/MecharmPumpStatus.msg
[2.019s] -- Up-to-date symlink: /home/david/ros2_ws/install/mecharm_interfaces/share/mecharm_interfaces/srv/GetAngles.srv
[2.019s] -- Up-to-date symlink: /home/david/ros2_ws/install/mecharm_interfaces/share/mecharm_interfaces/srv/GetAngles_Request.msg
[2.020s] -- Up-to-date symlink: /home/david/ros2_ws/install/mecharm_interfaces/share/mecharm_interfaces/srv/GetAngles_Response.msg
[2.020s] -- Up-to-date symlink: /home/david/ros2_ws/install/mecharm_interfaces/share/mecharm_interfaces/srv/SetAngles.srv
[2.021s] -- Up-to-date symlink: /home/david/ros2_ws/install/mecharm_interfaces/share/mecharm_interfaces/srv/SetAngles_Request.msg
[2.022s] -- Up-to-date symlink: /home/david/ros2_ws/install/mecharm_interfaces/share/mecharm_interfaces/srv/SetAngles_Response.msg
[2.022s] -- Up-to-date symlink: /home/david/ros2_ws/install/mecharm_interfaces/share/mecharm_interfaces/srv/GetCoords.srv
[2.023s] -- Up-to-date symlink: /home/david/ros2_ws/install/mecharm_interfaces/share/mecharm_interfaces/srv/GetCoords_Request.msg
[2.025s] -- Up-to-date symlink: /home/david/ros2_ws/install/mecharm_interfaces/share/mecharm_interfaces/srv/GetCoords_Response.msg
[2.025s] -- Up-to-date symlink: /home/david/ros2_ws/install/mecharm_interfaces/share/mecharm_interfaces/srv/SetCoords.srv
[2.027s] -- Up-to-date symlink: /home/david/ros2_ws/install/mecharm_interfaces/share/mecharm_interfaces/srv/SetCoords_Request.msg
[2.027s] -- Up-to-date symlink: /home/david/ros2_ws/install/mecharm_interfaces/share/mecharm_interfaces/srv/SetCoords_Response.msg
[2.029s] -- Up-to-date symlink: /home/david/ros2_ws/install/mecharm_interfaces/share/mecharm_interfaces/srv/GripperStatus.srv
[2.029s] -- Up-to-date symlink: /home/david/ros2_ws/install/mecharm_interfaces/share/mecharm_interfaces/srv/GripperStatus_Request.msg
[2.030s] -- Up-to-date symlink: /home/david/ros2_ws/install/mecharm_interfaces/share/mecharm_interfaces/srv/GripperStatus_Response.msg
[2.030s] -- Up-to-date symlink: /home/david/ros2_ws/install/mecharm_interfaces/share/mecharm_interfaces/srv/PumpStatus.srv
[2.030s] -- Up-to-date symlink: /home/david/ros2_ws/install/mecharm_interfaces/share/mecharm_interfaces/srv/PumpStatus_Request.msg
[2.030s] -- Up-to-date symlink: /home/david/ros2_ws/install/mecharm_interfaces/share/mecharm_interfaces/srv/PumpStatus_Response.msg
[2.031s] -- Up-to-date symlink: /home/david/ros2_ws/install/mecharm_interfaces/share/ament_index/resource_index/package_run_dependencies/mecharm_interfaces
[2.031s] -- Up-to-date symlink: /home/david/ros2_ws/install/mecharm_interfaces/share/ament_index/resource_index/parent_prefix_path/mecharm_interfaces
[2.031s] -- Up-to-date symlink: /home/david/ros2_ws/install/mecharm_interfaces/share/mecharm_interfaces/environment/ament_prefix_path.sh
[2.031s] -- Up-to-date symlink: /home/david/ros2_ws/install/mecharm_interfaces/share/mecharm_interfaces/environment/ament_prefix_path.dsv
[2.031s] -- Up-to-date symlink: /home/david/ros2_ws/install/mecharm_interfaces/share/mecharm_interfaces/environment/path.sh
[2.033s] -- Up-to-date symlink: /home/david/ros2_ws/install/mecharm_interfaces/share/mecharm_interfaces/environment/path.dsv
[2.034s] -- Up-to-date symlink: /home/david/ros2_ws/install/mecharm_interfaces/share/mecharm_interfaces/local_setup.bash
[2.035s] -- Up-to-date symlink: /home/david/ros2_ws/install/mecharm_interfaces/share/mecharm_interfaces/local_setup.sh
[2.035s] -- Up-to-date symlink: /home/david/ros2_ws/install/mecharm_interfaces/share/mecharm_interfaces/local_setup.zsh
[2.035s] -- Up-to-date symlink: /home/david/ros2_ws/install/mecharm_interfaces/share/mecharm_interfaces/local_setup.dsv
[2.037s] -- Symlinking: /home/david/ros2_ws/install/mecharm_interfaces/share/mecharm_interfaces/package.dsv
[2.045s] -- Up-to-date symlink: /home/david/ros2_ws/install/mecharm_interfaces/share/ament_index/resource_index/packages/mecharm_interfaces
[2.045s] -- Up-to-date symlink: /home/david/ros2_ws/install/mecharm_interfaces/share/mecharm_interfaces/cmake/rosidl_cmake-extras.cmake
[2.046s] -- Up-to-date symlink: /home/david/ros2_ws/install/mecharm_interfaces/share/mecharm_interfaces/cmake/ament_cmake_export_dependencies-extras.cmake
[2.046s] -- Up-to-date symlink: /home/david/ros2_ws/install/mecharm_interfaces/share/mecharm_interfaces/cmake/ament_cmake_export_include_directories-extras.cmake
[2.046s] -- Up-to-date symlink: /home/david/ros2_ws/install/mecharm_interfaces/share/mecharm_interfaces/cmake/ament_cmake_export_libraries-extras.cmake
[2.046s] -- Up-to-date symlink: /home/david/ros2_ws/install/mecharm_interfaces/share/mecharm_interfaces/cmake/ament_cmake_export_targets-extras.cmake
[2.046s] -- Up-to-date symlink: /home/david/ros2_ws/install/mecharm_interfaces/share/mecharm_interfaces/cmake/rosidl_cmake_export_typesupport_targets-extras.cmake
[2.047s] -- Up-to-date symlink: /home/david/ros2_ws/install/mecharm_interfaces/share/mecharm_interfaces/cmake/rosidl_cmake_export_typesupport_libraries-extras.cmake
[2.047s] -- Up-to-date symlink: /home/david/ros2_ws/install/mecharm_interfaces/share/mecharm_interfaces/cmake/mecharm_interfacesConfig.cmake
[2.047s] -- Up-to-date symlink: /home/david/ros2_ws/install/mecharm_interfaces/share/mecharm_interfaces/cmake/mecharm_interfacesConfig-version.cmake
[2.047s] -- Up-to-date symlink: /home/david/ros2_ws/install/mecharm_interfaces/share/mecharm_interfaces/package.xml
[2.047s] -- Up-to-date: /home/david/ros2_ws/install/mecharm_interfaces/lib/libmecharm_interfaces__rosidl_generator_c.so
[2.048s] -- Up-to-date: /home/david/ros2_ws/install/mecharm_interfaces/lib/libmecharm_interfaces__rosidl_typesupport_fastrtps_c.so
[2.048s] -- Up-to-date: /home/david/ros2_ws/install/mecharm_interfaces/lib/libmecharm_interfaces__rosidl_typesupport_introspection_c.so
[2.048s] -- Up-to-date: /home/david/ros2_ws/install/mecharm_interfaces/lib/libmecharm_interfaces__rosidl_typesupport_c.so
[2.049s] -- Up-to-date: /home/david/ros2_ws/install/mecharm_interfaces/lib/libmecharm_interfaces__rosidl_typesupport_fastrtps_cpp.so
[2.050s] -- Up-to-date: /home/david/ros2_ws/install/mecharm_interfaces/lib/libmecharm_interfaces__rosidl_typesupport_introspection_cpp.so
[2.051s] -- Up-to-date: /home/david/ros2_ws/install/mecharm_interfaces/lib/libmecharm_interfaces__rosidl_typesupport_cpp.so
[2.136s] Listing '/home/david/ros2_ws/install/mecharm_interfaces/local/lib/python3.10/dist-packages/mecharm_interfaces'...
[2.136s] Listing '/home/david/ros2_ws/install/mecharm_interfaces/local/lib/python3.10/dist-packages/mecharm_interfaces/msg'...
[2.136s] Listing '/home/david/ros2_ws/install/mecharm_interfaces/local/lib/python3.10/dist-packages/mecharm_interfaces/srv'...
[2.145s] -- Up-to-date: /home/david/ros2_ws/install/mecharm_interfaces/lib/libmecharm_interfaces__rosidl_generator_py.so
[2.145s] -- Up-to-date: /home/david/ros2_ws/install/mecharm_interfaces/share/mecharm_interfaces/cmake/export_mecharm_interfaces__rosidl_generator_cExport.cmake
[2.145s] -- Up-to-date: /home/david/ros2_ws/install/mecharm_interfaces/share/mecharm_interfaces/cmake/export_mecharm_interfaces__rosidl_generator_cExport-noconfig.cmake
[2.145s] -- Up-to-date: /home/david/ros2_ws/install/mecharm_interfaces/share/mecharm_interfaces/cmake/export_mecharm_interfaces__rosidl_typesupport_fastrtps_cExport.cmake
[2.146s] -- Up-to-date: /home/david/ros2_ws/install/mecharm_interfaces/share/mecharm_interfaces/cmake/export_mecharm_interfaces__rosidl_typesupport_fastrtps_cExport-noconfig.cmake
[2.146s] -- Up-to-date: /home/david/ros2_ws/install/mecharm_interfaces/share/mecharm_interfaces/cmake/mecharm_interfaces__rosidl_typesupport_introspection_cExport.cmake
[2.146s] -- Up-to-date: /home/david/ros2_ws/install/mecharm_interfaces/share/mecharm_interfaces/cmake/mecharm_interfaces__rosidl_typesupport_introspection_cExport-noconfig.cmake
[2.146s] -- Up-to-date: /home/david/ros2_ws/install/mecharm_interfaces/share/mecharm_interfaces/cmake/mecharm_interfaces__rosidl_typesupport_cExport.cmake
[2.146s] -- Up-to-date: /home/david/ros2_ws/install/mecharm_interfaces/share/mecharm_interfaces/cmake/mecharm_interfaces__rosidl_typesupport_cExport-noconfig.cmake
[2.147s] -- Up-to-date: /home/david/ros2_ws/install/mecharm_interfaces/share/mecharm_interfaces/cmake/export_mecharm_interfaces__rosidl_generator_cppExport.cmake
[2.147s] -- Up-to-date: /home/david/ros2_ws/install/mecharm_interfaces/share/mecharm_interfaces/cmake/export_mecharm_interfaces__rosidl_typesupport_fastrtps_cppExport.cmake
[2.147s] -- Up-to-date: /home/david/ros2_ws/install/mecharm_interfaces/share/mecharm_interfaces/cmake/export_mecharm_interfaces__rosidl_typesupport_fastrtps_cppExport-noconfig.cmake
[2.147s] -- Up-to-date: /home/david/ros2_ws/install/mecharm_interfaces/share/mecharm_interfaces/cmake/mecharm_interfaces__rosidl_typesupport_introspection_cppExport.cmake
[2.147s] -- Up-to-date: /home/david/ros2_ws/install/mecharm_interfaces/share/mecharm_interfaces/cmake/mecharm_interfaces__rosidl_typesupport_introspection_cppExport-noconfig.cmake
[2.147s] -- Up-to-date: /home/david/ros2_ws/install/mecharm_interfaces/share/mecharm_interfaces/cmake/mecharm_interfaces__rosidl_typesupport_cppExport.cmake
[2.147s] -- Up-to-date: /home/david/ros2_ws/install/mecharm_interfaces/share/mecharm_interfaces/cmake/mecharm_interfaces__rosidl_typesupport_cppExport-noconfig.cmake
[2.147s] -- Up-to-date: /home/david/ros2_ws/install/mecharm_interfaces/share/mecharm_interfaces/cmake/export_mecharm_interfaces__rosidl_generator_pyExport.cmake
[2.148s] -- Up-to-date: /home/david/ros2_ws/install/mecharm_interfaces/share/mecharm_interfaces/cmake/export_mecharm_interfaces__rosidl_generator_pyExport-noconfig.cmake
[2.151s] Invoked command in '/home/david/ros2_ws/build/mecharm_interfaces' returned '0': CMAKE_PREFIX_PATH=${CMAKE_PREFIX_PATH}:/home/david/ros2_ws/install/ultraarm:/home/david/ros2_ws/install/mypalletizer_260_pi:/home/david/ros2_ws/install/mypalletizer_260:/home/david/ros2_ws/install/mypalletizer_communication:/home/david/ros2_ws/install/mycobot_630:/home/david/ros2_ws/install/mycobot_600:/home/david/ros2_ws/install/mycobot_320pi:/home/david/ros2_ws/install/mycobot_320:/home/david/ros2_ws/install/mycobot_280pi:/home/david/ros2_ws/install/mycobot_280jn:/home/david/ros2_ws/install/mycobot_280_x3pi:/home/david/ros2_ws/install/mycobot_280:/home/david/ros2_ws/install/myarm_m750:/home/david/ros2_ws/install/myarm_c650:/home/david/ros2_ws/install/myarm_300:/home/david/ros2_ws/install/mycobot_communication:/home/david/ros2_ws/install/mecharm_pi:/home/david/ros2_ws/install/mecharm:/home/david/ros2_ws/install/mecharm_communication:/home/david/ros2_ws/install/mybuddy:/home/david/ros2_ws/install/mycobot_description:/home/david/ros2_ws/install/my_py_pkg:/opt/ros/humble /usr/bin/cmake --install /home/david/ros2_ws/build/mecharm_interfaces
