[0.017s] Invoking command in '/home/david/ros2_ws/build/mycobot_interfaces2': CMAKE_PREFIX_PATH=${CMAKE_PREFIX_PATH}:/home/david/ros2_ws/install/ultraarm:/home/david/ros2_ws/install/mypalletizer_260_pi:/home/david/ros2_ws/install/mypalletizer_260:/home/david/ros2_ws/install/mypalletizer_communication:/home/david/ros2_ws/install/mycobot_630:/home/david/ros2_ws/install/mycobot_600:/home/david/ros2_ws/install/mycobot_320pi:/home/david/ros2_ws/install/mycobot_320:/home/david/ros2_ws/install/mycobot_280pi:/home/david/ros2_ws/install/mycobot_280jn:/home/david/ros2_ws/install/mycobot_280_x3pi:/home/david/ros2_ws/install/mycobot_280:/home/david/ros2_ws/install/myarm_m750:/home/david/ros2_ws/install/myarm_c650:/home/david/ros2_ws/install/myarm_300:/home/david/ros2_ws/install/mycobot_communication:/home/david/ros2_ws/install/mecharm_pi:/home/david/ros2_ws/install/mecharm:/home/david/ros2_ws/install/mecharm_communication:/home/david/ros2_ws/install/mybuddy:/home/david/ros2_ws/install/mycobot_description:/home/david/ros2_ws/install/my_py_pkg:/opt/ros/humble /usr/bin/cmake /home/david/ros2_ws/src/mycobot_ros2/mycobot_280/mycobot_interfaces2 -DCMAKE_INSTALL_PREFIX=/home/david/ros2_ws/install/mycobot_interfaces2
[0.145s] -- The C compiler identification is GNU 11.4.0
[0.239s] -- The CXX compiler identification is GNU 11.4.0
[0.254s] -- Detecting C compiler ABI info
[0.341s] -- Detecting C compiler ABI info - done
[0.352s] -- Check for working C compiler: /usr/bin/cc - skipped
[0.353s] -- Detecting C compile features
[0.354s] -- Detecting C compile features - done
[0.359s] -- Detecting CXX compiler ABI info
[0.480s] -- Detecting CXX compiler ABI info - done
[0.497s] -- Check for working CXX compiler: /usr/bin/c++ - skipped
[0.498s] -- Detecting CXX compile features
[0.498s] -- Detecting CXX compile features - done
[0.511s] -- Found ament_cmake: 1.3.9 (/opt/ros/humble/share/ament_cmake/cmake)
[0.856s] -- Found Python3: /usr/bin/python3 (found version "3.10.12") found components: Interpreter 
[1.131s] -- Found rosidl_default_generators: 1.2.0 (/opt/ros/humble/share/rosidl_default_generators/cmake)
[1.151s] -- Using all available rosidl_typesupport_c: rosidl_typesupport_fastrtps_c;rosidl_typesupport_introspection_c
[1.177s] -- Found rosidl_adapter: 3.1.5 (/opt/ros/humble/share/rosidl_adapter/cmake)
[1.268s] -- Using all available rosidl_typesupport_cpp: rosidl_typesupport_fastrtps_cpp;rosidl_typesupport_introspection_cpp
[1.331s] -- Found rclpy: 3.3.13 (/opt/ros/humble/share/rclpy/cmake)
[1.335s] -- Found std_msgs: 4.2.4 (/opt/ros/humble/share/std_msgs/cmake)
[1.866s] [31mCMake Error at /opt/ros/humble/share/rosidl_adapter/cmake/rosidl_adapt_interfaces.cmake:59 (message):
[1.866s]   execute_process(/usr/bin/python3 -m rosidl_adapter --package-name
[1.866s]   mycobot_interfaces2 --arguments-file
[1.866s]   /home/david/ros2_ws/build/mycobot_interfaces2/rosidl_adapter__arguments__mycobot_interfaces2.json
[1.866s]   --output-dir
[1.867s]   /home/david/ros2_ws/build/mycobot_interfaces2/rosidl_adapter/mycobot_interfaces2
[1.867s]   --output-file
[1.867s]   /home/david/ros2_ws/build/mycobot_interfaces2/rosidl_adapter/mycobot_interfaces2.idls)
[1.867s]   returned error code 1:
[1.867s] 
[1.867s]   Error processing 'int 16 id' of 'mycobot_interfaces2/MyArucoCoords': ''int'
[1.867s]   is an invalid message name.  It should have the pattern
[1.868s]   '^[A-Z][A-Za-z0-9]*$''
[1.868s] 
[1.868s]   Traceback (most recent call last):
[1.868s] 
[1.868s]     File "/usr/lib/python3.10/runpy.py", line 196, in _run_module_as_main
[1.868s]       return _run_code(code, main_globals, None,
[1.869s]     File "/usr/lib/python3.10/runpy.py", line 86, in _run_code
[1.869s]       exec(code, run_globals)
[1.869s]     File "/opt/ros/humble/local/lib/python3.10/dist-packages/rosidl_adapter/__main__.py", line 19, in <module>
[1.869s]       sys.exit(main())
[1.869s]     File "/opt/ros/humble/local/lib/python3.10/dist-packages/rosidl_adapter/main.py", line 53, in main
[1.869s]       abs_idl_file = convert_to_idl(
[1.870s]     File "/opt/ros/humble/local/lib/python3.10/dist-packages/rosidl_adapter/__init__.py", line 19, in convert_to_idl
[1.870s]       return convert_msg_to_idl(
[1.870s]     File "/opt/ros/humble/local/lib/python3.10/dist-packages/rosidl_adapter/msg/__init__.py", line 28, in convert_msg_to_idl
[1.870s]       msg = parse_message_string(package_name, input_file.stem, content)
[1.870s]     File "/opt/ros/humble/local/lib/python3.10/dist-packages/rosidl_adapter/parser.py", line 520, in parse_message_string
[1.870s]       Type(type_string, context_package_name=pkg_name),
[1.870s]     File "/opt/ros/humble/local/lib/python3.10/dist-packages/rosidl_adapter/parser.py", line 277, in __init__
[1.871s]       super(Type, self).__init__(
[1.871s]     File "/opt/ros/humble/local/lib/python3.10/dist-packages/rosidl_adapter/parser.py", line 205, in __init__
[1.871s]       raise InvalidResourceName(
[1.871s] 
[1.871s]   rosidl_adapter.parser.InvalidResourceName: 'int' is an invalid message
[1.871s]   name.  It should have the pattern '^[A-Z][A-Za-z0-9]*$'
[1.872s] 
[1.872s] Call Stack (most recent call first):
[1.873s]   /opt/ros/humble/share/rosidl_cmake/cmake/rosidl_generate_interfaces.cmake:130 (rosidl_adapt_interfaces)
[1.873s]   CMakeLists.txt:19 (rosidl_generate_interfaces)
[1.873s] 
[1.874s] [0m
[1.874s] -- Configuring incomplete, errors occurred!
[1.874s] See also "/home/david/ros2_ws/build/mycobot_interfaces2/CMakeFiles/CMakeOutput.log".
[1.875s] Invoked command in '/home/david/ros2_ws/build/mycobot_interfaces2' returned '1': CMAKE_PREFIX_PATH=${CMAKE_PREFIX_PATH}:/home/david/ros2_ws/install/ultraarm:/home/david/ros2_ws/install/mypalletizer_260_pi:/home/david/ros2_ws/install/mypalletizer_260:/home/david/ros2_ws/install/mypalletizer_communication:/home/david/ros2_ws/install/mycobot_630:/home/david/ros2_ws/install/mycobot_600:/home/david/ros2_ws/install/mycobot_320pi:/home/david/ros2_ws/install/mycobot_320:/home/david/ros2_ws/install/mycobot_280pi:/home/david/ros2_ws/install/mycobot_280jn:/home/david/ros2_ws/install/mycobot_280_x3pi:/home/david/ros2_ws/install/mycobot_280:/home/david/ros2_ws/install/myarm_m750:/home/david/ros2_ws/install/myarm_c650:/home/david/ros2_ws/install/myarm_300:/home/david/ros2_ws/install/mycobot_communication:/home/david/ros2_ws/install/mecharm_pi:/home/david/ros2_ws/install/mecharm:/home/david/ros2_ws/install/mecharm_communication:/home/david/ros2_ws/install/mybuddy:/home/david/ros2_ws/install/mycobot_description:/home/david/ros2_ws/install/my_py_pkg:/opt/ros/humble /usr/bin/cmake /home/david/ros2_ws/src/mycobot_ros2/mycobot_280/mycobot_interfaces2 -DCMAKE_INSTALL_PREFIX=/home/david/ros2_ws/install/mycobot_interfaces2
