[2.453s] Invoking command in '/home/david/ros2_ws/build/mycobot_communication': CMAKE_PREFIX_PATH=/home/david/ros2_ws/install/mycobot_interfaces:/home/david/ros2_ws/install/mypalletizer_interfaces:/home/david/ros2_ws/install/mecharm_interfaces LD_LIBRARY_PATH=/home/david/ros2_ws/install/mycobot_interfaces/lib:/home/david/ros2_ws/install/mypalletizer_interfaces/lib:/home/david/ros2_ws/install/mecharm_interfaces/lib:/opt/ros/humble/opt/rviz_ogre_vendor/lib:/opt/ros/humble/lib/x86_64-linux-gnu:/opt/ros/humble/lib PYTHONPATH=/home/david/ros2_ws/build/mycobot_communication/prefix_override:/usr/lib/python3/dist-packages/colcon_core/task/python/colcon_distutils_commands:/home/david/ros2_ws/install/mycobot_communication/lib/python3.10/site-packages:${PYTHONPATH} /usr/bin/python3 -W ignore:setup.py install is deprecated setup.py develop --editable --build-directory /home/david/ros2_ws/build/mycobot_communication/build --no-deps symlink_data
[2.996s] running develop
[2.997s] /usr/lib/python3/dist-packages/setuptools/command/easy_install.py:158: EasyInstallDeprecationWarning: easy_install command is deprecated. Use build and pip and other standards-based tools.
[2.997s]   warnings.warn(
[3.492s] running egg_info
[3.492s] writing mycobot_communication.egg-info/PKG-INFO
[3.493s] writing dependency_links to mycobot_communication.egg-info/dependency_links.txt
[3.493s] writing entry points to mycobot_communication.egg-info/entry_points.txt
[3.494s] writing requirements to mycobot_communication.egg-info/requires.txt
[3.495s] writing top-level names to mycobot_communication.egg-info/top_level.txt
[3.500s] reading manifest file 'mycobot_communication.egg-info/SOURCES.txt'
[3.503s] writing manifest file 'mycobot_communication.egg-info/SOURCES.txt'
[3.509s] running build_ext
[3.510s] Creating /home/david/ros2_ws/install/mycobot_communication/lib/python3.10/site-packages/mycobot-communication.egg-link (link to .)
[3.513s] Installing mycobot_services script to /home/david/ros2_ws/install/mycobot_communication/lib/mycobot_communication
[3.513s] Installing mycobot_topics script to /home/david/ros2_ws/install/mycobot_communication/lib/mycobot_communication
[3.514s] Installing mycobot_topics_jsnn script to /home/david/ros2_ws/install/mycobot_communication/lib/mycobot_communication
[3.514s] Installing mycobot_topics_pi script to /home/david/ros2_ws/install/mycobot_communication/lib/mycobot_communication
[3.514s] Installing mycobot_topics_seeed script to /home/david/ros2_ws/install/mycobot_communication/lib/mycobot_communication
[3.515s] 
[3.515s] Installed /home/david/ros2_ws/build/mycobot_communication
[3.515s] running symlink_data
[4.486s] Invoked command in '/home/david/ros2_ws/build/mycobot_communication' returned '0': CMAKE_PREFIX_PATH=/home/david/ros2_ws/install/mycobot_interfaces:/home/david/ros2_ws/install/mypalletizer_interfaces:/home/david/ros2_ws/install/mecharm_interfaces LD_LIBRARY_PATH=/home/david/ros2_ws/install/mycobot_interfaces/lib:/home/david/ros2_ws/install/mypalletizer_interfaces/lib:/home/david/ros2_ws/install/mecharm_interfaces/lib:/opt/ros/humble/opt/rviz_ogre_vendor/lib:/opt/ros/humble/lib/x86_64-linux-gnu:/opt/ros/humble/lib PYTHONPATH=/home/david/ros2_ws/build/mycobot_communication/prefix_override:/usr/lib/python3/dist-packages/colcon_core/task/python/colcon_distutils_commands:/home/david/ros2_ws/install/mycobot_communication/lib/python3.10/site-packages:${PYTHONPATH} /usr/bin/python3 -W ignore:setup.py install is deprecated setup.py develop --editable --build-directory /home/david/ros2_ws/build/mycobot_communication/build --no-deps symlink_data
