/usr/lib/python3/dist-packages/setuptools/dist.py:723: UserWarning: Usage of dash-separated 'script-dir' will not be supported in future versions. Please use the underscore name 'script_dir' instead
  warnings.warn(
running develop
/usr/lib/python3/dist-packages/setuptools/command/easy_install.py:158: EasyInstallDeprecationWarning: easy_install command is deprecated. Use build and pip and other standards-based tools.
  warnings.warn(
running egg_info
creating turtlesim_catch_them_all.egg-info
writing turtlesim_catch_them_all.egg-info/PKG-INFO
writing dependency_links to turtlesim_catch_them_all.egg-info/dependency_links.txt
writing entry points to turtlesim_catch_them_all.egg-info/entry_points.txt
writing requirements to turtlesim_catch_them_all.egg-info/requires.txt
writing top-level names to turtlesim_catch_them_all.egg-info/top_level.txt
writing manifest file 'turtlesim_catch_them_all.egg-info/SOURCES.txt'
reading manifest file 'turtlesim_catch_them_all.egg-info/SOURCES.txt'
writing manifest file 'turtlesim_catch_them_all.egg-info/SOURCES.txt'
running build_ext
Creating /home/david/ros2_ws/install/turtlesim_catch_them_all/lib/python3.10/site-packages/turtlesim-catch-them-all.egg-link (link to .)
Installing turtle_spawner script to /home/david/ros2_ws/install/turtlesim_catch_them_all/lib/turtlesim_catch_them_all
Installing turtlesim_controller script to /home/david/ros2_ws/install/turtlesim_catch_them_all/lib/turtlesim_catch_them_all

Installed /home/david/ros2_ws/build/turtlesim_catch_them_all
running symlink_data
creating /home/david/ros2_ws/install/turtlesim_catch_them_all/share/ament_index
creating /home/david/ros2_ws/install/turtlesim_catch_them_all/share/ament_index/resource_index
creating /home/david/ros2_ws/install/turtlesim_catch_them_all/share/ament_index/resource_index/packages
symbolically linking /home/david/ros2_ws/build/turtlesim_catch_them_all/resource/turtlesim_catch_them_all -> /home/david/ros2_ws/install/turtlesim_catch_them_all/share/ament_index/resource_index/packages
symbolically linking /home/david/ros2_ws/build/turtlesim_catch_them_all/package.xml -> /home/david/ros2_ws/install/turtlesim_catch_them_all/share/turtlesim_catch_them_all
