[1.090s] Invoking command in '/home/david/ros2_ws/build/turtlesim_catch_them_all': CMAKE_PREFIX_PATH=/home/david/ros2_ws/install/my_robot_interfaces:/home/david/ros2_ws/install/mypalletizer_interfaces:/home/david/ros2_ws/install/mycobot_interfaces2:/home/david/ros2_ws/install/mycobot_interfaces:/home/david/ros2_ws/install/my_robot_bringup:/home/david/ros2_ws/install/mecharm_interfaces LD_LIBRARY_PATH=/home/david/ros2_ws/install/my_robot_interfaces/lib:/home/david/ros2_ws/install/mypalletizer_interfaces/lib:/home/david/ros2_ws/install/mycobot_interfaces2/lib:/home/david/ros2_ws/install/mycobot_interfaces/lib:/home/david/ros2_ws/install/mecharm_interfaces/lib:/opt/ros/humble/opt/rviz_ogre_vendor/lib:/opt/ros/humble/lib/x86_64-linux-gnu:/opt/ros/humble/lib PYTHONPATH=/home/david/ros2_ws/build/turtlesim_catch_them_all/prefix_override:/usr/lib/python3/dist-packages/colcon_core/task/python/colcon_distutils_commands:/home/david/ros2_ws/install/turtlesim_catch_them_all/lib/python3.10/site-packages:${PYTHONPATH} /usr/bin/python3 -W ignore:setup.py install is deprecated setup.py develop --editable --build-directory /home/david/ros2_ws/build/turtlesim_catch_them_all/build --no-deps symlink_data
[1.489s] /usr/lib/python3/dist-packages/setuptools/dist.py:723: UserWarning: Usage of dash-separated 'script-dir' will not be supported in future versions. Please use the underscore name 'script_dir' instead
[1.490s]   warnings.warn(
[1.548s] running develop
[1.549s] /usr/lib/python3/dist-packages/setuptools/command/easy_install.py:158: EasyInstallDeprecationWarning: easy_install command is deprecated. Use build and pip and other standards-based tools.
[1.549s]   warnings.warn(
[1.791s] running egg_info
[1.791s] creating turtlesim_catch_them_all.egg-info
[1.791s] writing turtlesim_catch_them_all.egg-info/PKG-INFO
[1.791s] writing dependency_links to turtlesim_catch_them_all.egg-info/dependency_links.txt
[1.792s] writing entry points to turtlesim_catch_them_all.egg-info/entry_points.txt
[1.792s] writing requirements to turtlesim_catch_them_all.egg-info/requires.txt
[1.792s] writing top-level names to turtlesim_catch_them_all.egg-info/top_level.txt
[1.792s] writing manifest file 'turtlesim_catch_them_all.egg-info/SOURCES.txt'
[1.795s] reading manifest file 'turtlesim_catch_them_all.egg-info/SOURCES.txt'
[1.796s] writing manifest file 'turtlesim_catch_them_all.egg-info/SOURCES.txt'
[1.799s] running build_ext
[1.800s] Creating /home/david/ros2_ws/install/turtlesim_catch_them_all/lib/python3.10/site-packages/turtlesim-catch-them-all.egg-link (link to .)
[1.801s] Installing turtle_spawner script to /home/david/ros2_ws/install/turtlesim_catch_them_all/lib/turtlesim_catch_them_all
[1.801s] Installing turtlesim_controller script to /home/david/ros2_ws/install/turtlesim_catch_them_all/lib/turtlesim_catch_them_all
[1.802s] 
[1.802s] Installed /home/david/ros2_ws/build/turtlesim_catch_them_all
[1.802s] running symlink_data
[1.802s] creating /home/david/ros2_ws/install/turtlesim_catch_them_all/share/ament_index
[1.802s] creating /home/david/ros2_ws/install/turtlesim_catch_them_all/share/ament_index/resource_index
[1.802s] creating /home/david/ros2_ws/install/turtlesim_catch_them_all/share/ament_index/resource_index/packages
[1.803s] symbolically linking /home/david/ros2_ws/build/turtlesim_catch_them_all/resource/turtlesim_catch_them_all -> /home/david/ros2_ws/install/turtlesim_catch_them_all/share/ament_index/resource_index/packages
[1.803s] symbolically linking /home/david/ros2_ws/build/turtlesim_catch_them_all/package.xml -> /home/david/ros2_ws/install/turtlesim_catch_them_all/share/turtlesim_catch_them_all
[1.839s] Invoked command in '/home/david/ros2_ws/build/turtlesim_catch_them_all' returned '0': CMAKE_PREFIX_PATH=/home/david/ros2_ws/install/my_robot_interfaces:/home/david/ros2_ws/install/mypalletizer_interfaces:/home/david/ros2_ws/install/mycobot_interfaces2:/home/david/ros2_ws/install/mycobot_interfaces:/home/david/ros2_ws/install/my_robot_bringup:/home/david/ros2_ws/install/mecharm_interfaces LD_LIBRARY_PATH=/home/david/ros2_ws/install/my_robot_interfaces/lib:/home/david/ros2_ws/install/mypalletizer_interfaces/lib:/home/david/ros2_ws/install/mycobot_interfaces2/lib:/home/david/ros2_ws/install/mycobot_interfaces/lib:/home/david/ros2_ws/install/mecharm_interfaces/lib:/opt/ros/humble/opt/rviz_ogre_vendor/lib:/opt/ros/humble/lib/x86_64-linux-gnu:/opt/ros/humble/lib PYTHONPATH=/home/david/ros2_ws/build/turtlesim_catch_them_all/prefix_override:/usr/lib/python3/dist-packages/colcon_core/task/python/colcon_distutils_commands:/home/david/ros2_ws/install/turtlesim_catch_them_all/lib/python3.10/site-packages:${PYTHONPATH} /usr/bin/python3 -W ignore:setup.py install is deprecated setup.py develop --editable --build-directory /home/david/ros2_ws/build/turtlesim_catch_them_all/build --no-deps symlink_data
