[0.925s] Invoking command in '/home/david/ros2_ws/build/my_py_pkg': PYTHONPATH=/home/david/ros2_ws/build/my_py_pkg/prefix_override:/usr/lib/python3/dist-packages/colcon_core/task/python/colcon_distutils_commands:/home/david/ros2_ws/install/my_py_pkg/lib/python3.10/site-packages:${PYTHONPATH} /usr/bin/python3 -W ignore:setup.py install is deprecated setup.py develop --editable --build-directory /home/david/ros2_ws/build/my_py_pkg/build --no-deps symlink_data
[1.156s] running develop
[1.156s] /usr/lib/python3/dist-packages/setuptools/command/easy_install.py:158: EasyInstallDeprecationWarning: easy_install command is deprecated. Use build and pip and other standards-based tools.
[1.156s]   warnings.warn(
[1.260s] running egg_info
[1.260s] writing my_py_pkg.egg-info/PKG-INFO
[1.260s] writing dependency_links to my_py_pkg.egg-info/dependency_links.txt
[1.260s] writing entry points to my_py_pkg.egg-info/entry_points.txt
[1.260s] writing requirements to my_py_pkg.egg-info/requires.txt
[1.260s] writing top-level names to my_py_pkg.egg-info/top_level.txt
[1.262s] reading manifest file 'my_py_pkg.egg-info/SOURCES.txt'
[1.262s] writing manifest file 'my_py_pkg.egg-info/SOURCES.txt'
[1.263s] running build_ext
[1.263s] Creating /home/david/ros2_ws/install/my_py_pkg/lib/python3.10/site-packages/my-py-pkg.egg-link (link to .)
[1.264s] Installing add_two_ints_client script to /home/david/ros2_ws/install/my_py_pkg/lib/my_py_pkg
[1.264s] Installing add_two_ints_client_no_oop script to /home/david/ros2_ws/install/my_py_pkg/lib/my_py_pkg
[1.264s] Installing add_two_ints_server script to /home/david/ros2_ws/install/my_py_pkg/lib/my_py_pkg
[1.264s] Installing number_counter script to /home/david/ros2_ws/install/my_py_pkg/lib/my_py_pkg
[1.265s] Installing number_publisher script to /home/david/ros2_ws/install/my_py_pkg/lib/my_py_pkg
[1.265s] Installing py_node script to /home/david/ros2_ws/install/my_py_pkg/lib/my_py_pkg
[1.265s] Installing robot_news_station script to /home/david/ros2_ws/install/my_py_pkg/lib/my_py_pkg
[1.265s] Installing smartphone script to /home/david/ros2_ws/install/my_py_pkg/lib/my_py_pkg
[1.265s] 
[1.265s] Installed /home/david/ros2_ws/build/my_py_pkg
[1.265s] running symlink_data
[1.586s] Invoked command in '/home/david/ros2_ws/build/my_py_pkg' returned '0': PYTHONPATH=/home/david/ros2_ws/build/my_py_pkg/prefix_override:/usr/lib/python3/dist-packages/colcon_core/task/python/colcon_distutils_commands:/home/david/ros2_ws/install/my_py_pkg/lib/python3.10/site-packages:${PYTHONPATH} /usr/bin/python3 -W ignore:setup.py install is deprecated setup.py develop --editable --build-directory /home/david/ros2_ws/build/my_py_pkg/build --no-deps symlink_data
