[0.008s] Invoking command in '/home/david/ros2_ws/build/mycobot_interfaces': CMAKE_PREFIX_PATH=${CMAKE_PREFIX_PATH}:/home/david/ros2_ws/install/ultraarm:/home/david/ros2_ws/install/mypalletizer_260_pi:/home/david/ros2_ws/install/mypalletizer_260:/home/david/ros2_ws/install/mypalletizer_communication:/home/david/ros2_ws/install/mycobot_630:/home/david/ros2_ws/install/mycobot_600:/home/david/ros2_ws/install/mycobot_320pi:/home/david/ros2_ws/install/mycobot_320:/home/david/ros2_ws/install/mycobot_280pi:/home/david/ros2_ws/install/mycobot_280jn:/home/david/ros2_ws/install/mycobot_280_x3pi:/home/david/ros2_ws/install/mycobot_280:/home/david/ros2_ws/install/myarm_m750:/home/david/ros2_ws/install/myarm_c650:/home/david/ros2_ws/install/myarm_300:/home/david/ros2_ws/install/mycobot_communication:/home/david/ros2_ws/install/mecharm_pi:/home/david/ros2_ws/install/mecharm:/home/david/ros2_ws/install/mecharm_communication:/home/david/ros2_ws/install/mybuddy:/home/david/ros2_ws/install/mycobot_description:/home/david/ros2_ws/install/my_py_pkg:/opt/ros/humble /usr/bin/cmake --build /home/david/ros2_ws/build/mycobot_interfaces -- -j12 -l12
[0.037s] -- Found ament_cmake: 1.3.9 (/opt/ros/humble/share/ament_cmake/cmake)
[0.151s] -- Override CMake install command with custom implementation using symlinks instead of copying resources
[0.158s] -- Found rosidl_default_generators: 1.2.0 (/opt/ros/humble/share/rosidl_default_generators/cmake)
[0.161s] -- Using all available rosidl_typesupport_c: rosidl_typesupport_fastrtps_c;rosidl_typesupport_introspection_c
[0.163s] -- Found rosidl_adapter: 3.1.5 (/opt/ros/humble/share/rosidl_adapter/cmake)
[0.186s] -- Using all available rosidl_typesupport_cpp: rosidl_typesupport_fastrtps_cpp;rosidl_typesupport_introspection_cpp
[0.206s] -- Found rclpy: 3.3.13 (/opt/ros/humble/share/rclpy/cmake)
[0.206s] -- Found std_msgs: 4.2.4 (/opt/ros/humble/share/std_msgs/cmake)
[0.527s] -- Found ament_cmake_ros: 0.10.0 (/opt/ros/humble/share/ament_cmake_ros/cmake)
[0.717s] -- Using all available rosidl_typesupport_c: rosidl_typesupport_fastrtps_c;rosidl_typesupport_introspection_c
[0.966s] -- Using all available rosidl_typesupport_cpp: rosidl_typesupport_fastrtps_cpp;rosidl_typesupport_introspection_cpp
[0.987s] -- Found python_cmake_module: 0.10.0 (/opt/ros/humble/share/python_cmake_module/cmake)
[1.009s] -- Using PYTHON_EXECUTABLE: /usr/bin/python3
[1.009s] -- Using PYTHON_INCLUDE_DIRS: /usr/include/python3.10
[1.009s] -- Using PYTHON_LIBRARIES: /usr/lib/x86_64-linux-gnu/libpython3.10.so
[1.036s] -- Found ament_lint_auto: 0.12.11 (/opt/ros/humble/share/ament_lint_auto/cmake)
[1.045s] -- Added test 'copyright' to check source files copyright and LICENSE
[1.046s] -- Added test 'lint_cmake' to check CMake code style
[1.047s] -- Added test 'xmllint' to check XML markup files
[1.049s] -- Configuring done
[1.088s] -- Generating done
[1.089s] -- Build files have been written to: /home/david/ros2_ws/build/mycobot_interfaces
[1.107s] [  1%] [34m[1mGenerating C code for ROS interfaces[0m
[1.112s] [  1%] [34m[1mGenerating C++ code for ROS interfaces[0m
[1.116s] [  1%] Built target ament_cmake_python_symlink_mycobot_interfaces
[1.286s] running egg_info
[1.286s] writing mycobot_interfaces.egg-info/PKG-INFO
[1.287s] writing dependency_links to mycobot_interfaces.egg-info/dependency_links.txt
[1.287s] writing top-level names to mycobot_interfaces.egg-info/top_level.txt
[1.288s] reading manifest file 'mycobot_interfaces.egg-info/SOURCES.txt'
[1.289s] writing manifest file 'mycobot_interfaces.egg-info/SOURCES.txt'
[1.305s] [  1%] Built target ament_cmake_python_build_mycobot_interfaces_egg
[1.700s] [  1%] Built target mycobot_interfaces__cpp
[1.707s] [  2%] [34m[1mGenerating C++ type support dispatch for ROS interfaces[0m
[1.709s] [  3%] [34m[1mGenerating C++ type support for eProsima Fast-RTPS[0m
[1.710s] [  3%] [34m[1mGenerating C++ introspection for ROS interfaces[0m
[1.835s] [35m[1mConsolidate compiler generated dependencies of target mycobot_interfaces__rosidl_generator_c[0m
[1.849s] [  5%] [32mBuilding C object CMakeFiles/mycobot_interfaces__rosidl_generator_c.dir/rosidl_generator_c/mycobot_interfaces/msg/detail/mycobot_set_angles__functions.c.o[0m
[1.849s] [  5%] [32mBuilding C object CMakeFiles/mycobot_interfaces__rosidl_generator_c.dir/rosidl_generator_c/mycobot_interfaces/msg/detail/mycobot_coords__functions.c.o[0m
[1.849s] [  6%] [32mBuilding C object CMakeFiles/mycobot_interfaces__rosidl_generator_c.dir/rosidl_generator_c/mycobot_interfaces/msg/detail/mycobot_angles__functions.c.o[0m
[1.849s] [  8%] [32mBuilding C object CMakeFiles/mycobot_interfaces__rosidl_generator_c.dir/rosidl_generator_c/mycobot_interfaces/msg/detail/mycobot_pump_status__functions.c.o[0m
[1.850s] [  5%] [32mBuilding C object CMakeFiles/mycobot_interfaces__rosidl_generator_c.dir/rosidl_generator_c/mycobot_interfaces/msg/detail/mycobot_set_coords__functions.c.o[0m
[1.850s] [  8%] [32mBuilding C object CMakeFiles/mycobot_interfaces__rosidl_generator_c.dir/rosidl_generator_c/mycobot_interfaces/msg/detail/mycobot_gripper_status__functions.c.o[0m
[1.850s] [  8%] [32mBuilding C object CMakeFiles/mycobot_interfaces__rosidl_generator_c.dir/rosidl_generator_c/mycobot_interfaces/msg/detail/mycobot_aruco_coords__functions.c.o[0m
[1.850s] [  9%] [32mBuilding C object CMakeFiles/mycobot_interfaces__rosidl_generator_c.dir/rosidl_generator_c/mycobot_interfaces/srv/detail/set_angles__functions.c.o[0m
[1.855s] [ 10%] [32mBuilding C object CMakeFiles/mycobot_interfaces__rosidl_generator_c.dir/rosidl_generator_c/mycobot_interfaces/srv/detail/get_angles__functions.c.o[0m
[1.909s] [ 13%] [32mBuilding C object CMakeFiles/mycobot_interfaces__rosidl_generator_c.dir/rosidl_generator_c/mycobot_interfaces/srv/detail/pump_status__functions.c.o[0m
[1.909s] [ 13%] [32mBuilding C object CMakeFiles/mycobot_interfaces__rosidl_generator_c.dir/rosidl_generator_c/mycobot_interfaces/srv/detail/gripper_status__functions.c.o[0m
[1.909s] [ 13%] [32mBuilding C object CMakeFiles/mycobot_interfaces__rosidl_generator_c.dir/rosidl_generator_c/mycobot_interfaces/srv/detail/get_coords__functions.c.o[0m
[1.909s] [ 13%] [32mBuilding C object CMakeFiles/mycobot_interfaces__rosidl_generator_c.dir/rosidl_generator_c/mycobot_interfaces/srv/detail/set_coords__functions.c.o[0m
[1.961s] [ 14%] [32m[1mLinking C shared library libmycobot_interfaces__rosidl_generator_c.so[0m
[1.998s] [ 14%] Built target mycobot_interfaces__rosidl_generator_c
[2.008s] [ 17%] [34m[1mGenerating C introspection for ROS interfaces[0m
[2.009s] [ 17%] [34m[1mGenerating C type support for eProsima Fast-RTPS[0m
[2.009s] [ 17%] [34m[1mGenerating C type support dispatch for ROS interfaces[0m
[2.118s] [35m[1mConsolidate compiler generated dependencies of target mycobot_interfaces__rosidl_typesupport_cpp[0m
[2.134s] [ 18%] [32mBuilding CXX object CMakeFiles/mycobot_interfaces__rosidl_typesupport_cpp.dir/rosidl_typesupport_cpp/mycobot_interfaces/msg/mycobot_angles__type_support.cpp.o[0m
[2.134s] [ 20%] [32mBuilding CXX object CMakeFiles/mycobot_interfaces__rosidl_typesupport_cpp.dir/rosidl_typesupport_cpp/mycobot_interfaces/msg/mycobot_set_coords__type_support.cpp.o[0m
[2.134s] [ 20%] [32mBuilding CXX object CMakeFiles/mycobot_interfaces__rosidl_typesupport_cpp.dir/rosidl_typesupport_cpp/mycobot_interfaces/msg/mycobot_coords__type_support.cpp.o[0m
[2.135s] [ 21%] [32mBuilding CXX object CMakeFiles/mycobot_interfaces__rosidl_typesupport_cpp.dir/rosidl_typesupport_cpp/mycobot_interfaces/msg/mycobot_gripper_status__type_support.cpp.o[0m
[2.135s] [ 21%] [32mBuilding CXX object CMakeFiles/mycobot_interfaces__rosidl_typesupport_cpp.dir/rosidl_typesupport_cpp/mycobot_interfaces/msg/mycobot_set_angles__type_support.cpp.o[0m
[2.135s] [ 22%] [32mBuilding CXX object CMakeFiles/mycobot_interfaces__rosidl_typesupport_cpp.dir/rosidl_typesupport_cpp/mycobot_interfaces/msg/mycobot_pump_status__type_support.cpp.o[0m
[2.141s] [ 23%] [32mBuilding CXX object CMakeFiles/mycobot_interfaces__rosidl_typesupport_cpp.dir/rosidl_typesupport_cpp/mycobot_interfaces/msg/mycobot_aruco_coords__type_support.cpp.o[0m
[2.422s] [ 24%] [32mBuilding CXX object CMakeFiles/mycobot_interfaces__rosidl_typesupport_cpp.dir/rosidl_typesupport_cpp/mycobot_interfaces/srv/get_angles__type_support.cpp.o[0m
[2.422s] [ 24%] [32mBuilding CXX object CMakeFiles/mycobot_interfaces__rosidl_typesupport_cpp.dir/rosidl_typesupport_cpp/mycobot_interfaces/srv/set_angles__type_support.cpp.o[0m
[2.433s] [ 25%] [32mBuilding CXX object CMakeFiles/mycobot_interfaces__rosidl_typesupport_cpp.dir/rosidl_typesupport_cpp/mycobot_interfaces/srv/get_coords__type_support.cpp.o[0m
[2.441s] [ 26%] [32mBuilding CXX object CMakeFiles/mycobot_interfaces__rosidl_typesupport_cpp.dir/rosidl_typesupport_cpp/mycobot_interfaces/srv/set_coords__type_support.cpp.o[0m
[2.445s] [ 26%] [32mBuilding CXX object CMakeFiles/mycobot_interfaces__rosidl_typesupport_cpp.dir/rosidl_typesupport_cpp/mycobot_interfaces/srv/pump_status__type_support.cpp.o[0m
[2.460s] [ 27%] [32mBuilding CXX object CMakeFiles/mycobot_interfaces__rosidl_typesupport_cpp.dir/rosidl_typesupport_cpp/mycobot_interfaces/srv/gripper_status__type_support.cpp.o[0m
[2.565s] [35m[1mConsolidate compiler generated dependencies of target mycobot_interfaces__rosidl_typesupport_fastrtps_cpp[0m
[2.588s] [35m[1mConsolidate compiler generated dependencies of target mycobot_interfaces__rosidl_typesupport_introspection_cpp[0m
[2.590s] [ 28%] [32mBuilding CXX object CMakeFiles/mycobot_interfaces__rosidl_typesupport_fastrtps_cpp.dir/rosidl_typesupport_fastrtps_cpp/mycobot_interfaces/msg/detail/dds_fastrtps/mycobot_angles__type_support.cpp.o[0m
[2.591s] [ 29%] [32mBuilding CXX object CMakeFiles/mycobot_interfaces__rosidl_typesupport_fastrtps_cpp.dir/rosidl_typesupport_fastrtps_cpp/mycobot_interfaces/msg/detail/dds_fastrtps/mycobot_coords__type_support.cpp.o[0m
[2.653s] [ 30%] [32mBuilding CXX object CMakeFiles/mycobot_interfaces__rosidl_typesupport_introspection_cpp.dir/rosidl_typesupport_introspection_cpp/mycobot_interfaces/msg/detail/mycobot_angles__type_support.cpp.o[0m
[2.679s] [ 31%] [32mBuilding CXX object CMakeFiles/mycobot_interfaces__rosidl_typesupport_fastrtps_cpp.dir/rosidl_typesupport_fastrtps_cpp/mycobot_interfaces/msg/detail/dds_fastrtps/mycobot_set_angles__type_support.cpp.o[0m
[2.695s] [ 31%] [32mBuilding CXX object CMakeFiles/mycobot_interfaces__rosidl_typesupport_fastrtps_cpp.dir/rosidl_typesupport_fastrtps_cpp/mycobot_interfaces/msg/detail/dds_fastrtps/mycobot_set_coords__type_support.cpp.o[0m
[2.701s] [35m[1mConsolidate compiler generated dependencies of target mycobot_interfaces__rosidl_typesupport_c[0m
[2.713s] [ 31%] [32mBuilding CXX object CMakeFiles/mycobot_interfaces__rosidl_typesupport_c.dir/rosidl_typesupport_c/mycobot_interfaces/msg/mycobot_angles__type_support.cpp.o[0m
[2.714s] [ 32%] [32mBuilding CXX object CMakeFiles/mycobot_interfaces__rosidl_typesupport_fastrtps_cpp.dir/rosidl_typesupport_fastrtps_cpp/mycobot_interfaces/msg/detail/dds_fastrtps/mycobot_gripper_status__type_support.cpp.o[0m
[2.732s] [ 33%] [32mBuilding CXX object CMakeFiles/mycobot_interfaces__rosidl_typesupport_c.dir/rosidl_typesupport_c/mycobot_interfaces/msg/mycobot_coords__type_support.cpp.o[0m
[2.743s] [ 34%] [32mBuilding CXX object CMakeFiles/mycobot_interfaces__rosidl_typesupport_c.dir/rosidl_typesupport_c/mycobot_interfaces/msg/mycobot_set_angles__type_support.cpp.o[0m
[2.745s] [ 35%] [32m[1mLinking CXX shared library libmycobot_interfaces__rosidl_typesupport_cpp.so[0m
[2.757s] [ 36%] [32mBuilding CXX object CMakeFiles/mycobot_interfaces__rosidl_typesupport_fastrtps_cpp.dir/rosidl_typesupport_fastrtps_cpp/mycobot_interfaces/msg/detail/dds_fastrtps/mycobot_pump_status__type_support.cpp.o[0m
[2.768s] [ 37%] [32mBuilding CXX object CMakeFiles/mycobot_interfaces__rosidl_typesupport_c.dir/rosidl_typesupport_c/mycobot_interfaces/msg/mycobot_set_coords__type_support.cpp.o[0m
[2.772s] [ 38%] [32mBuilding CXX object CMakeFiles/mycobot_interfaces__rosidl_typesupport_c.dir/rosidl_typesupport_c/mycobot_interfaces/msg/mycobot_gripper_status__type_support.cpp.o[0m
[2.796s] [ 38%] Built target mycobot_interfaces__rosidl_typesupport_cpp
[2.806s] [ 39%] [32mBuilding CXX object CMakeFiles/mycobot_interfaces__rosidl_typesupport_introspection_cpp.dir/rosidl_typesupport_introspection_cpp/mycobot_interfaces/msg/detail/mycobot_coords__type_support.cpp.o[0m
[2.806s] [ 39%] [32mBuilding CXX object CMakeFiles/mycobot_interfaces__rosidl_typesupport_c.dir/rosidl_typesupport_c/mycobot_interfaces/msg/mycobot_pump_status__type_support.cpp.o[0m
[2.815s] [ 40%] [32mBuilding CXX object CMakeFiles/mycobot_interfaces__rosidl_typesupport_introspection_cpp.dir/rosidl_typesupport_introspection_cpp/mycobot_interfaces/msg/detail/mycobot_set_angles__type_support.cpp.o[0m
[2.837s] [ 41%] [32mBuilding CXX object CMakeFiles/mycobot_interfaces__rosidl_typesupport_c.dir/rosidl_typesupport_c/mycobot_interfaces/msg/mycobot_aruco_coords__type_support.cpp.o[0m
[2.869s] [ 42%] [32mBuilding CXX object CMakeFiles/mycobot_interfaces__rosidl_typesupport_c.dir/rosidl_typesupport_c/mycobot_interfaces/srv/get_angles__type_support.cpp.o[0m
[2.916s] [ 43%] [32mBuilding CXX object CMakeFiles/mycobot_interfaces__rosidl_typesupport_c.dir/rosidl_typesupport_c/mycobot_interfaces/srv/set_angles__type_support.cpp.o[0m
[2.959s] [ 44%] [32mBuilding CXX object CMakeFiles/mycobot_interfaces__rosidl_typesupport_c.dir/rosidl_typesupport_c/mycobot_interfaces/srv/get_coords__type_support.cpp.o[0m
[2.993s] [ 44%] [32mBuilding CXX object CMakeFiles/mycobot_interfaces__rosidl_typesupport_c.dir/rosidl_typesupport_c/mycobot_interfaces/srv/set_coords__type_support.cpp.o[0m
[3.018s] [ 45%] [32mBuilding CXX object CMakeFiles/mycobot_interfaces__rosidl_typesupport_c.dir/rosidl_typesupport_c/mycobot_interfaces/srv/gripper_status__type_support.cpp.o[0m
[3.033s] [ 46%] [32mBuilding CXX object CMakeFiles/mycobot_interfaces__rosidl_typesupport_introspection_cpp.dir/rosidl_typesupport_introspection_cpp/mycobot_interfaces/msg/detail/mycobot_set_coords__type_support.cpp.o[0m
[3.039s] [35m[1mConsolidate compiler generated dependencies of target mycobot_interfaces__rosidl_typesupport_introspection_c[0m
[3.046s] [ 46%] [32mBuilding CXX object CMakeFiles/mycobot_interfaces__rosidl_typesupport_introspection_cpp.dir/rosidl_typesupport_introspection_cpp/mycobot_interfaces/msg/detail/mycobot_gripper_status__type_support.cpp.o[0m
[3.053s] [ 47%] [32mBuilding CXX object CMakeFiles/mycobot_interfaces__rosidl_typesupport_c.dir/rosidl_typesupport_c/mycobot_interfaces/srv/pump_status__type_support.cpp.o[0m
[3.055s] [ 48%] [32mBuilding C object CMakeFiles/mycobot_interfaces__rosidl_typesupport_introspection_c.dir/rosidl_typesupport_introspection_c/mycobot_interfaces/msg/detail/mycobot_angles__type_support.c.o[0m
[3.071s] [ 49%] [32mBuilding CXX object CMakeFiles/mycobot_interfaces__rosidl_typesupport_introspection_cpp.dir/rosidl_typesupport_introspection_cpp/mycobot_interfaces/msg/detail/mycobot_pump_status__type_support.cpp.o[0m
[3.087s] [ 51%] [32m[1mLinking CXX shared library libmycobot_interfaces__rosidl_typesupport_c.so[0m
[3.087s] [ 51%] [32mBuilding C object CMakeFiles/mycobot_interfaces__rosidl_typesupport_introspection_c.dir/rosidl_typesupport_introspection_c/mycobot_interfaces/msg/detail/mycobot_coords__type_support.c.o[0m
[3.115s] [ 51%] [32mBuilding C object CMakeFiles/mycobot_interfaces__rosidl_typesupport_introspection_c.dir/rosidl_typesupport_introspection_c/mycobot_interfaces/msg/detail/mycobot_set_angles__type_support.c.o[0m
[3.126s] [ 52%] [32mBuilding CXX object CMakeFiles/mycobot_interfaces__rosidl_typesupport_fastrtps_cpp.dir/rosidl_typesupport_fastrtps_cpp/mycobot_interfaces/msg/detail/dds_fastrtps/mycobot_aruco_coords__type_support.cpp.o[0m
[3.141s] [35m[1mConsolidate compiler generated dependencies of target mycobot_interfaces__rosidl_typesupport_fastrtps_c[0m
[3.142s] [ 53%] [32mBuilding CXX object CMakeFiles/mycobot_interfaces__rosidl_typesupport_fastrtps_cpp.dir/rosidl_typesupport_fastrtps_cpp/mycobot_interfaces/srv/detail/dds_fastrtps/get_angles__type_support.cpp.o[0m
[3.150s] [ 54%] [32mBuilding C object CMakeFiles/mycobot_interfaces__rosidl_typesupport_introspection_c.dir/rosidl_typesupport_introspection_c/mycobot_interfaces/msg/detail/mycobot_set_coords__type_support.c.o[0m
[3.153s] [ 54%] Built target mycobot_interfaces__rosidl_typesupport_c
[3.160s] [ 54%] [32mBuilding CXX object CMakeFiles/mycobot_interfaces__rosidl_typesupport_fastrtps_cpp.dir/rosidl_typesupport_fastrtps_cpp/mycobot_interfaces/srv/detail/dds_fastrtps/set_angles__type_support.cpp.o[0m
[3.163s] [ 55%] [32mBuilding CXX object CMakeFiles/mycobot_interfaces__rosidl_typesupport_fastrtps_cpp.dir/rosidl_typesupport_fastrtps_cpp/mycobot_interfaces/srv/detail/dds_fastrtps/get_coords__type_support.cpp.o[0m
[3.185s] [ 56%] [32mBuilding C object CMakeFiles/mycobot_interfaces__rosidl_typesupport_introspection_c.dir/rosidl_typesupport_introspection_c/mycobot_interfaces/msg/detail/mycobot_gripper_status__type_support.c.o[0m
[3.202s] [ 57%] [32mBuilding CXX object CMakeFiles/mycobot_interfaces__rosidl_typesupport_fastrtps_c.dir/rosidl_typesupport_fastrtps_c/mycobot_interfaces/msg/detail/mycobot_angles__type_support_c.cpp.o[0m
[3.202s] [ 58%] [32mBuilding CXX object CMakeFiles/mycobot_interfaces__rosidl_typesupport_introspection_cpp.dir/rosidl_typesupport_introspection_cpp/mycobot_interfaces/msg/detail/mycobot_aruco_coords__type_support.cpp.o[0m
[3.215s] [ 59%] [32mBuilding CXX object CMakeFiles/mycobot_interfaces__rosidl_typesupport_fastrtps_cpp.dir/rosidl_typesupport_fastrtps_cpp/mycobot_interfaces/srv/detail/dds_fastrtps/set_coords__type_support.cpp.o[0m
[3.216s] [ 60%] [32mBuilding C object CMakeFiles/mycobot_interfaces__rosidl_typesupport_introspection_c.dir/rosidl_typesupport_introspection_c/mycobot_interfaces/msg/detail/mycobot_pump_status__type_support.c.o[0m
[3.244s] [ 61%] [32mBuilding CXX object CMakeFiles/mycobot_interfaces__rosidl_typesupport_introspection_cpp.dir/rosidl_typesupport_introspection_cpp/mycobot_interfaces/srv/detail/get_angles__type_support.cpp.o[0m
[3.251s] [ 62%] [32mBuilding C object CMakeFiles/mycobot_interfaces__rosidl_typesupport_introspection_c.dir/rosidl_typesupport_introspection_c/mycobot_interfaces/msg/detail/mycobot_aruco_coords__type_support.c.o[0m
[3.299s] [ 62%] [32mBuilding C object CMakeFiles/mycobot_interfaces__rosidl_typesupport_introspection_c.dir/rosidl_typesupport_introspection_c/mycobot_interfaces/srv/detail/get_angles__type_support.c.o[0m
[3.361s] [ 63%] [32mBuilding C object CMakeFiles/mycobot_interfaces__rosidl_typesupport_introspection_c.dir/rosidl_typesupport_introspection_c/mycobot_interfaces/srv/detail/set_angles__type_support.c.o[0m
[3.415s] [ 64%] [32mBuilding C object CMakeFiles/mycobot_interfaces__rosidl_typesupport_introspection_c.dir/rosidl_typesupport_introspection_c/mycobot_interfaces/srv/detail/get_coords__type_support.c.o[0m
[3.461s] [ 65%] [32mBuilding C object CMakeFiles/mycobot_interfaces__rosidl_typesupport_introspection_c.dir/rosidl_typesupport_introspection_c/mycobot_interfaces/srv/detail/set_coords__type_support.c.o[0m
[3.473s] [ 66%] [32mBuilding CXX object CMakeFiles/mycobot_interfaces__rosidl_typesupport_introspection_cpp.dir/rosidl_typesupport_introspection_cpp/mycobot_interfaces/srv/detail/set_angles__type_support.cpp.o[0m
[3.496s] [ 66%] [32mBuilding CXX object CMakeFiles/mycobot_interfaces__rosidl_typesupport_introspection_cpp.dir/rosidl_typesupport_introspection_cpp/mycobot_interfaces/srv/detail/get_coords__type_support.cpp.o[0m
[3.503s] [ 68%] [32mBuilding CXX object CMakeFiles/mycobot_interfaces__rosidl_typesupport_introspection_cpp.dir/rosidl_typesupport_introspection_cpp/mycobot_interfaces/srv/detail/set_coords__type_support.cpp.o[0m
[3.503s] [ 68%] [32mBuilding C object CMakeFiles/mycobot_interfaces__rosidl_typesupport_introspection_c.dir/rosidl_typesupport_introspection_c/mycobot_interfaces/srv/detail/gripper_status__type_support.c.o[0m
[3.529s] [ 68%] [32mBuilding CXX object CMakeFiles/mycobot_interfaces__rosidl_typesupport_fastrtps_c.dir/rosidl_typesupport_fastrtps_c/mycobot_interfaces/msg/detail/mycobot_coords__type_support_c.cpp.o[0m
[3.557s] [ 68%] [32mBuilding C object CMakeFiles/mycobot_interfaces__rosidl_typesupport_introspection_c.dir/rosidl_typesupport_introspection_c/mycobot_interfaces/srv/detail/pump_status__type_support.c.o[0m
[3.579s] [ 69%] [32mBuilding CXX object CMakeFiles/mycobot_interfaces__rosidl_typesupport_fastrtps_cpp.dir/rosidl_typesupport_fastrtps_cpp/mycobot_interfaces/srv/detail/dds_fastrtps/gripper_status__type_support.cpp.o[0m
[3.604s] [ 70%] [32m[1mLinking C shared library libmycobot_interfaces__rosidl_typesupport_introspection_c.so[0m
[3.610s] [ 71%] [32mBuilding CXX object CMakeFiles/mycobot_interfaces__rosidl_typesupport_introspection_cpp.dir/rosidl_typesupport_introspection_cpp/mycobot_interfaces/srv/detail/gripper_status__type_support.cpp.o[0m
[3.619s] [ 72%] [32mBuilding CXX object CMakeFiles/mycobot_interfaces__rosidl_typesupport_fastrtps_cpp.dir/rosidl_typesupport_fastrtps_cpp/mycobot_interfaces/srv/detail/dds_fastrtps/pump_status__type_support.cpp.o[0m
[3.620s] [ 73%] [32mBuilding CXX object CMakeFiles/mycobot_interfaces__rosidl_typesupport_introspection_cpp.dir/rosidl_typesupport_introspection_cpp/mycobot_interfaces/srv/detail/pump_status__type_support.cpp.o[0m
[3.637s] [ 74%] [32mBuilding CXX object CMakeFiles/mycobot_interfaces__rosidl_typesupport_fastrtps_c.dir/rosidl_typesupport_fastrtps_c/mycobot_interfaces/msg/detail/mycobot_set_angles__type_support_c.cpp.o[0m
[3.669s] [ 74%] Built target mycobot_interfaces__rosidl_typesupport_introspection_c
[3.679s] [ 75%] [32mBuilding CXX object CMakeFiles/mycobot_interfaces__rosidl_typesupport_fastrtps_c.dir/rosidl_typesupport_fastrtps_c/mycobot_interfaces/msg/detail/mycobot_set_coords__type_support_c.cpp.o[0m
[3.688s] [ 76%] [32mBuilding CXX object CMakeFiles/mycobot_interfaces__rosidl_typesupport_fastrtps_c.dir/rosidl_typesupport_fastrtps_c/mycobot_interfaces/msg/detail/mycobot_gripper_status__type_support_c.cpp.o[0m
[3.718s] [ 77%] [32mBuilding CXX object CMakeFiles/mycobot_interfaces__rosidl_typesupport_fastrtps_c.dir/rosidl_typesupport_fastrtps_c/mycobot_interfaces/msg/detail/mycobot_pump_status__type_support_c.cpp.o[0m
[3.877s] [ 77%] [32mBuilding CXX object CMakeFiles/mycobot_interfaces__rosidl_typesupport_fastrtps_c.dir/rosidl_typesupport_fastrtps_c/mycobot_interfaces/msg/detail/mycobot_aruco_coords__type_support_c.cpp.o[0m
[3.901s] [ 78%] [32mBuilding CXX object CMakeFiles/mycobot_interfaces__rosidl_typesupport_fastrtps_c.dir/rosidl_typesupport_fastrtps_c/mycobot_interfaces/srv/detail/get_angles__type_support_c.cpp.o[0m
[3.907s] [ 79%] [32mBuilding CXX object CMakeFiles/mycobot_interfaces__rosidl_typesupport_fastrtps_c.dir/rosidl_typesupport_fastrtps_c/mycobot_interfaces/srv/detail/set_angles__type_support_c.cpp.o[0m
[3.921s] [ 80%] [32mBuilding CXX object CMakeFiles/mycobot_interfaces__rosidl_typesupport_fastrtps_c.dir/rosidl_typesupport_fastrtps_c/mycobot_interfaces/srv/detail/get_coords__type_support_c.cpp.o[0m
[4.007s] [ 81%] [32mBuilding CXX object CMakeFiles/mycobot_interfaces__rosidl_typesupport_fastrtps_c.dir/rosidl_typesupport_fastrtps_c/mycobot_interfaces/srv/detail/set_coords__type_support_c.cpp.o[0m
[4.035s] [ 81%] [32mBuilding CXX object CMakeFiles/mycobot_interfaces__rosidl_typesupport_fastrtps_c.dir/rosidl_typesupport_fastrtps_c/mycobot_interfaces/srv/detail/gripper_status__type_support_c.cpp.o[0m
[4.040s] [ 82%] [32mBuilding CXX object CMakeFiles/mycobot_interfaces__rosidl_typesupport_fastrtps_c.dir/rosidl_typesupport_fastrtps_c/mycobot_interfaces/srv/detail/pump_status__type_support_c.cpp.o[0m
[4.044s] [ 83%] [32m[1mLinking CXX shared library libmycobot_interfaces__rosidl_typesupport_introspection_cpp.so[0m
[4.094s] [ 83%] [32m[1mLinking CXX shared library libmycobot_interfaces__rosidl_typesupport_fastrtps_cpp.so[0m
[4.114s] [ 83%] Built target mycobot_interfaces__rosidl_typesupport_introspection_cpp
[4.192s] [ 83%] Built target mycobot_interfaces__rosidl_typesupport_fastrtps_cpp
[4.353s] [ 84%] [32m[1mLinking CXX shared library libmycobot_interfaces__rosidl_typesupport_fastrtps_c.so[0m
[4.403s] [ 84%] Built target mycobot_interfaces__rosidl_typesupport_fastrtps_c
[4.416s] [ 84%] Built target mycobot_interfaces
[4.429s] [ 85%] [34m[1mGenerating Python code for ROS interfaces[0m
[5.435s] [ 85%] Built target mycobot_interfaces__py
[5.444s] [35m[1mConsolidate compiler generated dependencies of target mycobot_interfaces__rosidl_generator_py[0m
[5.461s] [ 86%] [32mBuilding C object CMakeFiles/mycobot_interfaces__rosidl_generator_py.dir/rosidl_generator_py/mycobot_interfaces/msg/_mycobot_angles_s.c.o[0m
[5.462s] [ 86%] [32mBuilding C object CMakeFiles/mycobot_interfaces__rosidl_generator_py.dir/rosidl_generator_py/mycobot_interfaces/msg/_mycobot_coords_s.c.o[0m
[5.465s] [ 87%] [32mBuilding C object CMakeFiles/mycobot_interfaces__rosidl_generator_py.dir/rosidl_generator_py/mycobot_interfaces/msg/_mycobot_set_angles_s.c.o[0m
[5.466s] [ 88%] [32mBuilding C object CMakeFiles/mycobot_interfaces__rosidl_generator_py.dir/rosidl_generator_py/mycobot_interfaces/srv/_get_angles_s.c.o[0m
[5.467s] [ 89%] [32mBuilding C object CMakeFiles/mycobot_interfaces__rosidl_generator_py.dir/rosidl_generator_py/mycobot_interfaces/msg/_mycobot_set_coords_s.c.o[0m
[5.468s] [ 90%] [32mBuilding C object CMakeFiles/mycobot_interfaces__rosidl_generator_py.dir/rosidl_generator_py/mycobot_interfaces/msg/_mycobot_gripper_status_s.c.o[0m
[5.469s] [ 90%] [32mBuilding C object CMakeFiles/mycobot_interfaces__rosidl_generator_py.dir/rosidl_generator_py/mycobot_interfaces/msg/_mycobot_aruco_coords_s.c.o[0m
[5.469s] [ 91%] [32mBuilding C object CMakeFiles/mycobot_interfaces__rosidl_generator_py.dir/rosidl_generator_py/mycobot_interfaces/msg/_mycobot_pump_status_s.c.o[0m
[5.469s] [ 92%] [32mBuilding C object CMakeFiles/mycobot_interfaces__rosidl_generator_py.dir/rosidl_generator_py/mycobot_interfaces/srv/_set_angles_s.c.o[0m
[5.470s] [ 93%] [32mBuilding C object CMakeFiles/mycobot_interfaces__rosidl_generator_py.dir/rosidl_generator_py/mycobot_interfaces/srv/_get_coords_s.c.o[0m
[5.477s] [ 94%] [32mBuilding C object CMakeFiles/mycobot_interfaces__rosidl_generator_py.dir/rosidl_generator_py/mycobot_interfaces/srv/_set_coords_s.c.o[0m
[5.480s] [ 94%] [32mBuilding C object CMakeFiles/mycobot_interfaces__rosidl_generator_py.dir/rosidl_generator_py/mycobot_interfaces/srv/_gripper_status_s.c.o[0m
[5.578s] [ 95%] [32mBuilding C object CMakeFiles/mycobot_interfaces__rosidl_generator_py.dir/rosidl_generator_py/mycobot_interfaces/srv/_pump_status_s.c.o[0m
[5.641s] [ 96%] [32m[1mLinking C shared library rosidl_generator_py/mycobot_interfaces/libmycobot_interfaces__rosidl_generator_py.so[0m
[5.671s] [ 96%] Built target mycobot_interfaces__rosidl_generator_py
[5.678s] [35m[1mConsolidate compiler generated dependencies of target mycobot_interfaces__rosidl_typesupport_introspection_c__pyext[0m
[5.678s] [35m[1mConsolidate compiler generated dependencies of target mycobot_interfaces__rosidl_typesupport_fastrtps_c__pyext[0m
[5.680s] [35m[1mConsolidate compiler generated dependencies of target mycobot_interfaces__rosidl_typesupport_c__pyext[0m
[5.686s] [ 97%] [32mBuilding C object CMakeFiles/mycobot_interfaces__rosidl_typesupport_introspection_c__pyext.dir/rosidl_generator_py/mycobot_interfaces/_mycobot_interfaces_s.ep.rosidl_typesupport_introspection_c.c.o[0m
[5.688s] [ 98%] [32mBuilding C object CMakeFiles/mycobot_interfaces__rosidl_typesupport_c__pyext.dir/rosidl_generator_py/mycobot_interfaces/_mycobot_interfaces_s.ep.rosidl_typesupport_c.c.o[0m
[5.689s] [ 99%] [32mBuilding C object CMakeFiles/mycobot_interfaces__rosidl_typesupport_fastrtps_c__pyext.dir/rosidl_generator_py/mycobot_interfaces/_mycobot_interfaces_s.ep.rosidl_typesupport_fastrtps_c.c.o[0m
[5.784s] [ 99%] [32m[1mLinking C shared library rosidl_generator_py/mycobot_interfaces/mycobot_interfaces_s__rosidl_typesupport_fastrtps_c.cpython-310-x86_64-linux-gnu.so[0m
[5.794s] [100%] [32m[1mLinking C shared library rosidl_generator_py/mycobot_interfaces/mycobot_interfaces_s__rosidl_typesupport_introspection_c.cpython-310-x86_64-linux-gnu.so[0m
[5.806s] [100%] [32m[1mLinking C shared library rosidl_generator_py/mycobot_interfaces/mycobot_interfaces_s__rosidl_typesupport_c.cpython-310-x86_64-linux-gnu.so[0m
[5.809s] [100%] Built target mycobot_interfaces__rosidl_typesupport_fastrtps_c__pyext
[5.819s] [100%] Built target mycobot_interfaces__rosidl_typesupport_introspection_c__pyext
[5.833s] [100%] Built target mycobot_interfaces__rosidl_typesupport_c__pyext
[5.842s] Invoked command in '/home/david/ros2_ws/build/mycobot_interfaces' returned '0': CMAKE_PREFIX_PATH=${CMAKE_PREFIX_PATH}:/home/david/ros2_ws/install/ultraarm:/home/david/ros2_ws/install/mypalletizer_260_pi:/home/david/ros2_ws/install/mypalletizer_260:/home/david/ros2_ws/install/mypalletizer_communication:/home/david/ros2_ws/install/mycobot_630:/home/david/ros2_ws/install/mycobot_600:/home/david/ros2_ws/install/mycobot_320pi:/home/david/ros2_ws/install/mycobot_320:/home/david/ros2_ws/install/mycobot_280pi:/home/david/ros2_ws/install/mycobot_280jn:/home/david/ros2_ws/install/mycobot_280_x3pi:/home/david/ros2_ws/install/mycobot_280:/home/david/ros2_ws/install/myarm_m750:/home/david/ros2_ws/install/myarm_c650:/home/david/ros2_ws/install/myarm_300:/home/david/ros2_ws/install/mycobot_communication:/home/david/ros2_ws/install/mecharm_pi:/home/david/ros2_ws/install/mecharm:/home/david/ros2_ws/install/mecharm_communication:/home/david/ros2_ws/install/mybuddy:/home/david/ros2_ws/install/mycobot_description:/home/david/ros2_ws/install/my_py_pkg:/opt/ros/humble /usr/bin/cmake --build /home/david/ros2_ws/build/mycobot_interfaces -- -j12 -l12
[5.995s] Invoking command in '/home/david/ros2_ws/build/mycobot_interfaces': CMAKE_PREFIX_PATH=${CMAKE_PREFIX_PATH}:/home/david/ros2_ws/install/ultraarm:/home/david/ros2_ws/install/mypalletizer_260_pi:/home/david/ros2_ws/install/mypalletizer_260:/home/david/ros2_ws/install/mypalletizer_communication:/home/david/ros2_ws/install/mycobot_630:/home/david/ros2_ws/install/mycobot_600:/home/david/ros2_ws/install/mycobot_320pi:/home/david/ros2_ws/install/mycobot_320:/home/david/ros2_ws/install/mycobot_280pi:/home/david/ros2_ws/install/mycobot_280jn:/home/david/ros2_ws/install/mycobot_280_x3pi:/home/david/ros2_ws/install/mycobot_280:/home/david/ros2_ws/install/myarm_m750:/home/david/ros2_ws/install/myarm_c650:/home/david/ros2_ws/install/myarm_300:/home/david/ros2_ws/install/mycobot_communication:/home/david/ros2_ws/install/mecharm_pi:/home/david/ros2_ws/install/mecharm:/home/david/ros2_ws/install/mecharm_communication:/home/david/ros2_ws/install/mybuddy:/home/david/ros2_ws/install/mycobot_description:/home/david/ros2_ws/install/my_py_pkg:/opt/ros/humble /usr/bin/cmake --install /home/david/ros2_ws/build/mycobot_interfaces
[5.999s] -- Install configuration: ""
[6.000s] -- Execute custom install script
[6.002s] -- Up-to-date symlink: /home/david/ros2_ws/install/mycobot_interfaces/share/ament_index/resource_index/rosidl_interfaces/mycobot_interfaces
[6.003s] -- Up-to-date symlink: /home/david/ros2_ws/install/mycobot_interfaces/include/mycobot_interfaces/mycobot_interfaces/msg/detail/mycobot_angles__functions.h
[6.003s] -- Up-to-date symlink: /home/david/ros2_ws/install/mycobot_interfaces/include/mycobot_interfaces/mycobot_interfaces/msg/detail/mycobot_angles__struct.h
[6.004s] -- Up-to-date symlink: /home/david/ros2_ws/install/mycobot_interfaces/include/mycobot_interfaces/mycobot_interfaces/msg/detail/mycobot_angles__type_support.h
[6.004s] -- Symlinking: /home/david/ros2_ws/install/mycobot_interfaces/include/mycobot_interfaces/mycobot_interfaces/msg/detail/mycobot_aruco_coords__functions.h
[6.009s] -- Symlinking: /home/david/ros2_ws/install/mycobot_interfaces/include/mycobot_interfaces/mycobot_interfaces/msg/detail/mycobot_aruco_coords__struct.h
[6.014s] -- Symlinking: /home/david/ros2_ws/install/mycobot_interfaces/include/mycobot_interfaces/mycobot_interfaces/msg/detail/mycobot_aruco_coords__type_support.h
[6.019s] -- Up-to-date symlink: /home/david/ros2_ws/install/mycobot_interfaces/include/mycobot_interfaces/mycobot_interfaces/msg/detail/mycobot_coords__functions.h
[6.020s] -- Up-to-date symlink: /home/david/ros2_ws/install/mycobot_interfaces/include/mycobot_interfaces/mycobot_interfaces/msg/detail/mycobot_coords__struct.h
[6.020s] -- Up-to-date symlink: /home/david/ros2_ws/install/mycobot_interfaces/include/mycobot_interfaces/mycobot_interfaces/msg/detail/mycobot_coords__type_support.h
[6.020s] -- Up-to-date symlink: /home/david/ros2_ws/install/mycobot_interfaces/include/mycobot_interfaces/mycobot_interfaces/msg/detail/mycobot_gripper_status__functions.h
[6.020s] -- Up-to-date symlink: /home/david/ros2_ws/install/mycobot_interfaces/include/mycobot_interfaces/mycobot_interfaces/msg/detail/mycobot_gripper_status__struct.h
[6.020s] -- Up-to-date symlink: /home/david/ros2_ws/install/mycobot_interfaces/include/mycobot_interfaces/mycobot_interfaces/msg/detail/mycobot_gripper_status__type_support.h
[6.020s] -- Up-to-date symlink: /home/david/ros2_ws/install/mycobot_interfaces/include/mycobot_interfaces/mycobot_interfaces/msg/detail/mycobot_pump_status__functions.h
[6.020s] -- Up-to-date symlink: /home/david/ros2_ws/install/mycobot_interfaces/include/mycobot_interfaces/mycobot_interfaces/msg/detail/mycobot_pump_status__struct.h
[6.020s] -- Up-to-date symlink: /home/david/ros2_ws/install/mycobot_interfaces/include/mycobot_interfaces/mycobot_interfaces/msg/detail/mycobot_pump_status__type_support.h
[6.020s] -- Up-to-date symlink: /home/david/ros2_ws/install/mycobot_interfaces/include/mycobot_interfaces/mycobot_interfaces/msg/detail/mycobot_set_angles__functions.h
[6.020s] -- Up-to-date symlink: /home/david/ros2_ws/install/mycobot_interfaces/include/mycobot_interfaces/mycobot_interfaces/msg/detail/mycobot_set_angles__struct.h
[6.020s] -- Up-to-date symlink: /home/david/ros2_ws/install/mycobot_interfaces/include/mycobot_interfaces/mycobot_interfaces/msg/detail/mycobot_set_angles__type_support.h
[6.021s] -- Up-to-date symlink: /home/david/ros2_ws/install/mycobot_interfaces/include/mycobot_interfaces/mycobot_interfaces/msg/detail/mycobot_set_coords__functions.h
[6.021s] -- Up-to-date symlink: /home/david/ros2_ws/install/mycobot_interfaces/include/mycobot_interfaces/mycobot_interfaces/msg/detail/mycobot_set_coords__struct.h
[6.021s] -- Up-to-date symlink: /home/david/ros2_ws/install/mycobot_interfaces/include/mycobot_interfaces/mycobot_interfaces/msg/detail/mycobot_set_coords__type_support.h
[6.021s] -- Up-to-date symlink: /home/david/ros2_ws/install/mycobot_interfaces/include/mycobot_interfaces/mycobot_interfaces/msg/mycobot_angles.h
[6.021s] -- Symlinking: /home/david/ros2_ws/install/mycobot_interfaces/include/mycobot_interfaces/mycobot_interfaces/msg/mycobot_aruco_coords.h
[6.026s] -- Up-to-date symlink: /home/david/ros2_ws/install/mycobot_interfaces/include/mycobot_interfaces/mycobot_interfaces/msg/mycobot_coords.h
[6.026s] -- Up-to-date symlink: /home/david/ros2_ws/install/mycobot_interfaces/include/mycobot_interfaces/mycobot_interfaces/msg/mycobot_gripper_status.h
[6.026s] -- Up-to-date symlink: /home/david/ros2_ws/install/mycobot_interfaces/include/mycobot_interfaces/mycobot_interfaces/msg/mycobot_pump_status.h
[6.026s] -- Up-to-date symlink: /home/david/ros2_ws/install/mycobot_interfaces/include/mycobot_interfaces/mycobot_interfaces/msg/mycobot_set_angles.h
[6.026s] -- Up-to-date symlink: /home/david/ros2_ws/install/mycobot_interfaces/include/mycobot_interfaces/mycobot_interfaces/msg/mycobot_set_coords.h
[6.026s] -- Up-to-date symlink: /home/david/ros2_ws/install/mycobot_interfaces/include/mycobot_interfaces/mycobot_interfaces/msg/rosidl_generator_c__visibility_control.h
[6.026s] -- Up-to-date symlink: /home/david/ros2_ws/install/mycobot_interfaces/include/mycobot_interfaces/mycobot_interfaces/srv/detail/get_angles__functions.h
[6.026s] -- Up-to-date symlink: /home/david/ros2_ws/install/mycobot_interfaces/include/mycobot_interfaces/mycobot_interfaces/srv/detail/get_angles__struct.h
[6.027s] -- Up-to-date symlink: /home/david/ros2_ws/install/mycobot_interfaces/include/mycobot_interfaces/mycobot_interfaces/srv/detail/get_angles__type_support.h
[6.027s] -- Up-to-date symlink: /home/david/ros2_ws/install/mycobot_interfaces/include/mycobot_interfaces/mycobot_interfaces/srv/detail/get_coords__functions.h
[6.027s] -- Up-to-date symlink: /home/david/ros2_ws/install/mycobot_interfaces/include/mycobot_interfaces/mycobot_interfaces/srv/detail/get_coords__struct.h
[6.027s] -- Up-to-date symlink: /home/david/ros2_ws/install/mycobot_interfaces/include/mycobot_interfaces/mycobot_interfaces/srv/detail/get_coords__type_support.h
[6.027s] -- Up-to-date symlink: /home/david/ros2_ws/install/mycobot_interfaces/include/mycobot_interfaces/mycobot_interfaces/srv/detail/gripper_status__functions.h
[6.027s] -- Up-to-date symlink: /home/david/ros2_ws/install/mycobot_interfaces/include/mycobot_interfaces/mycobot_interfaces/srv/detail/gripper_status__struct.h
[6.027s] -- Up-to-date symlink: /home/david/ros2_ws/install/mycobot_interfaces/include/mycobot_interfaces/mycobot_interfaces/srv/detail/gripper_status__type_support.h
[6.027s] -- Up-to-date symlink: /home/david/ros2_ws/install/mycobot_interfaces/include/mycobot_interfaces/mycobot_interfaces/srv/detail/pump_status__functions.h
[6.027s] -- Up-to-date symlink: /home/david/ros2_ws/install/mycobot_interfaces/include/mycobot_interfaces/mycobot_interfaces/srv/detail/pump_status__struct.h
[6.027s] -- Up-to-date symlink: /home/david/ros2_ws/install/mycobot_interfaces/include/mycobot_interfaces/mycobot_interfaces/srv/detail/pump_status__type_support.h
[6.027s] -- Up-to-date symlink: /home/david/ros2_ws/install/mycobot_interfaces/include/mycobot_interfaces/mycobot_interfaces/srv/detail/set_angles__functions.h
[6.027s] -- Up-to-date symlink: /home/david/ros2_ws/install/mycobot_interfaces/include/mycobot_interfaces/mycobot_interfaces/srv/detail/set_angles__struct.h
[6.027s] -- Up-to-date symlink: /home/david/ros2_ws/install/mycobot_interfaces/include/mycobot_interfaces/mycobot_interfaces/srv/detail/set_angles__type_support.h
[6.027s] -- Up-to-date symlink: /home/david/ros2_ws/install/mycobot_interfaces/include/mycobot_interfaces/mycobot_interfaces/srv/detail/set_coords__functions.h
[6.028s] -- Up-to-date symlink: /home/david/ros2_ws/install/mycobot_interfaces/include/mycobot_interfaces/mycobot_interfaces/srv/detail/set_coords__struct.h
[6.028s] -- Up-to-date symlink: /home/david/ros2_ws/install/mycobot_interfaces/include/mycobot_interfaces/mycobot_interfaces/srv/detail/set_coords__type_support.h
[6.028s] -- Up-to-date symlink: /home/david/ros2_ws/install/mycobot_interfaces/include/mycobot_interfaces/mycobot_interfaces/srv/get_angles.h
[6.028s] -- Up-to-date symlink: /home/david/ros2_ws/install/mycobot_interfaces/include/mycobot_interfaces/mycobot_interfaces/srv/get_coords.h
[6.028s] -- Up-to-date symlink: /home/david/ros2_ws/install/mycobot_interfaces/include/mycobot_interfaces/mycobot_interfaces/srv/gripper_status.h
[6.028s] -- Up-to-date symlink: /home/david/ros2_ws/install/mycobot_interfaces/include/mycobot_interfaces/mycobot_interfaces/srv/pump_status.h
[6.028s] -- Up-to-date symlink: /home/david/ros2_ws/install/mycobot_interfaces/include/mycobot_interfaces/mycobot_interfaces/srv/set_angles.h
[6.028s] -- Up-to-date symlink: /home/david/ros2_ws/install/mycobot_interfaces/include/mycobot_interfaces/mycobot_interfaces/srv/set_coords.h
[6.028s] -- Up-to-date symlink: /home/david/ros2_ws/install/mycobot_interfaces/share/mycobot_interfaces/environment/library_path.sh
[6.028s] -- Up-to-date symlink: /home/david/ros2_ws/install/mycobot_interfaces/share/mycobot_interfaces/environment/library_path.dsv
[6.028s] -- Up-to-date symlink: /home/david/ros2_ws/install/mycobot_interfaces/include/mycobot_interfaces/mycobot_interfaces/msg/detail/mycobot_angles__rosidl_typesupport_fastrtps_c.h
[6.028s] -- Symlinking: /home/david/ros2_ws/install/mycobot_interfaces/include/mycobot_interfaces/mycobot_interfaces/msg/detail/mycobot_aruco_coords__rosidl_typesupport_fastrtps_c.h
[6.034s] -- Up-to-date symlink: /home/david/ros2_ws/install/mycobot_interfaces/include/mycobot_interfaces/mycobot_interfaces/msg/detail/mycobot_coords__rosidl_typesupport_fastrtps_c.h
[6.034s] -- Up-to-date symlink: /home/david/ros2_ws/install/mycobot_interfaces/include/mycobot_interfaces/mycobot_interfaces/msg/detail/mycobot_gripper_status__rosidl_typesupport_fastrtps_c.h
[6.034s] -- Up-to-date symlink: /home/david/ros2_ws/install/mycobot_interfaces/include/mycobot_interfaces/mycobot_interfaces/msg/detail/mycobot_pump_status__rosidl_typesupport_fastrtps_c.h
[6.034s] -- Up-to-date symlink: /home/david/ros2_ws/install/mycobot_interfaces/include/mycobot_interfaces/mycobot_interfaces/msg/detail/mycobot_set_angles__rosidl_typesupport_fastrtps_c.h
[6.034s] -- Up-to-date symlink: /home/david/ros2_ws/install/mycobot_interfaces/include/mycobot_interfaces/mycobot_interfaces/msg/detail/mycobot_set_coords__rosidl_typesupport_fastrtps_c.h
[6.034s] -- Up-to-date symlink: /home/david/ros2_ws/install/mycobot_interfaces/include/mycobot_interfaces/mycobot_interfaces/msg/rosidl_typesupport_fastrtps_c__visibility_control.h
[6.035s] -- Up-to-date symlink: /home/david/ros2_ws/install/mycobot_interfaces/include/mycobot_interfaces/mycobot_interfaces/srv/detail/get_angles__rosidl_typesupport_fastrtps_c.h
[6.035s] -- Up-to-date symlink: /home/david/ros2_ws/install/mycobot_interfaces/include/mycobot_interfaces/mycobot_interfaces/srv/detail/get_coords__rosidl_typesupport_fastrtps_c.h
[6.035s] -- Up-to-date symlink: /home/david/ros2_ws/install/mycobot_interfaces/include/mycobot_interfaces/mycobot_interfaces/srv/detail/gripper_status__rosidl_typesupport_fastrtps_c.h
[6.035s] -- Up-to-date symlink: /home/david/ros2_ws/install/mycobot_interfaces/include/mycobot_interfaces/mycobot_interfaces/srv/detail/pump_status__rosidl_typesupport_fastrtps_c.h
[6.035s] -- Up-to-date symlink: /home/david/ros2_ws/install/mycobot_interfaces/include/mycobot_interfaces/mycobot_interfaces/srv/detail/set_angles__rosidl_typesupport_fastrtps_c.h
[6.035s] -- Up-to-date symlink: /home/david/ros2_ws/install/mycobot_interfaces/include/mycobot_interfaces/mycobot_interfaces/srv/detail/set_coords__rosidl_typesupport_fastrtps_c.h
[6.035s] -- Up-to-date symlink: /home/david/ros2_ws/install/mycobot_interfaces/include/mycobot_interfaces/mycobot_interfaces/msg/detail/mycobot_angles__rosidl_typesupport_introspection_c.h
[6.035s] -- Symlinking: /home/david/ros2_ws/install/mycobot_interfaces/include/mycobot_interfaces/mycobot_interfaces/msg/detail/mycobot_aruco_coords__rosidl_typesupport_introspection_c.h
[6.041s] -- Up-to-date symlink: /home/david/ros2_ws/install/mycobot_interfaces/include/mycobot_interfaces/mycobot_interfaces/msg/detail/mycobot_coords__rosidl_typesupport_introspection_c.h
[6.041s] -- Up-to-date symlink: /home/david/ros2_ws/install/mycobot_interfaces/include/mycobot_interfaces/mycobot_interfaces/msg/detail/mycobot_gripper_status__rosidl_typesupport_introspection_c.h
[6.041s] -- Up-to-date symlink: /home/david/ros2_ws/install/mycobot_interfaces/include/mycobot_interfaces/mycobot_interfaces/msg/detail/mycobot_pump_status__rosidl_typesupport_introspection_c.h
[6.041s] -- Up-to-date symlink: /home/david/ros2_ws/install/mycobot_interfaces/include/mycobot_interfaces/mycobot_interfaces/msg/detail/mycobot_set_angles__rosidl_typesupport_introspection_c.h
[6.041s] -- Up-to-date symlink: /home/david/ros2_ws/install/mycobot_interfaces/include/mycobot_interfaces/mycobot_interfaces/msg/detail/mycobot_set_coords__rosidl_typesupport_introspection_c.h
[6.041s] -- Up-to-date symlink: /home/david/ros2_ws/install/mycobot_interfaces/include/mycobot_interfaces/mycobot_interfaces/msg/rosidl_typesupport_introspection_c__visibility_control.h
[6.041s] -- Up-to-date symlink: /home/david/ros2_ws/install/mycobot_interfaces/include/mycobot_interfaces/mycobot_interfaces/srv/detail/get_angles__rosidl_typesupport_introspection_c.h
[6.041s] -- Up-to-date symlink: /home/david/ros2_ws/install/mycobot_interfaces/include/mycobot_interfaces/mycobot_interfaces/srv/detail/get_coords__rosidl_typesupport_introspection_c.h
[6.041s] -- Up-to-date symlink: /home/david/ros2_ws/install/mycobot_interfaces/include/mycobot_interfaces/mycobot_interfaces/srv/detail/gripper_status__rosidl_typesupport_introspection_c.h
[6.041s] -- Up-to-date symlink: /home/david/ros2_ws/install/mycobot_interfaces/include/mycobot_interfaces/mycobot_interfaces/srv/detail/pump_status__rosidl_typesupport_introspection_c.h
[6.041s] -- Up-to-date symlink: /home/david/ros2_ws/install/mycobot_interfaces/include/mycobot_interfaces/mycobot_interfaces/srv/detail/set_angles__rosidl_typesupport_introspection_c.h
[6.041s] -- Up-to-date symlink: /home/david/ros2_ws/install/mycobot_interfaces/include/mycobot_interfaces/mycobot_interfaces/srv/detail/set_coords__rosidl_typesupport_introspection_c.h
[6.042s] -- Up-to-date symlink: /home/david/ros2_ws/install/mycobot_interfaces/include/mycobot_interfaces/mycobot_interfaces/msg/detail/mycobot_angles__builder.hpp
[6.042s] -- Up-to-date symlink: /home/david/ros2_ws/install/mycobot_interfaces/include/mycobot_interfaces/mycobot_interfaces/msg/detail/mycobot_angles__struct.hpp
[6.042s] -- Up-to-date symlink: /home/david/ros2_ws/install/mycobot_interfaces/include/mycobot_interfaces/mycobot_interfaces/msg/detail/mycobot_angles__traits.hpp
[6.042s] -- Symlinking: /home/david/ros2_ws/install/mycobot_interfaces/include/mycobot_interfaces/mycobot_interfaces/msg/detail/mycobot_aruco_coords__builder.hpp
[6.047s] -- Symlinking: /home/david/ros2_ws/install/mycobot_interfaces/include/mycobot_interfaces/mycobot_interfaces/msg/detail/mycobot_aruco_coords__struct.hpp
[6.053s] -- Symlinking: /home/david/ros2_ws/install/mycobot_interfaces/include/mycobot_interfaces/mycobot_interfaces/msg/detail/mycobot_aruco_coords__traits.hpp
[6.059s] -- Up-to-date symlink: /home/david/ros2_ws/install/mycobot_interfaces/include/mycobot_interfaces/mycobot_interfaces/msg/detail/mycobot_coords__builder.hpp
[6.059s] -- Up-to-date symlink: /home/david/ros2_ws/install/mycobot_interfaces/include/mycobot_interfaces/mycobot_interfaces/msg/detail/mycobot_coords__struct.hpp
[6.059s] -- Up-to-date symlink: /home/david/ros2_ws/install/mycobot_interfaces/include/mycobot_interfaces/mycobot_interfaces/msg/detail/mycobot_coords__traits.hpp
[6.060s] -- Up-to-date symlink: /home/david/ros2_ws/install/mycobot_interfaces/include/mycobot_interfaces/mycobot_interfaces/msg/detail/mycobot_gripper_status__builder.hpp
[6.060s] -- Up-to-date symlink: /home/david/ros2_ws/install/mycobot_interfaces/include/mycobot_interfaces/mycobot_interfaces/msg/detail/mycobot_gripper_status__struct.hpp
[6.060s] -- Up-to-date symlink: /home/david/ros2_ws/install/mycobot_interfaces/include/mycobot_interfaces/mycobot_interfaces/msg/detail/mycobot_gripper_status__traits.hpp
[6.060s] -- Up-to-date symlink: /home/david/ros2_ws/install/mycobot_interfaces/include/mycobot_interfaces/mycobot_interfaces/msg/detail/mycobot_pump_status__builder.hpp
[6.060s] -- Up-to-date symlink: /home/david/ros2_ws/install/mycobot_interfaces/include/mycobot_interfaces/mycobot_interfaces/msg/detail/mycobot_pump_status__struct.hpp
[6.060s] -- Up-to-date symlink: /home/david/ros2_ws/install/mycobot_interfaces/include/mycobot_interfaces/mycobot_interfaces/msg/detail/mycobot_pump_status__traits.hpp
[6.060s] -- Up-to-date symlink: /home/david/ros2_ws/install/mycobot_interfaces/include/mycobot_interfaces/mycobot_interfaces/msg/detail/mycobot_set_angles__builder.hpp
[6.060s] -- Up-to-date symlink: /home/david/ros2_ws/install/mycobot_interfaces/include/mycobot_interfaces/mycobot_interfaces/msg/detail/mycobot_set_angles__struct.hpp
[6.060s] -- Up-to-date symlink: /home/david/ros2_ws/install/mycobot_interfaces/include/mycobot_interfaces/mycobot_interfaces/msg/detail/mycobot_set_angles__traits.hpp
[6.060s] -- Up-to-date symlink: /home/david/ros2_ws/install/mycobot_interfaces/include/mycobot_interfaces/mycobot_interfaces/msg/detail/mycobot_set_coords__builder.hpp
[6.060s] -- Up-to-date symlink: /home/david/ros2_ws/install/mycobot_interfaces/include/mycobot_interfaces/mycobot_interfaces/msg/detail/mycobot_set_coords__struct.hpp
[6.060s] -- Up-to-date symlink: /home/david/ros2_ws/install/mycobot_interfaces/include/mycobot_interfaces/mycobot_interfaces/msg/detail/mycobot_set_coords__traits.hpp
[6.060s] -- Up-to-date symlink: /home/david/ros2_ws/install/mycobot_interfaces/include/mycobot_interfaces/mycobot_interfaces/msg/mycobot_angles.hpp
[6.060s] -- Symlinking: /home/david/ros2_ws/install/mycobot_interfaces/include/mycobot_interfaces/mycobot_interfaces/msg/mycobot_aruco_coords.hpp
[6.065s] -- Up-to-date symlink: /home/david/ros2_ws/install/mycobot_interfaces/include/mycobot_interfaces/mycobot_interfaces/msg/mycobot_coords.hpp
[6.065s] -- Up-to-date symlink: /home/david/ros2_ws/install/mycobot_interfaces/include/mycobot_interfaces/mycobot_interfaces/msg/mycobot_gripper_status.hpp
[6.066s] -- Up-to-date symlink: /home/david/ros2_ws/install/mycobot_interfaces/include/mycobot_interfaces/mycobot_interfaces/msg/mycobot_pump_status.hpp
[6.066s] -- Up-to-date symlink: /home/david/ros2_ws/install/mycobot_interfaces/include/mycobot_interfaces/mycobot_interfaces/msg/mycobot_set_angles.hpp
[6.066s] -- Up-to-date symlink: /home/david/ros2_ws/install/mycobot_interfaces/include/mycobot_interfaces/mycobot_interfaces/msg/mycobot_set_coords.hpp
[6.066s] -- Up-to-date symlink: /home/david/ros2_ws/install/mycobot_interfaces/include/mycobot_interfaces/mycobot_interfaces/srv/detail/get_angles__builder.hpp
[6.066s] -- Up-to-date symlink: /home/david/ros2_ws/install/mycobot_interfaces/include/mycobot_interfaces/mycobot_interfaces/srv/detail/get_angles__struct.hpp
[6.066s] -- Up-to-date symlink: /home/david/ros2_ws/install/mycobot_interfaces/include/mycobot_interfaces/mycobot_interfaces/srv/detail/get_angles__traits.hpp
[6.066s] -- Up-to-date symlink: /home/david/ros2_ws/install/mycobot_interfaces/include/mycobot_interfaces/mycobot_interfaces/srv/detail/get_coords__builder.hpp
[6.066s] -- Up-to-date symlink: /home/david/ros2_ws/install/mycobot_interfaces/include/mycobot_interfaces/mycobot_interfaces/srv/detail/get_coords__struct.hpp
[6.066s] -- Up-to-date symlink: /home/david/ros2_ws/install/mycobot_interfaces/include/mycobot_interfaces/mycobot_interfaces/srv/detail/get_coords__traits.hpp
[6.066s] -- Up-to-date symlink: /home/david/ros2_ws/install/mycobot_interfaces/include/mycobot_interfaces/mycobot_interfaces/srv/detail/gripper_status__builder.hpp
[6.066s] -- Up-to-date symlink: /home/david/ros2_ws/install/mycobot_interfaces/include/mycobot_interfaces/mycobot_interfaces/srv/detail/gripper_status__struct.hpp
[6.066s] -- Up-to-date symlink: /home/david/ros2_ws/install/mycobot_interfaces/include/mycobot_interfaces/mycobot_interfaces/srv/detail/gripper_status__traits.hpp
[6.066s] -- Up-to-date symlink: /home/david/ros2_ws/install/mycobot_interfaces/include/mycobot_interfaces/mycobot_interfaces/srv/detail/pump_status__builder.hpp
[6.066s] -- Up-to-date symlink: /home/david/ros2_ws/install/mycobot_interfaces/include/mycobot_interfaces/mycobot_interfaces/srv/detail/pump_status__struct.hpp
[6.066s] -- Up-to-date symlink: /home/david/ros2_ws/install/mycobot_interfaces/include/mycobot_interfaces/mycobot_interfaces/srv/detail/pump_status__traits.hpp
[6.066s] -- Up-to-date symlink: /home/david/ros2_ws/install/mycobot_interfaces/include/mycobot_interfaces/mycobot_interfaces/srv/detail/set_angles__builder.hpp
[6.067s] -- Up-to-date symlink: /home/david/ros2_ws/install/mycobot_interfaces/include/mycobot_interfaces/mycobot_interfaces/srv/detail/set_angles__struct.hpp
[6.067s] -- Up-to-date symlink: /home/david/ros2_ws/install/mycobot_interfaces/include/mycobot_interfaces/mycobot_interfaces/srv/detail/set_angles__traits.hpp
[6.067s] -- Up-to-date symlink: /home/david/ros2_ws/install/mycobot_interfaces/include/mycobot_interfaces/mycobot_interfaces/srv/detail/set_coords__builder.hpp
[6.067s] -- Up-to-date symlink: /home/david/ros2_ws/install/mycobot_interfaces/include/mycobot_interfaces/mycobot_interfaces/srv/detail/set_coords__struct.hpp
[6.067s] -- Up-to-date symlink: /home/david/ros2_ws/install/mycobot_interfaces/include/mycobot_interfaces/mycobot_interfaces/srv/detail/set_coords__traits.hpp
[6.067s] -- Up-to-date symlink: /home/david/ros2_ws/install/mycobot_interfaces/include/mycobot_interfaces/mycobot_interfaces/srv/get_angles.hpp
[6.067s] -- Up-to-date symlink: /home/david/ros2_ws/install/mycobot_interfaces/include/mycobot_interfaces/mycobot_interfaces/srv/get_coords.hpp
[6.067s] -- Up-to-date symlink: /home/david/ros2_ws/install/mycobot_interfaces/include/mycobot_interfaces/mycobot_interfaces/srv/gripper_status.hpp
[6.067s] -- Up-to-date symlink: /home/david/ros2_ws/install/mycobot_interfaces/include/mycobot_interfaces/mycobot_interfaces/srv/pump_status.hpp
[6.067s] -- Up-to-date symlink: /home/david/ros2_ws/install/mycobot_interfaces/include/mycobot_interfaces/mycobot_interfaces/srv/set_angles.hpp
[6.067s] -- Up-to-date symlink: /home/david/ros2_ws/install/mycobot_interfaces/include/mycobot_interfaces/mycobot_interfaces/srv/set_coords.hpp
[6.068s] -- Up-to-date symlink: /home/david/ros2_ws/install/mycobot_interfaces/include/mycobot_interfaces/mycobot_interfaces/msg/detail/mycobot_angles__rosidl_typesupport_fastrtps_cpp.hpp
[6.068s] -- Symlinking: /home/david/ros2_ws/install/mycobot_interfaces/include/mycobot_interfaces/mycobot_interfaces/msg/detail/mycobot_aruco_coords__rosidl_typesupport_fastrtps_cpp.hpp
[6.073s] -- Up-to-date symlink: /home/david/ros2_ws/install/mycobot_interfaces/include/mycobot_interfaces/mycobot_interfaces/msg/detail/mycobot_coords__rosidl_typesupport_fastrtps_cpp.hpp
[6.073s] -- Up-to-date symlink: /home/david/ros2_ws/install/mycobot_interfaces/include/mycobot_interfaces/mycobot_interfaces/msg/detail/mycobot_gripper_status__rosidl_typesupport_fastrtps_cpp.hpp
[6.073s] -- Up-to-date symlink: /home/david/ros2_ws/install/mycobot_interfaces/include/mycobot_interfaces/mycobot_interfaces/msg/detail/mycobot_pump_status__rosidl_typesupport_fastrtps_cpp.hpp
[6.073s] -- Up-to-date symlink: /home/david/ros2_ws/install/mycobot_interfaces/include/mycobot_interfaces/mycobot_interfaces/msg/detail/mycobot_set_angles__rosidl_typesupport_fastrtps_cpp.hpp
[6.073s] -- Up-to-date symlink: /home/david/ros2_ws/install/mycobot_interfaces/include/mycobot_interfaces/mycobot_interfaces/msg/detail/mycobot_set_coords__rosidl_typesupport_fastrtps_cpp.hpp
[6.073s] -- Up-to-date symlink: /home/david/ros2_ws/install/mycobot_interfaces/include/mycobot_interfaces/mycobot_interfaces/msg/rosidl_typesupport_fastrtps_cpp__visibility_control.h
[6.074s] -- Up-to-date symlink: /home/david/ros2_ws/install/mycobot_interfaces/include/mycobot_interfaces/mycobot_interfaces/srv/detail/get_angles__rosidl_typesupport_fastrtps_cpp.hpp
[6.074s] -- Up-to-date symlink: /home/david/ros2_ws/install/mycobot_interfaces/include/mycobot_interfaces/mycobot_interfaces/srv/detail/get_coords__rosidl_typesupport_fastrtps_cpp.hpp
[6.074s] -- Up-to-date symlink: /home/david/ros2_ws/install/mycobot_interfaces/include/mycobot_interfaces/mycobot_interfaces/srv/detail/gripper_status__rosidl_typesupport_fastrtps_cpp.hpp
[6.074s] -- Up-to-date symlink: /home/david/ros2_ws/install/mycobot_interfaces/include/mycobot_interfaces/mycobot_interfaces/srv/detail/pump_status__rosidl_typesupport_fastrtps_cpp.hpp
[6.074s] -- Up-to-date symlink: /home/david/ros2_ws/install/mycobot_interfaces/include/mycobot_interfaces/mycobot_interfaces/srv/detail/set_angles__rosidl_typesupport_fastrtps_cpp.hpp
[6.074s] -- Up-to-date symlink: /home/david/ros2_ws/install/mycobot_interfaces/include/mycobot_interfaces/mycobot_interfaces/srv/detail/set_coords__rosidl_typesupport_fastrtps_cpp.hpp
[6.074s] -- Up-to-date symlink: /home/david/ros2_ws/install/mycobot_interfaces/include/mycobot_interfaces/mycobot_interfaces/msg/detail/mycobot_angles__rosidl_typesupport_introspection_cpp.hpp
[6.074s] -- Symlinking: /home/david/ros2_ws/install/mycobot_interfaces/include/mycobot_interfaces/mycobot_interfaces/msg/detail/mycobot_aruco_coords__rosidl_typesupport_introspection_cpp.hpp
[6.080s] -- Up-to-date symlink: /home/david/ros2_ws/install/mycobot_interfaces/include/mycobot_interfaces/mycobot_interfaces/msg/detail/mycobot_coords__rosidl_typesupport_introspection_cpp.hpp
[6.080s] -- Up-to-date symlink: /home/david/ros2_ws/install/mycobot_interfaces/include/mycobot_interfaces/mycobot_interfaces/msg/detail/mycobot_gripper_status__rosidl_typesupport_introspection_cpp.hpp
[6.080s] -- Up-to-date symlink: /home/david/ros2_ws/install/mycobot_interfaces/include/mycobot_interfaces/mycobot_interfaces/msg/detail/mycobot_pump_status__rosidl_typesupport_introspection_cpp.hpp
[6.080s] -- Up-to-date symlink: /home/david/ros2_ws/install/mycobot_interfaces/include/mycobot_interfaces/mycobot_interfaces/msg/detail/mycobot_set_angles__rosidl_typesupport_introspection_cpp.hpp
[6.080s] -- Up-to-date symlink: /home/david/ros2_ws/install/mycobot_interfaces/include/mycobot_interfaces/mycobot_interfaces/msg/detail/mycobot_set_coords__rosidl_typesupport_introspection_cpp.hpp
[6.080s] -- Up-to-date symlink: /home/david/ros2_ws/install/mycobot_interfaces/include/mycobot_interfaces/mycobot_interfaces/srv/detail/get_angles__rosidl_typesupport_introspection_cpp.hpp
[6.080s] -- Up-to-date symlink: /home/david/ros2_ws/install/mycobot_interfaces/include/mycobot_interfaces/mycobot_interfaces/srv/detail/get_coords__rosidl_typesupport_introspection_cpp.hpp
[6.080s] -- Up-to-date symlink: /home/david/ros2_ws/install/mycobot_interfaces/include/mycobot_interfaces/mycobot_interfaces/srv/detail/gripper_status__rosidl_typesupport_introspection_cpp.hpp
[6.080s] -- Up-to-date symlink: /home/david/ros2_ws/install/mycobot_interfaces/include/mycobot_interfaces/mycobot_interfaces/srv/detail/pump_status__rosidl_typesupport_introspection_cpp.hpp
[6.080s] -- Up-to-date symlink: /home/david/ros2_ws/install/mycobot_interfaces/include/mycobot_interfaces/mycobot_interfaces/srv/detail/set_angles__rosidl_typesupport_introspection_cpp.hpp
[6.081s] -- Up-to-date symlink: /home/david/ros2_ws/install/mycobot_interfaces/include/mycobot_interfaces/mycobot_interfaces/srv/detail/set_coords__rosidl_typesupport_introspection_cpp.hpp
[6.081s] -- Up-to-date symlink: /home/david/ros2_ws/install/mycobot_interfaces/share/mycobot_interfaces/environment/pythonpath.sh
[6.081s] -- Up-to-date symlink: /home/david/ros2_ws/install/mycobot_interfaces/share/mycobot_interfaces/environment/pythonpath.dsv
[6.081s] -- Up-to-date symlink: /home/david/ros2_ws/install/mycobot_interfaces/local/lib/python3.10/dist-packages/mycobot_interfaces-0.0.0-py3.10.egg-info/PKG-INFO
[6.081s] -- Up-to-date symlink: /home/david/ros2_ws/install/mycobot_interfaces/local/lib/python3.10/dist-packages/mycobot_interfaces-0.0.0-py3.10.egg-info/SOURCES.txt
[6.081s] -- Up-to-date symlink: /home/david/ros2_ws/install/mycobot_interfaces/local/lib/python3.10/dist-packages/mycobot_interfaces-0.0.0-py3.10.egg-info/dependency_links.txt
[6.081s] -- Up-to-date symlink: /home/david/ros2_ws/install/mycobot_interfaces/local/lib/python3.10/dist-packages/mycobot_interfaces-0.0.0-py3.10.egg-info/top_level.txt
[6.082s] -- Up-to-date symlink: /home/david/ros2_ws/install/mycobot_interfaces/local/lib/python3.10/dist-packages/mycobot_interfaces/__init__.py
[6.082s] -- Up-to-date symlink: /home/david/ros2_ws/install/mycobot_interfaces/local/lib/python3.10/dist-packages/mycobot_interfaces/_mycobot_interfaces_s.ep.rosidl_typesupport_c.c
[6.082s] -- Up-to-date symlink: /home/david/ros2_ws/install/mycobot_interfaces/local/lib/python3.10/dist-packages/mycobot_interfaces/_mycobot_interfaces_s.ep.rosidl_typesupport_fastrtps_c.c
[6.082s] -- Up-to-date symlink: /home/david/ros2_ws/install/mycobot_interfaces/local/lib/python3.10/dist-packages/mycobot_interfaces/_mycobot_interfaces_s.ep.rosidl_typesupport_introspection_c.c
[6.082s] -- Up-to-date symlink: /home/david/ros2_ws/install/mycobot_interfaces/local/lib/python3.10/dist-packages/mycobot_interfaces/libmycobot_interfaces__rosidl_generator_py.so
[6.082s] -- Up-to-date symlink: /home/david/ros2_ws/install/mycobot_interfaces/local/lib/python3.10/dist-packages/mycobot_interfaces/msg/__init__.py
[6.082s] -- Up-to-date symlink: /home/david/ros2_ws/install/mycobot_interfaces/local/lib/python3.10/dist-packages/mycobot_interfaces/msg/_mycobot_angles.py
[6.082s] -- Up-to-date symlink: /home/david/ros2_ws/install/mycobot_interfaces/local/lib/python3.10/dist-packages/mycobot_interfaces/msg/_mycobot_angles_s.c
[6.082s] -- Symlinking: /home/david/ros2_ws/install/mycobot_interfaces/local/lib/python3.10/dist-packages/mycobot_interfaces/msg/_mycobot_aruco_coords.py
[6.087s] -- Symlinking: /home/david/ros2_ws/install/mycobot_interfaces/local/lib/python3.10/dist-packages/mycobot_interfaces/msg/_mycobot_aruco_coords_s.c
[6.093s] -- Up-to-date symlink: /home/david/ros2_ws/install/mycobot_interfaces/local/lib/python3.10/dist-packages/mycobot_interfaces/msg/_mycobot_coords.py
[6.093s] -- Up-to-date symlink: /home/david/ros2_ws/install/mycobot_interfaces/local/lib/python3.10/dist-packages/mycobot_interfaces/msg/_mycobot_coords_s.c
[6.093s] -- Up-to-date symlink: /home/david/ros2_ws/install/mycobot_interfaces/local/lib/python3.10/dist-packages/mycobot_interfaces/msg/_mycobot_gripper_status.py
[6.093s] -- Up-to-date symlink: /home/david/ros2_ws/install/mycobot_interfaces/local/lib/python3.10/dist-packages/mycobot_interfaces/msg/_mycobot_gripper_status_s.c
[6.093s] -- Up-to-date symlink: /home/david/ros2_ws/install/mycobot_interfaces/local/lib/python3.10/dist-packages/mycobot_interfaces/msg/_mycobot_pump_status.py
[6.093s] -- Up-to-date symlink: /home/david/ros2_ws/install/mycobot_interfaces/local/lib/python3.10/dist-packages/mycobot_interfaces/msg/_mycobot_pump_status_s.c
[6.093s] -- Up-to-date symlink: /home/david/ros2_ws/install/mycobot_interfaces/local/lib/python3.10/dist-packages/mycobot_interfaces/msg/_mycobot_set_angles.py
[6.093s] -- Up-to-date symlink: /home/david/ros2_ws/install/mycobot_interfaces/local/lib/python3.10/dist-packages/mycobot_interfaces/msg/_mycobot_set_angles_s.c
[6.093s] -- Up-to-date symlink: /home/david/ros2_ws/install/mycobot_interfaces/local/lib/python3.10/dist-packages/mycobot_interfaces/msg/_mycobot_set_coords.py
[6.093s] -- Up-to-date symlink: /home/david/ros2_ws/install/mycobot_interfaces/local/lib/python3.10/dist-packages/mycobot_interfaces/msg/_mycobot_set_coords_s.c
[6.093s] -- Up-to-date symlink: /home/david/ros2_ws/install/mycobot_interfaces/local/lib/python3.10/dist-packages/mycobot_interfaces/mycobot_interfaces_s__rosidl_typesupport_c.cpython-310-x86_64-linux-gnu.so
[6.093s] -- Up-to-date symlink: /home/david/ros2_ws/install/mycobot_interfaces/local/lib/python3.10/dist-packages/mycobot_interfaces/mycobot_interfaces_s__rosidl_typesupport_fastrtps_c.cpython-310-x86_64-linux-gnu.so
[6.093s] -- Up-to-date symlink: /home/david/ros2_ws/install/mycobot_interfaces/local/lib/python3.10/dist-packages/mycobot_interfaces/mycobot_interfaces_s__rosidl_typesupport_introspection_c.cpython-310-x86_64-linux-gnu.so
[6.093s] -- Up-to-date symlink: /home/david/ros2_ws/install/mycobot_interfaces/local/lib/python3.10/dist-packages/mycobot_interfaces/srv/__init__.py
[6.093s] -- Up-to-date symlink: /home/david/ros2_ws/install/mycobot_interfaces/local/lib/python3.10/dist-packages/mycobot_interfaces/srv/_get_angles.py
[6.094s] -- Up-to-date symlink: /home/david/ros2_ws/install/mycobot_interfaces/local/lib/python3.10/dist-packages/mycobot_interfaces/srv/_get_angles_s.c
[6.094s] -- Up-to-date symlink: /home/david/ros2_ws/install/mycobot_interfaces/local/lib/python3.10/dist-packages/mycobot_interfaces/srv/_get_coords.py
[6.094s] -- Up-to-date symlink: /home/david/ros2_ws/install/mycobot_interfaces/local/lib/python3.10/dist-packages/mycobot_interfaces/srv/_get_coords_s.c
[6.094s] -- Up-to-date symlink: /home/david/ros2_ws/install/mycobot_interfaces/local/lib/python3.10/dist-packages/mycobot_interfaces/srv/_gripper_status.py
[6.094s] -- Up-to-date symlink: /home/david/ros2_ws/install/mycobot_interfaces/local/lib/python3.10/dist-packages/mycobot_interfaces/srv/_gripper_status_s.c
[6.094s] -- Up-to-date symlink: /home/david/ros2_ws/install/mycobot_interfaces/local/lib/python3.10/dist-packages/mycobot_interfaces/srv/_pump_status.py
[6.094s] -- Up-to-date symlink: /home/david/ros2_ws/install/mycobot_interfaces/local/lib/python3.10/dist-packages/mycobot_interfaces/srv/_pump_status_s.c
[6.094s] -- Up-to-date symlink: /home/david/ros2_ws/install/mycobot_interfaces/local/lib/python3.10/dist-packages/mycobot_interfaces/srv/_set_angles.py
[6.094s] -- Up-to-date symlink: /home/david/ros2_ws/install/mycobot_interfaces/local/lib/python3.10/dist-packages/mycobot_interfaces/srv/_set_angles_s.c
[6.094s] -- Up-to-date symlink: /home/david/ros2_ws/install/mycobot_interfaces/local/lib/python3.10/dist-packages/mycobot_interfaces/srv/_set_coords.py
[6.094s] -- Up-to-date symlink: /home/david/ros2_ws/install/mycobot_interfaces/local/lib/python3.10/dist-packages/mycobot_interfaces/srv/_set_coords_s.c
[6.094s] -- Up-to-date symlink: /home/david/ros2_ws/install/mycobot_interfaces/local/lib/python3.10/dist-packages/mycobot_interfaces/mycobot_interfaces_s__rosidl_typesupport_fastrtps_c.cpython-310-x86_64-linux-gnu.so
[6.094s] -- Up-to-date symlink: /home/david/ros2_ws/install/mycobot_interfaces/local/lib/python3.10/dist-packages/mycobot_interfaces/mycobot_interfaces_s__rosidl_typesupport_introspection_c.cpython-310-x86_64-linux-gnu.so
[6.094s] -- Up-to-date symlink: /home/david/ros2_ws/install/mycobot_interfaces/local/lib/python3.10/dist-packages/mycobot_interfaces/mycobot_interfaces_s__rosidl_typesupport_c.cpython-310-x86_64-linux-gnu.so
[6.094s] -- Up-to-date symlink: /home/david/ros2_ws/install/mycobot_interfaces/share/mycobot_interfaces/msg/MycobotAngles.idl
[6.095s] -- Up-to-date symlink: /home/david/ros2_ws/install/mycobot_interfaces/share/mycobot_interfaces/msg/MycobotCoords.idl
[6.095s] -- Up-to-date symlink: /home/david/ros2_ws/install/mycobot_interfaces/share/mycobot_interfaces/msg/MycobotSetAngles.idl
[6.095s] -- Up-to-date symlink: /home/david/ros2_ws/install/mycobot_interfaces/share/mycobot_interfaces/msg/MycobotSetCoords.idl
[6.095s] -- Up-to-date symlink: /home/david/ros2_ws/install/mycobot_interfaces/share/mycobot_interfaces/msg/MycobotGripperStatus.idl
[6.095s] -- Up-to-date symlink: /home/david/ros2_ws/install/mycobot_interfaces/share/mycobot_interfaces/msg/MycobotPumpStatus.idl
[6.095s] -- Symlinking: /home/david/ros2_ws/install/mycobot_interfaces/share/mycobot_interfaces/msg/MycobotArucoCoords.idl
[6.101s] -- Up-to-date symlink: /home/david/ros2_ws/install/mycobot_interfaces/share/mycobot_interfaces/srv/GetAngles.idl
[6.101s] -- Up-to-date symlink: /home/david/ros2_ws/install/mycobot_interfaces/share/mycobot_interfaces/srv/SetAngles.idl
[6.101s] -- Up-to-date symlink: /home/david/ros2_ws/install/mycobot_interfaces/share/mycobot_interfaces/srv/GetCoords.idl
[6.101s] -- Up-to-date symlink: /home/david/ros2_ws/install/mycobot_interfaces/share/mycobot_interfaces/srv/SetCoords.idl
[6.101s] -- Up-to-date symlink: /home/david/ros2_ws/install/mycobot_interfaces/share/mycobot_interfaces/srv/GripperStatus.idl
[6.101s] -- Up-to-date symlink: /home/david/ros2_ws/install/mycobot_interfaces/share/mycobot_interfaces/srv/PumpStatus.idl
[6.101s] -- Up-to-date symlink: /home/david/ros2_ws/install/mycobot_interfaces/share/mycobot_interfaces/msg/MycobotAngles.msg
[6.101s] -- Up-to-date symlink: /home/david/ros2_ws/install/mycobot_interfaces/share/mycobot_interfaces/msg/MycobotCoords.msg
[6.102s] -- Up-to-date symlink: /home/david/ros2_ws/install/mycobot_interfaces/share/mycobot_interfaces/msg/MycobotSetAngles.msg
[6.102s] -- Up-to-date symlink: /home/david/ros2_ws/install/mycobot_interfaces/share/mycobot_interfaces/msg/MycobotSetCoords.msg
[6.102s] -- Up-to-date symlink: /home/david/ros2_ws/install/mycobot_interfaces/share/mycobot_interfaces/msg/MycobotGripperStatus.msg
[6.102s] -- Up-to-date symlink: /home/david/ros2_ws/install/mycobot_interfaces/share/mycobot_interfaces/msg/MycobotPumpStatus.msg
[6.102s] -- Symlinking: /home/david/ros2_ws/install/mycobot_interfaces/share/mycobot_interfaces/msg/MycobotArucoCoords.msg
[6.107s] -- Up-to-date symlink: /home/david/ros2_ws/install/mycobot_interfaces/share/mycobot_interfaces/srv/GetAngles.srv
[6.107s] -- Up-to-date symlink: /home/david/ros2_ws/install/mycobot_interfaces/share/mycobot_interfaces/srv/GetAngles_Request.msg
[6.107s] -- Up-to-date symlink: /home/david/ros2_ws/install/mycobot_interfaces/share/mycobot_interfaces/srv/GetAngles_Response.msg
[6.108s] -- Up-to-date symlink: /home/david/ros2_ws/install/mycobot_interfaces/share/mycobot_interfaces/srv/SetAngles.srv
[6.108s] -- Up-to-date symlink: /home/david/ros2_ws/install/mycobot_interfaces/share/mycobot_interfaces/srv/SetAngles_Request.msg
[6.108s] -- Up-to-date symlink: /home/david/ros2_ws/install/mycobot_interfaces/share/mycobot_interfaces/srv/SetAngles_Response.msg
[6.108s] -- Up-to-date symlink: /home/david/ros2_ws/install/mycobot_interfaces/share/mycobot_interfaces/srv/GetCoords.srv
[6.108s] -- Up-to-date symlink: /home/david/ros2_ws/install/mycobot_interfaces/share/mycobot_interfaces/srv/GetCoords_Request.msg
[6.108s] -- Up-to-date symlink: /home/david/ros2_ws/install/mycobot_interfaces/share/mycobot_interfaces/srv/GetCoords_Response.msg
[6.108s] -- Up-to-date symlink: /home/david/ros2_ws/install/mycobot_interfaces/share/mycobot_interfaces/srv/SetCoords.srv
[6.108s] -- Up-to-date symlink: /home/david/ros2_ws/install/mycobot_interfaces/share/mycobot_interfaces/srv/SetCoords_Request.msg
[6.108s] -- Up-to-date symlink: /home/david/ros2_ws/install/mycobot_interfaces/share/mycobot_interfaces/srv/SetCoords_Response.msg
[6.108s] -- Up-to-date symlink: /home/david/ros2_ws/install/mycobot_interfaces/share/mycobot_interfaces/srv/GripperStatus.srv
[6.108s] -- Up-to-date symlink: /home/david/ros2_ws/install/mycobot_interfaces/share/mycobot_interfaces/srv/GripperStatus_Request.msg
[6.109s] -- Up-to-date symlink: /home/david/ros2_ws/install/mycobot_interfaces/share/mycobot_interfaces/srv/GripperStatus_Response.msg
[6.109s] -- Up-to-date symlink: /home/david/ros2_ws/install/mycobot_interfaces/share/mycobot_interfaces/srv/PumpStatus.srv
[6.109s] -- Up-to-date symlink: /home/david/ros2_ws/install/mycobot_interfaces/share/mycobot_interfaces/srv/PumpStatus_Request.msg
[6.109s] -- Up-to-date symlink: /home/david/ros2_ws/install/mycobot_interfaces/share/mycobot_interfaces/srv/PumpStatus_Response.msg
[6.109s] -- Up-to-date symlink: /home/david/ros2_ws/install/mycobot_interfaces/share/ament_index/resource_index/package_run_dependencies/mycobot_interfaces
[6.109s] -- Up-to-date symlink: /home/david/ros2_ws/install/mycobot_interfaces/share/ament_index/resource_index/parent_prefix_path/mycobot_interfaces
[6.109s] -- Up-to-date symlink: /home/david/ros2_ws/install/mycobot_interfaces/share/mycobot_interfaces/environment/ament_prefix_path.sh
[6.109s] -- Up-to-date symlink: /home/david/ros2_ws/install/mycobot_interfaces/share/mycobot_interfaces/environment/ament_prefix_path.dsv
[6.109s] -- Up-to-date symlink: /home/david/ros2_ws/install/mycobot_interfaces/share/mycobot_interfaces/environment/path.sh
[6.109s] -- Up-to-date symlink: /home/david/ros2_ws/install/mycobot_interfaces/share/mycobot_interfaces/environment/path.dsv
[6.110s] -- Up-to-date symlink: /home/david/ros2_ws/install/mycobot_interfaces/share/mycobot_interfaces/local_setup.bash
[6.110s] -- Up-to-date symlink: /home/david/ros2_ws/install/mycobot_interfaces/share/mycobot_interfaces/local_setup.sh
[6.110s] -- Up-to-date symlink: /home/david/ros2_ws/install/mycobot_interfaces/share/mycobot_interfaces/local_setup.zsh
[6.110s] -- Up-to-date symlink: /home/david/ros2_ws/install/mycobot_interfaces/share/mycobot_interfaces/local_setup.dsv
[6.110s] -- Symlinking: /home/david/ros2_ws/install/mycobot_interfaces/share/mycobot_interfaces/package.dsv
[6.116s] -- Up-to-date symlink: /home/david/ros2_ws/install/mycobot_interfaces/share/ament_index/resource_index/packages/mycobot_interfaces
[6.116s] -- Up-to-date symlink: /home/david/ros2_ws/install/mycobot_interfaces/share/mycobot_interfaces/cmake/rosidl_cmake-extras.cmake
[6.116s] -- Up-to-date symlink: /home/david/ros2_ws/install/mycobot_interfaces/share/mycobot_interfaces/cmake/ament_cmake_export_dependencies-extras.cmake
[6.116s] -- Up-to-date symlink: /home/david/ros2_ws/install/mycobot_interfaces/share/mycobot_interfaces/cmake/ament_cmake_export_include_directories-extras.cmake
[6.116s] -- Up-to-date symlink: /home/david/ros2_ws/install/mycobot_interfaces/share/mycobot_interfaces/cmake/ament_cmake_export_libraries-extras.cmake
[6.116s] -- Up-to-date symlink: /home/david/ros2_ws/install/mycobot_interfaces/share/mycobot_interfaces/cmake/ament_cmake_export_targets-extras.cmake
[6.116s] -- Up-to-date symlink: /home/david/ros2_ws/install/mycobot_interfaces/share/mycobot_interfaces/cmake/rosidl_cmake_export_typesupport_targets-extras.cmake
[6.116s] -- Up-to-date symlink: /home/david/ros2_ws/install/mycobot_interfaces/share/mycobot_interfaces/cmake/rosidl_cmake_export_typesupport_libraries-extras.cmake
[6.116s] -- Up-to-date symlink: /home/david/ros2_ws/install/mycobot_interfaces/share/mycobot_interfaces/cmake/mycobot_interfacesConfig.cmake
[6.116s] -- Up-to-date symlink: /home/david/ros2_ws/install/mycobot_interfaces/share/mycobot_interfaces/cmake/mycobot_interfacesConfig-version.cmake
[6.116s] -- Up-to-date symlink: /home/david/ros2_ws/install/mycobot_interfaces/share/mycobot_interfaces/package.xml
[6.117s] -- Installing: /home/david/ros2_ws/install/mycobot_interfaces/lib/libmycobot_interfaces__rosidl_generator_c.so
[6.117s] -- Set runtime path of "/home/david/ros2_ws/install/mycobot_interfaces/lib/libmycobot_interfaces__rosidl_generator_c.so" to ""
[6.117s] -- Installing: /home/david/ros2_ws/install/mycobot_interfaces/lib/libmycobot_interfaces__rosidl_typesupport_fastrtps_c.so
[6.117s] -- Set runtime path of "/home/david/ros2_ws/install/mycobot_interfaces/lib/libmycobot_interfaces__rosidl_typesupport_fastrtps_c.so" to ""
[6.118s] -- Installing: /home/david/ros2_ws/install/mycobot_interfaces/lib/libmycobot_interfaces__rosidl_typesupport_introspection_c.so
[6.118s] -- Set runtime path of "/home/david/ros2_ws/install/mycobot_interfaces/lib/libmycobot_interfaces__rosidl_typesupport_introspection_c.so" to ""
[6.118s] -- Installing: /home/david/ros2_ws/install/mycobot_interfaces/lib/libmycobot_interfaces__rosidl_typesupport_c.so
[6.118s] -- Set runtime path of "/home/david/ros2_ws/install/mycobot_interfaces/lib/libmycobot_interfaces__rosidl_typesupport_c.so" to ""
[6.118s] -- Installing: /home/david/ros2_ws/install/mycobot_interfaces/lib/libmycobot_interfaces__rosidl_typesupport_fastrtps_cpp.so
[6.119s] -- Set runtime path of "/home/david/ros2_ws/install/mycobot_interfaces/lib/libmycobot_interfaces__rosidl_typesupport_fastrtps_cpp.so" to ""
[6.119s] -- Installing: /home/david/ros2_ws/install/mycobot_interfaces/lib/libmycobot_interfaces__rosidl_typesupport_introspection_cpp.so
[6.119s] -- Set runtime path of "/home/david/ros2_ws/install/mycobot_interfaces/lib/libmycobot_interfaces__rosidl_typesupport_introspection_cpp.so" to ""
[6.119s] -- Installing: /home/david/ros2_ws/install/mycobot_interfaces/lib/libmycobot_interfaces__rosidl_typesupport_cpp.so
[6.119s] -- Set runtime path of "/home/david/ros2_ws/install/mycobot_interfaces/lib/libmycobot_interfaces__rosidl_typesupport_cpp.so" to ""
[6.171s] Listing '/home/david/ros2_ws/install/mycobot_interfaces/local/lib/python3.10/dist-packages/mycobot_interfaces'...
[6.171s] Compiling '/home/david/ros2_ws/install/mycobot_interfaces/local/lib/python3.10/dist-packages/mycobot_interfaces/__init__.py'...
[6.171s] Listing '/home/david/ros2_ws/install/mycobot_interfaces/local/lib/python3.10/dist-packages/mycobot_interfaces/msg'...
[6.171s] Compiling '/home/david/ros2_ws/install/mycobot_interfaces/local/lib/python3.10/dist-packages/mycobot_interfaces/msg/__init__.py'...
[6.171s] Compiling '/home/david/ros2_ws/install/mycobot_interfaces/local/lib/python3.10/dist-packages/mycobot_interfaces/msg/_mycobot_angles.py'...
[6.171s] Compiling '/home/david/ros2_ws/install/mycobot_interfaces/local/lib/python3.10/dist-packages/mycobot_interfaces/msg/_mycobot_aruco_coords.py'...
[6.171s] Compiling '/home/david/ros2_ws/install/mycobot_interfaces/local/lib/python3.10/dist-packages/mycobot_interfaces/msg/_mycobot_coords.py'...
[6.171s] Compiling '/home/david/ros2_ws/install/mycobot_interfaces/local/lib/python3.10/dist-packages/mycobot_interfaces/msg/_mycobot_gripper_status.py'...
[6.171s] Compiling '/home/david/ros2_ws/install/mycobot_interfaces/local/lib/python3.10/dist-packages/mycobot_interfaces/msg/_mycobot_pump_status.py'...
[6.171s] Compiling '/home/david/ros2_ws/install/mycobot_interfaces/local/lib/python3.10/dist-packages/mycobot_interfaces/msg/_mycobot_set_angles.py'...
[6.171s] Compiling '/home/david/ros2_ws/install/mycobot_interfaces/local/lib/python3.10/dist-packages/mycobot_interfaces/msg/_mycobot_set_coords.py'...
[6.172s] Listing '/home/david/ros2_ws/install/mycobot_interfaces/local/lib/python3.10/dist-packages/mycobot_interfaces/srv'...
[6.172s] Compiling '/home/david/ros2_ws/install/mycobot_interfaces/local/lib/python3.10/dist-packages/mycobot_interfaces/srv/__init__.py'...
[6.172s] Compiling '/home/david/ros2_ws/install/mycobot_interfaces/local/lib/python3.10/dist-packages/mycobot_interfaces/srv/_get_angles.py'...
[6.172s] Compiling '/home/david/ros2_ws/install/mycobot_interfaces/local/lib/python3.10/dist-packages/mycobot_interfaces/srv/_get_coords.py'...
[6.172s] Compiling '/home/david/ros2_ws/install/mycobot_interfaces/local/lib/python3.10/dist-packages/mycobot_interfaces/srv/_gripper_status.py'...
[6.172s] Compiling '/home/david/ros2_ws/install/mycobot_interfaces/local/lib/python3.10/dist-packages/mycobot_interfaces/srv/_pump_status.py'...
[6.172s] Compiling '/home/david/ros2_ws/install/mycobot_interfaces/local/lib/python3.10/dist-packages/mycobot_interfaces/srv/_set_angles.py'...
[6.172s] Compiling '/home/david/ros2_ws/install/mycobot_interfaces/local/lib/python3.10/dist-packages/mycobot_interfaces/srv/_set_coords.py'...
[6.175s] -- Installing: /home/david/ros2_ws/install/mycobot_interfaces/lib/libmycobot_interfaces__rosidl_generator_py.so
[6.175s] -- Set runtime path of "/home/david/ros2_ws/install/mycobot_interfaces/lib/libmycobot_interfaces__rosidl_generator_py.so" to ""
[6.175s] -- Up-to-date: /home/david/ros2_ws/install/mycobot_interfaces/share/mycobot_interfaces/cmake/export_mycobot_interfaces__rosidl_generator_cExport.cmake
[6.175s] -- Up-to-date: /home/david/ros2_ws/install/mycobot_interfaces/share/mycobot_interfaces/cmake/export_mycobot_interfaces__rosidl_generator_cExport-noconfig.cmake
[6.175s] -- Up-to-date: /home/david/ros2_ws/install/mycobot_interfaces/share/mycobot_interfaces/cmake/export_mycobot_interfaces__rosidl_typesupport_fastrtps_cExport.cmake
[6.175s] -- Up-to-date: /home/david/ros2_ws/install/mycobot_interfaces/share/mycobot_interfaces/cmake/export_mycobot_interfaces__rosidl_typesupport_fastrtps_cExport-noconfig.cmake
[6.175s] -- Up-to-date: /home/david/ros2_ws/install/mycobot_interfaces/share/mycobot_interfaces/cmake/mycobot_interfaces__rosidl_typesupport_introspection_cExport.cmake
[6.175s] -- Up-to-date: /home/david/ros2_ws/install/mycobot_interfaces/share/mycobot_interfaces/cmake/mycobot_interfaces__rosidl_typesupport_introspection_cExport-noconfig.cmake
[6.175s] -- Up-to-date: /home/david/ros2_ws/install/mycobot_interfaces/share/mycobot_interfaces/cmake/mycobot_interfaces__rosidl_typesupport_cExport.cmake
[6.175s] -- Up-to-date: /home/david/ros2_ws/install/mycobot_interfaces/share/mycobot_interfaces/cmake/mycobot_interfaces__rosidl_typesupport_cExport-noconfig.cmake
[6.175s] -- Up-to-date: /home/david/ros2_ws/install/mycobot_interfaces/share/mycobot_interfaces/cmake/export_mycobot_interfaces__rosidl_generator_cppExport.cmake
[6.176s] -- Up-to-date: /home/david/ros2_ws/install/mycobot_interfaces/share/mycobot_interfaces/cmake/export_mycobot_interfaces__rosidl_typesupport_fastrtps_cppExport.cmake
[6.176s] -- Up-to-date: /home/david/ros2_ws/install/mycobot_interfaces/share/mycobot_interfaces/cmake/export_mycobot_interfaces__rosidl_typesupport_fastrtps_cppExport-noconfig.cmake
[6.176s] -- Up-to-date: /home/david/ros2_ws/install/mycobot_interfaces/share/mycobot_interfaces/cmake/mycobot_interfaces__rosidl_typesupport_introspection_cppExport.cmake
[6.176s] -- Up-to-date: /home/david/ros2_ws/install/mycobot_interfaces/share/mycobot_interfaces/cmake/mycobot_interfaces__rosidl_typesupport_introspection_cppExport-noconfig.cmake
[6.176s] -- Up-to-date: /home/david/ros2_ws/install/mycobot_interfaces/share/mycobot_interfaces/cmake/mycobot_interfaces__rosidl_typesupport_cppExport.cmake
[6.176s] -- Up-to-date: /home/david/ros2_ws/install/mycobot_interfaces/share/mycobot_interfaces/cmake/mycobot_interfaces__rosidl_typesupport_cppExport-noconfig.cmake
[6.176s] -- Up-to-date: /home/david/ros2_ws/install/mycobot_interfaces/share/mycobot_interfaces/cmake/export_mycobot_interfaces__rosidl_generator_pyExport.cmake
[6.176s] -- Up-to-date: /home/david/ros2_ws/install/mycobot_interfaces/share/mycobot_interfaces/cmake/export_mycobot_interfaces__rosidl_generator_pyExport-noconfig.cmake
[6.178s] Invoked command in '/home/david/ros2_ws/build/mycobot_interfaces' returned '0': CMAKE_PREFIX_PATH=${CMAKE_PREFIX_PATH}:/home/david/ros2_ws/install/ultraarm:/home/david/ros2_ws/install/mypalletizer_260_pi:/home/david/ros2_ws/install/mypalletizer_260:/home/david/ros2_ws/install/mypalletizer_communication:/home/david/ros2_ws/install/mycobot_630:/home/david/ros2_ws/install/mycobot_600:/home/david/ros2_ws/install/mycobot_320pi:/home/david/ros2_ws/install/mycobot_320:/home/david/ros2_ws/install/mycobot_280pi:/home/david/ros2_ws/install/mycobot_280jn:/home/david/ros2_ws/install/mycobot_280_x3pi:/home/david/ros2_ws/install/mycobot_280:/home/david/ros2_ws/install/myarm_m750:/home/david/ros2_ws/install/myarm_c650:/home/david/ros2_ws/install/myarm_300:/home/david/ros2_ws/install/mycobot_communication:/home/david/ros2_ws/install/mecharm_pi:/home/david/ros2_ws/install/mecharm:/home/david/ros2_ws/install/mecharm_communication:/home/david/ros2_ws/install/mybuddy:/home/david/ros2_ws/install/mycobot_description:/home/david/ros2_ws/install/my_py_pkg:/opt/ros/humble /usr/bin/cmake --install /home/david/ros2_ws/build/mycobot_interfaces
