running develop
running egg_info
writing mecharm.egg-info/PKG-INFO
writing dependency_links to mecharm.egg-info/dependency_links.txt
writing entry points to mecharm.egg-info/entry_points.txt
writing requirements to mecharm.egg-info/requires.txt
writing top-level names to mecharm.egg-info/top_level.txt
reading manifest file 'mecharm.egg-info/SOURCES.txt'
writing manifest file 'mecharm.egg-info/SOURCES.txt'
/usr/lib/python3/dist-packages/setuptools/command/easy_install.py:158: EasyInstallDeprecationWarning: easy_install command is deprecated. Use build and pip and other standards-based tools.
  warnings.warn(
running build_ext
Creating /home/david/ros2_ws/install/mecharm/lib/python3.10/site-packages/mecharm.egg-link (link to .)
Installing detect_marker script to /home/david/ros2_ws/install/mecharm/lib/mecharm
Installing follow_display script to /home/david/ros2_ws/install/mecharm/lib/mecharm
Installing following_marker script to /home/david/ros2_ws/install/mecharm/lib/mecharm
Installing listen_real script to /home/david/ros2_ws/install/mecharm/lib/mecharm
Installing listen_real_of_topic script to /home/david/ros2_ws/install/mecharm/lib/mecharm
Installing simple_gui script to /home/david/ros2_ws/install/mecharm/lib/mecharm
Installing slider_control script to /home/david/ros2_ws/install/mecharm/lib/mecharm
Installing teleop_keyboard script to /home/david/ros2_ws/install/mecharm/lib/mecharm

Installed /home/david/ros2_ws/build/mecharm
running symlink_data
