running develop
running egg_info
writing mycobot_280jn.egg-info/PKG-INFO
writing dependency_links to mycobot_280jn.egg-info/dependency_links.txt
writing entry points to mycobot_280jn.egg-info/entry_points.txt
writing requirements to mycobot_280jn.egg-info/requires.txt
writing top-level names to mycobot_280jn.egg-info/top_level.txt
reading manifest file 'mycobot_280jn.egg-info/SOURCES.txt'
writing manifest file 'mycobot_280jn.egg-info/SOURCES.txt'
running build_ext
Creating /home/david/ros2_ws/install/mycobot_280jn/lib/python3.10/site-packages/mycobot-280jn.egg-link (link to .)
Installing camera_display script to /home/david/ros2_ws/install/mycobot_280jn/lib/mycobot_280jn
Installing detect_marker script to /home/david/ros2_ws/install/mycobot_280jn/lib/mycobot_280jn
Installing follow_display script to /home/david/ros2_ws/install/mycobot_280jn/lib/mycobot_280jn
Installing following_marker script to /home/david/ros2_ws/install/mycobot_280jn/lib/mycobot_280jn
Installing listen_real script to /home/david/ros2_ws/install/mycobot_280jn/lib/mycobot_280jn
Installing listen_real_of_topic script to /home/david/ros2_ws/install/mycobot_280jn/lib/mycobot_280jn
Installing opencv_camera script to /home/david/ros2_ws/install/mycobot_280jn/lib/mycobot_280jn
Installing simple_gui script to /home/david/ros2_ws/install/mycobot_280jn/lib/mycobot_280jn
Installing slider_control script to /home/david/ros2_ws/install/mycobot_280jn/lib/mycobot_280jn
Installing teleop_keyboard script to /home/david/ros2_ws/install/mycobot_280jn/lib/mycobot_280jn

Installed /home/david/ros2_ws/build/mycobot_280jn
running symlink_data
