[0.577s] Invoking command in '/home/david/ros2_ws/build/mecharm_interfaces': CMAKE_PREFIX_PATH=${CMAKE_PREFIX_PATH}:/home/david/ros2_ws/install/ultraarm:/home/david/ros2_ws/install/mypalletizer_260_pi:/home/david/ros2_ws/install/mypalletizer_260:/home/david/ros2_ws/install/mypalletizer_communication:/home/david/ros2_ws/install/mycobot_630:/home/david/ros2_ws/install/mycobot_600:/home/david/ros2_ws/install/mycobot_320pi:/home/david/ros2_ws/install/mycobot_320:/home/david/ros2_ws/install/mycobot_280pi:/home/david/ros2_ws/install/mycobot_280jn:/home/david/ros2_ws/install/mycobot_280_x3pi:/home/david/ros2_ws/install/mycobot_280:/home/david/ros2_ws/install/myarm_m750:/home/david/ros2_ws/install/myarm_c650:/home/david/ros2_ws/install/myarm_300:/home/david/ros2_ws/install/mycobot_communication:/home/david/ros2_ws/install/mecharm_pi:/home/david/ros2_ws/install/mecharm:/home/david/ros2_ws/install/mecharm_communication:/home/david/ros2_ws/install/mybuddy:/home/david/ros2_ws/install/mycobot_description:/home/david/ros2_ws/install/my_py_pkg:/opt/ros/humble /usr/bin/cmake --build /home/david/ros2_ws/build/mecharm_interfaces -- -j12 -l12
[0.772s] [  0%] Built target mecharm_interfaces__cpp
[0.777s] [ 12%] Built target mecharm_interfaces__rosidl_generator_c
[0.783s] [ 12%] Built target ament_cmake_python_symlink_mecharm_interfaces
[0.874s] [ 24%] Built target mecharm_interfaces__rosidl_typesupport_introspection_cpp
[0.882s] [ 36%] Built target mecharm_interfaces__rosidl_typesupport_cpp
[0.890s] [ 64%] Built target mecharm_interfaces__rosidl_typesupport_fastrtps_cpp
[0.890s] [ 64%] Built target mecharm_interfaces__rosidl_typesupport_fastrtps_c
[0.890s] [ 71%] Built target mecharm_interfaces__rosidl_typesupport_c
[0.899s] [ 83%] Built target mecharm_interfaces__rosidl_typesupport_introspection_c
[0.959s] [ 83%] Built target mecharm_interfaces
[1.013s] [ 84%] Built target mecharm_interfaces__py
[1.095s] [ 95%] Built target mecharm_interfaces__rosidl_generator_py
[1.141s] [ 97%] Built target mecharm_interfaces__rosidl_typesupport_fastrtps_c__pyext
[1.158s] [ 99%] Built target mecharm_interfaces__rosidl_typesupport_introspection_c__pyext
[1.162s] [100%] Built target mecharm_interfaces__rosidl_typesupport_c__pyext
[1.478s] running egg_info
[1.479s] writing mecharm_interfaces.egg-info/PKG-INFO
[1.479s] writing dependency_links to mecharm_interfaces.egg-info/dependency_links.txt
[1.480s] writing top-level names to mecharm_interfaces.egg-info/top_level.txt
[1.484s] reading manifest file 'mecharm_interfaces.egg-info/SOURCES.txt'
[1.485s] writing manifest file 'mecharm_interfaces.egg-info/SOURCES.txt'
[1.543s] [100%] Built target ament_cmake_python_build_mecharm_interfaces_egg
[1.578s] Invoked command in '/home/david/ros2_ws/build/mecharm_interfaces' returned '0': CMAKE_PREFIX_PATH=${CMAKE_PREFIX_PATH}:/home/david/ros2_ws/install/ultraarm:/home/david/ros2_ws/install/mypalletizer_260_pi:/home/david/ros2_ws/install/mypalletizer_260:/home/david/ros2_ws/install/mypalletizer_communication:/home/david/ros2_ws/install/mycobot_630:/home/david/ros2_ws/install/mycobot_600:/home/david/ros2_ws/install/mycobot_320pi:/home/david/ros2_ws/install/mycobot_320:/home/david/ros2_ws/install/mycobot_280pi:/home/david/ros2_ws/install/mycobot_280jn:/home/david/ros2_ws/install/mycobot_280_x3pi:/home/david/ros2_ws/install/mycobot_280:/home/david/ros2_ws/install/myarm_m750:/home/david/ros2_ws/install/myarm_c650:/home/david/ros2_ws/install/myarm_300:/home/david/ros2_ws/install/mycobot_communication:/home/david/ros2_ws/install/mecharm_pi:/home/david/ros2_ws/install/mecharm:/home/david/ros2_ws/install/mecharm_communication:/home/david/ros2_ws/install/mybuddy:/home/david/ros2_ws/install/mycobot_description:/home/david/ros2_ws/install/my_py_pkg:/opt/ros/humble /usr/bin/cmake --build /home/david/ros2_ws/build/mecharm_interfaces -- -j12 -l12
[2.319s] Invoking command in '/home/david/ros2_ws/build/mecharm_interfaces': CMAKE_PREFIX_PATH=${CMAKE_PREFIX_PATH}:/home/david/ros2_ws/install/ultraarm:/home/david/ros2_ws/install/mypalletizer_260_pi:/home/david/ros2_ws/install/mypalletizer_260:/home/david/ros2_ws/install/mypalletizer_communication:/home/david/ros2_ws/install/mycobot_630:/home/david/ros2_ws/install/mycobot_600:/home/david/ros2_ws/install/mycobot_320pi:/home/david/ros2_ws/install/mycobot_320:/home/david/ros2_ws/install/mycobot_280pi:/home/david/ros2_ws/install/mycobot_280jn:/home/david/ros2_ws/install/mycobot_280_x3pi:/home/david/ros2_ws/install/mycobot_280:/home/david/ros2_ws/install/myarm_m750:/home/david/ros2_ws/install/myarm_c650:/home/david/ros2_ws/install/myarm_300:/home/david/ros2_ws/install/mycobot_communication:/home/david/ros2_ws/install/mecharm_pi:/home/david/ros2_ws/install/mecharm:/home/david/ros2_ws/install/mecharm_communication:/home/david/ros2_ws/install/mybuddy:/home/david/ros2_ws/install/mycobot_description:/home/david/ros2_ws/install/my_py_pkg:/opt/ros/humble /usr/bin/cmake --install /home/david/ros2_ws/build/mecharm_interfaces
[2.342s] -- Install configuration: ""
[2.345s] -- Execute custom install script
[2.346s] -- Up-to-date symlink: /home/david/ros2_ws/install/mecharm_interfaces/share/ament_index/resource_index/rosidl_interfaces/mecharm_interfaces
[2.348s] -- Up-to-date symlink: /home/david/ros2_ws/install/mecharm_interfaces/include/mecharm_interfaces/mecharm_interfaces/msg/detail/mecharm_angles__functions.h
[2.349s] -- Up-to-date symlink: /home/david/ros2_ws/install/mecharm_interfaces/include/mecharm_interfaces/mecharm_interfaces/msg/detail/mecharm_angles__struct.h
[2.349s] -- Up-to-date symlink: /home/david/ros2_ws/install/mecharm_interfaces/include/mecharm_interfaces/mecharm_interfaces/msg/detail/mecharm_angles__type_support.h
[2.349s] -- Up-to-date symlink: /home/david/ros2_ws/install/mecharm_interfaces/include/mecharm_interfaces/mecharm_interfaces/msg/detail/mecharm_coords__functions.h
[2.349s] -- Up-to-date symlink: /home/david/ros2_ws/install/mecharm_interfaces/include/mecharm_interfaces/mecharm_interfaces/msg/detail/mecharm_coords__struct.h
[2.350s] -- Up-to-date symlink: /home/david/ros2_ws/install/mecharm_interfaces/include/mecharm_interfaces/mecharm_interfaces/msg/detail/mecharm_coords__type_support.h
[2.351s] -- Up-to-date symlink: /home/david/ros2_ws/install/mecharm_interfaces/include/mecharm_interfaces/mecharm_interfaces/msg/detail/mecharm_gripper_status__functions.h
[2.351s] -- Up-to-date symlink: /home/david/ros2_ws/install/mecharm_interfaces/include/mecharm_interfaces/mecharm_interfaces/msg/detail/mecharm_gripper_status__struct.h
[2.351s] -- Up-to-date symlink: /home/david/ros2_ws/install/mecharm_interfaces/include/mecharm_interfaces/mecharm_interfaces/msg/detail/mecharm_gripper_status__type_support.h
[2.352s] -- Up-to-date symlink: /home/david/ros2_ws/install/mecharm_interfaces/include/mecharm_interfaces/mecharm_interfaces/msg/detail/mecharm_pump_status__functions.h
[2.353s] -- Up-to-date symlink: /home/david/ros2_ws/install/mecharm_interfaces/include/mecharm_interfaces/mecharm_interfaces/msg/detail/mecharm_pump_status__struct.h
[2.353s] -- Up-to-date symlink: /home/david/ros2_ws/install/mecharm_interfaces/include/mecharm_interfaces/mecharm_interfaces/msg/detail/mecharm_pump_status__type_support.h
[2.354s] -- Up-to-date symlink: /home/david/ros2_ws/install/mecharm_interfaces/include/mecharm_interfaces/mecharm_interfaces/msg/detail/mecharm_set_angles__functions.h
[2.354s] -- Up-to-date symlink: /home/david/ros2_ws/install/mecharm_interfaces/include/mecharm_interfaces/mecharm_interfaces/msg/detail/mecharm_set_angles__struct.h
[2.354s] -- Up-to-date symlink: /home/david/ros2_ws/install/mecharm_interfaces/include/mecharm_interfaces/mecharm_interfaces/msg/detail/mecharm_set_angles__type_support.h
[2.356s] -- Up-to-date symlink: /home/david/ros2_ws/install/mecharm_interfaces/include/mecharm_interfaces/mecharm_interfaces/msg/detail/mecharm_set_coords__functions.h
[2.356s] -- Up-to-date symlink: /home/david/ros2_ws/install/mecharm_interfaces/include/mecharm_interfaces/mecharm_interfaces/msg/detail/mecharm_set_coords__struct.h
[2.357s] -- Up-to-date symlink: /home/david/ros2_ws/install/mecharm_interfaces/include/mecharm_interfaces/mecharm_interfaces/msg/detail/mecharm_set_coords__type_support.h
[2.358s] -- Up-to-date symlink: /home/david/ros2_ws/install/mecharm_interfaces/include/mecharm_interfaces/mecharm_interfaces/msg/mecharm_angles.h
[2.359s] -- Up-to-date symlink: /home/david/ros2_ws/install/mecharm_interfaces/include/mecharm_interfaces/mecharm_interfaces/msg/mecharm_coords.h
[2.359s] -- Up-to-date symlink: /home/david/ros2_ws/install/mecharm_interfaces/include/mecharm_interfaces/mecharm_interfaces/msg/mecharm_gripper_status.h
[2.360s] -- Up-to-date symlink: /home/david/ros2_ws/install/mecharm_interfaces/include/mecharm_interfaces/mecharm_interfaces/msg/mecharm_pump_status.h
[2.360s] -- Up-to-date symlink: /home/david/ros2_ws/install/mecharm_interfaces/include/mecharm_interfaces/mecharm_interfaces/msg/mecharm_set_angles.h
[2.360s] -- Up-to-date symlink: /home/david/ros2_ws/install/mecharm_interfaces/include/mecharm_interfaces/mecharm_interfaces/msg/mecharm_set_coords.h
[2.360s] -- Up-to-date symlink: /home/david/ros2_ws/install/mecharm_interfaces/include/mecharm_interfaces/mecharm_interfaces/msg/rosidl_generator_c__visibility_control.h
[2.361s] -- Up-to-date symlink: /home/david/ros2_ws/install/mecharm_interfaces/include/mecharm_interfaces/mecharm_interfaces/srv/detail/get_angles__functions.h
[2.362s] -- Up-to-date symlink: /home/david/ros2_ws/install/mecharm_interfaces/include/mecharm_interfaces/mecharm_interfaces/srv/detail/get_angles__struct.h
[2.362s] -- Up-to-date symlink: /home/david/ros2_ws/install/mecharm_interfaces/include/mecharm_interfaces/mecharm_interfaces/srv/detail/get_angles__type_support.h
[2.363s] -- Up-to-date symlink: /home/david/ros2_ws/install/mecharm_interfaces/include/mecharm_interfaces/mecharm_interfaces/srv/detail/get_coords__functions.h
[2.364s] -- Up-to-date symlink: /home/david/ros2_ws/install/mecharm_interfaces/include/mecharm_interfaces/mecharm_interfaces/srv/detail/get_coords__struct.h
[2.364s] -- Up-to-date symlink: /home/david/ros2_ws/install/mecharm_interfaces/include/mecharm_interfaces/mecharm_interfaces/srv/detail/get_coords__type_support.h
[2.365s] -- Up-to-date symlink: /home/david/ros2_ws/install/mecharm_interfaces/include/mecharm_interfaces/mecharm_interfaces/srv/detail/gripper_status__functions.h
[2.365s] -- Up-to-date symlink: /home/david/ros2_ws/install/mecharm_interfaces/include/mecharm_interfaces/mecharm_interfaces/srv/detail/gripper_status__struct.h
[2.366s] -- Up-to-date symlink: /home/david/ros2_ws/install/mecharm_interfaces/include/mecharm_interfaces/mecharm_interfaces/srv/detail/gripper_status__type_support.h
[2.367s] -- Up-to-date symlink: /home/david/ros2_ws/install/mecharm_interfaces/include/mecharm_interfaces/mecharm_interfaces/srv/detail/pump_status__functions.h
[2.367s] -- Up-to-date symlink: /home/david/ros2_ws/install/mecharm_interfaces/include/mecharm_interfaces/mecharm_interfaces/srv/detail/pump_status__struct.h
[2.368s] -- Up-to-date symlink: /home/david/ros2_ws/install/mecharm_interfaces/include/mecharm_interfaces/mecharm_interfaces/srv/detail/pump_status__type_support.h
[2.369s] -- Up-to-date symlink: /home/david/ros2_ws/install/mecharm_interfaces/include/mecharm_interfaces/mecharm_interfaces/srv/detail/set_angles__functions.h
[2.369s] -- Up-to-date symlink: /home/david/ros2_ws/install/mecharm_interfaces/include/mecharm_interfaces/mecharm_interfaces/srv/detail/set_angles__struct.h
[2.369s] -- Up-to-date symlink: /home/david/ros2_ws/install/mecharm_interfaces/include/mecharm_interfaces/mecharm_interfaces/srv/detail/set_angles__type_support.h
[2.370s] -- Up-to-date symlink: /home/david/ros2_ws/install/mecharm_interfaces/include/mecharm_interfaces/mecharm_interfaces/srv/detail/set_coords__functions.h
[2.370s] -- Up-to-date symlink: /home/david/ros2_ws/install/mecharm_interfaces/include/mecharm_interfaces/mecharm_interfaces/srv/detail/set_coords__struct.h
[2.370s] -- Up-to-date symlink: /home/david/ros2_ws/install/mecharm_interfaces/include/mecharm_interfaces/mecharm_interfaces/srv/detail/set_coords__type_support.h
[2.371s] -- Up-to-date symlink: /home/david/ros2_ws/install/mecharm_interfaces/include/mecharm_interfaces/mecharm_interfaces/srv/get_angles.h
[2.372s] -- Up-to-date symlink: /home/david/ros2_ws/install/mecharm_interfaces/include/mecharm_interfaces/mecharm_interfaces/srv/get_coords.h
[2.373s] -- Up-to-date symlink: /home/david/ros2_ws/install/mecharm_interfaces/include/mecharm_interfaces/mecharm_interfaces/srv/gripper_status.h
[2.373s] -- Up-to-date symlink: /home/david/ros2_ws/install/mecharm_interfaces/include/mecharm_interfaces/mecharm_interfaces/srv/pump_status.h
[2.374s] -- Up-to-date symlink: /home/david/ros2_ws/install/mecharm_interfaces/include/mecharm_interfaces/mecharm_interfaces/srv/set_angles.h
[2.374s] -- Up-to-date symlink: /home/david/ros2_ws/install/mecharm_interfaces/include/mecharm_interfaces/mecharm_interfaces/srv/set_coords.h
[2.375s] -- Up-to-date symlink: /home/david/ros2_ws/install/mecharm_interfaces/share/mecharm_interfaces/environment/library_path.sh
[2.376s] -- Up-to-date symlink: /home/david/ros2_ws/install/mecharm_interfaces/share/mecharm_interfaces/environment/library_path.dsv
[2.379s] -- Up-to-date symlink: /home/david/ros2_ws/install/mecharm_interfaces/include/mecharm_interfaces/mecharm_interfaces/msg/detail/mecharm_angles__rosidl_typesupport_fastrtps_c.h
[2.379s] -- Up-to-date symlink: /home/david/ros2_ws/install/mecharm_interfaces/include/mecharm_interfaces/mecharm_interfaces/msg/detail/mecharm_coords__rosidl_typesupport_fastrtps_c.h
[2.381s] -- Up-to-date symlink: /home/david/ros2_ws/install/mecharm_interfaces/include/mecharm_interfaces/mecharm_interfaces/msg/detail/mecharm_gripper_status__rosidl_typesupport_fastrtps_c.h
[2.381s] -- Up-to-date symlink: /home/david/ros2_ws/install/mecharm_interfaces/include/mecharm_interfaces/mecharm_interfaces/msg/detail/mecharm_pump_status__rosidl_typesupport_fastrtps_c.h
[2.382s] -- Up-to-date symlink: /home/david/ros2_ws/install/mecharm_interfaces/include/mecharm_interfaces/mecharm_interfaces/msg/detail/mecharm_set_angles__rosidl_typesupport_fastrtps_c.h
[2.383s] -- Up-to-date symlink: /home/david/ros2_ws/install/mecharm_interfaces/include/mecharm_interfaces/mecharm_interfaces/msg/detail/mecharm_set_coords__rosidl_typesupport_fastrtps_c.h
[2.383s] -- Up-to-date symlink: /home/david/ros2_ws/install/mecharm_interfaces/include/mecharm_interfaces/mecharm_interfaces/msg/rosidl_typesupport_fastrtps_c__visibility_control.h
[2.384s] -- Up-to-date symlink: /home/david/ros2_ws/install/mecharm_interfaces/include/mecharm_interfaces/mecharm_interfaces/srv/detail/get_angles__rosidl_typesupport_fastrtps_c.h
[2.385s] -- Up-to-date symlink: /home/david/ros2_ws/install/mecharm_interfaces/include/mecharm_interfaces/mecharm_interfaces/srv/detail/get_coords__rosidl_typesupport_fastrtps_c.h
[2.385s] -- Up-to-date symlink: /home/david/ros2_ws/install/mecharm_interfaces/include/mecharm_interfaces/mecharm_interfaces/srv/detail/gripper_status__rosidl_typesupport_fastrtps_c.h
[2.386s] -- Up-to-date symlink: /home/david/ros2_ws/install/mecharm_interfaces/include/mecharm_interfaces/mecharm_interfaces/srv/detail/pump_status__rosidl_typesupport_fastrtps_c.h
[2.387s] -- Up-to-date symlink: /home/david/ros2_ws/install/mecharm_interfaces/include/mecharm_interfaces/mecharm_interfaces/srv/detail/set_angles__rosidl_typesupport_fastrtps_c.h
[2.388s] -- Up-to-date symlink: /home/david/ros2_ws/install/mecharm_interfaces/include/mecharm_interfaces/mecharm_interfaces/srv/detail/set_coords__rosidl_typesupport_fastrtps_c.h
[2.390s] -- Up-to-date symlink: /home/david/ros2_ws/install/mecharm_interfaces/include/mecharm_interfaces/mecharm_interfaces/msg/detail/mecharm_angles__rosidl_typesupport_introspection_c.h
[2.391s] -- Up-to-date symlink: /home/david/ros2_ws/install/mecharm_interfaces/include/mecharm_interfaces/mecharm_interfaces/msg/detail/mecharm_coords__rosidl_typesupport_introspection_c.h
[2.391s] -- Up-to-date symlink: /home/david/ros2_ws/install/mecharm_interfaces/include/mecharm_interfaces/mecharm_interfaces/msg/detail/mecharm_gripper_status__rosidl_typesupport_introspection_c.h
[2.392s] -- Up-to-date symlink: /home/david/ros2_ws/install/mecharm_interfaces/include/mecharm_interfaces/mecharm_interfaces/msg/detail/mecharm_pump_status__rosidl_typesupport_introspection_c.h
[2.392s] -- Up-to-date symlink: /home/david/ros2_ws/install/mecharm_interfaces/include/mecharm_interfaces/mecharm_interfaces/msg/detail/mecharm_set_angles__rosidl_typesupport_introspection_c.h
[2.393s] -- Up-to-date symlink: /home/david/ros2_ws/install/mecharm_interfaces/include/mecharm_interfaces/mecharm_interfaces/msg/detail/mecharm_set_coords__rosidl_typesupport_introspection_c.h
[2.394s] -- Up-to-date symlink: /home/david/ros2_ws/install/mecharm_interfaces/include/mecharm_interfaces/mecharm_interfaces/msg/rosidl_typesupport_introspection_c__visibility_control.h
[2.394s] -- Up-to-date symlink: /home/david/ros2_ws/install/mecharm_interfaces/include/mecharm_interfaces/mecharm_interfaces/srv/detail/get_angles__rosidl_typesupport_introspection_c.h
[2.395s] -- Up-to-date symlink: /home/david/ros2_ws/install/mecharm_interfaces/include/mecharm_interfaces/mecharm_interfaces/srv/detail/get_coords__rosidl_typesupport_introspection_c.h
[2.396s] -- Up-to-date symlink: /home/david/ros2_ws/install/mecharm_interfaces/include/mecharm_interfaces/mecharm_interfaces/srv/detail/gripper_status__rosidl_typesupport_introspection_c.h
[2.396s] -- Up-to-date symlink: /home/david/ros2_ws/install/mecharm_interfaces/include/mecharm_interfaces/mecharm_interfaces/srv/detail/pump_status__rosidl_typesupport_introspection_c.h
[2.397s] -- Up-to-date symlink: /home/david/ros2_ws/install/mecharm_interfaces/include/mecharm_interfaces/mecharm_interfaces/srv/detail/set_angles__rosidl_typesupport_introspection_c.h
[2.398s] -- Up-to-date symlink: /home/david/ros2_ws/install/mecharm_interfaces/include/mecharm_interfaces/mecharm_interfaces/srv/detail/set_coords__rosidl_typesupport_introspection_c.h
[2.399s] -- Up-to-date symlink: /home/david/ros2_ws/install/mecharm_interfaces/include/mecharm_interfaces/mecharm_interfaces/msg/detail/mecharm_angles__builder.hpp
[2.399s] -- Up-to-date symlink: /home/david/ros2_ws/install/mecharm_interfaces/include/mecharm_interfaces/mecharm_interfaces/msg/detail/mecharm_angles__struct.hpp
[2.400s] -- Up-to-date symlink: /home/david/ros2_ws/install/mecharm_interfaces/include/mecharm_interfaces/mecharm_interfaces/msg/detail/mecharm_angles__traits.hpp
[2.401s] -- Up-to-date symlink: /home/david/ros2_ws/install/mecharm_interfaces/include/mecharm_interfaces/mecharm_interfaces/msg/detail/mecharm_coords__builder.hpp
[2.402s] -- Up-to-date symlink: /home/david/ros2_ws/install/mecharm_interfaces/include/mecharm_interfaces/mecharm_interfaces/msg/detail/mecharm_coords__struct.hpp
[2.403s] -- Up-to-date symlink: /home/david/ros2_ws/install/mecharm_interfaces/include/mecharm_interfaces/mecharm_interfaces/msg/detail/mecharm_coords__traits.hpp
[2.403s] -- Up-to-date symlink: /home/david/ros2_ws/install/mecharm_interfaces/include/mecharm_interfaces/mecharm_interfaces/msg/detail/mecharm_gripper_status__builder.hpp
[2.404s] -- Up-to-date symlink: /home/david/ros2_ws/install/mecharm_interfaces/include/mecharm_interfaces/mecharm_interfaces/msg/detail/mecharm_gripper_status__struct.hpp
[2.405s] -- Up-to-date symlink: /home/david/ros2_ws/install/mecharm_interfaces/include/mecharm_interfaces/mecharm_interfaces/msg/detail/mecharm_gripper_status__traits.hpp
[2.406s] -- Up-to-date symlink: /home/david/ros2_ws/install/mecharm_interfaces/include/mecharm_interfaces/mecharm_interfaces/msg/detail/mecharm_pump_status__builder.hpp
[2.406s] -- Up-to-date symlink: /home/david/ros2_ws/install/mecharm_interfaces/include/mecharm_interfaces/mecharm_interfaces/msg/detail/mecharm_pump_status__struct.hpp
[2.407s] -- Up-to-date symlink: /home/david/ros2_ws/install/mecharm_interfaces/include/mecharm_interfaces/mecharm_interfaces/msg/detail/mecharm_pump_status__traits.hpp
[2.408s] -- Up-to-date symlink: /home/david/ros2_ws/install/mecharm_interfaces/include/mecharm_interfaces/mecharm_interfaces/msg/detail/mecharm_set_angles__builder.hpp
[2.408s] -- Up-to-date symlink: /home/david/ros2_ws/install/mecharm_interfaces/include/mecharm_interfaces/mecharm_interfaces/msg/detail/mecharm_set_angles__struct.hpp
[2.409s] -- Up-to-date symlink: /home/david/ros2_ws/install/mecharm_interfaces/include/mecharm_interfaces/mecharm_interfaces/msg/detail/mecharm_set_angles__traits.hpp
[2.410s] -- Up-to-date symlink: /home/david/ros2_ws/install/mecharm_interfaces/include/mecharm_interfaces/mecharm_interfaces/msg/detail/mecharm_set_coords__builder.hpp
[2.410s] -- Up-to-date symlink: /home/david/ros2_ws/install/mecharm_interfaces/include/mecharm_interfaces/mecharm_interfaces/msg/detail/mecharm_set_coords__struct.hpp
[2.410s] -- Up-to-date symlink: /home/david/ros2_ws/install/mecharm_interfaces/include/mecharm_interfaces/mecharm_interfaces/msg/detail/mecharm_set_coords__traits.hpp
[2.411s] -- Up-to-date symlink: /home/david/ros2_ws/install/mecharm_interfaces/include/mecharm_interfaces/mecharm_interfaces/msg/mecharm_angles.hpp
[2.411s] -- Up-to-date symlink: /home/david/ros2_ws/install/mecharm_interfaces/include/mecharm_interfaces/mecharm_interfaces/msg/mecharm_coords.hpp
[2.411s] -- Up-to-date symlink: /home/david/ros2_ws/install/mecharm_interfaces/include/mecharm_interfaces/mecharm_interfaces/msg/mecharm_gripper_status.hpp
[2.412s] -- Up-to-date symlink: /home/david/ros2_ws/install/mecharm_interfaces/include/mecharm_interfaces/mecharm_interfaces/msg/mecharm_pump_status.hpp
[2.413s] -- Up-to-date symlink: /home/david/ros2_ws/install/mecharm_interfaces/include/mecharm_interfaces/mecharm_interfaces/msg/mecharm_set_angles.hpp
[2.414s] -- Up-to-date symlink: /home/david/ros2_ws/install/mecharm_interfaces/include/mecharm_interfaces/mecharm_interfaces/msg/mecharm_set_coords.hpp
[2.415s] -- Up-to-date symlink: /home/david/ros2_ws/install/mecharm_interfaces/include/mecharm_interfaces/mecharm_interfaces/srv/detail/get_angles__builder.hpp
[2.415s] -- Up-to-date symlink: /home/david/ros2_ws/install/mecharm_interfaces/include/mecharm_interfaces/mecharm_interfaces/srv/detail/get_angles__struct.hpp
[2.415s] -- Up-to-date symlink: /home/david/ros2_ws/install/mecharm_interfaces/include/mecharm_interfaces/mecharm_interfaces/srv/detail/get_angles__traits.hpp
[2.416s] -- Up-to-date symlink: /home/david/ros2_ws/install/mecharm_interfaces/include/mecharm_interfaces/mecharm_interfaces/srv/detail/get_coords__builder.hpp
[2.417s] -- Up-to-date symlink: /home/david/ros2_ws/install/mecharm_interfaces/include/mecharm_interfaces/mecharm_interfaces/srv/detail/get_coords__struct.hpp
[2.418s] -- Up-to-date symlink: /home/david/ros2_ws/install/mecharm_interfaces/include/mecharm_interfaces/mecharm_interfaces/srv/detail/get_coords__traits.hpp
[2.418s] -- Up-to-date symlink: /home/david/ros2_ws/install/mecharm_interfaces/include/mecharm_interfaces/mecharm_interfaces/srv/detail/gripper_status__builder.hpp
[2.418s] -- Up-to-date symlink: /home/david/ros2_ws/install/mecharm_interfaces/include/mecharm_interfaces/mecharm_interfaces/srv/detail/gripper_status__struct.hpp
[2.419s] -- Up-to-date symlink: /home/david/ros2_ws/install/mecharm_interfaces/include/mecharm_interfaces/mecharm_interfaces/srv/detail/gripper_status__traits.hpp
[2.420s] -- Up-to-date symlink: /home/david/ros2_ws/install/mecharm_interfaces/include/mecharm_interfaces/mecharm_interfaces/srv/detail/pump_status__builder.hpp
[2.420s] -- Up-to-date symlink: /home/david/ros2_ws/install/mecharm_interfaces/include/mecharm_interfaces/mecharm_interfaces/srv/detail/pump_status__struct.hpp
[2.420s] -- Up-to-date symlink: /home/david/ros2_ws/install/mecharm_interfaces/include/mecharm_interfaces/mecharm_interfaces/srv/detail/pump_status__traits.hpp
[2.421s] -- Up-to-date symlink: /home/david/ros2_ws/install/mecharm_interfaces/include/mecharm_interfaces/mecharm_interfaces/srv/detail/set_angles__builder.hpp
[2.422s] -- Up-to-date symlink: /home/david/ros2_ws/install/mecharm_interfaces/include/mecharm_interfaces/mecharm_interfaces/srv/detail/set_angles__struct.hpp
[2.423s] -- Up-to-date symlink: /home/david/ros2_ws/install/mecharm_interfaces/include/mecharm_interfaces/mecharm_interfaces/srv/detail/set_angles__traits.hpp
[2.423s] -- Up-to-date symlink: /home/david/ros2_ws/install/mecharm_interfaces/include/mecharm_interfaces/mecharm_interfaces/srv/detail/set_coords__builder.hpp
[2.423s] -- Up-to-date symlink: /home/david/ros2_ws/install/mecharm_interfaces/include/mecharm_interfaces/mecharm_interfaces/srv/detail/set_coords__struct.hpp
[2.424s] -- Up-to-date symlink: /home/david/ros2_ws/install/mecharm_interfaces/include/mecharm_interfaces/mecharm_interfaces/srv/detail/set_coords__traits.hpp
[2.424s] -- Up-to-date symlink: /home/david/ros2_ws/install/mecharm_interfaces/include/mecharm_interfaces/mecharm_interfaces/srv/get_angles.hpp
[2.424s] -- Up-to-date symlink: /home/david/ros2_ws/install/mecharm_interfaces/include/mecharm_interfaces/mecharm_interfaces/srv/get_coords.hpp
[2.425s] -- Up-to-date symlink: /home/david/ros2_ws/install/mecharm_interfaces/include/mecharm_interfaces/mecharm_interfaces/srv/gripper_status.hpp
[2.425s] -- Up-to-date symlink: /home/david/ros2_ws/install/mecharm_interfaces/include/mecharm_interfaces/mecharm_interfaces/srv/pump_status.hpp
[2.425s] -- Up-to-date symlink: /home/david/ros2_ws/install/mecharm_interfaces/include/mecharm_interfaces/mecharm_interfaces/srv/set_angles.hpp
[2.426s] -- Up-to-date symlink: /home/david/ros2_ws/install/mecharm_interfaces/include/mecharm_interfaces/mecharm_interfaces/srv/set_coords.hpp
[2.429s] -- Up-to-date symlink: /home/david/ros2_ws/install/mecharm_interfaces/include/mecharm_interfaces/mecharm_interfaces/msg/detail/mecharm_angles__rosidl_typesupport_fastrtps_cpp.hpp
[2.429s] -- Up-to-date symlink: /home/david/ros2_ws/install/mecharm_interfaces/include/mecharm_interfaces/mecharm_interfaces/msg/detail/mecharm_coords__rosidl_typesupport_fastrtps_cpp.hpp
[2.430s] -- Up-to-date symlink: /home/david/ros2_ws/install/mecharm_interfaces/include/mecharm_interfaces/mecharm_interfaces/msg/detail/mecharm_gripper_status__rosidl_typesupport_fastrtps_cpp.hpp
[2.430s] -- Up-to-date symlink: /home/david/ros2_ws/install/mecharm_interfaces/include/mecharm_interfaces/mecharm_interfaces/msg/detail/mecharm_pump_status__rosidl_typesupport_fastrtps_cpp.hpp
[2.431s] -- Up-to-date symlink: /home/david/ros2_ws/install/mecharm_interfaces/include/mecharm_interfaces/mecharm_interfaces/msg/detail/mecharm_set_angles__rosidl_typesupport_fastrtps_cpp.hpp
[2.431s] -- Up-to-date symlink: /home/david/ros2_ws/install/mecharm_interfaces/include/mecharm_interfaces/mecharm_interfaces/msg/detail/mecharm_set_coords__rosidl_typesupport_fastrtps_cpp.hpp
[2.432s] -- Up-to-date symlink: /home/david/ros2_ws/install/mecharm_interfaces/include/mecharm_interfaces/mecharm_interfaces/msg/rosidl_typesupport_fastrtps_cpp__visibility_control.h
[2.433s] -- Up-to-date symlink: /home/david/ros2_ws/install/mecharm_interfaces/include/mecharm_interfaces/mecharm_interfaces/srv/detail/get_angles__rosidl_typesupport_fastrtps_cpp.hpp
[2.433s] -- Up-to-date symlink: /home/david/ros2_ws/install/mecharm_interfaces/include/mecharm_interfaces/mecharm_interfaces/srv/detail/get_coords__rosidl_typesupport_fastrtps_cpp.hpp
[2.434s] -- Up-to-date symlink: /home/david/ros2_ws/install/mecharm_interfaces/include/mecharm_interfaces/mecharm_interfaces/srv/detail/gripper_status__rosidl_typesupport_fastrtps_cpp.hpp
[2.436s] -- Up-to-date symlink: /home/david/ros2_ws/install/mecharm_interfaces/include/mecharm_interfaces/mecharm_interfaces/srv/detail/pump_status__rosidl_typesupport_fastrtps_cpp.hpp
[2.436s] -- Up-to-date symlink: /home/david/ros2_ws/install/mecharm_interfaces/include/mecharm_interfaces/mecharm_interfaces/srv/detail/set_angles__rosidl_typesupport_fastrtps_cpp.hpp
[2.437s] -- Up-to-date symlink: /home/david/ros2_ws/install/mecharm_interfaces/include/mecharm_interfaces/mecharm_interfaces/srv/detail/set_coords__rosidl_typesupport_fastrtps_cpp.hpp
[2.437s] -- Up-to-date symlink: /home/david/ros2_ws/install/mecharm_interfaces/include/mecharm_interfaces/mecharm_interfaces/msg/detail/mecharm_angles__rosidl_typesupport_introspection_cpp.hpp
[2.438s] -- Up-to-date symlink: /home/david/ros2_ws/install/mecharm_interfaces/include/mecharm_interfaces/mecharm_interfaces/msg/detail/mecharm_coords__rosidl_typesupport_introspection_cpp.hpp
[2.439s] -- Up-to-date symlink: /home/david/ros2_ws/install/mecharm_interfaces/include/mecharm_interfaces/mecharm_interfaces/msg/detail/mecharm_gripper_status__rosidl_typesupport_introspection_cpp.hpp
[2.439s] -- Up-to-date symlink: /home/david/ros2_ws/install/mecharm_interfaces/include/mecharm_interfaces/mecharm_interfaces/msg/detail/mecharm_pump_status__rosidl_typesupport_introspection_cpp.hpp
[2.440s] -- Up-to-date symlink: /home/david/ros2_ws/install/mecharm_interfaces/include/mecharm_interfaces/mecharm_interfaces/msg/detail/mecharm_set_angles__rosidl_typesupport_introspection_cpp.hpp
[2.441s] -- Up-to-date symlink: /home/david/ros2_ws/install/mecharm_interfaces/include/mecharm_interfaces/mecharm_interfaces/msg/detail/mecharm_set_coords__rosidl_typesupport_introspection_cpp.hpp
[2.441s] -- Up-to-date symlink: /home/david/ros2_ws/install/mecharm_interfaces/include/mecharm_interfaces/mecharm_interfaces/srv/detail/get_angles__rosidl_typesupport_introspection_cpp.hpp
[2.442s] -- Up-to-date symlink: /home/david/ros2_ws/install/mecharm_interfaces/include/mecharm_interfaces/mecharm_interfaces/srv/detail/get_coords__rosidl_typesupport_introspection_cpp.hpp
[2.443s] -- Up-to-date symlink: /home/david/ros2_ws/install/mecharm_interfaces/include/mecharm_interfaces/mecharm_interfaces/srv/detail/gripper_status__rosidl_typesupport_introspection_cpp.hpp
[2.443s] -- Up-to-date symlink: /home/david/ros2_ws/install/mecharm_interfaces/include/mecharm_interfaces/mecharm_interfaces/srv/detail/pump_status__rosidl_typesupport_introspection_cpp.hpp
[2.443s] -- Up-to-date symlink: /home/david/ros2_ws/install/mecharm_interfaces/include/mecharm_interfaces/mecharm_interfaces/srv/detail/set_angles__rosidl_typesupport_introspection_cpp.hpp
[2.444s] -- Up-to-date symlink: /home/david/ros2_ws/install/mecharm_interfaces/include/mecharm_interfaces/mecharm_interfaces/srv/detail/set_coords__rosidl_typesupport_introspection_cpp.hpp
[2.444s] -- Up-to-date symlink: /home/david/ros2_ws/install/mecharm_interfaces/share/mecharm_interfaces/environment/pythonpath.sh
[2.445s] -- Up-to-date symlink: /home/david/ros2_ws/install/mecharm_interfaces/share/mecharm_interfaces/environment/pythonpath.dsv
[2.445s] -- Up-to-date symlink: /home/david/ros2_ws/install/mecharm_interfaces/local/lib/python3.10/dist-packages/mecharm_interfaces-0.0.0-py3.10.egg-info/PKG-INFO
[2.446s] -- Up-to-date symlink: /home/david/ros2_ws/install/mecharm_interfaces/local/lib/python3.10/dist-packages/mecharm_interfaces-0.0.0-py3.10.egg-info/SOURCES.txt
[2.446s] -- Up-to-date symlink: /home/david/ros2_ws/install/mecharm_interfaces/local/lib/python3.10/dist-packages/mecharm_interfaces-0.0.0-py3.10.egg-info/dependency_links.txt
[2.447s] -- Up-to-date symlink: /home/david/ros2_ws/install/mecharm_interfaces/local/lib/python3.10/dist-packages/mecharm_interfaces-0.0.0-py3.10.egg-info/top_level.txt
[2.450s] -- Up-to-date symlink: /home/david/ros2_ws/install/mecharm_interfaces/local/lib/python3.10/dist-packages/mecharm_interfaces/__init__.py
[2.451s] -- Up-to-date symlink: /home/david/ros2_ws/install/mecharm_interfaces/local/lib/python3.10/dist-packages/mecharm_interfaces/_mecharm_interfaces_s.ep.rosidl_typesupport_c.c
[2.451s] -- Up-to-date symlink: /home/david/ros2_ws/install/mecharm_interfaces/local/lib/python3.10/dist-packages/mecharm_interfaces/_mecharm_interfaces_s.ep.rosidl_typesupport_fastrtps_c.c
[2.451s] -- Up-to-date symlink: /home/david/ros2_ws/install/mecharm_interfaces/local/lib/python3.10/dist-packages/mecharm_interfaces/_mecharm_interfaces_s.ep.rosidl_typesupport_introspection_c.c
[2.451s] -- Up-to-date symlink: /home/david/ros2_ws/install/mecharm_interfaces/local/lib/python3.10/dist-packages/mecharm_interfaces/libmecharm_interfaces__rosidl_generator_py.so
[2.452s] -- Up-to-date symlink: /home/david/ros2_ws/install/mecharm_interfaces/local/lib/python3.10/dist-packages/mecharm_interfaces/mecharm_interfaces_s__rosidl_typesupport_c.cpython-310-x86_64-linux-gnu.so
[2.452s] -- Up-to-date symlink: /home/david/ros2_ws/install/mecharm_interfaces/local/lib/python3.10/dist-packages/mecharm_interfaces/mecharm_interfaces_s__rosidl_typesupport_fastrtps_c.cpython-310-x86_64-linux-gnu.so
[2.452s] -- Up-to-date symlink: /home/david/ros2_ws/install/mecharm_interfaces/local/lib/python3.10/dist-packages/mecharm_interfaces/mecharm_interfaces_s__rosidl_typesupport_introspection_c.cpython-310-x86_64-linux-gnu.so
[2.453s] -- Up-to-date symlink: /home/david/ros2_ws/install/mecharm_interfaces/local/lib/python3.10/dist-packages/mecharm_interfaces/msg/__init__.py
[2.453s] -- Up-to-date symlink: /home/david/ros2_ws/install/mecharm_interfaces/local/lib/python3.10/dist-packages/mecharm_interfaces/msg/_mecharm_angles.py
[2.454s] -- Up-to-date symlink: /home/david/ros2_ws/install/mecharm_interfaces/local/lib/python3.10/dist-packages/mecharm_interfaces/msg/_mecharm_angles_s.c
[2.454s] -- Up-to-date symlink: /home/david/ros2_ws/install/mecharm_interfaces/local/lib/python3.10/dist-packages/mecharm_interfaces/msg/_mecharm_coords.py
[2.455s] -- Up-to-date symlink: /home/david/ros2_ws/install/mecharm_interfaces/local/lib/python3.10/dist-packages/mecharm_interfaces/msg/_mecharm_coords_s.c
[2.455s] -- Up-to-date symlink: /home/david/ros2_ws/install/mecharm_interfaces/local/lib/python3.10/dist-packages/mecharm_interfaces/msg/_mecharm_gripper_status.py
[2.456s] -- Up-to-date symlink: /home/david/ros2_ws/install/mecharm_interfaces/local/lib/python3.10/dist-packages/mecharm_interfaces/msg/_mecharm_gripper_status_s.c
[2.456s] -- Up-to-date symlink: /home/david/ros2_ws/install/mecharm_interfaces/local/lib/python3.10/dist-packages/mecharm_interfaces/msg/_mecharm_pump_status.py
[2.457s] -- Up-to-date symlink: /home/david/ros2_ws/install/mecharm_interfaces/local/lib/python3.10/dist-packages/mecharm_interfaces/msg/_mecharm_pump_status_s.c
[2.457s] -- Up-to-date symlink: /home/david/ros2_ws/install/mecharm_interfaces/local/lib/python3.10/dist-packages/mecharm_interfaces/msg/_mecharm_set_angles.py
[2.458s] -- Up-to-date symlink: /home/david/ros2_ws/install/mecharm_interfaces/local/lib/python3.10/dist-packages/mecharm_interfaces/msg/_mecharm_set_angles_s.c
[2.459s] -- Up-to-date symlink: /home/david/ros2_ws/install/mecharm_interfaces/local/lib/python3.10/dist-packages/mecharm_interfaces/msg/_mecharm_set_coords.py
[2.459s] -- Up-to-date symlink: /home/david/ros2_ws/install/mecharm_interfaces/local/lib/python3.10/dist-packages/mecharm_interfaces/msg/_mecharm_set_coords_s.c
[2.459s] -- Up-to-date symlink: /home/david/ros2_ws/install/mecharm_interfaces/local/lib/python3.10/dist-packages/mecharm_interfaces/srv/__init__.py
[2.460s] -- Up-to-date symlink: /home/david/ros2_ws/install/mecharm_interfaces/local/lib/python3.10/dist-packages/mecharm_interfaces/srv/_get_angles.py
[2.461s] -- Up-to-date symlink: /home/david/ros2_ws/install/mecharm_interfaces/local/lib/python3.10/dist-packages/mecharm_interfaces/srv/_get_angles_s.c
[2.461s] -- Up-to-date symlink: /home/david/ros2_ws/install/mecharm_interfaces/local/lib/python3.10/dist-packages/mecharm_interfaces/srv/_get_coords.py
[2.462s] -- Up-to-date symlink: /home/david/ros2_ws/install/mecharm_interfaces/local/lib/python3.10/dist-packages/mecharm_interfaces/srv/_get_coords_s.c
[2.462s] -- Up-to-date symlink: /home/david/ros2_ws/install/mecharm_interfaces/local/lib/python3.10/dist-packages/mecharm_interfaces/srv/_gripper_status.py
[2.463s] -- Up-to-date symlink: /home/david/ros2_ws/install/mecharm_interfaces/local/lib/python3.10/dist-packages/mecharm_interfaces/srv/_gripper_status_s.c
[2.463s] -- Up-to-date symlink: /home/david/ros2_ws/install/mecharm_interfaces/local/lib/python3.10/dist-packages/mecharm_interfaces/srv/_pump_status.py
[2.464s] -- Up-to-date symlink: /home/david/ros2_ws/install/mecharm_interfaces/local/lib/python3.10/dist-packages/mecharm_interfaces/srv/_pump_status_s.c
[2.464s] -- Up-to-date symlink: /home/david/ros2_ws/install/mecharm_interfaces/local/lib/python3.10/dist-packages/mecharm_interfaces/srv/_set_angles.py
[2.465s] -- Up-to-date symlink: /home/david/ros2_ws/install/mecharm_interfaces/local/lib/python3.10/dist-packages/mecharm_interfaces/srv/_set_angles_s.c
[2.465s] -- Up-to-date symlink: /home/david/ros2_ws/install/mecharm_interfaces/local/lib/python3.10/dist-packages/mecharm_interfaces/srv/_set_coords.py
[2.466s] -- Up-to-date symlink: /home/david/ros2_ws/install/mecharm_interfaces/local/lib/python3.10/dist-packages/mecharm_interfaces/srv/_set_coords_s.c
[2.466s] -- Up-to-date symlink: /home/david/ros2_ws/install/mecharm_interfaces/local/lib/python3.10/dist-packages/mecharm_interfaces/mecharm_interfaces_s__rosidl_typesupport_fastrtps_c.cpython-310-x86_64-linux-gnu.so
[2.467s] -- Up-to-date symlink: /home/david/ros2_ws/install/mecharm_interfaces/local/lib/python3.10/dist-packages/mecharm_interfaces/mecharm_interfaces_s__rosidl_typesupport_introspection_c.cpython-310-x86_64-linux-gnu.so
[2.468s] -- Up-to-date symlink: /home/david/ros2_ws/install/mecharm_interfaces/local/lib/python3.10/dist-packages/mecharm_interfaces/mecharm_interfaces_s__rosidl_typesupport_c.cpython-310-x86_64-linux-gnu.so
[2.469s] -- Up-to-date symlink: /home/david/ros2_ws/install/mecharm_interfaces/share/mecharm_interfaces/msg/MecharmAngles.idl
[2.469s] -- Up-to-date symlink: /home/david/ros2_ws/install/mecharm_interfaces/share/mecharm_interfaces/msg/MecharmCoords.idl
[2.470s] -- Up-to-date symlink: /home/david/ros2_ws/install/mecharm_interfaces/share/mecharm_interfaces/msg/MecharmSetAngles.idl
[2.470s] -- Up-to-date symlink: /home/david/ros2_ws/install/mecharm_interfaces/share/mecharm_interfaces/msg/MecharmSetCoords.idl
[2.471s] -- Up-to-date symlink: /home/david/ros2_ws/install/mecharm_interfaces/share/mecharm_interfaces/msg/MecharmGripperStatus.idl
[2.472s] -- Up-to-date symlink: /home/david/ros2_ws/install/mecharm_interfaces/share/mecharm_interfaces/msg/MecharmPumpStatus.idl
[2.472s] -- Up-to-date symlink: /home/david/ros2_ws/install/mecharm_interfaces/share/mecharm_interfaces/srv/GetAngles.idl
[2.473s] -- Up-to-date symlink: /home/david/ros2_ws/install/mecharm_interfaces/share/mecharm_interfaces/srv/SetAngles.idl
[2.474s] -- Up-to-date symlink: /home/david/ros2_ws/install/mecharm_interfaces/share/mecharm_interfaces/srv/GetCoords.idl
[2.474s] -- Up-to-date symlink: /home/david/ros2_ws/install/mecharm_interfaces/share/mecharm_interfaces/srv/SetCoords.idl
[2.474s] -- Up-to-date symlink: /home/david/ros2_ws/install/mecharm_interfaces/share/mecharm_interfaces/srv/GripperStatus.idl
[2.474s] -- Up-to-date symlink: /home/david/ros2_ws/install/mecharm_interfaces/share/mecharm_interfaces/srv/PumpStatus.idl
[2.475s] -- Up-to-date symlink: /home/david/ros2_ws/install/mecharm_interfaces/share/mecharm_interfaces/msg/MecharmAngles.msg
[2.475s] -- Up-to-date symlink: /home/david/ros2_ws/install/mecharm_interfaces/share/mecharm_interfaces/msg/MecharmCoords.msg
[2.475s] -- Up-to-date symlink: /home/david/ros2_ws/install/mecharm_interfaces/share/mecharm_interfaces/msg/MecharmSetAngles.msg
[2.475s] -- Up-to-date symlink: /home/david/ros2_ws/install/mecharm_interfaces/share/mecharm_interfaces/msg/MecharmSetCoords.msg
[2.476s] -- Up-to-date symlink: /home/david/ros2_ws/install/mecharm_interfaces/share/mecharm_interfaces/msg/MecharmGripperStatus.msg
[2.476s] -- Up-to-date symlink: /home/david/ros2_ws/install/mecharm_interfaces/share/mecharm_interfaces/msg/MecharmPumpStatus.msg
[2.476s] -- Up-to-date symlink: /home/david/ros2_ws/install/mecharm_interfaces/share/mecharm_interfaces/srv/GetAngles.srv
[2.477s] -- Up-to-date symlink: /home/david/ros2_ws/install/mecharm_interfaces/share/mecharm_interfaces/srv/GetAngles_Request.msg
[2.477s] -- Up-to-date symlink: /home/david/ros2_ws/install/mecharm_interfaces/share/mecharm_interfaces/srv/GetAngles_Response.msg
[2.478s] -- Up-to-date symlink: /home/david/ros2_ws/install/mecharm_interfaces/share/mecharm_interfaces/srv/SetAngles.srv
[2.478s] -- Up-to-date symlink: /home/david/ros2_ws/install/mecharm_interfaces/share/mecharm_interfaces/srv/SetAngles_Request.msg
[2.478s] -- Up-to-date symlink: /home/david/ros2_ws/install/mecharm_interfaces/share/mecharm_interfaces/srv/SetAngles_Response.msg
[2.479s] -- Up-to-date symlink: /home/david/ros2_ws/install/mecharm_interfaces/share/mecharm_interfaces/srv/GetCoords.srv
[2.479s] -- Up-to-date symlink: /home/david/ros2_ws/install/mecharm_interfaces/share/mecharm_interfaces/srv/GetCoords_Request.msg
[2.479s] -- Up-to-date symlink: /home/david/ros2_ws/install/mecharm_interfaces/share/mecharm_interfaces/srv/GetCoords_Response.msg
[2.479s] -- Up-to-date symlink: /home/david/ros2_ws/install/mecharm_interfaces/share/mecharm_interfaces/srv/SetCoords.srv
[2.480s] -- Up-to-date symlink: /home/david/ros2_ws/install/mecharm_interfaces/share/mecharm_interfaces/srv/SetCoords_Request.msg
[2.480s] -- Up-to-date symlink: /home/david/ros2_ws/install/mecharm_interfaces/share/mecharm_interfaces/srv/SetCoords_Response.msg
[2.480s] -- Up-to-date symlink: /home/david/ros2_ws/install/mecharm_interfaces/share/mecharm_interfaces/srv/GripperStatus.srv
[2.481s] -- Up-to-date symlink: /home/david/ros2_ws/install/mecharm_interfaces/share/mecharm_interfaces/srv/GripperStatus_Request.msg
[2.481s] -- Up-to-date symlink: /home/david/ros2_ws/install/mecharm_interfaces/share/mecharm_interfaces/srv/GripperStatus_Response.msg
[2.481s] -- Up-to-date symlink: /home/david/ros2_ws/install/mecharm_interfaces/share/mecharm_interfaces/srv/PumpStatus.srv
[2.481s] -- Up-to-date symlink: /home/david/ros2_ws/install/mecharm_interfaces/share/mecharm_interfaces/srv/PumpStatus_Request.msg
[2.482s] -- Up-to-date symlink: /home/david/ros2_ws/install/mecharm_interfaces/share/mecharm_interfaces/srv/PumpStatus_Response.msg
[2.482s] -- Up-to-date symlink: /home/david/ros2_ws/install/mecharm_interfaces/share/ament_index/resource_index/package_run_dependencies/mecharm_interfaces
[2.482s] -- Up-to-date symlink: /home/david/ros2_ws/install/mecharm_interfaces/share/ament_index/resource_index/parent_prefix_path/mecharm_interfaces
[2.482s] -- Up-to-date symlink: /home/david/ros2_ws/install/mecharm_interfaces/share/mecharm_interfaces/environment/ament_prefix_path.sh
[2.483s] -- Up-to-date symlink: /home/david/ros2_ws/install/mecharm_interfaces/share/mecharm_interfaces/environment/ament_prefix_path.dsv
[2.483s] -- Up-to-date symlink: /home/david/ros2_ws/install/mecharm_interfaces/share/mecharm_interfaces/environment/path.sh
[2.483s] -- Up-to-date symlink: /home/david/ros2_ws/install/mecharm_interfaces/share/mecharm_interfaces/environment/path.dsv
[2.483s] -- Up-to-date symlink: /home/david/ros2_ws/install/mecharm_interfaces/share/mecharm_interfaces/local_setup.bash
[2.484s] -- Up-to-date symlink: /home/david/ros2_ws/install/mecharm_interfaces/share/mecharm_interfaces/local_setup.sh
[2.484s] -- Up-to-date symlink: /home/david/ros2_ws/install/mecharm_interfaces/share/mecharm_interfaces/local_setup.zsh
[2.484s] -- Up-to-date symlink: /home/david/ros2_ws/install/mecharm_interfaces/share/mecharm_interfaces/local_setup.dsv
[2.484s] -- Symlinking: /home/david/ros2_ws/install/mecharm_interfaces/share/mecharm_interfaces/package.dsv
[2.486s] -- Up-to-date symlink: /home/david/ros2_ws/install/mecharm_interfaces/share/ament_index/resource_index/packages/mecharm_interfaces
[2.486s] -- Up-to-date symlink: /home/david/ros2_ws/install/mecharm_interfaces/share/mecharm_interfaces/cmake/rosidl_cmake-extras.cmake
[2.486s] -- Up-to-date symlink: /home/david/ros2_ws/install/mecharm_interfaces/share/mecharm_interfaces/cmake/ament_cmake_export_dependencies-extras.cmake
[2.486s] -- Up-to-date symlink: /home/david/ros2_ws/install/mecharm_interfaces/share/mecharm_interfaces/cmake/ament_cmake_export_include_directories-extras.cmake
[2.487s] -- Up-to-date symlink: /home/david/ros2_ws/install/mecharm_interfaces/share/mecharm_interfaces/cmake/ament_cmake_export_libraries-extras.cmake
[2.487s] -- Up-to-date symlink: /home/david/ros2_ws/install/mecharm_interfaces/share/mecharm_interfaces/cmake/ament_cmake_export_targets-extras.cmake
[2.487s] -- Up-to-date symlink: /home/david/ros2_ws/install/mecharm_interfaces/share/mecharm_interfaces/cmake/rosidl_cmake_export_typesupport_targets-extras.cmake
[2.487s] -- Up-to-date symlink: /home/david/ros2_ws/install/mecharm_interfaces/share/mecharm_interfaces/cmake/rosidl_cmake_export_typesupport_libraries-extras.cmake
[2.487s] -- Up-to-date symlink: /home/david/ros2_ws/install/mecharm_interfaces/share/mecharm_interfaces/cmake/mecharm_interfacesConfig.cmake
[2.487s] -- Up-to-date symlink: /home/david/ros2_ws/install/mecharm_interfaces/share/mecharm_interfaces/cmake/mecharm_interfacesConfig-version.cmake
[2.487s] -- Up-to-date symlink: /home/david/ros2_ws/install/mecharm_interfaces/share/mecharm_interfaces/package.xml
[2.487s] -- Up-to-date: /home/david/ros2_ws/install/mecharm_interfaces/lib/libmecharm_interfaces__rosidl_generator_c.so
[2.487s] -- Up-to-date: /home/david/ros2_ws/install/mecharm_interfaces/lib/libmecharm_interfaces__rosidl_typesupport_fastrtps_c.so
[2.487s] -- Up-to-date: /home/david/ros2_ws/install/mecharm_interfaces/lib/libmecharm_interfaces__rosidl_typesupport_introspection_c.so
[2.488s] -- Up-to-date: /home/david/ros2_ws/install/mecharm_interfaces/lib/libmecharm_interfaces__rosidl_typesupport_c.so
[2.488s] -- Up-to-date: /home/david/ros2_ws/install/mecharm_interfaces/lib/libmecharm_interfaces__rosidl_typesupport_fastrtps_cpp.so
[2.488s] -- Up-to-date: /home/david/ros2_ws/install/mecharm_interfaces/lib/libmecharm_interfaces__rosidl_typesupport_introspection_cpp.so
[2.488s] -- Up-to-date: /home/david/ros2_ws/install/mecharm_interfaces/lib/libmecharm_interfaces__rosidl_typesupport_cpp.so
[2.670s] Listing '/home/david/ros2_ws/install/mecharm_interfaces/local/lib/python3.10/dist-packages/mecharm_interfaces'...
[2.670s] Listing '/home/david/ros2_ws/install/mecharm_interfaces/local/lib/python3.10/dist-packages/mecharm_interfaces/msg'...
[2.670s] Listing '/home/david/ros2_ws/install/mecharm_interfaces/local/lib/python3.10/dist-packages/mecharm_interfaces/srv'...
[2.688s] -- Up-to-date: /home/david/ros2_ws/install/mecharm_interfaces/lib/libmecharm_interfaces__rosidl_generator_py.so
[2.689s] -- Up-to-date: /home/david/ros2_ws/install/mecharm_interfaces/share/mecharm_interfaces/cmake/export_mecharm_interfaces__rosidl_generator_cExport.cmake
[2.692s] -- Up-to-date: /home/david/ros2_ws/install/mecharm_interfaces/share/mecharm_interfaces/cmake/export_mecharm_interfaces__rosidl_generator_cExport-noconfig.cmake
[2.692s] -- Up-to-date: /home/david/ros2_ws/install/mecharm_interfaces/share/mecharm_interfaces/cmake/export_mecharm_interfaces__rosidl_typesupport_fastrtps_cExport.cmake
[2.693s] -- Up-to-date: /home/david/ros2_ws/install/mecharm_interfaces/share/mecharm_interfaces/cmake/export_mecharm_interfaces__rosidl_typesupport_fastrtps_cExport-noconfig.cmake
[2.693s] -- Up-to-date: /home/david/ros2_ws/install/mecharm_interfaces/share/mecharm_interfaces/cmake/mecharm_interfaces__rosidl_typesupport_introspection_cExport.cmake
[2.693s] -- Up-to-date: /home/david/ros2_ws/install/mecharm_interfaces/share/mecharm_interfaces/cmake/mecharm_interfaces__rosidl_typesupport_introspection_cExport-noconfig.cmake
[2.694s] -- Up-to-date: /home/david/ros2_ws/install/mecharm_interfaces/share/mecharm_interfaces/cmake/mecharm_interfaces__rosidl_typesupport_cExport.cmake
[2.694s] -- Up-to-date: /home/david/ros2_ws/install/mecharm_interfaces/share/mecharm_interfaces/cmake/mecharm_interfaces__rosidl_typesupport_cExport-noconfig.cmake
[2.694s] -- Up-to-date: /home/david/ros2_ws/install/mecharm_interfaces/share/mecharm_interfaces/cmake/export_mecharm_interfaces__rosidl_generator_cppExport.cmake
[2.694s] -- Up-to-date: /home/david/ros2_ws/install/mecharm_interfaces/share/mecharm_interfaces/cmake/export_mecharm_interfaces__rosidl_typesupport_fastrtps_cppExport.cmake
[2.694s] -- Up-to-date: /home/david/ros2_ws/install/mecharm_interfaces/share/mecharm_interfaces/cmake/export_mecharm_interfaces__rosidl_typesupport_fastrtps_cppExport-noconfig.cmake
[2.695s] -- Up-to-date: /home/david/ros2_ws/install/mecharm_interfaces/share/mecharm_interfaces/cmake/mecharm_interfaces__rosidl_typesupport_introspection_cppExport.cmake
[2.695s] -- Up-to-date: /home/david/ros2_ws/install/mecharm_interfaces/share/mecharm_interfaces/cmake/mecharm_interfaces__rosidl_typesupport_introspection_cppExport-noconfig.cmake
[2.695s] -- Up-to-date: /home/david/ros2_ws/install/mecharm_interfaces/share/mecharm_interfaces/cmake/mecharm_interfaces__rosidl_typesupport_cppExport.cmake
[2.696s] -- Up-to-date: /home/david/ros2_ws/install/mecharm_interfaces/share/mecharm_interfaces/cmake/mecharm_interfaces__rosidl_typesupport_cppExport-noconfig.cmake
[2.696s] -- Up-to-date: /home/david/ros2_ws/install/mecharm_interfaces/share/mecharm_interfaces/cmake/export_mecharm_interfaces__rosidl_generator_pyExport.cmake
[2.696s] -- Up-to-date: /home/david/ros2_ws/install/mecharm_interfaces/share/mecharm_interfaces/cmake/export_mecharm_interfaces__rosidl_generator_pyExport-noconfig.cmake
[2.733s] Invoked command in '/home/david/ros2_ws/build/mecharm_interfaces' returned '0': CMAKE_PREFIX_PATH=${CMAKE_PREFIX_PATH}:/home/david/ros2_ws/install/ultraarm:/home/david/ros2_ws/install/mypalletizer_260_pi:/home/david/ros2_ws/install/mypalletizer_260:/home/david/ros2_ws/install/mypalletizer_communication:/home/david/ros2_ws/install/mycobot_630:/home/david/ros2_ws/install/mycobot_600:/home/david/ros2_ws/install/mycobot_320pi:/home/david/ros2_ws/install/mycobot_320:/home/david/ros2_ws/install/mycobot_280pi:/home/david/ros2_ws/install/mycobot_280jn:/home/david/ros2_ws/install/mycobot_280_x3pi:/home/david/ros2_ws/install/mycobot_280:/home/david/ros2_ws/install/myarm_m750:/home/david/ros2_ws/install/myarm_c650:/home/david/ros2_ws/install/myarm_300:/home/david/ros2_ws/install/mycobot_communication:/home/david/ros2_ws/install/mecharm_pi:/home/david/ros2_ws/install/mecharm:/home/david/ros2_ws/install/mecharm_communication:/home/david/ros2_ws/install/mybuddy:/home/david/ros2_ws/install/mycobot_description:/home/david/ros2_ws/install/my_py_pkg:/opt/ros/humble /usr/bin/cmake --install /home/david/ros2_ws/build/mecharm_interfaces
