[0.560s] Invoking command in '/home/david/ros2_ws/build/mycobot_interfaces': CMAKE_PREFIX_PATH=${CMAKE_PREFIX_PATH}:/home/david/ros2_ws/install/ultraarm:/home/david/ros2_ws/install/mypalletizer_260_pi:/home/david/ros2_ws/install/mypalletizer_260:/home/david/ros2_ws/install/mypalletizer_communication:/home/david/ros2_ws/install/mycobot_630:/home/david/ros2_ws/install/mycobot_600:/home/david/ros2_ws/install/mycobot_320pi:/home/david/ros2_ws/install/mycobot_320:/home/david/ros2_ws/install/mycobot_280pi:/home/david/ros2_ws/install/mycobot_280jn:/home/david/ros2_ws/install/mycobot_280_x3pi:/home/david/ros2_ws/install/mycobot_280:/home/david/ros2_ws/install/myarm_m750:/home/david/ros2_ws/install/myarm_c650:/home/david/ros2_ws/install/myarm_300:/home/david/ros2_ws/install/mycobot_communication:/home/david/ros2_ws/install/mecharm_pi:/home/david/ros2_ws/install/mecharm:/home/david/ros2_ws/install/mecharm_communication:/home/david/ros2_ws/install/mybuddy:/home/david/ros2_ws/install/mycobot_description:/opt/ros/humble /usr/bin/cmake --build /home/david/ros2_ws/build/mycobot_interfaces -- -j12 -l12
[0.650s] [  0%] Built target mycobot_interfaces__cpp
[0.679s] [ 12%] Built target mycobot_interfaces__rosidl_generator_c
[0.727s] [ 12%] Built target ament_cmake_python_symlink_mycobot_interfaces
[0.736s] [ 24%] Built target mycobot_interfaces__rosidl_typesupport_cpp
[0.749s] [ 36%] Built target mycobot_interfaces__rosidl_typesupport_introspection_cpp
[0.786s] [ 47%] Built target mycobot_interfaces__rosidl_typesupport_fastrtps_cpp
[0.792s] [ 59%] Built target mycobot_interfaces__rosidl_typesupport_fastrtps_c
[0.793s] [ 71%] Built target mycobot_interfaces__rosidl_typesupport_introspection_c
[0.802s] [ 83%] Built target mycobot_interfaces__rosidl_typesupport_c
[0.865s] [ 83%] Built target mycobot_interfaces
[0.927s] [ 84%] Built target mycobot_interfaces__py
[1.010s] [ 95%] Built target mycobot_interfaces__rosidl_generator_py
[1.053s] [ 96%] Built target mycobot_interfaces__rosidl_typesupport_c__pyext
[1.070s] [ 98%] Built target mycobot_interfaces__rosidl_typesupport_introspection_c__pyext
[1.079s] [100%] Built target mycobot_interfaces__rosidl_typesupport_fastrtps_c__pyext
[1.440s] running egg_info
[1.441s] writing mycobot_interfaces.egg-info/PKG-INFO
[1.442s] writing dependency_links to mycobot_interfaces.egg-info/dependency_links.txt
[1.443s] writing top-level names to mycobot_interfaces.egg-info/top_level.txt
[1.446s] reading manifest file 'mycobot_interfaces.egg-info/SOURCES.txt'
[1.447s] writing manifest file 'mycobot_interfaces.egg-info/SOURCES.txt'
[1.496s] [100%] Built target ament_cmake_python_build_mycobot_interfaces_egg
[1.518s] Invoked command in '/home/david/ros2_ws/build/mycobot_interfaces' returned '0': CMAKE_PREFIX_PATH=${CMAKE_PREFIX_PATH}:/home/david/ros2_ws/install/ultraarm:/home/david/ros2_ws/install/mypalletizer_260_pi:/home/david/ros2_ws/install/mypalletizer_260:/home/david/ros2_ws/install/mypalletizer_communication:/home/david/ros2_ws/install/mycobot_630:/home/david/ros2_ws/install/mycobot_600:/home/david/ros2_ws/install/mycobot_320pi:/home/david/ros2_ws/install/mycobot_320:/home/david/ros2_ws/install/mycobot_280pi:/home/david/ros2_ws/install/mycobot_280jn:/home/david/ros2_ws/install/mycobot_280_x3pi:/home/david/ros2_ws/install/mycobot_280:/home/david/ros2_ws/install/myarm_m750:/home/david/ros2_ws/install/myarm_c650:/home/david/ros2_ws/install/myarm_300:/home/david/ros2_ws/install/mycobot_communication:/home/david/ros2_ws/install/mecharm_pi:/home/david/ros2_ws/install/mecharm:/home/david/ros2_ws/install/mecharm_communication:/home/david/ros2_ws/install/mybuddy:/home/david/ros2_ws/install/mycobot_description:/opt/ros/humble /usr/bin/cmake --build /home/david/ros2_ws/build/mycobot_interfaces -- -j12 -l12
[2.133s] Invoking command in '/home/david/ros2_ws/build/mycobot_interfaces': CMAKE_PREFIX_PATH=${CMAKE_PREFIX_PATH}:/home/david/ros2_ws/install/ultraarm:/home/david/ros2_ws/install/mypalletizer_260_pi:/home/david/ros2_ws/install/mypalletizer_260:/home/david/ros2_ws/install/mypalletizer_communication:/home/david/ros2_ws/install/mycobot_630:/home/david/ros2_ws/install/mycobot_600:/home/david/ros2_ws/install/mycobot_320pi:/home/david/ros2_ws/install/mycobot_320:/home/david/ros2_ws/install/mycobot_280pi:/home/david/ros2_ws/install/mycobot_280jn:/home/david/ros2_ws/install/mycobot_280_x3pi:/home/david/ros2_ws/install/mycobot_280:/home/david/ros2_ws/install/myarm_m750:/home/david/ros2_ws/install/myarm_c650:/home/david/ros2_ws/install/myarm_300:/home/david/ros2_ws/install/mycobot_communication:/home/david/ros2_ws/install/mecharm_pi:/home/david/ros2_ws/install/mecharm:/home/david/ros2_ws/install/mecharm_communication:/home/david/ros2_ws/install/mybuddy:/home/david/ros2_ws/install/mycobot_description:/opt/ros/humble /usr/bin/cmake --install /home/david/ros2_ws/build/mycobot_interfaces
[2.154s] -- Install configuration: ""
[2.157s] -- Execute custom install script
[2.157s] -- Up-to-date symlink: /home/david/ros2_ws/install/mycobot_interfaces/share/ament_index/resource_index/rosidl_interfaces/mycobot_interfaces
[2.160s] -- Up-to-date symlink: /home/david/ros2_ws/install/mycobot_interfaces/include/mycobot_interfaces/mycobot_interfaces/msg/detail/mycobot_angles__functions.h
[2.161s] -- Up-to-date symlink: /home/david/ros2_ws/install/mycobot_interfaces/include/mycobot_interfaces/mycobot_interfaces/msg/detail/mycobot_angles__struct.h
[2.161s] -- Up-to-date symlink: /home/david/ros2_ws/install/mycobot_interfaces/include/mycobot_interfaces/mycobot_interfaces/msg/detail/mycobot_angles__type_support.h
[2.162s] -- Up-to-date symlink: /home/david/ros2_ws/install/mycobot_interfaces/include/mycobot_interfaces/mycobot_interfaces/msg/detail/mycobot_coords__functions.h
[2.162s] -- Up-to-date symlink: /home/david/ros2_ws/install/mycobot_interfaces/include/mycobot_interfaces/mycobot_interfaces/msg/detail/mycobot_coords__struct.h
[2.163s] -- Up-to-date symlink: /home/david/ros2_ws/install/mycobot_interfaces/include/mycobot_interfaces/mycobot_interfaces/msg/detail/mycobot_coords__type_support.h
[2.164s] -- Up-to-date symlink: /home/david/ros2_ws/install/mycobot_interfaces/include/mycobot_interfaces/mycobot_interfaces/msg/detail/mycobot_gripper_status__functions.h
[2.164s] -- Up-to-date symlink: /home/david/ros2_ws/install/mycobot_interfaces/include/mycobot_interfaces/mycobot_interfaces/msg/detail/mycobot_gripper_status__struct.h
[2.164s] -- Up-to-date symlink: /home/david/ros2_ws/install/mycobot_interfaces/include/mycobot_interfaces/mycobot_interfaces/msg/detail/mycobot_gripper_status__type_support.h
[2.164s] -- Up-to-date symlink: /home/david/ros2_ws/install/mycobot_interfaces/include/mycobot_interfaces/mycobot_interfaces/msg/detail/mycobot_pump_status__functions.h
[2.165s] -- Up-to-date symlink: /home/david/ros2_ws/install/mycobot_interfaces/include/mycobot_interfaces/mycobot_interfaces/msg/detail/mycobot_pump_status__struct.h
[2.165s] -- Up-to-date symlink: /home/david/ros2_ws/install/mycobot_interfaces/include/mycobot_interfaces/mycobot_interfaces/msg/detail/mycobot_pump_status__type_support.h
[2.165s] -- Up-to-date symlink: /home/david/ros2_ws/install/mycobot_interfaces/include/mycobot_interfaces/mycobot_interfaces/msg/detail/mycobot_set_angles__functions.h
[2.165s] -- Up-to-date symlink: /home/david/ros2_ws/install/mycobot_interfaces/include/mycobot_interfaces/mycobot_interfaces/msg/detail/mycobot_set_angles__struct.h
[2.165s] -- Up-to-date symlink: /home/david/ros2_ws/install/mycobot_interfaces/include/mycobot_interfaces/mycobot_interfaces/msg/detail/mycobot_set_angles__type_support.h
[2.165s] -- Up-to-date symlink: /home/david/ros2_ws/install/mycobot_interfaces/include/mycobot_interfaces/mycobot_interfaces/msg/detail/mycobot_set_coords__functions.h
[2.165s] -- Up-to-date symlink: /home/david/ros2_ws/install/mycobot_interfaces/include/mycobot_interfaces/mycobot_interfaces/msg/detail/mycobot_set_coords__struct.h
[2.165s] -- Up-to-date symlink: /home/david/ros2_ws/install/mycobot_interfaces/include/mycobot_interfaces/mycobot_interfaces/msg/detail/mycobot_set_coords__type_support.h
[2.165s] -- Up-to-date symlink: /home/david/ros2_ws/install/mycobot_interfaces/include/mycobot_interfaces/mycobot_interfaces/msg/mycobot_angles.h
[2.166s] -- Up-to-date symlink: /home/david/ros2_ws/install/mycobot_interfaces/include/mycobot_interfaces/mycobot_interfaces/msg/mycobot_coords.h
[2.166s] -- Up-to-date symlink: /home/david/ros2_ws/install/mycobot_interfaces/include/mycobot_interfaces/mycobot_interfaces/msg/mycobot_gripper_status.h
[2.166s] -- Up-to-date symlink: /home/david/ros2_ws/install/mycobot_interfaces/include/mycobot_interfaces/mycobot_interfaces/msg/mycobot_pump_status.h
[2.167s] -- Up-to-date symlink: /home/david/ros2_ws/install/mycobot_interfaces/include/mycobot_interfaces/mycobot_interfaces/msg/mycobot_set_angles.h
[2.167s] -- Up-to-date symlink: /home/david/ros2_ws/install/mycobot_interfaces/include/mycobot_interfaces/mycobot_interfaces/msg/mycobot_set_coords.h
[2.167s] -- Up-to-date symlink: /home/david/ros2_ws/install/mycobot_interfaces/include/mycobot_interfaces/mycobot_interfaces/msg/rosidl_generator_c__visibility_control.h
[2.168s] -- Up-to-date symlink: /home/david/ros2_ws/install/mycobot_interfaces/include/mycobot_interfaces/mycobot_interfaces/srv/detail/get_angles__functions.h
[2.168s] -- Up-to-date symlink: /home/david/ros2_ws/install/mycobot_interfaces/include/mycobot_interfaces/mycobot_interfaces/srv/detail/get_angles__struct.h
[2.168s] -- Up-to-date symlink: /home/david/ros2_ws/install/mycobot_interfaces/include/mycobot_interfaces/mycobot_interfaces/srv/detail/get_angles__type_support.h
[2.169s] -- Up-to-date symlink: /home/david/ros2_ws/install/mycobot_interfaces/include/mycobot_interfaces/mycobot_interfaces/srv/detail/get_coords__functions.h
[2.169s] -- Up-to-date symlink: /home/david/ros2_ws/install/mycobot_interfaces/include/mycobot_interfaces/mycobot_interfaces/srv/detail/get_coords__struct.h
[2.169s] -- Up-to-date symlink: /home/david/ros2_ws/install/mycobot_interfaces/include/mycobot_interfaces/mycobot_interfaces/srv/detail/get_coords__type_support.h
[2.170s] -- Up-to-date symlink: /home/david/ros2_ws/install/mycobot_interfaces/include/mycobot_interfaces/mycobot_interfaces/srv/detail/gripper_status__functions.h
[2.170s] -- Up-to-date symlink: /home/david/ros2_ws/install/mycobot_interfaces/include/mycobot_interfaces/mycobot_interfaces/srv/detail/gripper_status__struct.h
[2.170s] -- Up-to-date symlink: /home/david/ros2_ws/install/mycobot_interfaces/include/mycobot_interfaces/mycobot_interfaces/srv/detail/gripper_status__type_support.h
[2.171s] -- Up-to-date symlink: /home/david/ros2_ws/install/mycobot_interfaces/include/mycobot_interfaces/mycobot_interfaces/srv/detail/pump_status__functions.h
[2.171s] -- Up-to-date symlink: /home/david/ros2_ws/install/mycobot_interfaces/include/mycobot_interfaces/mycobot_interfaces/srv/detail/pump_status__struct.h
[2.171s] -- Up-to-date symlink: /home/david/ros2_ws/install/mycobot_interfaces/include/mycobot_interfaces/mycobot_interfaces/srv/detail/pump_status__type_support.h
[2.171s] -- Up-to-date symlink: /home/david/ros2_ws/install/mycobot_interfaces/include/mycobot_interfaces/mycobot_interfaces/srv/detail/set_angles__functions.h
[2.172s] -- Up-to-date symlink: /home/david/ros2_ws/install/mycobot_interfaces/include/mycobot_interfaces/mycobot_interfaces/srv/detail/set_angles__struct.h
[2.172s] -- Up-to-date symlink: /home/david/ros2_ws/install/mycobot_interfaces/include/mycobot_interfaces/mycobot_interfaces/srv/detail/set_angles__type_support.h
[2.173s] -- Up-to-date symlink: /home/david/ros2_ws/install/mycobot_interfaces/include/mycobot_interfaces/mycobot_interfaces/srv/detail/set_coords__functions.h
[2.173s] -- Up-to-date symlink: /home/david/ros2_ws/install/mycobot_interfaces/include/mycobot_interfaces/mycobot_interfaces/srv/detail/set_coords__struct.h
[2.173s] -- Up-to-date symlink: /home/david/ros2_ws/install/mycobot_interfaces/include/mycobot_interfaces/mycobot_interfaces/srv/detail/set_coords__type_support.h
[2.174s] -- Up-to-date symlink: /home/david/ros2_ws/install/mycobot_interfaces/include/mycobot_interfaces/mycobot_interfaces/srv/get_angles.h
[2.174s] -- Up-to-date symlink: /home/david/ros2_ws/install/mycobot_interfaces/include/mycobot_interfaces/mycobot_interfaces/srv/get_coords.h
[2.174s] -- Up-to-date symlink: /home/david/ros2_ws/install/mycobot_interfaces/include/mycobot_interfaces/mycobot_interfaces/srv/gripper_status.h
[2.175s] -- Up-to-date symlink: /home/david/ros2_ws/install/mycobot_interfaces/include/mycobot_interfaces/mycobot_interfaces/srv/pump_status.h
[2.175s] -- Up-to-date symlink: /home/david/ros2_ws/install/mycobot_interfaces/include/mycobot_interfaces/mycobot_interfaces/srv/set_angles.h
[2.175s] -- Up-to-date symlink: /home/david/ros2_ws/install/mycobot_interfaces/include/mycobot_interfaces/mycobot_interfaces/srv/set_coords.h
[2.176s] -- Up-to-date symlink: /home/david/ros2_ws/install/mycobot_interfaces/share/mycobot_interfaces/environment/library_path.sh
[2.176s] -- Up-to-date symlink: /home/david/ros2_ws/install/mycobot_interfaces/share/mycobot_interfaces/environment/library_path.dsv
[2.178s] -- Up-to-date symlink: /home/david/ros2_ws/install/mycobot_interfaces/include/mycobot_interfaces/mycobot_interfaces/msg/detail/mycobot_angles__rosidl_typesupport_fastrtps_c.h
[2.178s] -- Up-to-date symlink: /home/david/ros2_ws/install/mycobot_interfaces/include/mycobot_interfaces/mycobot_interfaces/msg/detail/mycobot_coords__rosidl_typesupport_fastrtps_c.h
[2.178s] -- Up-to-date symlink: /home/david/ros2_ws/install/mycobot_interfaces/include/mycobot_interfaces/mycobot_interfaces/msg/detail/mycobot_gripper_status__rosidl_typesupport_fastrtps_c.h
[2.179s] -- Up-to-date symlink: /home/david/ros2_ws/install/mycobot_interfaces/include/mycobot_interfaces/mycobot_interfaces/msg/detail/mycobot_pump_status__rosidl_typesupport_fastrtps_c.h
[2.179s] -- Up-to-date symlink: /home/david/ros2_ws/install/mycobot_interfaces/include/mycobot_interfaces/mycobot_interfaces/msg/detail/mycobot_set_angles__rosidl_typesupport_fastrtps_c.h
[2.179s] -- Up-to-date symlink: /home/david/ros2_ws/install/mycobot_interfaces/include/mycobot_interfaces/mycobot_interfaces/msg/detail/mycobot_set_coords__rosidl_typesupport_fastrtps_c.h
[2.180s] -- Up-to-date symlink: /home/david/ros2_ws/install/mycobot_interfaces/include/mycobot_interfaces/mycobot_interfaces/msg/rosidl_typesupport_fastrtps_c__visibility_control.h
[2.180s] -- Up-to-date symlink: /home/david/ros2_ws/install/mycobot_interfaces/include/mycobot_interfaces/mycobot_interfaces/srv/detail/get_angles__rosidl_typesupport_fastrtps_c.h
[2.180s] -- Up-to-date symlink: /home/david/ros2_ws/install/mycobot_interfaces/include/mycobot_interfaces/mycobot_interfaces/srv/detail/get_coords__rosidl_typesupport_fastrtps_c.h
[2.181s] -- Up-to-date symlink: /home/david/ros2_ws/install/mycobot_interfaces/include/mycobot_interfaces/mycobot_interfaces/srv/detail/gripper_status__rosidl_typesupport_fastrtps_c.h
[2.181s] -- Up-to-date symlink: /home/david/ros2_ws/install/mycobot_interfaces/include/mycobot_interfaces/mycobot_interfaces/srv/detail/pump_status__rosidl_typesupport_fastrtps_c.h
[2.181s] -- Up-to-date symlink: /home/david/ros2_ws/install/mycobot_interfaces/include/mycobot_interfaces/mycobot_interfaces/srv/detail/set_angles__rosidl_typesupport_fastrtps_c.h
[2.181s] -- Up-to-date symlink: /home/david/ros2_ws/install/mycobot_interfaces/include/mycobot_interfaces/mycobot_interfaces/srv/detail/set_coords__rosidl_typesupport_fastrtps_c.h
[2.182s] -- Up-to-date symlink: /home/david/ros2_ws/install/mycobot_interfaces/include/mycobot_interfaces/mycobot_interfaces/msg/detail/mycobot_angles__rosidl_typesupport_introspection_c.h
[2.182s] -- Up-to-date symlink: /home/david/ros2_ws/install/mycobot_interfaces/include/mycobot_interfaces/mycobot_interfaces/msg/detail/mycobot_coords__rosidl_typesupport_introspection_c.h
[2.182s] -- Up-to-date symlink: /home/david/ros2_ws/install/mycobot_interfaces/include/mycobot_interfaces/mycobot_interfaces/msg/detail/mycobot_gripper_status__rosidl_typesupport_introspection_c.h
[2.183s] -- Up-to-date symlink: /home/david/ros2_ws/install/mycobot_interfaces/include/mycobot_interfaces/mycobot_interfaces/msg/detail/mycobot_pump_status__rosidl_typesupport_introspection_c.h
[2.183s] -- Up-to-date symlink: /home/david/ros2_ws/install/mycobot_interfaces/include/mycobot_interfaces/mycobot_interfaces/msg/detail/mycobot_set_angles__rosidl_typesupport_introspection_c.h
[2.183s] -- Up-to-date symlink: /home/david/ros2_ws/install/mycobot_interfaces/include/mycobot_interfaces/mycobot_interfaces/msg/detail/mycobot_set_coords__rosidl_typesupport_introspection_c.h
[2.184s] -- Up-to-date symlink: /home/david/ros2_ws/install/mycobot_interfaces/include/mycobot_interfaces/mycobot_interfaces/msg/rosidl_typesupport_introspection_c__visibility_control.h
[2.184s] -- Up-to-date symlink: /home/david/ros2_ws/install/mycobot_interfaces/include/mycobot_interfaces/mycobot_interfaces/srv/detail/get_angles__rosidl_typesupport_introspection_c.h
[2.184s] -- Up-to-date symlink: /home/david/ros2_ws/install/mycobot_interfaces/include/mycobot_interfaces/mycobot_interfaces/srv/detail/get_coords__rosidl_typesupport_introspection_c.h
[2.185s] -- Up-to-date symlink: /home/david/ros2_ws/install/mycobot_interfaces/include/mycobot_interfaces/mycobot_interfaces/srv/detail/gripper_status__rosidl_typesupport_introspection_c.h
[2.185s] -- Up-to-date symlink: /home/david/ros2_ws/install/mycobot_interfaces/include/mycobot_interfaces/mycobot_interfaces/srv/detail/pump_status__rosidl_typesupport_introspection_c.h
[2.185s] -- Up-to-date symlink: /home/david/ros2_ws/install/mycobot_interfaces/include/mycobot_interfaces/mycobot_interfaces/srv/detail/set_angles__rosidl_typesupport_introspection_c.h
[2.185s] -- Up-to-date symlink: /home/david/ros2_ws/install/mycobot_interfaces/include/mycobot_interfaces/mycobot_interfaces/srv/detail/set_coords__rosidl_typesupport_introspection_c.h
[2.186s] -- Up-to-date symlink: /home/david/ros2_ws/install/mycobot_interfaces/include/mycobot_interfaces/mycobot_interfaces/msg/detail/mycobot_angles__builder.hpp
[2.186s] -- Up-to-date symlink: /home/david/ros2_ws/install/mycobot_interfaces/include/mycobot_interfaces/mycobot_interfaces/msg/detail/mycobot_angles__struct.hpp
[2.186s] -- Up-to-date symlink: /home/david/ros2_ws/install/mycobot_interfaces/include/mycobot_interfaces/mycobot_interfaces/msg/detail/mycobot_angles__traits.hpp
[2.186s] -- Up-to-date symlink: /home/david/ros2_ws/install/mycobot_interfaces/include/mycobot_interfaces/mycobot_interfaces/msg/detail/mycobot_coords__builder.hpp
[2.187s] -- Up-to-date symlink: /home/david/ros2_ws/install/mycobot_interfaces/include/mycobot_interfaces/mycobot_interfaces/msg/detail/mycobot_coords__struct.hpp
[2.187s] -- Up-to-date symlink: /home/david/ros2_ws/install/mycobot_interfaces/include/mycobot_interfaces/mycobot_interfaces/msg/detail/mycobot_coords__traits.hpp
[2.188s] -- Up-to-date symlink: /home/david/ros2_ws/install/mycobot_interfaces/include/mycobot_interfaces/mycobot_interfaces/msg/detail/mycobot_gripper_status__builder.hpp
[2.188s] -- Up-to-date symlink: /home/david/ros2_ws/install/mycobot_interfaces/include/mycobot_interfaces/mycobot_interfaces/msg/detail/mycobot_gripper_status__struct.hpp
[2.189s] -- Up-to-date symlink: /home/david/ros2_ws/install/mycobot_interfaces/include/mycobot_interfaces/mycobot_interfaces/msg/detail/mycobot_gripper_status__traits.hpp
[2.190s] -- Up-to-date symlink: /home/david/ros2_ws/install/mycobot_interfaces/include/mycobot_interfaces/mycobot_interfaces/msg/detail/mycobot_pump_status__builder.hpp
[2.190s] -- Up-to-date symlink: /home/david/ros2_ws/install/mycobot_interfaces/include/mycobot_interfaces/mycobot_interfaces/msg/detail/mycobot_pump_status__struct.hpp
[2.190s] -- Up-to-date symlink: /home/david/ros2_ws/install/mycobot_interfaces/include/mycobot_interfaces/mycobot_interfaces/msg/detail/mycobot_pump_status__traits.hpp
[2.191s] -- Up-to-date symlink: /home/david/ros2_ws/install/mycobot_interfaces/include/mycobot_interfaces/mycobot_interfaces/msg/detail/mycobot_set_angles__builder.hpp
[2.191s] -- Up-to-date symlink: /home/david/ros2_ws/install/mycobot_interfaces/include/mycobot_interfaces/mycobot_interfaces/msg/detail/mycobot_set_angles__struct.hpp
[2.191s] -- Up-to-date symlink: /home/david/ros2_ws/install/mycobot_interfaces/include/mycobot_interfaces/mycobot_interfaces/msg/detail/mycobot_set_angles__traits.hpp
[2.192s] -- Up-to-date symlink: /home/david/ros2_ws/install/mycobot_interfaces/include/mycobot_interfaces/mycobot_interfaces/msg/detail/mycobot_set_coords__builder.hpp
[2.193s] -- Up-to-date symlink: /home/david/ros2_ws/install/mycobot_interfaces/include/mycobot_interfaces/mycobot_interfaces/msg/detail/mycobot_set_coords__struct.hpp
[2.193s] -- Up-to-date symlink: /home/david/ros2_ws/install/mycobot_interfaces/include/mycobot_interfaces/mycobot_interfaces/msg/detail/mycobot_set_coords__traits.hpp
[2.193s] -- Up-to-date symlink: /home/david/ros2_ws/install/mycobot_interfaces/include/mycobot_interfaces/mycobot_interfaces/msg/mycobot_angles.hpp
[2.194s] -- Up-to-date symlink: /home/david/ros2_ws/install/mycobot_interfaces/include/mycobot_interfaces/mycobot_interfaces/msg/mycobot_coords.hpp
[2.194s] -- Up-to-date symlink: /home/david/ros2_ws/install/mycobot_interfaces/include/mycobot_interfaces/mycobot_interfaces/msg/mycobot_gripper_status.hpp
[2.194s] -- Up-to-date symlink: /home/david/ros2_ws/install/mycobot_interfaces/include/mycobot_interfaces/mycobot_interfaces/msg/mycobot_pump_status.hpp
[2.195s] -- Up-to-date symlink: /home/david/ros2_ws/install/mycobot_interfaces/include/mycobot_interfaces/mycobot_interfaces/msg/mycobot_set_angles.hpp
[2.195s] -- Up-to-date symlink: /home/david/ros2_ws/install/mycobot_interfaces/include/mycobot_interfaces/mycobot_interfaces/msg/mycobot_set_coords.hpp
[2.195s] -- Up-to-date symlink: /home/david/ros2_ws/install/mycobot_interfaces/include/mycobot_interfaces/mycobot_interfaces/srv/detail/get_angles__builder.hpp
[2.196s] -- Up-to-date symlink: /home/david/ros2_ws/install/mycobot_interfaces/include/mycobot_interfaces/mycobot_interfaces/srv/detail/get_angles__struct.hpp
[2.196s] -- Up-to-date symlink: /home/david/ros2_ws/install/mycobot_interfaces/include/mycobot_interfaces/mycobot_interfaces/srv/detail/get_angles__traits.hpp
[2.197s] -- Up-to-date symlink: /home/david/ros2_ws/install/mycobot_interfaces/include/mycobot_interfaces/mycobot_interfaces/srv/detail/get_coords__builder.hpp
[2.197s] -- Up-to-date symlink: /home/david/ros2_ws/install/mycobot_interfaces/include/mycobot_interfaces/mycobot_interfaces/srv/detail/get_coords__struct.hpp
[2.197s] -- Up-to-date symlink: /home/david/ros2_ws/install/mycobot_interfaces/include/mycobot_interfaces/mycobot_interfaces/srv/detail/get_coords__traits.hpp
[2.197s] -- Up-to-date symlink: /home/david/ros2_ws/install/mycobot_interfaces/include/mycobot_interfaces/mycobot_interfaces/srv/detail/gripper_status__builder.hpp
[2.198s] -- Up-to-date symlink: /home/david/ros2_ws/install/mycobot_interfaces/include/mycobot_interfaces/mycobot_interfaces/srv/detail/gripper_status__struct.hpp
[2.198s] -- Up-to-date symlink: /home/david/ros2_ws/install/mycobot_interfaces/include/mycobot_interfaces/mycobot_interfaces/srv/detail/gripper_status__traits.hpp
[2.198s] -- Up-to-date symlink: /home/david/ros2_ws/install/mycobot_interfaces/include/mycobot_interfaces/mycobot_interfaces/srv/detail/pump_status__builder.hpp
[2.199s] -- Up-to-date symlink: /home/david/ros2_ws/install/mycobot_interfaces/include/mycobot_interfaces/mycobot_interfaces/srv/detail/pump_status__struct.hpp
[2.200s] -- Up-to-date symlink: /home/david/ros2_ws/install/mycobot_interfaces/include/mycobot_interfaces/mycobot_interfaces/srv/detail/pump_status__traits.hpp
[2.201s] -- Up-to-date symlink: /home/david/ros2_ws/install/mycobot_interfaces/include/mycobot_interfaces/mycobot_interfaces/srv/detail/set_angles__builder.hpp
[2.201s] -- Up-to-date symlink: /home/david/ros2_ws/install/mycobot_interfaces/include/mycobot_interfaces/mycobot_interfaces/srv/detail/set_angles__struct.hpp
[2.202s] -- Up-to-date symlink: /home/david/ros2_ws/install/mycobot_interfaces/include/mycobot_interfaces/mycobot_interfaces/srv/detail/set_angles__traits.hpp
[2.202s] -- Up-to-date symlink: /home/david/ros2_ws/install/mycobot_interfaces/include/mycobot_interfaces/mycobot_interfaces/srv/detail/set_coords__builder.hpp
[2.203s] -- Up-to-date symlink: /home/david/ros2_ws/install/mycobot_interfaces/include/mycobot_interfaces/mycobot_interfaces/srv/detail/set_coords__struct.hpp
[2.203s] -- Up-to-date symlink: /home/david/ros2_ws/install/mycobot_interfaces/include/mycobot_interfaces/mycobot_interfaces/srv/detail/set_coords__traits.hpp
[2.204s] -- Up-to-date symlink: /home/david/ros2_ws/install/mycobot_interfaces/include/mycobot_interfaces/mycobot_interfaces/srv/get_angles.hpp
[2.204s] -- Up-to-date symlink: /home/david/ros2_ws/install/mycobot_interfaces/include/mycobot_interfaces/mycobot_interfaces/srv/get_coords.hpp
[2.205s] -- Up-to-date symlink: /home/david/ros2_ws/install/mycobot_interfaces/include/mycobot_interfaces/mycobot_interfaces/srv/gripper_status.hpp
[2.205s] -- Up-to-date symlink: /home/david/ros2_ws/install/mycobot_interfaces/include/mycobot_interfaces/mycobot_interfaces/srv/pump_status.hpp
[2.205s] -- Up-to-date symlink: /home/david/ros2_ws/install/mycobot_interfaces/include/mycobot_interfaces/mycobot_interfaces/srv/set_angles.hpp
[2.206s] -- Up-to-date symlink: /home/david/ros2_ws/install/mycobot_interfaces/include/mycobot_interfaces/mycobot_interfaces/srv/set_coords.hpp
[2.207s] -- Up-to-date symlink: /home/david/ros2_ws/install/mycobot_interfaces/include/mycobot_interfaces/mycobot_interfaces/msg/detail/mycobot_angles__rosidl_typesupport_fastrtps_cpp.hpp
[2.207s] -- Up-to-date symlink: /home/david/ros2_ws/install/mycobot_interfaces/include/mycobot_interfaces/mycobot_interfaces/msg/detail/mycobot_coords__rosidl_typesupport_fastrtps_cpp.hpp
[2.208s] -- Up-to-date symlink: /home/david/ros2_ws/install/mycobot_interfaces/include/mycobot_interfaces/mycobot_interfaces/msg/detail/mycobot_gripper_status__rosidl_typesupport_fastrtps_cpp.hpp
[2.208s] -- Up-to-date symlink: /home/david/ros2_ws/install/mycobot_interfaces/include/mycobot_interfaces/mycobot_interfaces/msg/detail/mycobot_pump_status__rosidl_typesupport_fastrtps_cpp.hpp
[2.209s] -- Up-to-date symlink: /home/david/ros2_ws/install/mycobot_interfaces/include/mycobot_interfaces/mycobot_interfaces/msg/detail/mycobot_set_angles__rosidl_typesupport_fastrtps_cpp.hpp
[2.209s] -- Up-to-date symlink: /home/david/ros2_ws/install/mycobot_interfaces/include/mycobot_interfaces/mycobot_interfaces/msg/detail/mycobot_set_coords__rosidl_typesupport_fastrtps_cpp.hpp
[2.210s] -- Up-to-date symlink: /home/david/ros2_ws/install/mycobot_interfaces/include/mycobot_interfaces/mycobot_interfaces/msg/rosidl_typesupport_fastrtps_cpp__visibility_control.h
[2.210s] -- Up-to-date symlink: /home/david/ros2_ws/install/mycobot_interfaces/include/mycobot_interfaces/mycobot_interfaces/srv/detail/get_angles__rosidl_typesupport_fastrtps_cpp.hpp
[2.210s] -- Up-to-date symlink: /home/david/ros2_ws/install/mycobot_interfaces/include/mycobot_interfaces/mycobot_interfaces/srv/detail/get_coords__rosidl_typesupport_fastrtps_cpp.hpp
[2.210s] -- Up-to-date symlink: /home/david/ros2_ws/install/mycobot_interfaces/include/mycobot_interfaces/mycobot_interfaces/srv/detail/gripper_status__rosidl_typesupport_fastrtps_cpp.hpp
[2.211s] -- Up-to-date symlink: /home/david/ros2_ws/install/mycobot_interfaces/include/mycobot_interfaces/mycobot_interfaces/srv/detail/pump_status__rosidl_typesupport_fastrtps_cpp.hpp
[2.212s] -- Up-to-date symlink: /home/david/ros2_ws/install/mycobot_interfaces/include/mycobot_interfaces/mycobot_interfaces/srv/detail/set_angles__rosidl_typesupport_fastrtps_cpp.hpp
[2.212s] -- Up-to-date symlink: /home/david/ros2_ws/install/mycobot_interfaces/include/mycobot_interfaces/mycobot_interfaces/srv/detail/set_coords__rosidl_typesupport_fastrtps_cpp.hpp
[2.212s] -- Up-to-date symlink: /home/david/ros2_ws/install/mycobot_interfaces/include/mycobot_interfaces/mycobot_interfaces/msg/detail/mycobot_angles__rosidl_typesupport_introspection_cpp.hpp
[2.212s] -- Up-to-date symlink: /home/david/ros2_ws/install/mycobot_interfaces/include/mycobot_interfaces/mycobot_interfaces/msg/detail/mycobot_coords__rosidl_typesupport_introspection_cpp.hpp
[2.213s] -- Up-to-date symlink: /home/david/ros2_ws/install/mycobot_interfaces/include/mycobot_interfaces/mycobot_interfaces/msg/detail/mycobot_gripper_status__rosidl_typesupport_introspection_cpp.hpp
[2.213s] -- Up-to-date symlink: /home/david/ros2_ws/install/mycobot_interfaces/include/mycobot_interfaces/mycobot_interfaces/msg/detail/mycobot_pump_status__rosidl_typesupport_introspection_cpp.hpp
[2.213s] -- Up-to-date symlink: /home/david/ros2_ws/install/mycobot_interfaces/include/mycobot_interfaces/mycobot_interfaces/msg/detail/mycobot_set_angles__rosidl_typesupport_introspection_cpp.hpp
[2.214s] -- Up-to-date symlink: /home/david/ros2_ws/install/mycobot_interfaces/include/mycobot_interfaces/mycobot_interfaces/msg/detail/mycobot_set_coords__rosidl_typesupport_introspection_cpp.hpp
[2.214s] -- Up-to-date symlink: /home/david/ros2_ws/install/mycobot_interfaces/include/mycobot_interfaces/mycobot_interfaces/srv/detail/get_angles__rosidl_typesupport_introspection_cpp.hpp
[2.214s] -- Up-to-date symlink: /home/david/ros2_ws/install/mycobot_interfaces/include/mycobot_interfaces/mycobot_interfaces/srv/detail/get_coords__rosidl_typesupport_introspection_cpp.hpp
[2.215s] -- Up-to-date symlink: /home/david/ros2_ws/install/mycobot_interfaces/include/mycobot_interfaces/mycobot_interfaces/srv/detail/gripper_status__rosidl_typesupport_introspection_cpp.hpp
[2.215s] -- Up-to-date symlink: /home/david/ros2_ws/install/mycobot_interfaces/include/mycobot_interfaces/mycobot_interfaces/srv/detail/pump_status__rosidl_typesupport_introspection_cpp.hpp
[2.215s] -- Up-to-date symlink: /home/david/ros2_ws/install/mycobot_interfaces/include/mycobot_interfaces/mycobot_interfaces/srv/detail/set_angles__rosidl_typesupport_introspection_cpp.hpp
[2.215s] -- Up-to-date symlink: /home/david/ros2_ws/install/mycobot_interfaces/include/mycobot_interfaces/mycobot_interfaces/srv/detail/set_coords__rosidl_typesupport_introspection_cpp.hpp
[2.216s] -- Up-to-date symlink: /home/david/ros2_ws/install/mycobot_interfaces/share/mycobot_interfaces/environment/pythonpath.sh
[2.216s] -- Up-to-date symlink: /home/david/ros2_ws/install/mycobot_interfaces/share/mycobot_interfaces/environment/pythonpath.dsv
[2.217s] -- Up-to-date symlink: /home/david/ros2_ws/install/mycobot_interfaces/local/lib/python3.10/dist-packages/mycobot_interfaces-0.0.0-py3.10.egg-info/PKG-INFO
[2.218s] -- Up-to-date symlink: /home/david/ros2_ws/install/mycobot_interfaces/local/lib/python3.10/dist-packages/mycobot_interfaces-0.0.0-py3.10.egg-info/SOURCES.txt
[2.218s] -- Up-to-date symlink: /home/david/ros2_ws/install/mycobot_interfaces/local/lib/python3.10/dist-packages/mycobot_interfaces-0.0.0-py3.10.egg-info/dependency_links.txt
[2.218s] -- Up-to-date symlink: /home/david/ros2_ws/install/mycobot_interfaces/local/lib/python3.10/dist-packages/mycobot_interfaces-0.0.0-py3.10.egg-info/top_level.txt
[2.218s] -- Up-to-date symlink: /home/david/ros2_ws/install/mycobot_interfaces/local/lib/python3.10/dist-packages/mycobot_interfaces/__init__.py
[2.219s] -- Up-to-date symlink: /home/david/ros2_ws/install/mycobot_interfaces/local/lib/python3.10/dist-packages/mycobot_interfaces/_mycobot_interfaces_s.ep.rosidl_typesupport_c.c
[2.220s] -- Up-to-date symlink: /home/david/ros2_ws/install/mycobot_interfaces/local/lib/python3.10/dist-packages/mycobot_interfaces/_mycobot_interfaces_s.ep.rosidl_typesupport_fastrtps_c.c
[2.220s] -- Up-to-date symlink: /home/david/ros2_ws/install/mycobot_interfaces/local/lib/python3.10/dist-packages/mycobot_interfaces/_mycobot_interfaces_s.ep.rosidl_typesupport_introspection_c.c
[2.220s] -- Up-to-date symlink: /home/david/ros2_ws/install/mycobot_interfaces/local/lib/python3.10/dist-packages/mycobot_interfaces/libmycobot_interfaces__rosidl_generator_py.so
[2.221s] -- Up-to-date symlink: /home/david/ros2_ws/install/mycobot_interfaces/local/lib/python3.10/dist-packages/mycobot_interfaces/msg/__init__.py
[2.221s] -- Up-to-date symlink: /home/david/ros2_ws/install/mycobot_interfaces/local/lib/python3.10/dist-packages/mycobot_interfaces/msg/_mycobot_angles.py
[2.221s] -- Up-to-date symlink: /home/david/ros2_ws/install/mycobot_interfaces/local/lib/python3.10/dist-packages/mycobot_interfaces/msg/_mycobot_angles_s.c
[2.221s] -- Up-to-date symlink: /home/david/ros2_ws/install/mycobot_interfaces/local/lib/python3.10/dist-packages/mycobot_interfaces/msg/_mycobot_coords.py
[2.222s] -- Up-to-date symlink: /home/david/ros2_ws/install/mycobot_interfaces/local/lib/python3.10/dist-packages/mycobot_interfaces/msg/_mycobot_coords_s.c
[2.222s] -- Up-to-date symlink: /home/david/ros2_ws/install/mycobot_interfaces/local/lib/python3.10/dist-packages/mycobot_interfaces/msg/_mycobot_gripper_status.py
[2.223s] -- Up-to-date symlink: /home/david/ros2_ws/install/mycobot_interfaces/local/lib/python3.10/dist-packages/mycobot_interfaces/msg/_mycobot_gripper_status_s.c
[2.223s] -- Up-to-date symlink: /home/david/ros2_ws/install/mycobot_interfaces/local/lib/python3.10/dist-packages/mycobot_interfaces/msg/_mycobot_pump_status.py
[2.223s] -- Up-to-date symlink: /home/david/ros2_ws/install/mycobot_interfaces/local/lib/python3.10/dist-packages/mycobot_interfaces/msg/_mycobot_pump_status_s.c
[2.224s] -- Up-to-date symlink: /home/david/ros2_ws/install/mycobot_interfaces/local/lib/python3.10/dist-packages/mycobot_interfaces/msg/_mycobot_set_angles.py
[2.224s] -- Up-to-date symlink: /home/david/ros2_ws/install/mycobot_interfaces/local/lib/python3.10/dist-packages/mycobot_interfaces/msg/_mycobot_set_angles_s.c
[2.225s] -- Up-to-date symlink: /home/david/ros2_ws/install/mycobot_interfaces/local/lib/python3.10/dist-packages/mycobot_interfaces/msg/_mycobot_set_coords.py
[2.225s] -- Up-to-date symlink: /home/david/ros2_ws/install/mycobot_interfaces/local/lib/python3.10/dist-packages/mycobot_interfaces/msg/_mycobot_set_coords_s.c
[2.225s] -- Up-to-date symlink: /home/david/ros2_ws/install/mycobot_interfaces/local/lib/python3.10/dist-packages/mycobot_interfaces/mycobot_interfaces_s__rosidl_typesupport_c.cpython-310-x86_64-linux-gnu.so
[2.225s] -- Up-to-date symlink: /home/david/ros2_ws/install/mycobot_interfaces/local/lib/python3.10/dist-packages/mycobot_interfaces/mycobot_interfaces_s__rosidl_typesupport_fastrtps_c.cpython-310-x86_64-linux-gnu.so
[2.226s] -- Up-to-date symlink: /home/david/ros2_ws/install/mycobot_interfaces/local/lib/python3.10/dist-packages/mycobot_interfaces/mycobot_interfaces_s__rosidl_typesupport_introspection_c.cpython-310-x86_64-linux-gnu.so
[2.226s] -- Up-to-date symlink: /home/david/ros2_ws/install/mycobot_interfaces/local/lib/python3.10/dist-packages/mycobot_interfaces/srv/__init__.py
[2.226s] -- Up-to-date symlink: /home/david/ros2_ws/install/mycobot_interfaces/local/lib/python3.10/dist-packages/mycobot_interfaces/srv/_get_angles.py
[2.226s] -- Up-to-date symlink: /home/david/ros2_ws/install/mycobot_interfaces/local/lib/python3.10/dist-packages/mycobot_interfaces/srv/_get_angles_s.c
[2.227s] -- Up-to-date symlink: /home/david/ros2_ws/install/mycobot_interfaces/local/lib/python3.10/dist-packages/mycobot_interfaces/srv/_get_coords.py
[2.227s] -- Up-to-date symlink: /home/david/ros2_ws/install/mycobot_interfaces/local/lib/python3.10/dist-packages/mycobot_interfaces/srv/_get_coords_s.c
[2.227s] -- Up-to-date symlink: /home/david/ros2_ws/install/mycobot_interfaces/local/lib/python3.10/dist-packages/mycobot_interfaces/srv/_gripper_status.py
[2.228s] -- Up-to-date symlink: /home/david/ros2_ws/install/mycobot_interfaces/local/lib/python3.10/dist-packages/mycobot_interfaces/srv/_gripper_status_s.c
[2.228s] -- Up-to-date symlink: /home/david/ros2_ws/install/mycobot_interfaces/local/lib/python3.10/dist-packages/mycobot_interfaces/srv/_pump_status.py
[2.228s] -- Up-to-date symlink: /home/david/ros2_ws/install/mycobot_interfaces/local/lib/python3.10/dist-packages/mycobot_interfaces/srv/_pump_status_s.c
[2.229s] -- Up-to-date symlink: /home/david/ros2_ws/install/mycobot_interfaces/local/lib/python3.10/dist-packages/mycobot_interfaces/srv/_set_angles.py
[2.229s] -- Up-to-date symlink: /home/david/ros2_ws/install/mycobot_interfaces/local/lib/python3.10/dist-packages/mycobot_interfaces/srv/_set_angles_s.c
[2.229s] -- Up-to-date symlink: /home/david/ros2_ws/install/mycobot_interfaces/local/lib/python3.10/dist-packages/mycobot_interfaces/srv/_set_coords.py
[2.229s] -- Up-to-date symlink: /home/david/ros2_ws/install/mycobot_interfaces/local/lib/python3.10/dist-packages/mycobot_interfaces/srv/_set_coords_s.c
[2.230s] -- Up-to-date symlink: /home/david/ros2_ws/install/mycobot_interfaces/local/lib/python3.10/dist-packages/mycobot_interfaces/mycobot_interfaces_s__rosidl_typesupport_fastrtps_c.cpython-310-x86_64-linux-gnu.so
[2.230s] -- Up-to-date symlink: /home/david/ros2_ws/install/mycobot_interfaces/local/lib/python3.10/dist-packages/mycobot_interfaces/mycobot_interfaces_s__rosidl_typesupport_introspection_c.cpython-310-x86_64-linux-gnu.so
[2.231s] -- Up-to-date symlink: /home/david/ros2_ws/install/mycobot_interfaces/local/lib/python3.10/dist-packages/mycobot_interfaces/mycobot_interfaces_s__rosidl_typesupport_c.cpython-310-x86_64-linux-gnu.so
[2.231s] -- Up-to-date symlink: /home/david/ros2_ws/install/mycobot_interfaces/share/mycobot_interfaces/msg/MycobotAngles.idl
[2.231s] -- Up-to-date symlink: /home/david/ros2_ws/install/mycobot_interfaces/share/mycobot_interfaces/msg/MycobotCoords.idl
[2.232s] -- Up-to-date symlink: /home/david/ros2_ws/install/mycobot_interfaces/share/mycobot_interfaces/msg/MycobotSetAngles.idl
[2.232s] -- Up-to-date symlink: /home/david/ros2_ws/install/mycobot_interfaces/share/mycobot_interfaces/msg/MycobotSetCoords.idl
[2.232s] -- Up-to-date symlink: /home/david/ros2_ws/install/mycobot_interfaces/share/mycobot_interfaces/msg/MycobotGripperStatus.idl
[2.233s] -- Up-to-date symlink: /home/david/ros2_ws/install/mycobot_interfaces/share/mycobot_interfaces/msg/MycobotPumpStatus.idl
[2.233s] -- Up-to-date symlink: /home/david/ros2_ws/install/mycobot_interfaces/share/mycobot_interfaces/srv/GetAngles.idl
[2.233s] -- Up-to-date symlink: /home/david/ros2_ws/install/mycobot_interfaces/share/mycobot_interfaces/srv/SetAngles.idl
[2.233s] -- Up-to-date symlink: /home/david/ros2_ws/install/mycobot_interfaces/share/mycobot_interfaces/srv/GetCoords.idl
[2.234s] -- Up-to-date symlink: /home/david/ros2_ws/install/mycobot_interfaces/share/mycobot_interfaces/srv/SetCoords.idl
[2.234s] -- Up-to-date symlink: /home/david/ros2_ws/install/mycobot_interfaces/share/mycobot_interfaces/srv/GripperStatus.idl
[2.234s] -- Up-to-date symlink: /home/david/ros2_ws/install/mycobot_interfaces/share/mycobot_interfaces/srv/PumpStatus.idl
[2.234s] -- Up-to-date symlink: /home/david/ros2_ws/install/mycobot_interfaces/share/mycobot_interfaces/msg/MycobotAngles.msg
[2.235s] -- Up-to-date symlink: /home/david/ros2_ws/install/mycobot_interfaces/share/mycobot_interfaces/msg/MycobotCoords.msg
[2.235s] -- Up-to-date symlink: /home/david/ros2_ws/install/mycobot_interfaces/share/mycobot_interfaces/msg/MycobotSetAngles.msg
[2.235s] -- Up-to-date symlink: /home/david/ros2_ws/install/mycobot_interfaces/share/mycobot_interfaces/msg/MycobotSetCoords.msg
[2.235s] -- Up-to-date symlink: /home/david/ros2_ws/install/mycobot_interfaces/share/mycobot_interfaces/msg/MycobotGripperStatus.msg
[2.236s] -- Up-to-date symlink: /home/david/ros2_ws/install/mycobot_interfaces/share/mycobot_interfaces/msg/MycobotPumpStatus.msg
[2.236s] -- Up-to-date symlink: /home/david/ros2_ws/install/mycobot_interfaces/share/mycobot_interfaces/srv/GetAngles.srv
[2.236s] -- Up-to-date symlink: /home/david/ros2_ws/install/mycobot_interfaces/share/mycobot_interfaces/srv/GetAngles_Request.msg
[2.236s] -- Up-to-date symlink: /home/david/ros2_ws/install/mycobot_interfaces/share/mycobot_interfaces/srv/GetAngles_Response.msg
[2.237s] -- Up-to-date symlink: /home/david/ros2_ws/install/mycobot_interfaces/share/mycobot_interfaces/srv/SetAngles.srv
[2.237s] -- Up-to-date symlink: /home/david/ros2_ws/install/mycobot_interfaces/share/mycobot_interfaces/srv/SetAngles_Request.msg
[2.237s] -- Up-to-date symlink: /home/david/ros2_ws/install/mycobot_interfaces/share/mycobot_interfaces/srv/SetAngles_Response.msg
[2.238s] -- Up-to-date symlink: /home/david/ros2_ws/install/mycobot_interfaces/share/mycobot_interfaces/srv/GetCoords.srv
[2.238s] -- Up-to-date symlink: /home/david/ros2_ws/install/mycobot_interfaces/share/mycobot_interfaces/srv/GetCoords_Request.msg
[2.238s] -- Up-to-date symlink: /home/david/ros2_ws/install/mycobot_interfaces/share/mycobot_interfaces/srv/GetCoords_Response.msg
[2.238s] -- Up-to-date symlink: /home/david/ros2_ws/install/mycobot_interfaces/share/mycobot_interfaces/srv/SetCoords.srv
[2.239s] -- Up-to-date symlink: /home/david/ros2_ws/install/mycobot_interfaces/share/mycobot_interfaces/srv/SetCoords_Request.msg
[2.239s] -- Up-to-date symlink: /home/david/ros2_ws/install/mycobot_interfaces/share/mycobot_interfaces/srv/SetCoords_Response.msg
[2.239s] -- Up-to-date symlink: /home/david/ros2_ws/install/mycobot_interfaces/share/mycobot_interfaces/srv/GripperStatus.srv
[2.239s] -- Up-to-date symlink: /home/david/ros2_ws/install/mycobot_interfaces/share/mycobot_interfaces/srv/GripperStatus_Request.msg
[2.240s] -- Up-to-date symlink: /home/david/ros2_ws/install/mycobot_interfaces/share/mycobot_interfaces/srv/GripperStatus_Response.msg
[2.240s] -- Up-to-date symlink: /home/david/ros2_ws/install/mycobot_interfaces/share/mycobot_interfaces/srv/PumpStatus.srv
[2.240s] -- Up-to-date symlink: /home/david/ros2_ws/install/mycobot_interfaces/share/mycobot_interfaces/srv/PumpStatus_Request.msg
[2.240s] -- Up-to-date symlink: /home/david/ros2_ws/install/mycobot_interfaces/share/mycobot_interfaces/srv/PumpStatus_Response.msg
[2.240s] -- Up-to-date symlink: /home/david/ros2_ws/install/mycobot_interfaces/share/ament_index/resource_index/package_run_dependencies/mycobot_interfaces
[2.241s] -- Up-to-date symlink: /home/david/ros2_ws/install/mycobot_interfaces/share/ament_index/resource_index/parent_prefix_path/mycobot_interfaces
[2.241s] -- Up-to-date symlink: /home/david/ros2_ws/install/mycobot_interfaces/share/mycobot_interfaces/environment/ament_prefix_path.sh
[2.241s] -- Up-to-date symlink: /home/david/ros2_ws/install/mycobot_interfaces/share/mycobot_interfaces/environment/ament_prefix_path.dsv
[2.241s] -- Up-to-date symlink: /home/david/ros2_ws/install/mycobot_interfaces/share/mycobot_interfaces/environment/path.sh
[2.242s] -- Up-to-date symlink: /home/david/ros2_ws/install/mycobot_interfaces/share/mycobot_interfaces/environment/path.dsv
[2.242s] -- Up-to-date symlink: /home/david/ros2_ws/install/mycobot_interfaces/share/mycobot_interfaces/local_setup.bash
[2.242s] -- Up-to-date symlink: /home/david/ros2_ws/install/mycobot_interfaces/share/mycobot_interfaces/local_setup.sh
[2.242s] -- Up-to-date symlink: /home/david/ros2_ws/install/mycobot_interfaces/share/mycobot_interfaces/local_setup.zsh
[2.243s] -- Up-to-date symlink: /home/david/ros2_ws/install/mycobot_interfaces/share/mycobot_interfaces/local_setup.dsv
[2.243s] -- Symlinking: /home/david/ros2_ws/install/mycobot_interfaces/share/mycobot_interfaces/package.dsv
[2.243s] -- Up-to-date symlink: /home/david/ros2_ws/install/mycobot_interfaces/share/ament_index/resource_index/packages/mycobot_interfaces
[2.243s] -- Up-to-date symlink: /home/david/ros2_ws/install/mycobot_interfaces/share/mycobot_interfaces/cmake/rosidl_cmake-extras.cmake
[2.244s] -- Up-to-date symlink: /home/david/ros2_ws/install/mycobot_interfaces/share/mycobot_interfaces/cmake/ament_cmake_export_dependencies-extras.cmake
[2.244s] -- Up-to-date symlink: /home/david/ros2_ws/install/mycobot_interfaces/share/mycobot_interfaces/cmake/ament_cmake_export_include_directories-extras.cmake
[2.244s] -- Up-to-date symlink: /home/david/ros2_ws/install/mycobot_interfaces/share/mycobot_interfaces/cmake/ament_cmake_export_libraries-extras.cmake
[2.244s] -- Up-to-date symlink: /home/david/ros2_ws/install/mycobot_interfaces/share/mycobot_interfaces/cmake/ament_cmake_export_targets-extras.cmake
[2.245s] -- Up-to-date symlink: /home/david/ros2_ws/install/mycobot_interfaces/share/mycobot_interfaces/cmake/rosidl_cmake_export_typesupport_targets-extras.cmake
[2.245s] -- Up-to-date symlink: /home/david/ros2_ws/install/mycobot_interfaces/share/mycobot_interfaces/cmake/rosidl_cmake_export_typesupport_libraries-extras.cmake
[2.245s] -- Up-to-date symlink: /home/david/ros2_ws/install/mycobot_interfaces/share/mycobot_interfaces/cmake/mycobot_interfacesConfig.cmake
[2.246s] -- Up-to-date symlink: /home/david/ros2_ws/install/mycobot_interfaces/share/mycobot_interfaces/cmake/mycobot_interfacesConfig-version.cmake
[2.246s] -- Up-to-date symlink: /home/david/ros2_ws/install/mycobot_interfaces/share/mycobot_interfaces/package.xml
[2.246s] -- Up-to-date: /home/david/ros2_ws/install/mycobot_interfaces/lib/libmycobot_interfaces__rosidl_generator_c.so
[2.246s] -- Up-to-date: /home/david/ros2_ws/install/mycobot_interfaces/lib/libmycobot_interfaces__rosidl_typesupport_fastrtps_c.so
[2.246s] -- Up-to-date: /home/david/ros2_ws/install/mycobot_interfaces/lib/libmycobot_interfaces__rosidl_typesupport_introspection_c.so
[2.247s] -- Up-to-date: /home/david/ros2_ws/install/mycobot_interfaces/lib/libmycobot_interfaces__rosidl_typesupport_c.so
[2.247s] -- Up-to-date: /home/david/ros2_ws/install/mycobot_interfaces/lib/libmycobot_interfaces__rosidl_typesupport_fastrtps_cpp.so
[2.247s] -- Up-to-date: /home/david/ros2_ws/install/mycobot_interfaces/lib/libmycobot_interfaces__rosidl_typesupport_introspection_cpp.so
[2.247s] -- Up-to-date: /home/david/ros2_ws/install/mycobot_interfaces/lib/libmycobot_interfaces__rosidl_typesupport_cpp.so
[2.329s] Listing '/home/david/ros2_ws/install/mycobot_interfaces/local/lib/python3.10/dist-packages/mycobot_interfaces'...
[2.329s] Listing '/home/david/ros2_ws/install/mycobot_interfaces/local/lib/python3.10/dist-packages/mycobot_interfaces/msg'...
[2.330s] Listing '/home/david/ros2_ws/install/mycobot_interfaces/local/lib/python3.10/dist-packages/mycobot_interfaces/srv'...
[2.338s] -- Up-to-date: /home/david/ros2_ws/install/mycobot_interfaces/lib/libmycobot_interfaces__rosidl_generator_py.so
[2.339s] -- Up-to-date: /home/david/ros2_ws/install/mycobot_interfaces/share/mycobot_interfaces/cmake/export_mycobot_interfaces__rosidl_generator_cExport.cmake
[2.339s] -- Up-to-date: /home/david/ros2_ws/install/mycobot_interfaces/share/mycobot_interfaces/cmake/export_mycobot_interfaces__rosidl_generator_cExport-noconfig.cmake
[2.340s] -- Up-to-date: /home/david/ros2_ws/install/mycobot_interfaces/share/mycobot_interfaces/cmake/export_mycobot_interfaces__rosidl_typesupport_fastrtps_cExport.cmake
[2.340s] -- Up-to-date: /home/david/ros2_ws/install/mycobot_interfaces/share/mycobot_interfaces/cmake/export_mycobot_interfaces__rosidl_typesupport_fastrtps_cExport-noconfig.cmake
[2.340s] -- Up-to-date: /home/david/ros2_ws/install/mycobot_interfaces/share/mycobot_interfaces/cmake/mycobot_interfaces__rosidl_typesupport_introspection_cExport.cmake
[2.340s] -- Up-to-date: /home/david/ros2_ws/install/mycobot_interfaces/share/mycobot_interfaces/cmake/mycobot_interfaces__rosidl_typesupport_introspection_cExport-noconfig.cmake
[2.341s] -- Up-to-date: /home/david/ros2_ws/install/mycobot_interfaces/share/mycobot_interfaces/cmake/mycobot_interfaces__rosidl_typesupport_cExport.cmake
[2.341s] -- Up-to-date: /home/david/ros2_ws/install/mycobot_interfaces/share/mycobot_interfaces/cmake/mycobot_interfaces__rosidl_typesupport_cExport-noconfig.cmake
[2.341s] -- Up-to-date: /home/david/ros2_ws/install/mycobot_interfaces/share/mycobot_interfaces/cmake/export_mycobot_interfaces__rosidl_generator_cppExport.cmake
[2.342s] -- Up-to-date: /home/david/ros2_ws/install/mycobot_interfaces/share/mycobot_interfaces/cmake/export_mycobot_interfaces__rosidl_typesupport_fastrtps_cppExport.cmake
[2.342s] -- Up-to-date: /home/david/ros2_ws/install/mycobot_interfaces/share/mycobot_interfaces/cmake/export_mycobot_interfaces__rosidl_typesupport_fastrtps_cppExport-noconfig.cmake
[2.342s] -- Up-to-date: /home/david/ros2_ws/install/mycobot_interfaces/share/mycobot_interfaces/cmake/mycobot_interfaces__rosidl_typesupport_introspection_cppExport.cmake
[2.343s] -- Up-to-date: /home/david/ros2_ws/install/mycobot_interfaces/share/mycobot_interfaces/cmake/mycobot_interfaces__rosidl_typesupport_introspection_cppExport-noconfig.cmake
[2.343s] -- Up-to-date: /home/david/ros2_ws/install/mycobot_interfaces/share/mycobot_interfaces/cmake/mycobot_interfaces__rosidl_typesupport_cppExport.cmake
[2.344s] -- Up-to-date: /home/david/ros2_ws/install/mycobot_interfaces/share/mycobot_interfaces/cmake/mycobot_interfaces__rosidl_typesupport_cppExport-noconfig.cmake
[2.345s] -- Up-to-date: /home/david/ros2_ws/install/mycobot_interfaces/share/mycobot_interfaces/cmake/export_mycobot_interfaces__rosidl_generator_pyExport.cmake
[2.345s] -- Up-to-date: /home/david/ros2_ws/install/mycobot_interfaces/share/mycobot_interfaces/cmake/export_mycobot_interfaces__rosidl_generator_pyExport-noconfig.cmake
[2.346s] Invoked command in '/home/david/ros2_ws/build/mycobot_interfaces' returned '0': CMAKE_PREFIX_PATH=${CMAKE_PREFIX_PATH}:/home/david/ros2_ws/install/ultraarm:/home/david/ros2_ws/install/mypalletizer_260_pi:/home/david/ros2_ws/install/mypalletizer_260:/home/david/ros2_ws/install/mypalletizer_communication:/home/david/ros2_ws/install/mycobot_630:/home/david/ros2_ws/install/mycobot_600:/home/david/ros2_ws/install/mycobot_320pi:/home/david/ros2_ws/install/mycobot_320:/home/david/ros2_ws/install/mycobot_280pi:/home/david/ros2_ws/install/mycobot_280jn:/home/david/ros2_ws/install/mycobot_280_x3pi:/home/david/ros2_ws/install/mycobot_280:/home/david/ros2_ws/install/myarm_m750:/home/david/ros2_ws/install/myarm_c650:/home/david/ros2_ws/install/myarm_300:/home/david/ros2_ws/install/mycobot_communication:/home/david/ros2_ws/install/mecharm_pi:/home/david/ros2_ws/install/mecharm:/home/david/ros2_ws/install/mecharm_communication:/home/david/ros2_ws/install/mybuddy:/home/david/ros2_ws/install/mycobot_description:/opt/ros/humble /usr/bin/cmake --install /home/david/ros2_ws/build/mycobot_interfaces
