[1.914s] Invoking command in '/home/david/ros2_ws/build/mypalletizer_communication': PYTHONPATH=/home/david/ros2_ws/build/mypalletizer_communication/prefix_override:/usr/lib/python3/dist-packages/colcon_core/task/python/colcon_distutils_commands:/home/david/ros2_ws/install/mypalletizer_communication/lib/python3.10/site-packages:${PYTHONPATH} /usr/bin/python3 -W ignore:setup.py install is deprecated setup.py develop --editable --build-directory /home/david/ros2_ws/build/mypalletizer_communication/build --no-deps symlink_data
[2.493s] running develop
[2.493s] /usr/lib/python3/dist-packages/setuptools/command/easy_install.py:158: EasyInstallDeprecationWarning: easy_install command is deprecated. Use build and pip and other standards-based tools.
[2.494s]   warnings.warn(
[2.801s] running egg_info
[2.801s] writing mypalletizer_communication.egg-info/PKG-INFO
[2.802s] writing dependency_links to mypalletizer_communication.egg-info/dependency_links.txt
[2.802s] writing entry points to mypalletizer_communication.egg-info/entry_points.txt
[2.802s] writing requirements to mypalletizer_communication.egg-info/requires.txt
[2.802s] writing top-level names to mypalletizer_communication.egg-info/top_level.txt
[2.805s] reading manifest file 'mypalletizer_communication.egg-info/SOURCES.txt'
[2.806s] writing manifest file 'mypalletizer_communication.egg-info/SOURCES.txt'
[2.810s] running build_ext
[2.810s] Creating /home/david/ros2_ws/install/mypalletizer_communication/lib/python3.10/site-packages/mypalletizer-communication.egg-link (link to .)
[2.812s] Installing mypalletizer_services script to /home/david/ros2_ws/install/mypalletizer_communication/lib/mypalletizer_communication
[2.812s] Installing mypalletizer_topics script to /home/david/ros2_ws/install/mypalletizer_communication/lib/mypalletizer_communication
[2.813s] Installing mypalletizer_topics_seeed script to /home/david/ros2_ws/install/mypalletizer_communication/lib/mypalletizer_communication
[2.813s] 
[2.813s] Installed /home/david/ros2_ws/build/mypalletizer_communication
[2.813s] running symlink_data
[2.870s] Invoked command in '/home/david/ros2_ws/build/mypalletizer_communication' returned '0': PYTHONPATH=/home/david/ros2_ws/build/mypalletizer_communication/prefix_override:/usr/lib/python3/dist-packages/colcon_core/task/python/colcon_distutils_commands:/home/david/ros2_ws/install/mypalletizer_communication/lib/python3.10/site-packages:${PYTHONPATH} /usr/bin/python3 -W ignore:setup.py install is deprecated setup.py develop --editable --build-directory /home/david/ros2_ws/build/mypalletizer_communication/build --no-deps symlink_data
