[0.200s] Invoking command in '/home/david/ros2_ws/build/mypalletizer_interfaces': CMAKE_PREFIX_PATH=${CMAKE_PREFIX_PATH}:/home/david/ros2_ws/install/ultraarm:/home/david/ros2_ws/install/mypalletizer_260_pi:/home/david/ros2_ws/install/mypalletizer_260:/home/david/ros2_ws/install/mypalletizer_communication:/home/david/ros2_ws/install/mycobot_630:/home/david/ros2_ws/install/mycobot_600:/home/david/ros2_ws/install/mycobot_320pi:/home/david/ros2_ws/install/mycobot_320:/home/david/ros2_ws/install/mycobot_280pi:/home/david/ros2_ws/install/mycobot_280jn:/home/david/ros2_ws/install/mycobot_280_x3pi:/home/david/ros2_ws/install/mycobot_280:/home/david/ros2_ws/install/myarm_m750:/home/david/ros2_ws/install/myarm_c650:/home/david/ros2_ws/install/myarm_300:/home/david/ros2_ws/install/mycobot_communication:/home/david/ros2_ws/install/mecharm_pi:/home/david/ros2_ws/install/mecharm:/home/david/ros2_ws/install/mecharm_communication:/home/david/ros2_ws/install/mybuddy:/home/david/ros2_ws/install/mycobot_description:/opt/ros/humble /usr/bin/cmake /home/david/ros2_ws/src/mycobot_ros2/mypalletizer_260/mypalletizer_interfaces -DCMAKE_INSTALL_PREFIX=/home/david/ros2_ws/install/mypalletizer_interfaces
[0.208s] -- Found ament_cmake: 1.3.9 (/opt/ros/humble/share/ament_cmake/cmake)
[0.360s] -- Override CMake install command with custom implementation using symlinks instead of copying resources
[0.366s] -- Found rosidl_default_generators: 1.2.0 (/opt/ros/humble/share/rosidl_default_generators/cmake)
[0.370s] -- Using all available rosidl_typesupport_c: rosidl_typesupport_fastrtps_c;rosidl_typesupport_introspection_c
[0.373s] -- Found rosidl_adapter: 3.1.5 (/opt/ros/humble/share/rosidl_adapter/cmake)
[0.403s] -- Using all available rosidl_typesupport_cpp: rosidl_typesupport_fastrtps_cpp;rosidl_typesupport_introspection_cpp
[0.429s] -- Found rclpy: 3.3.13 (/opt/ros/humble/share/rclpy/cmake)
[0.429s] -- Found std_msgs: 4.2.4 (/opt/ros/humble/share/std_msgs/cmake)
[0.834s] -- Found ament_cmake_ros: 0.10.0 (/opt/ros/humble/share/ament_cmake_ros/cmake)
[1.049s] -- Using all available rosidl_typesupport_c: rosidl_typesupport_fastrtps_c;rosidl_typesupport_introspection_c
[1.327s] -- Using all available rosidl_typesupport_cpp: rosidl_typesupport_fastrtps_cpp;rosidl_typesupport_introspection_cpp
[1.359s] -- Found python_cmake_module: 0.10.0 (/opt/ros/humble/share/python_cmake_module/cmake)
[1.390s] -- Using PYTHON_EXECUTABLE: /usr/bin/python3
[1.390s] -- Using PYTHON_INCLUDE_DIRS: /usr/include/python3.10
[1.390s] -- Using PYTHON_LIBRARIES: /usr/lib/x86_64-linux-gnu/libpython3.10.so
[1.424s] -- Found ament_lint_auto: 0.12.11 (/opt/ros/humble/share/ament_lint_auto/cmake)
[1.432s] -- Added test 'copyright' to check source files copyright and LICENSE
[1.433s] -- Added test 'lint_cmake' to check CMake code style
[1.434s] -- Added test 'xmllint' to check XML markup files
[1.437s] -- Configuring done
[1.475s] -- Generating done
[1.478s] -- Build files have been written to: /home/david/ros2_ws/build/mypalletizer_interfaces
[1.485s] Invoked command in '/home/david/ros2_ws/build/mypalletizer_interfaces' returned '0': CMAKE_PREFIX_PATH=${CMAKE_PREFIX_PATH}:/home/david/ros2_ws/install/ultraarm:/home/david/ros2_ws/install/mypalletizer_260_pi:/home/david/ros2_ws/install/mypalletizer_260:/home/david/ros2_ws/install/mypalletizer_communication:/home/david/ros2_ws/install/mycobot_630:/home/david/ros2_ws/install/mycobot_600:/home/david/ros2_ws/install/mycobot_320pi:/home/david/ros2_ws/install/mycobot_320:/home/david/ros2_ws/install/mycobot_280pi:/home/david/ros2_ws/install/mycobot_280jn:/home/david/ros2_ws/install/mycobot_280_x3pi:/home/david/ros2_ws/install/mycobot_280:/home/david/ros2_ws/install/myarm_m750:/home/david/ros2_ws/install/myarm_c650:/home/david/ros2_ws/install/myarm_300:/home/david/ros2_ws/install/mycobot_communication:/home/david/ros2_ws/install/mecharm_pi:/home/david/ros2_ws/install/mecharm:/home/david/ros2_ws/install/mecharm_communication:/home/david/ros2_ws/install/mybuddy:/home/david/ros2_ws/install/mycobot_description:/opt/ros/humble /usr/bin/cmake /home/david/ros2_ws/src/mycobot_ros2/mypalletizer_260/mypalletizer_interfaces -DCMAKE_INSTALL_PREFIX=/home/david/ros2_ws/install/mypalletizer_interfaces
[1.487s] Invoking command in '/home/david/ros2_ws/build/mypalletizer_interfaces': CMAKE_PREFIX_PATH=${CMAKE_PREFIX_PATH}:/home/david/ros2_ws/install/ultraarm:/home/david/ros2_ws/install/mypalletizer_260_pi:/home/david/ros2_ws/install/mypalletizer_260:/home/david/ros2_ws/install/mypalletizer_communication:/home/david/ros2_ws/install/mycobot_630:/home/david/ros2_ws/install/mycobot_600:/home/david/ros2_ws/install/mycobot_320pi:/home/david/ros2_ws/install/mycobot_320:/home/david/ros2_ws/install/mycobot_280pi:/home/david/ros2_ws/install/mycobot_280jn:/home/david/ros2_ws/install/mycobot_280_x3pi:/home/david/ros2_ws/install/mycobot_280:/home/david/ros2_ws/install/myarm_m750:/home/david/ros2_ws/install/myarm_c650:/home/david/ros2_ws/install/myarm_300:/home/david/ros2_ws/install/mycobot_communication:/home/david/ros2_ws/install/mecharm_pi:/home/david/ros2_ws/install/mecharm:/home/david/ros2_ws/install/mecharm_communication:/home/david/ros2_ws/install/mybuddy:/home/david/ros2_ws/install/mycobot_description:/opt/ros/humble /usr/bin/cmake --build /home/david/ros2_ws/build/mypalletizer_interfaces -- -j12 -l12
[1.530s] [35m[1mConsolidate compiler generated dependencies of target mypalletizer_interfaces__rosidl_generator_c[0m
[1.539s] [  0%] Built target mypalletizer_interfaces__cpp
[1.546s] [ 12%] Built target mypalletizer_interfaces__rosidl_generator_c
[1.548s] [ 12%] Built target ament_cmake_python_symlink_mypalletizer_interfaces
[1.551s] [35m[1mConsolidate compiler generated dependencies of target mypalletizer_interfaces__rosidl_typesupport_cpp[0m
[1.552s] [35m[1mConsolidate compiler generated dependencies of target mypalletizer_interfaces__rosidl_typesupport_fastrtps_cpp[0m
[1.552s] [35m[1mConsolidate compiler generated dependencies of target mypalletizer_interfaces__rosidl_typesupport_introspection_cpp[0m
[1.566s] [35m[1mConsolidate compiler generated dependencies of target mypalletizer_interfaces__rosidl_typesupport_fastrtps_c[0m
[1.657s] [35m[1mConsolidate compiler generated dependencies of target mypalletizer_interfaces__rosidl_typesupport_introspection_c[0m
[1.681s] [35m[1mConsolidate compiler generated dependencies of target mypalletizer_interfaces__rosidl_typesupport_c[0m
[1.684s] [ 24%] Built target mypalletizer_interfaces__rosidl_typesupport_introspection_cpp
[1.687s] [ 35%] Built target mypalletizer_interfaces__rosidl_typesupport_fastrtps_cpp
[1.699s] [ 48%] Built target mypalletizer_interfaces__rosidl_typesupport_introspection_c
[1.699s] [ 66%] Built target mypalletizer_interfaces__rosidl_typesupport_fastrtps_c
[1.699s] [ 71%] Built target mypalletizer_interfaces__rosidl_typesupport_c
[1.702s] [ 83%] Built target mypalletizer_interfaces__rosidl_typesupport_cpp
[1.716s] [ 83%] Built target mypalletizer_interfaces
[1.789s] [ 84%] Built target mypalletizer_interfaces__py
[1.846s] [35m[1mConsolidate compiler generated dependencies of target mypalletizer_interfaces__rosidl_generator_py[0m
[1.867s] [ 95%] Built target mypalletizer_interfaces__rosidl_generator_py
[1.888s] [35m[1mConsolidate compiler generated dependencies of target mypalletizer_interfaces__rosidl_typesupport_introspection_c__pyext[0m
[1.916s] [35m[1mConsolidate compiler generated dependencies of target mypalletizer_interfaces__rosidl_typesupport_fastrtps_c__pyext[0m
[1.971s] [35m[1mConsolidate compiler generated dependencies of target mypalletizer_interfaces__rosidl_typesupport_c__pyext[0m
[1.997s] [ 97%] Built target mypalletizer_interfaces__rosidl_typesupport_introspection_c__pyext
[2.002s] [ 99%] Built target mypalletizer_interfaces__rosidl_typesupport_c__pyext
[2.002s] [100%] Built target mypalletizer_interfaces__rosidl_typesupport_fastrtps_c__pyext
[2.255s] running egg_info
[2.256s] writing mypalletizer_interfaces.egg-info/PKG-INFO
[2.256s] writing dependency_links to mypalletizer_interfaces.egg-info/dependency_links.txt
[2.256s] writing top-level names to mypalletizer_interfaces.egg-info/top_level.txt
[2.259s] reading manifest file 'mypalletizer_interfaces.egg-info/SOURCES.txt'
[2.259s] writing manifest file 'mypalletizer_interfaces.egg-info/SOURCES.txt'
[2.286s] [100%] Built target ament_cmake_python_build_mypalletizer_interfaces_egg
[2.298s] Invoked command in '/home/david/ros2_ws/build/mypalletizer_interfaces' returned '0': CMAKE_PREFIX_PATH=${CMAKE_PREFIX_PATH}:/home/david/ros2_ws/install/ultraarm:/home/david/ros2_ws/install/mypalletizer_260_pi:/home/david/ros2_ws/install/mypalletizer_260:/home/david/ros2_ws/install/mypalletizer_communication:/home/david/ros2_ws/install/mycobot_630:/home/david/ros2_ws/install/mycobot_600:/home/david/ros2_ws/install/mycobot_320pi:/home/david/ros2_ws/install/mycobot_320:/home/david/ros2_ws/install/mycobot_280pi:/home/david/ros2_ws/install/mycobot_280jn:/home/david/ros2_ws/install/mycobot_280_x3pi:/home/david/ros2_ws/install/mycobot_280:/home/david/ros2_ws/install/myarm_m750:/home/david/ros2_ws/install/myarm_c650:/home/david/ros2_ws/install/myarm_300:/home/david/ros2_ws/install/mycobot_communication:/home/david/ros2_ws/install/mecharm_pi:/home/david/ros2_ws/install/mecharm:/home/david/ros2_ws/install/mecharm_communication:/home/david/ros2_ws/install/mybuddy:/home/david/ros2_ws/install/mycobot_description:/opt/ros/humble /usr/bin/cmake --build /home/david/ros2_ws/build/mypalletizer_interfaces -- -j12 -l12
[2.468s] Invoking command in '/home/david/ros2_ws/build/mypalletizer_interfaces': CMAKE_PREFIX_PATH=${CMAKE_PREFIX_PATH}:/home/david/ros2_ws/install/ultraarm:/home/david/ros2_ws/install/mypalletizer_260_pi:/home/david/ros2_ws/install/mypalletizer_260:/home/david/ros2_ws/install/mypalletizer_communication:/home/david/ros2_ws/install/mycobot_630:/home/david/ros2_ws/install/mycobot_600:/home/david/ros2_ws/install/mycobot_320pi:/home/david/ros2_ws/install/mycobot_320:/home/david/ros2_ws/install/mycobot_280pi:/home/david/ros2_ws/install/mycobot_280jn:/home/david/ros2_ws/install/mycobot_280_x3pi:/home/david/ros2_ws/install/mycobot_280:/home/david/ros2_ws/install/myarm_m750:/home/david/ros2_ws/install/myarm_c650:/home/david/ros2_ws/install/myarm_300:/home/david/ros2_ws/install/mycobot_communication:/home/david/ros2_ws/install/mecharm_pi:/home/david/ros2_ws/install/mecharm:/home/david/ros2_ws/install/mecharm_communication:/home/david/ros2_ws/install/mybuddy:/home/david/ros2_ws/install/mycobot_description:/opt/ros/humble /usr/bin/cmake --install /home/david/ros2_ws/build/mypalletizer_interfaces
[2.473s] -- Install configuration: ""
[2.474s] -- Execute custom install script
[2.474s] -- Up-to-date symlink: /home/david/ros2_ws/install/mypalletizer_interfaces/share/ament_index/resource_index/rosidl_interfaces/mypalletizer_interfaces
[2.475s] -- Up-to-date symlink: /home/david/ros2_ws/install/mypalletizer_interfaces/include/mypalletizer_interfaces/mypalletizer_interfaces/msg/detail/mypal_angles__functions.h
[2.475s] -- Up-to-date symlink: /home/david/ros2_ws/install/mypalletizer_interfaces/include/mypalletizer_interfaces/mypalletizer_interfaces/msg/detail/mypal_angles__struct.h
[2.475s] -- Up-to-date symlink: /home/david/ros2_ws/install/mypalletizer_interfaces/include/mypalletizer_interfaces/mypalletizer_interfaces/msg/detail/mypal_angles__type_support.h
[2.475s] -- Up-to-date symlink: /home/david/ros2_ws/install/mypalletizer_interfaces/include/mypalletizer_interfaces/mypalletizer_interfaces/msg/detail/mypal_coords__functions.h
[2.475s] -- Up-to-date symlink: /home/david/ros2_ws/install/mypalletizer_interfaces/include/mypalletizer_interfaces/mypalletizer_interfaces/msg/detail/mypal_coords__struct.h
[2.476s] -- Up-to-date symlink: /home/david/ros2_ws/install/mypalletizer_interfaces/include/mypalletizer_interfaces/mypalletizer_interfaces/msg/detail/mypal_coords__type_support.h
[2.476s] -- Up-to-date symlink: /home/david/ros2_ws/install/mypalletizer_interfaces/include/mypalletizer_interfaces/mypalletizer_interfaces/msg/detail/mypal_gripper_status__functions.h
[2.476s] -- Up-to-date symlink: /home/david/ros2_ws/install/mypalletizer_interfaces/include/mypalletizer_interfaces/mypalletizer_interfaces/msg/detail/mypal_gripper_status__struct.h
[2.477s] -- Up-to-date symlink: /home/david/ros2_ws/install/mypalletizer_interfaces/include/mypalletizer_interfaces/mypalletizer_interfaces/msg/detail/mypal_gripper_status__type_support.h
[2.477s] -- Up-to-date symlink: /home/david/ros2_ws/install/mypalletizer_interfaces/include/mypalletizer_interfaces/mypalletizer_interfaces/msg/detail/mypal_pump_status__functions.h
[2.477s] -- Up-to-date symlink: /home/david/ros2_ws/install/mypalletizer_interfaces/include/mypalletizer_interfaces/mypalletizer_interfaces/msg/detail/mypal_pump_status__struct.h
[2.477s] -- Up-to-date symlink: /home/david/ros2_ws/install/mypalletizer_interfaces/include/mypalletizer_interfaces/mypalletizer_interfaces/msg/detail/mypal_pump_status__type_support.h
[2.477s] -- Up-to-date symlink: /home/david/ros2_ws/install/mypalletizer_interfaces/include/mypalletizer_interfaces/mypalletizer_interfaces/msg/detail/mypal_set_angles__functions.h
[2.477s] -- Up-to-date symlink: /home/david/ros2_ws/install/mypalletizer_interfaces/include/mypalletizer_interfaces/mypalletizer_interfaces/msg/detail/mypal_set_angles__struct.h
[2.477s] -- Up-to-date symlink: /home/david/ros2_ws/install/mypalletizer_interfaces/include/mypalletizer_interfaces/mypalletizer_interfaces/msg/detail/mypal_set_angles__type_support.h
[2.477s] -- Up-to-date symlink: /home/david/ros2_ws/install/mypalletizer_interfaces/include/mypalletizer_interfaces/mypalletizer_interfaces/msg/detail/mypal_set_coords__functions.h
[2.477s] -- Up-to-date symlink: /home/david/ros2_ws/install/mypalletizer_interfaces/include/mypalletizer_interfaces/mypalletizer_interfaces/msg/detail/mypal_set_coords__struct.h
[2.478s] -- Up-to-date symlink: /home/david/ros2_ws/install/mypalletizer_interfaces/include/mypalletizer_interfaces/mypalletizer_interfaces/msg/detail/mypal_set_coords__type_support.h
[2.478s] -- Up-to-date symlink: /home/david/ros2_ws/install/mypalletizer_interfaces/include/mypalletizer_interfaces/mypalletizer_interfaces/msg/mypal_angles.h
[2.478s] -- Up-to-date symlink: /home/david/ros2_ws/install/mypalletizer_interfaces/include/mypalletizer_interfaces/mypalletizer_interfaces/msg/mypal_coords.h
[2.478s] -- Up-to-date symlink: /home/david/ros2_ws/install/mypalletizer_interfaces/include/mypalletizer_interfaces/mypalletizer_interfaces/msg/mypal_gripper_status.h
[2.478s] -- Up-to-date symlink: /home/david/ros2_ws/install/mypalletizer_interfaces/include/mypalletizer_interfaces/mypalletizer_interfaces/msg/mypal_pump_status.h
[2.478s] -- Up-to-date symlink: /home/david/ros2_ws/install/mypalletizer_interfaces/include/mypalletizer_interfaces/mypalletizer_interfaces/msg/mypal_set_angles.h
[2.478s] -- Up-to-date symlink: /home/david/ros2_ws/install/mypalletizer_interfaces/include/mypalletizer_interfaces/mypalletizer_interfaces/msg/mypal_set_coords.h
[2.478s] -- Up-to-date symlink: /home/david/ros2_ws/install/mypalletizer_interfaces/include/mypalletizer_interfaces/mypalletizer_interfaces/msg/rosidl_generator_c__visibility_control.h
[2.478s] -- Up-to-date symlink: /home/david/ros2_ws/install/mypalletizer_interfaces/include/mypalletizer_interfaces/mypalletizer_interfaces/srv/detail/get_angles__functions.h
[2.479s] -- Up-to-date symlink: /home/david/ros2_ws/install/mypalletizer_interfaces/include/mypalletizer_interfaces/mypalletizer_interfaces/srv/detail/get_angles__struct.h
[2.479s] -- Up-to-date symlink: /home/david/ros2_ws/install/mypalletizer_interfaces/include/mypalletizer_interfaces/mypalletizer_interfaces/srv/detail/get_angles__type_support.h
[2.479s] -- Up-to-date symlink: /home/david/ros2_ws/install/mypalletizer_interfaces/include/mypalletizer_interfaces/mypalletizer_interfaces/srv/detail/get_coords__functions.h
[2.479s] -- Up-to-date symlink: /home/david/ros2_ws/install/mypalletizer_interfaces/include/mypalletizer_interfaces/mypalletizer_interfaces/srv/detail/get_coords__struct.h
[2.479s] -- Up-to-date symlink: /home/david/ros2_ws/install/mypalletizer_interfaces/include/mypalletizer_interfaces/mypalletizer_interfaces/srv/detail/get_coords__type_support.h
[2.479s] -- Up-to-date symlink: /home/david/ros2_ws/install/mypalletizer_interfaces/include/mypalletizer_interfaces/mypalletizer_interfaces/srv/detail/gripper_status__functions.h
[2.480s] -- Up-to-date symlink: /home/david/ros2_ws/install/mypalletizer_interfaces/include/mypalletizer_interfaces/mypalletizer_interfaces/srv/detail/gripper_status__struct.h
[2.480s] -- Up-to-date symlink: /home/david/ros2_ws/install/mypalletizer_interfaces/include/mypalletizer_interfaces/mypalletizer_interfaces/srv/detail/gripper_status__type_support.h
[2.480s] -- Up-to-date symlink: /home/david/ros2_ws/install/mypalletizer_interfaces/include/mypalletizer_interfaces/mypalletizer_interfaces/srv/detail/pump_status__functions.h
[2.480s] -- Up-to-date symlink: /home/david/ros2_ws/install/mypalletizer_interfaces/include/mypalletizer_interfaces/mypalletizer_interfaces/srv/detail/pump_status__struct.h
[2.480s] -- Up-to-date symlink: /home/david/ros2_ws/install/mypalletizer_interfaces/include/mypalletizer_interfaces/mypalletizer_interfaces/srv/detail/pump_status__type_support.h
[2.480s] -- Up-to-date symlink: /home/david/ros2_ws/install/mypalletizer_interfaces/include/mypalletizer_interfaces/mypalletizer_interfaces/srv/detail/set_angles__functions.h
[2.480s] -- Up-to-date symlink: /home/david/ros2_ws/install/mypalletizer_interfaces/include/mypalletizer_interfaces/mypalletizer_interfaces/srv/detail/set_angles__struct.h
[2.480s] -- Up-to-date symlink: /home/david/ros2_ws/install/mypalletizer_interfaces/include/mypalletizer_interfaces/mypalletizer_interfaces/srv/detail/set_angles__type_support.h
[2.480s] -- Up-to-date symlink: /home/david/ros2_ws/install/mypalletizer_interfaces/include/mypalletizer_interfaces/mypalletizer_interfaces/srv/detail/set_coords__functions.h
[2.480s] -- Up-to-date symlink: /home/david/ros2_ws/install/mypalletizer_interfaces/include/mypalletizer_interfaces/mypalletizer_interfaces/srv/detail/set_coords__struct.h
[2.481s] -- Up-to-date symlink: /home/david/ros2_ws/install/mypalletizer_interfaces/include/mypalletizer_interfaces/mypalletizer_interfaces/srv/detail/set_coords__type_support.h
[2.481s] -- Up-to-date symlink: /home/david/ros2_ws/install/mypalletizer_interfaces/include/mypalletizer_interfaces/mypalletizer_interfaces/srv/get_angles.h
[2.481s] -- Up-to-date symlink: /home/david/ros2_ws/install/mypalletizer_interfaces/include/mypalletizer_interfaces/mypalletizer_interfaces/srv/get_coords.h
[2.481s] -- Up-to-date symlink: /home/david/ros2_ws/install/mypalletizer_interfaces/include/mypalletizer_interfaces/mypalletizer_interfaces/srv/gripper_status.h
[2.481s] -- Up-to-date symlink: /home/david/ros2_ws/install/mypalletizer_interfaces/include/mypalletizer_interfaces/mypalletizer_interfaces/srv/pump_status.h
[2.481s] -- Up-to-date symlink: /home/david/ros2_ws/install/mypalletizer_interfaces/include/mypalletizer_interfaces/mypalletizer_interfaces/srv/set_angles.h
[2.481s] -- Up-to-date symlink: /home/david/ros2_ws/install/mypalletizer_interfaces/include/mypalletizer_interfaces/mypalletizer_interfaces/srv/set_coords.h
[2.481s] -- Up-to-date symlink: /home/david/ros2_ws/install/mypalletizer_interfaces/share/mypalletizer_interfaces/environment/library_path.sh
[2.481s] -- Up-to-date symlink: /home/david/ros2_ws/install/mypalletizer_interfaces/share/mypalletizer_interfaces/environment/library_path.dsv
[2.482s] -- Up-to-date symlink: /home/david/ros2_ws/install/mypalletizer_interfaces/include/mypalletizer_interfaces/mypalletizer_interfaces/msg/detail/mypal_angles__rosidl_typesupport_fastrtps_c.h
[2.482s] -- Up-to-date symlink: /home/david/ros2_ws/install/mypalletizer_interfaces/include/mypalletizer_interfaces/mypalletizer_interfaces/msg/detail/mypal_coords__rosidl_typesupport_fastrtps_c.h
[2.482s] -- Up-to-date symlink: /home/david/ros2_ws/install/mypalletizer_interfaces/include/mypalletizer_interfaces/mypalletizer_interfaces/msg/detail/mypal_gripper_status__rosidl_typesupport_fastrtps_c.h
[2.482s] -- Up-to-date symlink: /home/david/ros2_ws/install/mypalletizer_interfaces/include/mypalletizer_interfaces/mypalletizer_interfaces/msg/detail/mypal_pump_status__rosidl_typesupport_fastrtps_c.h
[2.483s] -- Up-to-date symlink: /home/david/ros2_ws/install/mypalletizer_interfaces/include/mypalletizer_interfaces/mypalletizer_interfaces/msg/detail/mypal_set_angles__rosidl_typesupport_fastrtps_c.h
[2.483s] -- Up-to-date symlink: /home/david/ros2_ws/install/mypalletizer_interfaces/include/mypalletizer_interfaces/mypalletizer_interfaces/msg/detail/mypal_set_coords__rosidl_typesupport_fastrtps_c.h
[2.483s] -- Up-to-date symlink: /home/david/ros2_ws/install/mypalletizer_interfaces/include/mypalletizer_interfaces/mypalletizer_interfaces/msg/rosidl_typesupport_fastrtps_c__visibility_control.h
[2.483s] -- Up-to-date symlink: /home/david/ros2_ws/install/mypalletizer_interfaces/include/mypalletizer_interfaces/mypalletizer_interfaces/srv/detail/get_angles__rosidl_typesupport_fastrtps_c.h
[2.483s] -- Up-to-date symlink: /home/david/ros2_ws/install/mypalletizer_interfaces/include/mypalletizer_interfaces/mypalletizer_interfaces/srv/detail/get_coords__rosidl_typesupport_fastrtps_c.h
[2.483s] -- Up-to-date symlink: /home/david/ros2_ws/install/mypalletizer_interfaces/include/mypalletizer_interfaces/mypalletizer_interfaces/srv/detail/gripper_status__rosidl_typesupport_fastrtps_c.h
[2.483s] -- Up-to-date symlink: /home/david/ros2_ws/install/mypalletizer_interfaces/include/mypalletizer_interfaces/mypalletizer_interfaces/srv/detail/pump_status__rosidl_typesupport_fastrtps_c.h
[2.484s] -- Up-to-date symlink: /home/david/ros2_ws/install/mypalletizer_interfaces/include/mypalletizer_interfaces/mypalletizer_interfaces/srv/detail/set_angles__rosidl_typesupport_fastrtps_c.h
[2.484s] -- Up-to-date symlink: /home/david/ros2_ws/install/mypalletizer_interfaces/include/mypalletizer_interfaces/mypalletizer_interfaces/srv/detail/set_coords__rosidl_typesupport_fastrtps_c.h
[2.484s] -- Up-to-date symlink: /home/david/ros2_ws/install/mypalletizer_interfaces/include/mypalletizer_interfaces/mypalletizer_interfaces/msg/detail/mypal_angles__rosidl_typesupport_introspection_c.h
[2.484s] -- Up-to-date symlink: /home/david/ros2_ws/install/mypalletizer_interfaces/include/mypalletizer_interfaces/mypalletizer_interfaces/msg/detail/mypal_coords__rosidl_typesupport_introspection_c.h
[2.484s] -- Up-to-date symlink: /home/david/ros2_ws/install/mypalletizer_interfaces/include/mypalletizer_interfaces/mypalletizer_interfaces/msg/detail/mypal_gripper_status__rosidl_typesupport_introspection_c.h
[2.484s] -- Up-to-date symlink: /home/david/ros2_ws/install/mypalletizer_interfaces/include/mypalletizer_interfaces/mypalletizer_interfaces/msg/detail/mypal_pump_status__rosidl_typesupport_introspection_c.h
[2.485s] -- Up-to-date symlink: /home/david/ros2_ws/install/mypalletizer_interfaces/include/mypalletizer_interfaces/mypalletizer_interfaces/msg/detail/mypal_set_angles__rosidl_typesupport_introspection_c.h
[2.485s] -- Up-to-date symlink: /home/david/ros2_ws/install/mypalletizer_interfaces/include/mypalletizer_interfaces/mypalletizer_interfaces/msg/detail/mypal_set_coords__rosidl_typesupport_introspection_c.h
[2.485s] -- Up-to-date symlink: /home/david/ros2_ws/install/mypalletizer_interfaces/include/mypalletizer_interfaces/mypalletizer_interfaces/msg/rosidl_typesupport_introspection_c__visibility_control.h
[2.485s] -- Up-to-date symlink: /home/david/ros2_ws/install/mypalletizer_interfaces/include/mypalletizer_interfaces/mypalletizer_interfaces/srv/detail/get_angles__rosidl_typesupport_introspection_c.h
[2.485s] -- Up-to-date symlink: /home/david/ros2_ws/install/mypalletizer_interfaces/include/mypalletizer_interfaces/mypalletizer_interfaces/srv/detail/get_coords__rosidl_typesupport_introspection_c.h
[2.485s] -- Up-to-date symlink: /home/david/ros2_ws/install/mypalletizer_interfaces/include/mypalletizer_interfaces/mypalletizer_interfaces/srv/detail/gripper_status__rosidl_typesupport_introspection_c.h
[2.485s] -- Up-to-date symlink: /home/david/ros2_ws/install/mypalletizer_interfaces/include/mypalletizer_interfaces/mypalletizer_interfaces/srv/detail/pump_status__rosidl_typesupport_introspection_c.h
[2.485s] -- Up-to-date symlink: /home/david/ros2_ws/install/mypalletizer_interfaces/include/mypalletizer_interfaces/mypalletizer_interfaces/srv/detail/set_angles__rosidl_typesupport_introspection_c.h
[2.486s] -- Up-to-date symlink: /home/david/ros2_ws/install/mypalletizer_interfaces/include/mypalletizer_interfaces/mypalletizer_interfaces/srv/detail/set_coords__rosidl_typesupport_introspection_c.h
[2.486s] -- Up-to-date symlink: /home/david/ros2_ws/install/mypalletizer_interfaces/include/mypalletizer_interfaces/mypalletizer_interfaces/msg/detail/mypal_angles__builder.hpp
[2.486s] -- Up-to-date symlink: /home/david/ros2_ws/install/mypalletizer_interfaces/include/mypalletizer_interfaces/mypalletizer_interfaces/msg/detail/mypal_angles__struct.hpp
[2.486s] -- Up-to-date symlink: /home/david/ros2_ws/install/mypalletizer_interfaces/include/mypalletizer_interfaces/mypalletizer_interfaces/msg/detail/mypal_angles__traits.hpp
[2.486s] -- Up-to-date symlink: /home/david/ros2_ws/install/mypalletizer_interfaces/include/mypalletizer_interfaces/mypalletizer_interfaces/msg/detail/mypal_coords__builder.hpp
[2.486s] -- Up-to-date symlink: /home/david/ros2_ws/install/mypalletizer_interfaces/include/mypalletizer_interfaces/mypalletizer_interfaces/msg/detail/mypal_coords__struct.hpp
[2.486s] -- Up-to-date symlink: /home/david/ros2_ws/install/mypalletizer_interfaces/include/mypalletizer_interfaces/mypalletizer_interfaces/msg/detail/mypal_coords__traits.hpp
[2.486s] -- Up-to-date symlink: /home/david/ros2_ws/install/mypalletizer_interfaces/include/mypalletizer_interfaces/mypalletizer_interfaces/msg/detail/mypal_gripper_status__builder.hpp
[2.486s] -- Up-to-date symlink: /home/david/ros2_ws/install/mypalletizer_interfaces/include/mypalletizer_interfaces/mypalletizer_interfaces/msg/detail/mypal_gripper_status__struct.hpp
[2.487s] -- Up-to-date symlink: /home/david/ros2_ws/install/mypalletizer_interfaces/include/mypalletizer_interfaces/mypalletizer_interfaces/msg/detail/mypal_gripper_status__traits.hpp
[2.487s] -- Up-to-date symlink: /home/david/ros2_ws/install/mypalletizer_interfaces/include/mypalletizer_interfaces/mypalletizer_interfaces/msg/detail/mypal_pump_status__builder.hpp
[2.487s] -- Up-to-date symlink: /home/david/ros2_ws/install/mypalletizer_interfaces/include/mypalletizer_interfaces/mypalletizer_interfaces/msg/detail/mypal_pump_status__struct.hpp
[2.487s] -- Up-to-date symlink: /home/david/ros2_ws/install/mypalletizer_interfaces/include/mypalletizer_interfaces/mypalletizer_interfaces/msg/detail/mypal_pump_status__traits.hpp
[2.487s] -- Up-to-date symlink: /home/david/ros2_ws/install/mypalletizer_interfaces/include/mypalletizer_interfaces/mypalletizer_interfaces/msg/detail/mypal_set_angles__builder.hpp
[2.487s] -- Up-to-date symlink: /home/david/ros2_ws/install/mypalletizer_interfaces/include/mypalletizer_interfaces/mypalletizer_interfaces/msg/detail/mypal_set_angles__struct.hpp
[2.487s] -- Up-to-date symlink: /home/david/ros2_ws/install/mypalletizer_interfaces/include/mypalletizer_interfaces/mypalletizer_interfaces/msg/detail/mypal_set_angles__traits.hpp
[2.488s] -- Up-to-date symlink: /home/david/ros2_ws/install/mypalletizer_interfaces/include/mypalletizer_interfaces/mypalletizer_interfaces/msg/detail/mypal_set_coords__builder.hpp
[2.488s] -- Up-to-date symlink: /home/david/ros2_ws/install/mypalletizer_interfaces/include/mypalletizer_interfaces/mypalletizer_interfaces/msg/detail/mypal_set_coords__struct.hpp
[2.488s] -- Up-to-date symlink: /home/david/ros2_ws/install/mypalletizer_interfaces/include/mypalletizer_interfaces/mypalletizer_interfaces/msg/detail/mypal_set_coords__traits.hpp
[2.488s] -- Up-to-date symlink: /home/david/ros2_ws/install/mypalletizer_interfaces/include/mypalletizer_interfaces/mypalletizer_interfaces/msg/mypal_angles.hpp
[2.488s] -- Up-to-date symlink: /home/david/ros2_ws/install/mypalletizer_interfaces/include/mypalletizer_interfaces/mypalletizer_interfaces/msg/mypal_coords.hpp
[2.488s] -- Up-to-date symlink: /home/david/ros2_ws/install/mypalletizer_interfaces/include/mypalletizer_interfaces/mypalletizer_interfaces/msg/mypal_gripper_status.hpp
[2.489s] -- Up-to-date symlink: /home/david/ros2_ws/install/mypalletizer_interfaces/include/mypalletizer_interfaces/mypalletizer_interfaces/msg/mypal_pump_status.hpp
[2.489s] -- Up-to-date symlink: /home/david/ros2_ws/install/mypalletizer_interfaces/include/mypalletizer_interfaces/mypalletizer_interfaces/msg/mypal_set_angles.hpp
[2.489s] -- Up-to-date symlink: /home/david/ros2_ws/install/mypalletizer_interfaces/include/mypalletizer_interfaces/mypalletizer_interfaces/msg/mypal_set_coords.hpp
[2.489s] -- Up-to-date symlink: /home/david/ros2_ws/install/mypalletizer_interfaces/include/mypalletizer_interfaces/mypalletizer_interfaces/srv/detail/get_angles__builder.hpp
[2.489s] -- Up-to-date symlink: /home/david/ros2_ws/install/mypalletizer_interfaces/include/mypalletizer_interfaces/mypalletizer_interfaces/srv/detail/get_angles__struct.hpp
[2.489s] -- Up-to-date symlink: /home/david/ros2_ws/install/mypalletizer_interfaces/include/mypalletizer_interfaces/mypalletizer_interfaces/srv/detail/get_angles__traits.hpp
[2.489s] -- Up-to-date symlink: /home/david/ros2_ws/install/mypalletizer_interfaces/include/mypalletizer_interfaces/mypalletizer_interfaces/srv/detail/get_coords__builder.hpp
[2.489s] -- Up-to-date symlink: /home/david/ros2_ws/install/mypalletizer_interfaces/include/mypalletizer_interfaces/mypalletizer_interfaces/srv/detail/get_coords__struct.hpp
[2.489s] -- Up-to-date symlink: /home/david/ros2_ws/install/mypalletizer_interfaces/include/mypalletizer_interfaces/mypalletizer_interfaces/srv/detail/get_coords__traits.hpp
[2.489s] -- Up-to-date symlink: /home/david/ros2_ws/install/mypalletizer_interfaces/include/mypalletizer_interfaces/mypalletizer_interfaces/srv/detail/gripper_status__builder.hpp
[2.489s] -- Up-to-date symlink: /home/david/ros2_ws/install/mypalletizer_interfaces/include/mypalletizer_interfaces/mypalletizer_interfaces/srv/detail/gripper_status__struct.hpp
[2.489s] -- Up-to-date symlink: /home/david/ros2_ws/install/mypalletizer_interfaces/include/mypalletizer_interfaces/mypalletizer_interfaces/srv/detail/gripper_status__traits.hpp
[2.489s] -- Up-to-date symlink: /home/david/ros2_ws/install/mypalletizer_interfaces/include/mypalletizer_interfaces/mypalletizer_interfaces/srv/detail/pump_status__builder.hpp
[2.490s] -- Up-to-date symlink: /home/david/ros2_ws/install/mypalletizer_interfaces/include/mypalletizer_interfaces/mypalletizer_interfaces/srv/detail/pump_status__struct.hpp
[2.490s] -- Up-to-date symlink: /home/david/ros2_ws/install/mypalletizer_interfaces/include/mypalletizer_interfaces/mypalletizer_interfaces/srv/detail/pump_status__traits.hpp
[2.490s] -- Up-to-date symlink: /home/david/ros2_ws/install/mypalletizer_interfaces/include/mypalletizer_interfaces/mypalletizer_interfaces/srv/detail/set_angles__builder.hpp
[2.490s] -- Up-to-date symlink: /home/david/ros2_ws/install/mypalletizer_interfaces/include/mypalletizer_interfaces/mypalletizer_interfaces/srv/detail/set_angles__struct.hpp
[2.490s] -- Up-to-date symlink: /home/david/ros2_ws/install/mypalletizer_interfaces/include/mypalletizer_interfaces/mypalletizer_interfaces/srv/detail/set_angles__traits.hpp
[2.491s] -- Up-to-date symlink: /home/david/ros2_ws/install/mypalletizer_interfaces/include/mypalletizer_interfaces/mypalletizer_interfaces/srv/detail/set_coords__builder.hpp
[2.491s] -- Up-to-date symlink: /home/david/ros2_ws/install/mypalletizer_interfaces/include/mypalletizer_interfaces/mypalletizer_interfaces/srv/detail/set_coords__struct.hpp
[2.491s] -- Up-to-date symlink: /home/david/ros2_ws/install/mypalletizer_interfaces/include/mypalletizer_interfaces/mypalletizer_interfaces/srv/detail/set_coords__traits.hpp
[2.491s] -- Up-to-date symlink: /home/david/ros2_ws/install/mypalletizer_interfaces/include/mypalletizer_interfaces/mypalletizer_interfaces/srv/get_angles.hpp
[2.491s] -- Up-to-date symlink: /home/david/ros2_ws/install/mypalletizer_interfaces/include/mypalletizer_interfaces/mypalletizer_interfaces/srv/get_coords.hpp
[2.491s] -- Up-to-date symlink: /home/david/ros2_ws/install/mypalletizer_interfaces/include/mypalletizer_interfaces/mypalletizer_interfaces/srv/gripper_status.hpp
[2.491s] -- Up-to-date symlink: /home/david/ros2_ws/install/mypalletizer_interfaces/include/mypalletizer_interfaces/mypalletizer_interfaces/srv/pump_status.hpp
[2.491s] -- Up-to-date symlink: /home/david/ros2_ws/install/mypalletizer_interfaces/include/mypalletizer_interfaces/mypalletizer_interfaces/srv/set_angles.hpp
[2.491s] -- Up-to-date symlink: /home/david/ros2_ws/install/mypalletizer_interfaces/include/mypalletizer_interfaces/mypalletizer_interfaces/srv/set_coords.hpp
[2.491s] -- Up-to-date symlink: /home/david/ros2_ws/install/mypalletizer_interfaces/include/mypalletizer_interfaces/mypalletizer_interfaces/msg/detail/mypal_angles__rosidl_typesupport_fastrtps_cpp.hpp
[2.491s] -- Up-to-date symlink: /home/david/ros2_ws/install/mypalletizer_interfaces/include/mypalletizer_interfaces/mypalletizer_interfaces/msg/detail/mypal_coords__rosidl_typesupport_fastrtps_cpp.hpp
[2.491s] -- Up-to-date symlink: /home/david/ros2_ws/install/mypalletizer_interfaces/include/mypalletizer_interfaces/mypalletizer_interfaces/msg/detail/mypal_gripper_status__rosidl_typesupport_fastrtps_cpp.hpp
[2.491s] -- Up-to-date symlink: /home/david/ros2_ws/install/mypalletizer_interfaces/include/mypalletizer_interfaces/mypalletizer_interfaces/msg/detail/mypal_pump_status__rosidl_typesupport_fastrtps_cpp.hpp
[2.492s] -- Up-to-date symlink: /home/david/ros2_ws/install/mypalletizer_interfaces/include/mypalletizer_interfaces/mypalletizer_interfaces/msg/detail/mypal_set_angles__rosidl_typesupport_fastrtps_cpp.hpp
[2.492s] -- Up-to-date symlink: /home/david/ros2_ws/install/mypalletizer_interfaces/include/mypalletizer_interfaces/mypalletizer_interfaces/msg/detail/mypal_set_coords__rosidl_typesupport_fastrtps_cpp.hpp
[2.492s] -- Up-to-date symlink: /home/david/ros2_ws/install/mypalletizer_interfaces/include/mypalletizer_interfaces/mypalletizer_interfaces/msg/rosidl_typesupport_fastrtps_cpp__visibility_control.h
[2.492s] -- Up-to-date symlink: /home/david/ros2_ws/install/mypalletizer_interfaces/include/mypalletizer_interfaces/mypalletizer_interfaces/srv/detail/get_angles__rosidl_typesupport_fastrtps_cpp.hpp
[2.492s] -- Up-to-date symlink: /home/david/ros2_ws/install/mypalletizer_interfaces/include/mypalletizer_interfaces/mypalletizer_interfaces/srv/detail/get_coords__rosidl_typesupport_fastrtps_cpp.hpp
[2.492s] -- Up-to-date symlink: /home/david/ros2_ws/install/mypalletizer_interfaces/include/mypalletizer_interfaces/mypalletizer_interfaces/srv/detail/gripper_status__rosidl_typesupport_fastrtps_cpp.hpp
[2.492s] -- Up-to-date symlink: /home/david/ros2_ws/install/mypalletizer_interfaces/include/mypalletizer_interfaces/mypalletizer_interfaces/srv/detail/pump_status__rosidl_typesupport_fastrtps_cpp.hpp
[2.492s] -- Up-to-date symlink: /home/david/ros2_ws/install/mypalletizer_interfaces/include/mypalletizer_interfaces/mypalletizer_interfaces/srv/detail/set_angles__rosidl_typesupport_fastrtps_cpp.hpp
[2.492s] -- Up-to-date symlink: /home/david/ros2_ws/install/mypalletizer_interfaces/include/mypalletizer_interfaces/mypalletizer_interfaces/srv/detail/set_coords__rosidl_typesupport_fastrtps_cpp.hpp
[2.492s] -- Up-to-date symlink: /home/david/ros2_ws/install/mypalletizer_interfaces/include/mypalletizer_interfaces/mypalletizer_interfaces/msg/detail/mypal_angles__rosidl_typesupport_introspection_cpp.hpp
[2.492s] -- Up-to-date symlink: /home/david/ros2_ws/install/mypalletizer_interfaces/include/mypalletizer_interfaces/mypalletizer_interfaces/msg/detail/mypal_coords__rosidl_typesupport_introspection_cpp.hpp
[2.492s] -- Up-to-date symlink: /home/david/ros2_ws/install/mypalletizer_interfaces/include/mypalletizer_interfaces/mypalletizer_interfaces/msg/detail/mypal_gripper_status__rosidl_typesupport_introspection_cpp.hpp
[2.492s] -- Up-to-date symlink: /home/david/ros2_ws/install/mypalletizer_interfaces/include/mypalletizer_interfaces/mypalletizer_interfaces/msg/detail/mypal_pump_status__rosidl_typesupport_introspection_cpp.hpp
[2.492s] -- Up-to-date symlink: /home/david/ros2_ws/install/mypalletizer_interfaces/include/mypalletizer_interfaces/mypalletizer_interfaces/msg/detail/mypal_set_angles__rosidl_typesupport_introspection_cpp.hpp
[2.492s] -- Up-to-date symlink: /home/david/ros2_ws/install/mypalletizer_interfaces/include/mypalletizer_interfaces/mypalletizer_interfaces/msg/detail/mypal_set_coords__rosidl_typesupport_introspection_cpp.hpp
[2.492s] -- Up-to-date symlink: /home/david/ros2_ws/install/mypalletizer_interfaces/include/mypalletizer_interfaces/mypalletizer_interfaces/srv/detail/get_angles__rosidl_typesupport_introspection_cpp.hpp
[2.492s] -- Up-to-date symlink: /home/david/ros2_ws/install/mypalletizer_interfaces/include/mypalletizer_interfaces/mypalletizer_interfaces/srv/detail/get_coords__rosidl_typesupport_introspection_cpp.hpp
[2.492s] -- Up-to-date symlink: /home/david/ros2_ws/install/mypalletizer_interfaces/include/mypalletizer_interfaces/mypalletizer_interfaces/srv/detail/gripper_status__rosidl_typesupport_introspection_cpp.hpp
[2.493s] -- Up-to-date symlink: /home/david/ros2_ws/install/mypalletizer_interfaces/include/mypalletizer_interfaces/mypalletizer_interfaces/srv/detail/pump_status__rosidl_typesupport_introspection_cpp.hpp
[2.493s] -- Up-to-date symlink: /home/david/ros2_ws/install/mypalletizer_interfaces/include/mypalletizer_interfaces/mypalletizer_interfaces/srv/detail/set_angles__rosidl_typesupport_introspection_cpp.hpp
[2.493s] -- Up-to-date symlink: /home/david/ros2_ws/install/mypalletizer_interfaces/include/mypalletizer_interfaces/mypalletizer_interfaces/srv/detail/set_coords__rosidl_typesupport_introspection_cpp.hpp
[2.493s] -- Up-to-date symlink: /home/david/ros2_ws/install/mypalletizer_interfaces/share/mypalletizer_interfaces/environment/pythonpath.sh
[2.493s] -- Up-to-date symlink: /home/david/ros2_ws/install/mypalletizer_interfaces/share/mypalletizer_interfaces/environment/pythonpath.dsv
[2.493s] -- Up-to-date symlink: /home/david/ros2_ws/install/mypalletizer_interfaces/local/lib/python3.10/dist-packages/mypalletizer_interfaces-0.0.0-py3.10.egg-info/PKG-INFO
[2.493s] -- Up-to-date symlink: /home/david/ros2_ws/install/mypalletizer_interfaces/local/lib/python3.10/dist-packages/mypalletizer_interfaces-0.0.0-py3.10.egg-info/SOURCES.txt
[2.493s] -- Up-to-date symlink: /home/david/ros2_ws/install/mypalletizer_interfaces/local/lib/python3.10/dist-packages/mypalletizer_interfaces-0.0.0-py3.10.egg-info/dependency_links.txt
[2.493s] -- Up-to-date symlink: /home/david/ros2_ws/install/mypalletizer_interfaces/local/lib/python3.10/dist-packages/mypalletizer_interfaces-0.0.0-py3.10.egg-info/top_level.txt
[2.493s] -- Up-to-date symlink: /home/david/ros2_ws/install/mypalletizer_interfaces/local/lib/python3.10/dist-packages/mypalletizer_interfaces/__init__.py
[2.493s] -- Up-to-date symlink: /home/david/ros2_ws/install/mypalletizer_interfaces/local/lib/python3.10/dist-packages/mypalletizer_interfaces/_mypalletizer_interfaces_s.ep.rosidl_typesupport_c.c
[2.493s] -- Up-to-date symlink: /home/david/ros2_ws/install/mypalletizer_interfaces/local/lib/python3.10/dist-packages/mypalletizer_interfaces/_mypalletizer_interfaces_s.ep.rosidl_typesupport_fastrtps_c.c
[2.493s] -- Up-to-date symlink: /home/david/ros2_ws/install/mypalletizer_interfaces/local/lib/python3.10/dist-packages/mypalletizer_interfaces/_mypalletizer_interfaces_s.ep.rosidl_typesupport_introspection_c.c
[2.493s] -- Up-to-date symlink: /home/david/ros2_ws/install/mypalletizer_interfaces/local/lib/python3.10/dist-packages/mypalletizer_interfaces/libmypalletizer_interfaces__rosidl_generator_py.so
[2.494s] -- Up-to-date symlink: /home/david/ros2_ws/install/mypalletizer_interfaces/local/lib/python3.10/dist-packages/mypalletizer_interfaces/msg/__init__.py
[2.494s] -- Up-to-date symlink: /home/david/ros2_ws/install/mypalletizer_interfaces/local/lib/python3.10/dist-packages/mypalletizer_interfaces/msg/_mypal_angles.py
[2.494s] -- Up-to-date symlink: /home/david/ros2_ws/install/mypalletizer_interfaces/local/lib/python3.10/dist-packages/mypalletizer_interfaces/msg/_mypal_angles_s.c
[2.494s] -- Up-to-date symlink: /home/david/ros2_ws/install/mypalletizer_interfaces/local/lib/python3.10/dist-packages/mypalletizer_interfaces/msg/_mypal_coords.py
[2.494s] -- Up-to-date symlink: /home/david/ros2_ws/install/mypalletizer_interfaces/local/lib/python3.10/dist-packages/mypalletizer_interfaces/msg/_mypal_coords_s.c
[2.494s] -- Up-to-date symlink: /home/david/ros2_ws/install/mypalletizer_interfaces/local/lib/python3.10/dist-packages/mypalletizer_interfaces/msg/_mypal_gripper_status.py
[2.494s] -- Up-to-date symlink: /home/david/ros2_ws/install/mypalletizer_interfaces/local/lib/python3.10/dist-packages/mypalletizer_interfaces/msg/_mypal_gripper_status_s.c
[2.494s] -- Up-to-date symlink: /home/david/ros2_ws/install/mypalletizer_interfaces/local/lib/python3.10/dist-packages/mypalletizer_interfaces/msg/_mypal_pump_status.py
[2.494s] -- Up-to-date symlink: /home/david/ros2_ws/install/mypalletizer_interfaces/local/lib/python3.10/dist-packages/mypalletizer_interfaces/msg/_mypal_pump_status_s.c
[2.494s] -- Up-to-date symlink: /home/david/ros2_ws/install/mypalletizer_interfaces/local/lib/python3.10/dist-packages/mypalletizer_interfaces/msg/_mypal_set_angles.py
[2.494s] -- Up-to-date symlink: /home/david/ros2_ws/install/mypalletizer_interfaces/local/lib/python3.10/dist-packages/mypalletizer_interfaces/msg/_mypal_set_angles_s.c
[2.494s] -- Up-to-date symlink: /home/david/ros2_ws/install/mypalletizer_interfaces/local/lib/python3.10/dist-packages/mypalletizer_interfaces/msg/_mypal_set_coords.py
[2.494s] -- Up-to-date symlink: /home/david/ros2_ws/install/mypalletizer_interfaces/local/lib/python3.10/dist-packages/mypalletizer_interfaces/msg/_mypal_set_coords_s.c
[2.494s] -- Up-to-date symlink: /home/david/ros2_ws/install/mypalletizer_interfaces/local/lib/python3.10/dist-packages/mypalletizer_interfaces/mypalletizer_interfaces_s__rosidl_typesupport_c.cpython-310-x86_64-linux-gnu.so
[2.494s] -- Up-to-date symlink: /home/david/ros2_ws/install/mypalletizer_interfaces/local/lib/python3.10/dist-packages/mypalletizer_interfaces/mypalletizer_interfaces_s__rosidl_typesupport_fastrtps_c.cpython-310-x86_64-linux-gnu.so
[2.494s] -- Up-to-date symlink: /home/david/ros2_ws/install/mypalletizer_interfaces/local/lib/python3.10/dist-packages/mypalletizer_interfaces/mypalletizer_interfaces_s__rosidl_typesupport_introspection_c.cpython-310-x86_64-linux-gnu.so
[2.494s] -- Up-to-date symlink: /home/david/ros2_ws/install/mypalletizer_interfaces/local/lib/python3.10/dist-packages/mypalletizer_interfaces/srv/__init__.py
[2.494s] -- Up-to-date symlink: /home/david/ros2_ws/install/mypalletizer_interfaces/local/lib/python3.10/dist-packages/mypalletizer_interfaces/srv/_get_angles.py
[2.494s] -- Up-to-date symlink: /home/david/ros2_ws/install/mypalletizer_interfaces/local/lib/python3.10/dist-packages/mypalletizer_interfaces/srv/_get_angles_s.c
[2.494s] -- Up-to-date symlink: /home/david/ros2_ws/install/mypalletizer_interfaces/local/lib/python3.10/dist-packages/mypalletizer_interfaces/srv/_get_coords.py
[2.494s] -- Up-to-date symlink: /home/david/ros2_ws/install/mypalletizer_interfaces/local/lib/python3.10/dist-packages/mypalletizer_interfaces/srv/_get_coords_s.c
[2.494s] -- Up-to-date symlink: /home/david/ros2_ws/install/mypalletizer_interfaces/local/lib/python3.10/dist-packages/mypalletizer_interfaces/srv/_gripper_status.py
[2.494s] -- Up-to-date symlink: /home/david/ros2_ws/install/mypalletizer_interfaces/local/lib/python3.10/dist-packages/mypalletizer_interfaces/srv/_gripper_status_s.c
[2.494s] -- Up-to-date symlink: /home/david/ros2_ws/install/mypalletizer_interfaces/local/lib/python3.10/dist-packages/mypalletizer_interfaces/srv/_pump_status.py
[2.495s] -- Up-to-date symlink: /home/david/ros2_ws/install/mypalletizer_interfaces/local/lib/python3.10/dist-packages/mypalletizer_interfaces/srv/_pump_status_s.c
[2.495s] -- Up-to-date symlink: /home/david/ros2_ws/install/mypalletizer_interfaces/local/lib/python3.10/dist-packages/mypalletizer_interfaces/srv/_set_angles.py
[2.495s] -- Up-to-date symlink: /home/david/ros2_ws/install/mypalletizer_interfaces/local/lib/python3.10/dist-packages/mypalletizer_interfaces/srv/_set_angles_s.c
[2.495s] -- Up-to-date symlink: /home/david/ros2_ws/install/mypalletizer_interfaces/local/lib/python3.10/dist-packages/mypalletizer_interfaces/srv/_set_coords.py
[2.495s] -- Up-to-date symlink: /home/david/ros2_ws/install/mypalletizer_interfaces/local/lib/python3.10/dist-packages/mypalletizer_interfaces/srv/_set_coords_s.c
[2.495s] -- Up-to-date symlink: /home/david/ros2_ws/install/mypalletizer_interfaces/local/lib/python3.10/dist-packages/mypalletizer_interfaces/mypalletizer_interfaces_s__rosidl_typesupport_fastrtps_c.cpython-310-x86_64-linux-gnu.so
[2.495s] -- Up-to-date symlink: /home/david/ros2_ws/install/mypalletizer_interfaces/local/lib/python3.10/dist-packages/mypalletizer_interfaces/mypalletizer_interfaces_s__rosidl_typesupport_introspection_c.cpython-310-x86_64-linux-gnu.so
[2.495s] -- Up-to-date symlink: /home/david/ros2_ws/install/mypalletizer_interfaces/local/lib/python3.10/dist-packages/mypalletizer_interfaces/mypalletizer_interfaces_s__rosidl_typesupport_c.cpython-310-x86_64-linux-gnu.so
[2.495s] -- Up-to-date symlink: /home/david/ros2_ws/install/mypalletizer_interfaces/share/mypalletizer_interfaces/msg/MypalAngles.idl
[2.495s] -- Up-to-date symlink: /home/david/ros2_ws/install/mypalletizer_interfaces/share/mypalletizer_interfaces/msg/MypalCoords.idl
[2.495s] -- Up-to-date symlink: /home/david/ros2_ws/install/mypalletizer_interfaces/share/mypalletizer_interfaces/msg/MypalSetAngles.idl
[2.496s] -- Up-to-date symlink: /home/david/ros2_ws/install/mypalletizer_interfaces/share/mypalletizer_interfaces/msg/MypalSetCoords.idl
[2.496s] -- Up-to-date symlink: /home/david/ros2_ws/install/mypalletizer_interfaces/share/mypalletizer_interfaces/msg/MypalGripperStatus.idl
[2.496s] -- Up-to-date symlink: /home/david/ros2_ws/install/mypalletizer_interfaces/share/mypalletizer_interfaces/msg/MypalPumpStatus.idl
[2.496s] -- Up-to-date symlink: /home/david/ros2_ws/install/mypalletizer_interfaces/share/mypalletizer_interfaces/srv/GetAngles.idl
[2.496s] -- Up-to-date symlink: /home/david/ros2_ws/install/mypalletizer_interfaces/share/mypalletizer_interfaces/srv/SetAngles.idl
[2.496s] -- Up-to-date symlink: /home/david/ros2_ws/install/mypalletizer_interfaces/share/mypalletizer_interfaces/srv/GetCoords.idl
[2.496s] -- Up-to-date symlink: /home/david/ros2_ws/install/mypalletizer_interfaces/share/mypalletizer_interfaces/srv/SetCoords.idl
[2.496s] -- Up-to-date symlink: /home/david/ros2_ws/install/mypalletizer_interfaces/share/mypalletizer_interfaces/srv/GripperStatus.idl
[2.497s] -- Up-to-date symlink: /home/david/ros2_ws/install/mypalletizer_interfaces/share/mypalletizer_interfaces/srv/PumpStatus.idl
[2.497s] -- Up-to-date symlink: /home/david/ros2_ws/install/mypalletizer_interfaces/share/mypalletizer_interfaces/msg/MypalAngles.msg
[2.497s] -- Up-to-date symlink: /home/david/ros2_ws/install/mypalletizer_interfaces/share/mypalletizer_interfaces/msg/MypalCoords.msg
[2.497s] -- Up-to-date symlink: /home/david/ros2_ws/install/mypalletizer_interfaces/share/mypalletizer_interfaces/msg/MypalSetAngles.msg
[2.497s] -- Up-to-date symlink: /home/david/ros2_ws/install/mypalletizer_interfaces/share/mypalletizer_interfaces/msg/MypalSetCoords.msg
[2.497s] -- Up-to-date symlink: /home/david/ros2_ws/install/mypalletizer_interfaces/share/mypalletizer_interfaces/msg/MypalGripperStatus.msg
[2.497s] -- Up-to-date symlink: /home/david/ros2_ws/install/mypalletizer_interfaces/share/mypalletizer_interfaces/msg/MypalPumpStatus.msg
[2.497s] -- Up-to-date symlink: /home/david/ros2_ws/install/mypalletizer_interfaces/share/mypalletizer_interfaces/srv/GetAngles.srv
[2.498s] -- Up-to-date symlink: /home/david/ros2_ws/install/mypalletizer_interfaces/share/mypalletizer_interfaces/srv/GetAngles_Request.msg
[2.498s] -- Up-to-date symlink: /home/david/ros2_ws/install/mypalletizer_interfaces/share/mypalletizer_interfaces/srv/GetAngles_Response.msg
[2.498s] -- Up-to-date symlink: /home/david/ros2_ws/install/mypalletizer_interfaces/share/mypalletizer_interfaces/srv/SetAngles.srv
[2.498s] -- Up-to-date symlink: /home/david/ros2_ws/install/mypalletizer_interfaces/share/mypalletizer_interfaces/srv/SetAngles_Request.msg
[2.498s] -- Up-to-date symlink: /home/david/ros2_ws/install/mypalletizer_interfaces/share/mypalletizer_interfaces/srv/SetAngles_Response.msg
[2.498s] -- Up-to-date symlink: /home/david/ros2_ws/install/mypalletizer_interfaces/share/mypalletizer_interfaces/srv/GetCoords.srv
[2.498s] -- Up-to-date symlink: /home/david/ros2_ws/install/mypalletizer_interfaces/share/mypalletizer_interfaces/srv/GetCoords_Request.msg
[2.498s] -- Up-to-date symlink: /home/david/ros2_ws/install/mypalletizer_interfaces/share/mypalletizer_interfaces/srv/GetCoords_Response.msg
[2.498s] -- Up-to-date symlink: /home/david/ros2_ws/install/mypalletizer_interfaces/share/mypalletizer_interfaces/srv/SetCoords.srv
[2.498s] -- Up-to-date symlink: /home/david/ros2_ws/install/mypalletizer_interfaces/share/mypalletizer_interfaces/srv/SetCoords_Request.msg
[2.499s] -- Up-to-date symlink: /home/david/ros2_ws/install/mypalletizer_interfaces/share/mypalletizer_interfaces/srv/SetCoords_Response.msg
[2.499s] -- Up-to-date symlink: /home/david/ros2_ws/install/mypalletizer_interfaces/share/mypalletizer_interfaces/srv/GripperStatus.srv
[2.499s] -- Up-to-date symlink: /home/david/ros2_ws/install/mypalletizer_interfaces/share/mypalletizer_interfaces/srv/GripperStatus_Request.msg
[2.499s] -- Up-to-date symlink: /home/david/ros2_ws/install/mypalletizer_interfaces/share/mypalletizer_interfaces/srv/GripperStatus_Response.msg
[2.499s] -- Up-to-date symlink: /home/david/ros2_ws/install/mypalletizer_interfaces/share/mypalletizer_interfaces/srv/PumpStatus.srv
[2.499s] -- Up-to-date symlink: /home/david/ros2_ws/install/mypalletizer_interfaces/share/mypalletizer_interfaces/srv/PumpStatus_Request.msg
[2.499s] -- Up-to-date symlink: /home/david/ros2_ws/install/mypalletizer_interfaces/share/mypalletizer_interfaces/srv/PumpStatus_Response.msg
[2.500s] -- Up-to-date symlink: /home/david/ros2_ws/install/mypalletizer_interfaces/share/ament_index/resource_index/package_run_dependencies/mypalletizer_interfaces
[2.500s] -- Up-to-date symlink: /home/david/ros2_ws/install/mypalletizer_interfaces/share/ament_index/resource_index/parent_prefix_path/mypalletizer_interfaces
[2.500s] -- Up-to-date symlink: /home/david/ros2_ws/install/mypalletizer_interfaces/share/mypalletizer_interfaces/environment/ament_prefix_path.sh
[2.500s] -- Up-to-date symlink: /home/david/ros2_ws/install/mypalletizer_interfaces/share/mypalletizer_interfaces/environment/ament_prefix_path.dsv
[2.500s] -- Up-to-date symlink: /home/david/ros2_ws/install/mypalletizer_interfaces/share/mypalletizer_interfaces/environment/path.sh
[2.500s] -- Up-to-date symlink: /home/david/ros2_ws/install/mypalletizer_interfaces/share/mypalletizer_interfaces/environment/path.dsv
[2.500s] -- Up-to-date symlink: /home/david/ros2_ws/install/mypalletizer_interfaces/share/mypalletizer_interfaces/local_setup.bash
[2.500s] -- Up-to-date symlink: /home/david/ros2_ws/install/mypalletizer_interfaces/share/mypalletizer_interfaces/local_setup.sh
[2.500s] -- Up-to-date symlink: /home/david/ros2_ws/install/mypalletizer_interfaces/share/mypalletizer_interfaces/local_setup.zsh
[2.500s] -- Up-to-date symlink: /home/david/ros2_ws/install/mypalletizer_interfaces/share/mypalletizer_interfaces/local_setup.dsv
[2.500s] -- Symlinking: /home/david/ros2_ws/install/mypalletizer_interfaces/share/mypalletizer_interfaces/package.dsv
[2.505s] -- Up-to-date symlink: /home/david/ros2_ws/install/mypalletizer_interfaces/share/ament_index/resource_index/packages/mypalletizer_interfaces
[2.505s] -- Up-to-date symlink: /home/david/ros2_ws/install/mypalletizer_interfaces/share/mypalletizer_interfaces/cmake/rosidl_cmake-extras.cmake
[2.505s] -- Up-to-date symlink: /home/david/ros2_ws/install/mypalletizer_interfaces/share/mypalletizer_interfaces/cmake/ament_cmake_export_dependencies-extras.cmake
[2.505s] -- Up-to-date symlink: /home/david/ros2_ws/install/mypalletizer_interfaces/share/mypalletizer_interfaces/cmake/ament_cmake_export_include_directories-extras.cmake
[2.505s] -- Up-to-date symlink: /home/david/ros2_ws/install/mypalletizer_interfaces/share/mypalletizer_interfaces/cmake/ament_cmake_export_libraries-extras.cmake
[2.505s] -- Up-to-date symlink: /home/david/ros2_ws/install/mypalletizer_interfaces/share/mypalletizer_interfaces/cmake/ament_cmake_export_targets-extras.cmake
[2.505s] -- Up-to-date symlink: /home/david/ros2_ws/install/mypalletizer_interfaces/share/mypalletizer_interfaces/cmake/rosidl_cmake_export_typesupport_targets-extras.cmake
[2.505s] -- Up-to-date symlink: /home/david/ros2_ws/install/mypalletizer_interfaces/share/mypalletizer_interfaces/cmake/rosidl_cmake_export_typesupport_libraries-extras.cmake
[2.506s] -- Up-to-date symlink: /home/david/ros2_ws/install/mypalletizer_interfaces/share/mypalletizer_interfaces/cmake/mypalletizer_interfacesConfig.cmake
[2.506s] -- Up-to-date symlink: /home/david/ros2_ws/install/mypalletizer_interfaces/share/mypalletizer_interfaces/cmake/mypalletizer_interfacesConfig-version.cmake
[2.506s] -- Up-to-date symlink: /home/david/ros2_ws/install/mypalletizer_interfaces/share/mypalletizer_interfaces/package.xml
[2.506s] -- Up-to-date: /home/david/ros2_ws/install/mypalletizer_interfaces/lib/libmypalletizer_interfaces__rosidl_generator_c.so
[2.506s] -- Up-to-date: /home/david/ros2_ws/install/mypalletizer_interfaces/lib/libmypalletizer_interfaces__rosidl_typesupport_fastrtps_c.so
[2.506s] -- Up-to-date: /home/david/ros2_ws/install/mypalletizer_interfaces/lib/libmypalletizer_interfaces__rosidl_typesupport_introspection_c.so
[2.506s] -- Up-to-date: /home/david/ros2_ws/install/mypalletizer_interfaces/lib/libmypalletizer_interfaces__rosidl_typesupport_c.so
[2.507s] -- Up-to-date: /home/david/ros2_ws/install/mypalletizer_interfaces/lib/libmypalletizer_interfaces__rosidl_typesupport_fastrtps_cpp.so
[2.507s] -- Up-to-date: /home/david/ros2_ws/install/mypalletizer_interfaces/lib/libmypalletizer_interfaces__rosidl_typesupport_introspection_cpp.so
[2.507s] -- Up-to-date: /home/david/ros2_ws/install/mypalletizer_interfaces/lib/libmypalletizer_interfaces__rosidl_typesupport_cpp.so
[2.537s] Listing '/home/david/ros2_ws/install/mypalletizer_interfaces/local/lib/python3.10/dist-packages/mypalletizer_interfaces'...
[2.537s] Compiling '/home/david/ros2_ws/install/mypalletizer_interfaces/local/lib/python3.10/dist-packages/mypalletizer_interfaces/__init__.py'...
[2.537s] Listing '/home/david/ros2_ws/install/mypalletizer_interfaces/local/lib/python3.10/dist-packages/mypalletizer_interfaces/msg'...
[2.537s] Listing '/home/david/ros2_ws/install/mypalletizer_interfaces/local/lib/python3.10/dist-packages/mypalletizer_interfaces/srv'...
[2.540s] -- Up-to-date: /home/david/ros2_ws/install/mypalletizer_interfaces/lib/libmypalletizer_interfaces__rosidl_generator_py.so
[2.540s] -- Up-to-date: /home/david/ros2_ws/install/mypalletizer_interfaces/share/mypalletizer_interfaces/cmake/export_mypalletizer_interfaces__rosidl_generator_cExport.cmake
[2.540s] -- Up-to-date: /home/david/ros2_ws/install/mypalletizer_interfaces/share/mypalletizer_interfaces/cmake/export_mypalletizer_interfaces__rosidl_generator_cExport-noconfig.cmake
[2.541s] -- Up-to-date: /home/david/ros2_ws/install/mypalletizer_interfaces/share/mypalletizer_interfaces/cmake/export_mypalletizer_interfaces__rosidl_typesupport_fastrtps_cExport.cmake
[2.541s] -- Up-to-date: /home/david/ros2_ws/install/mypalletizer_interfaces/share/mypalletizer_interfaces/cmake/export_mypalletizer_interfaces__rosidl_typesupport_fastrtps_cExport-noconfig.cmake
[2.541s] -- Up-to-date: /home/david/ros2_ws/install/mypalletizer_interfaces/share/mypalletizer_interfaces/cmake/mypalletizer_interfaces__rosidl_typesupport_introspection_cExport.cmake
[2.541s] -- Up-to-date: /home/david/ros2_ws/install/mypalletizer_interfaces/share/mypalletizer_interfaces/cmake/mypalletizer_interfaces__rosidl_typesupport_introspection_cExport-noconfig.cmake
[2.541s] -- Up-to-date: /home/david/ros2_ws/install/mypalletizer_interfaces/share/mypalletizer_interfaces/cmake/mypalletizer_interfaces__rosidl_typesupport_cExport.cmake
[2.541s] -- Up-to-date: /home/david/ros2_ws/install/mypalletizer_interfaces/share/mypalletizer_interfaces/cmake/mypalletizer_interfaces__rosidl_typesupport_cExport-noconfig.cmake
[2.541s] -- Up-to-date: /home/david/ros2_ws/install/mypalletizer_interfaces/share/mypalletizer_interfaces/cmake/export_mypalletizer_interfaces__rosidl_generator_cppExport.cmake
[2.541s] -- Up-to-date: /home/david/ros2_ws/install/mypalletizer_interfaces/share/mypalletizer_interfaces/cmake/export_mypalletizer_interfaces__rosidl_typesupport_fastrtps_cppExport.cmake
[2.541s] -- Up-to-date: /home/david/ros2_ws/install/mypalletizer_interfaces/share/mypalletizer_interfaces/cmake/export_mypalletizer_interfaces__rosidl_typesupport_fastrtps_cppExport-noconfig.cmake
[2.541s] -- Up-to-date: /home/david/ros2_ws/install/mypalletizer_interfaces/share/mypalletizer_interfaces/cmake/mypalletizer_interfaces__rosidl_typesupport_introspection_cppExport.cmake
[2.541s] -- Up-to-date: /home/david/ros2_ws/install/mypalletizer_interfaces/share/mypalletizer_interfaces/cmake/mypalletizer_interfaces__rosidl_typesupport_introspection_cppExport-noconfig.cmake
[2.541s] -- Up-to-date: /home/david/ros2_ws/install/mypalletizer_interfaces/share/mypalletizer_interfaces/cmake/mypalletizer_interfaces__rosidl_typesupport_cppExport.cmake
[2.541s] -- Up-to-date: /home/david/ros2_ws/install/mypalletizer_interfaces/share/mypalletizer_interfaces/cmake/mypalletizer_interfaces__rosidl_typesupport_cppExport-noconfig.cmake
[2.542s] -- Up-to-date: /home/david/ros2_ws/install/mypalletizer_interfaces/share/mypalletizer_interfaces/cmake/export_mypalletizer_interfaces__rosidl_generator_pyExport.cmake
[2.542s] -- Up-to-date: /home/david/ros2_ws/install/mypalletizer_interfaces/share/mypalletizer_interfaces/cmake/export_mypalletizer_interfaces__rosidl_generator_pyExport-noconfig.cmake
[2.543s] Invoked command in '/home/david/ros2_ws/build/mypalletizer_interfaces' returned '0': CMAKE_PREFIX_PATH=${CMAKE_PREFIX_PATH}:/home/david/ros2_ws/install/ultraarm:/home/david/ros2_ws/install/mypalletizer_260_pi:/home/david/ros2_ws/install/mypalletizer_260:/home/david/ros2_ws/install/mypalletizer_communication:/home/david/ros2_ws/install/mycobot_630:/home/david/ros2_ws/install/mycobot_600:/home/david/ros2_ws/install/mycobot_320pi:/home/david/ros2_ws/install/mycobot_320:/home/david/ros2_ws/install/mycobot_280pi:/home/david/ros2_ws/install/mycobot_280jn:/home/david/ros2_ws/install/mycobot_280_x3pi:/home/david/ros2_ws/install/mycobot_280:/home/david/ros2_ws/install/myarm_m750:/home/david/ros2_ws/install/myarm_c650:/home/david/ros2_ws/install/myarm_300:/home/david/ros2_ws/install/mycobot_communication:/home/david/ros2_ws/install/mecharm_pi:/home/david/ros2_ws/install/mecharm:/home/david/ros2_ws/install/mecharm_communication:/home/david/ros2_ws/install/mybuddy:/home/david/ros2_ws/install/mycobot_description:/opt/ros/humble /usr/bin/cmake --install /home/david/ros2_ws/build/mypalletizer_interfaces
