running develop
running egg_info
creating ultraarm.egg-info
writing ultraarm.egg-info/PKG-INFO
writing dependency_links to ultraarm.egg-info/dependency_links.txt
writing entry points to ultraarm.egg-info/entry_points.txt
writing requirements to ultraarm.egg-info/requires.txt
writing top-level names to ultraarm.egg-info/top_level.txt
writing manifest file 'ultraarm.egg-info/SOURCES.txt'
reading manifest file 'ultraarm.egg-info/SOURCES.txt'
writing manifest file 'ultraarm.egg-info/SOURCES.txt'
running build_ext
Creating /home/david/ros2_ws/install/ultraarm/lib/python3.10/site-packages/ultraarm.egg-link (link to .)
Installing listen_real script to /home/david/ros2_ws/install/ultraarm/lib/ultraarm
Installing listen_real_of_topic script to /home/david/ros2_ws/install/ultraarm/lib/ultraarm
Installing simple_gui script to /home/david/ros2_ws/install/ultraarm/lib/ultraarm
Installing slider_control script to /home/david/ros2_ws/install/ultraarm/lib/ultraarm
Installing teleop_keyboard script to /home/david/ros2_ws/install/ultraarm/lib/ultraarm

Installed /home/david/ros2_ws/build/ultraarm
running symlink_data
creating /home/david/ros2_ws/install/ultraarm/share/ament_index
creating /home/david/ros2_ws/install/ultraarm/share/ament_index/resource_index
creating /home/david/ros2_ws/install/ultraarm/share/ament_index/resource_index/packages
symbolically linking /home/david/ros2_ws/build/ultraarm/resource/ultraarm -> /home/david/ros2_ws/install/ultraarm/share/ament_index/resource_index/packages
symbolically linking /home/david/ros2_ws/build/ultraarm/package.xml -> /home/david/ros2_ws/install/ultraarm/share/ultraarm
creating /home/david/ros2_ws/install/ultraarm/share/ultraarm/launch
symbolically linking /home/david/ros2_ws/build/ultraarm/launch/test.launch.py -> /home/david/ros2_ws/install/ultraarm/share/ultraarm/launch
symbolically linking /home/david/ros2_ws/build/ultraarm/launch/teleop_keyboard.launch.py -> /home/david/ros2_ws/install/ultraarm/share/ultraarm/launch
symbolically linking /home/david/ros2_ws/build/ultraarm/launch/simple_gui.launch.py -> /home/david/ros2_ws/install/ultraarm/share/ultraarm/launch
symbolically linking /home/david/ros2_ws/build/ultraarm/launch/slider_control.launch.py -> /home/david/ros2_ws/install/ultraarm/share/ultraarm/launch
creating /home/david/ros2_ws/install/ultraarm/share/ultraarm/config
symbolically linking /home/david/ros2_ws/build/ultraarm/config/ultraarm.rviz -> /home/david/ros2_ws/install/ultraarm/share/ultraarm/config
