[1.855s] Invoking command in '/home/david/ros2_ws/build/ultraarm': AMENT_PREFIX_PATH=/home/david/ros2_ws/install/mypalletizer_communication:/home/david/ros2_ws/install/mypalletizer_interfaces:/home/david/ros2_ws/install/mycobot_description:${AMENT_PREFIX_PATH} CMAKE_PREFIX_PATH=/home/david/ros2_ws/install/mypalletizer_interfaces LD_LIBRARY_PATH=/home/david/ros2_ws/install/mypalletizer_interfaces/lib:${LD_LIBRARY_PATH} PYTHONPATH=/home/david/ros2_ws/build/ultraarm/prefix_override:/usr/lib/python3/dist-packages/colcon_core/task/python/colcon_distutils_commands:/home/david/ros2_ws/install/ultraarm/lib/python3.10/site-packages:/home/david/ros2_ws/build/mypalletizer_communication:/home/david/ros2_ws/install/mypalletizer_communication/lib/python3.10/site-packages:/home/david/ros2_ws/install/mypalletizer_interfaces/local/lib/python3.10/dist-packages:/home/david/ros2_ws/build/mycobot_description:/home/david/ros2_ws/install/mycobot_description/lib/python3.10/site-packages:${PYTHONPATH} /usr/bin/python3 -W ignore:setup.py install is deprecated setup.py develop --editable --build-directory /home/david/ros2_ws/build/ultraarm/build --no-deps symlink_data
[2.524s] running develop
[2.525s] /usr/lib/python3/dist-packages/setuptools/command/easy_install.py:158: EasyInstallDeprecationWarning: easy_install command is deprecated. Use build and pip and other standards-based tools.
[2.525s]   warnings.warn(
[2.962s] running egg_info
[2.963s] creating ultraarm.egg-info
[2.964s] writing ultraarm.egg-info/PKG-INFO
[2.965s] writing dependency_links to ultraarm.egg-info/dependency_links.txt
[2.966s] writing entry points to ultraarm.egg-info/entry_points.txt
[2.967s] writing requirements to ultraarm.egg-info/requires.txt
[2.968s] writing top-level names to ultraarm.egg-info/top_level.txt
[2.969s] writing manifest file 'ultraarm.egg-info/SOURCES.txt'
[2.981s] reading manifest file 'ultraarm.egg-info/SOURCES.txt'
[2.982s] writing manifest file 'ultraarm.egg-info/SOURCES.txt'
[2.984s] running build_ext
[2.984s] Creating /home/david/ros2_ws/install/ultraarm/lib/python3.10/site-packages/ultraarm.egg-link (link to .)
[2.985s] Installing listen_real script to /home/david/ros2_ws/install/ultraarm/lib/ultraarm
[2.985s] Installing listen_real_of_topic script to /home/david/ros2_ws/install/ultraarm/lib/ultraarm
[2.985s] Installing simple_gui script to /home/david/ros2_ws/install/ultraarm/lib/ultraarm
[2.985s] Installing slider_control script to /home/david/ros2_ws/install/ultraarm/lib/ultraarm
[2.985s] Installing teleop_keyboard script to /home/david/ros2_ws/install/ultraarm/lib/ultraarm
[2.985s] 
[2.985s] Installed /home/david/ros2_ws/build/ultraarm
[2.985s] running symlink_data
[2.985s] creating /home/david/ros2_ws/install/ultraarm/share/ament_index
[2.986s] creating /home/david/ros2_ws/install/ultraarm/share/ament_index/resource_index
[2.986s] creating /home/david/ros2_ws/install/ultraarm/share/ament_index/resource_index/packages
[2.986s] symbolically linking /home/david/ros2_ws/build/ultraarm/resource/ultraarm -> /home/david/ros2_ws/install/ultraarm/share/ament_index/resource_index/packages
[2.986s] symbolically linking /home/david/ros2_ws/build/ultraarm/package.xml -> /home/david/ros2_ws/install/ultraarm/share/ultraarm
[2.986s] creating /home/david/ros2_ws/install/ultraarm/share/ultraarm/launch
[2.986s] symbolically linking /home/david/ros2_ws/build/ultraarm/launch/test.launch.py -> /home/david/ros2_ws/install/ultraarm/share/ultraarm/launch
[2.986s] symbolically linking /home/david/ros2_ws/build/ultraarm/launch/teleop_keyboard.launch.py -> /home/david/ros2_ws/install/ultraarm/share/ultraarm/launch
[2.986s] symbolically linking /home/david/ros2_ws/build/ultraarm/launch/simple_gui.launch.py -> /home/david/ros2_ws/install/ultraarm/share/ultraarm/launch
[2.986s] symbolically linking /home/david/ros2_ws/build/ultraarm/launch/slider_control.launch.py -> /home/david/ros2_ws/install/ultraarm/share/ultraarm/launch
[2.986s] creating /home/david/ros2_ws/install/ultraarm/share/ultraarm/config
[2.987s] symbolically linking /home/david/ros2_ws/build/ultraarm/config/ultraarm.rviz -> /home/david/ros2_ws/install/ultraarm/share/ultraarm/config
[3.062s] Invoked command in '/home/david/ros2_ws/build/ultraarm' returned '0': AMENT_PREFIX_PATH=/home/david/ros2_ws/install/mypalletizer_communication:/home/david/ros2_ws/install/mypalletizer_interfaces:/home/david/ros2_ws/install/mycobot_description:${AMENT_PREFIX_PATH} CMAKE_PREFIX_PATH=/home/david/ros2_ws/install/mypalletizer_interfaces LD_LIBRARY_PATH=/home/david/ros2_ws/install/mypalletizer_interfaces/lib:${LD_LIBRARY_PATH} PYTHONPATH=/home/david/ros2_ws/build/ultraarm/prefix_override:/usr/lib/python3/dist-packages/colcon_core/task/python/colcon_distutils_commands:/home/david/ros2_ws/install/ultraarm/lib/python3.10/site-packages:/home/david/ros2_ws/build/mypalletizer_communication:/home/david/ros2_ws/install/mypalletizer_communication/lib/python3.10/site-packages:/home/david/ros2_ws/install/mypalletizer_interfaces/local/lib/python3.10/dist-packages:/home/david/ros2_ws/build/mycobot_description:/home/david/ros2_ws/install/mycobot_description/lib/python3.10/site-packages:${PYTHONPATH} /usr/bin/python3 -W ignore:setup.py install is deprecated setup.py develop --editable --build-directory /home/david/ros2_ws/build/ultraarm/build --no-deps symlink_data
