[0.198s] Invoking command in '/home/david/ros2_ws/build/mycobot_interfaces': CMAKE_PREFIX_PATH=${CMAKE_PREFIX_PATH}:/home/david/ros2_ws/install/ultraarm:/home/david/ros2_ws/install/mypalletizer_260_pi:/home/david/ros2_ws/install/mypalletizer_260:/home/david/ros2_ws/install/mypalletizer_communication:/home/david/ros2_ws/install/mycobot_630:/home/david/ros2_ws/install/mycobot_600:/home/david/ros2_ws/install/mycobot_320pi:/home/david/ros2_ws/install/mycobot_320:/home/david/ros2_ws/install/mycobot_280pi:/home/david/ros2_ws/install/mycobot_280jn:/home/david/ros2_ws/install/mycobot_280_x3pi:/home/david/ros2_ws/install/mycobot_280:/home/david/ros2_ws/install/myarm_m750:/home/david/ros2_ws/install/myarm_c650:/home/david/ros2_ws/install/myarm_300:/home/david/ros2_ws/install/mycobot_communication:/home/david/ros2_ws/install/mecharm_pi:/home/david/ros2_ws/install/mecharm:/home/david/ros2_ws/install/mecharm_communication:/home/david/ros2_ws/install/mybuddy:/home/david/ros2_ws/install/mycobot_description:/opt/ros/humble /usr/bin/cmake --build /home/david/ros2_ws/build/mycobot_interfaces -- -j12 -l12
[0.259s] [  0%] Built target mycobot_interfaces__cpp
[0.262s] [ 12%] Built target mycobot_interfaces__rosidl_generator_c
[0.265s] [ 12%] Built target ament_cmake_python_symlink_mycobot_interfaces
[0.400s] [ 24%] Built target mycobot_interfaces__rosidl_typesupport_introspection_cpp
[0.402s] [ 36%] Built target mycobot_interfaces__rosidl_typesupport_cpp
[0.404s] [ 48%] Built target mycobot_interfaces__rosidl_typesupport_fastrtps_c
[0.407s] [ 60%] Built target mycobot_interfaces__rosidl_typesupport_introspection_c
[0.411s] [ 71%] Built target mycobot_interfaces__rosidl_typesupport_fastrtps_cpp
[0.417s] [ 83%] Built target mycobot_interfaces__rosidl_typesupport_c
[0.434s] [ 83%] Built target mycobot_interfaces
[0.530s] [ 84%] Built target mycobot_interfaces__py
[0.573s] [ 95%] Built target mycobot_interfaces__rosidl_generator_py
[0.593s] [ 96%] Built target mycobot_interfaces__rosidl_typesupport_c__pyext
[0.594s] [ 98%] Built target mycobot_interfaces__rosidl_typesupport_introspection_c__pyext
[0.599s] [100%] Built target mycobot_interfaces__rosidl_typesupport_fastrtps_c__pyext
[0.784s] running egg_info
[0.784s] writing mycobot_interfaces.egg-info/PKG-INFO
[0.784s] writing dependency_links to mycobot_interfaces.egg-info/dependency_links.txt
[0.785s] writing top-level names to mycobot_interfaces.egg-info/top_level.txt
[0.786s] reading manifest file 'mycobot_interfaces.egg-info/SOURCES.txt'
[0.787s] writing manifest file 'mycobot_interfaces.egg-info/SOURCES.txt'
[0.812s] [100%] Built target ament_cmake_python_build_mycobot_interfaces_egg
[0.820s] Invoked command in '/home/david/ros2_ws/build/mycobot_interfaces' returned '0': CMAKE_PREFIX_PATH=${CMAKE_PREFIX_PATH}:/home/david/ros2_ws/install/ultraarm:/home/david/ros2_ws/install/mypalletizer_260_pi:/home/david/ros2_ws/install/mypalletizer_260:/home/david/ros2_ws/install/mypalletizer_communication:/home/david/ros2_ws/install/mycobot_630:/home/david/ros2_ws/install/mycobot_600:/home/david/ros2_ws/install/mycobot_320pi:/home/david/ros2_ws/install/mycobot_320:/home/david/ros2_ws/install/mycobot_280pi:/home/david/ros2_ws/install/mycobot_280jn:/home/david/ros2_ws/install/mycobot_280_x3pi:/home/david/ros2_ws/install/mycobot_280:/home/david/ros2_ws/install/myarm_m750:/home/david/ros2_ws/install/myarm_c650:/home/david/ros2_ws/install/myarm_300:/home/david/ros2_ws/install/mycobot_communication:/home/david/ros2_ws/install/mecharm_pi:/home/david/ros2_ws/install/mecharm:/home/david/ros2_ws/install/mecharm_communication:/home/david/ros2_ws/install/mybuddy:/home/david/ros2_ws/install/mycobot_description:/opt/ros/humble /usr/bin/cmake --build /home/david/ros2_ws/build/mycobot_interfaces -- -j12 -l12
[0.976s] Invoking command in '/home/david/ros2_ws/build/mycobot_interfaces': CMAKE_PREFIX_PATH=${CMAKE_PREFIX_PATH}:/home/david/ros2_ws/install/ultraarm:/home/david/ros2_ws/install/mypalletizer_260_pi:/home/david/ros2_ws/install/mypalletizer_260:/home/david/ros2_ws/install/mypalletizer_communication:/home/david/ros2_ws/install/mycobot_630:/home/david/ros2_ws/install/mycobot_600:/home/david/ros2_ws/install/mycobot_320pi:/home/david/ros2_ws/install/mycobot_320:/home/david/ros2_ws/install/mycobot_280pi:/home/david/ros2_ws/install/mycobot_280jn:/home/david/ros2_ws/install/mycobot_280_x3pi:/home/david/ros2_ws/install/mycobot_280:/home/david/ros2_ws/install/myarm_m750:/home/david/ros2_ws/install/myarm_c650:/home/david/ros2_ws/install/myarm_300:/home/david/ros2_ws/install/mycobot_communication:/home/david/ros2_ws/install/mecharm_pi:/home/david/ros2_ws/install/mecharm:/home/david/ros2_ws/install/mecharm_communication:/home/david/ros2_ws/install/mybuddy:/home/david/ros2_ws/install/mycobot_description:/opt/ros/humble /usr/bin/cmake --install /home/david/ros2_ws/build/mycobot_interfaces
[0.982s] -- Install configuration: ""
[0.983s] -- Execute custom install script
[0.983s] -- Up-to-date symlink: /home/david/ros2_ws/install/mycobot_interfaces/share/ament_index/resource_index/rosidl_interfaces/mycobot_interfaces
[0.985s] -- Up-to-date symlink: /home/david/ros2_ws/install/mycobot_interfaces/include/mycobot_interfaces/mycobot_interfaces/msg/detail/mycobot_angles__functions.h
[0.985s] -- Up-to-date symlink: /home/david/ros2_ws/install/mycobot_interfaces/include/mycobot_interfaces/mycobot_interfaces/msg/detail/mycobot_angles__struct.h
[0.985s] -- Up-to-date symlink: /home/david/ros2_ws/install/mycobot_interfaces/include/mycobot_interfaces/mycobot_interfaces/msg/detail/mycobot_angles__type_support.h
[0.985s] -- Up-to-date symlink: /home/david/ros2_ws/install/mycobot_interfaces/include/mycobot_interfaces/mycobot_interfaces/msg/detail/mycobot_coords__functions.h
[0.985s] -- Up-to-date symlink: /home/david/ros2_ws/install/mycobot_interfaces/include/mycobot_interfaces/mycobot_interfaces/msg/detail/mycobot_coords__struct.h
[0.985s] -- Up-to-date symlink: /home/david/ros2_ws/install/mycobot_interfaces/include/mycobot_interfaces/mycobot_interfaces/msg/detail/mycobot_coords__type_support.h
[0.985s] -- Up-to-date symlink: /home/david/ros2_ws/install/mycobot_interfaces/include/mycobot_interfaces/mycobot_interfaces/msg/detail/mycobot_gripper_status__functions.h
[0.986s] -- Up-to-date symlink: /home/david/ros2_ws/install/mycobot_interfaces/include/mycobot_interfaces/mycobot_interfaces/msg/detail/mycobot_gripper_status__struct.h
[0.986s] -- Up-to-date symlink: /home/david/ros2_ws/install/mycobot_interfaces/include/mycobot_interfaces/mycobot_interfaces/msg/detail/mycobot_gripper_status__type_support.h
[0.986s] -- Up-to-date symlink: /home/david/ros2_ws/install/mycobot_interfaces/include/mycobot_interfaces/mycobot_interfaces/msg/detail/mycobot_pump_status__functions.h
[0.986s] -- Up-to-date symlink: /home/david/ros2_ws/install/mycobot_interfaces/include/mycobot_interfaces/mycobot_interfaces/msg/detail/mycobot_pump_status__struct.h
[0.986s] -- Up-to-date symlink: /home/david/ros2_ws/install/mycobot_interfaces/include/mycobot_interfaces/mycobot_interfaces/msg/detail/mycobot_pump_status__type_support.h
[0.986s] -- Up-to-date symlink: /home/david/ros2_ws/install/mycobot_interfaces/include/mycobot_interfaces/mycobot_interfaces/msg/detail/mycobot_set_angles__functions.h
[0.986s] -- Up-to-date symlink: /home/david/ros2_ws/install/mycobot_interfaces/include/mycobot_interfaces/mycobot_interfaces/msg/detail/mycobot_set_angles__struct.h
[0.987s] -- Up-to-date symlink: /home/david/ros2_ws/install/mycobot_interfaces/include/mycobot_interfaces/mycobot_interfaces/msg/detail/mycobot_set_angles__type_support.h
[0.987s] -- Up-to-date symlink: /home/david/ros2_ws/install/mycobot_interfaces/include/mycobot_interfaces/mycobot_interfaces/msg/detail/mycobot_set_coords__functions.h
[0.987s] -- Up-to-date symlink: /home/david/ros2_ws/install/mycobot_interfaces/include/mycobot_interfaces/mycobot_interfaces/msg/detail/mycobot_set_coords__struct.h
[0.987s] -- Up-to-date symlink: /home/david/ros2_ws/install/mycobot_interfaces/include/mycobot_interfaces/mycobot_interfaces/msg/detail/mycobot_set_coords__type_support.h
[0.987s] -- Up-to-date symlink: /home/david/ros2_ws/install/mycobot_interfaces/include/mycobot_interfaces/mycobot_interfaces/msg/mycobot_angles.h
[0.987s] -- Up-to-date symlink: /home/david/ros2_ws/install/mycobot_interfaces/include/mycobot_interfaces/mycobot_interfaces/msg/mycobot_coords.h
[0.987s] -- Up-to-date symlink: /home/david/ros2_ws/install/mycobot_interfaces/include/mycobot_interfaces/mycobot_interfaces/msg/mycobot_gripper_status.h
[0.988s] -- Up-to-date symlink: /home/david/ros2_ws/install/mycobot_interfaces/include/mycobot_interfaces/mycobot_interfaces/msg/mycobot_pump_status.h
[0.988s] -- Up-to-date symlink: /home/david/ros2_ws/install/mycobot_interfaces/include/mycobot_interfaces/mycobot_interfaces/msg/mycobot_set_angles.h
[0.988s] -- Up-to-date symlink: /home/david/ros2_ws/install/mycobot_interfaces/include/mycobot_interfaces/mycobot_interfaces/msg/mycobot_set_coords.h
[0.988s] -- Up-to-date symlink: /home/david/ros2_ws/install/mycobot_interfaces/include/mycobot_interfaces/mycobot_interfaces/msg/rosidl_generator_c__visibility_control.h
[0.988s] -- Up-to-date symlink: /home/david/ros2_ws/install/mycobot_interfaces/include/mycobot_interfaces/mycobot_interfaces/srv/detail/get_angles__functions.h
[0.989s] -- Up-to-date symlink: /home/david/ros2_ws/install/mycobot_interfaces/include/mycobot_interfaces/mycobot_interfaces/srv/detail/get_angles__struct.h
[0.989s] -- Up-to-date symlink: /home/david/ros2_ws/install/mycobot_interfaces/include/mycobot_interfaces/mycobot_interfaces/srv/detail/get_angles__type_support.h
[0.989s] -- Up-to-date symlink: /home/david/ros2_ws/install/mycobot_interfaces/include/mycobot_interfaces/mycobot_interfaces/srv/detail/get_coords__functions.h
[0.989s] -- Up-to-date symlink: /home/david/ros2_ws/install/mycobot_interfaces/include/mycobot_interfaces/mycobot_interfaces/srv/detail/get_coords__struct.h
[0.989s] -- Up-to-date symlink: /home/david/ros2_ws/install/mycobot_interfaces/include/mycobot_interfaces/mycobot_interfaces/srv/detail/get_coords__type_support.h
[0.989s] -- Up-to-date symlink: /home/david/ros2_ws/install/mycobot_interfaces/include/mycobot_interfaces/mycobot_interfaces/srv/detail/gripper_status__functions.h
[0.990s] -- Up-to-date symlink: /home/david/ros2_ws/install/mycobot_interfaces/include/mycobot_interfaces/mycobot_interfaces/srv/detail/gripper_status__struct.h
[0.990s] -- Up-to-date symlink: /home/david/ros2_ws/install/mycobot_interfaces/include/mycobot_interfaces/mycobot_interfaces/srv/detail/gripper_status__type_support.h
[0.990s] -- Up-to-date symlink: /home/david/ros2_ws/install/mycobot_interfaces/include/mycobot_interfaces/mycobot_interfaces/srv/detail/pump_status__functions.h
[0.990s] -- Up-to-date symlink: /home/david/ros2_ws/install/mycobot_interfaces/include/mycobot_interfaces/mycobot_interfaces/srv/detail/pump_status__struct.h
[0.990s] -- Up-to-date symlink: /home/david/ros2_ws/install/mycobot_interfaces/include/mycobot_interfaces/mycobot_interfaces/srv/detail/pump_status__type_support.h
[0.990s] -- Up-to-date symlink: /home/david/ros2_ws/install/mycobot_interfaces/include/mycobot_interfaces/mycobot_interfaces/srv/detail/set_angles__functions.h
[0.990s] -- Up-to-date symlink: /home/david/ros2_ws/install/mycobot_interfaces/include/mycobot_interfaces/mycobot_interfaces/srv/detail/set_angles__struct.h
[0.991s] -- Up-to-date symlink: /home/david/ros2_ws/install/mycobot_interfaces/include/mycobot_interfaces/mycobot_interfaces/srv/detail/set_angles__type_support.h
[0.991s] -- Up-to-date symlink: /home/david/ros2_ws/install/mycobot_interfaces/include/mycobot_interfaces/mycobot_interfaces/srv/detail/set_coords__functions.h
[0.991s] -- Up-to-date symlink: /home/david/ros2_ws/install/mycobot_interfaces/include/mycobot_interfaces/mycobot_interfaces/srv/detail/set_coords__struct.h
[0.991s] -- Up-to-date symlink: /home/david/ros2_ws/install/mycobot_interfaces/include/mycobot_interfaces/mycobot_interfaces/srv/detail/set_coords__type_support.h
[0.991s] -- Up-to-date symlink: /home/david/ros2_ws/install/mycobot_interfaces/include/mycobot_interfaces/mycobot_interfaces/srv/get_angles.h
[0.991s] -- Up-to-date symlink: /home/david/ros2_ws/install/mycobot_interfaces/include/mycobot_interfaces/mycobot_interfaces/srv/get_coords.h
[0.992s] -- Up-to-date symlink: /home/david/ros2_ws/install/mycobot_interfaces/include/mycobot_interfaces/mycobot_interfaces/srv/gripper_status.h
[0.992s] -- Up-to-date symlink: /home/david/ros2_ws/install/mycobot_interfaces/include/mycobot_interfaces/mycobot_interfaces/srv/pump_status.h
[0.992s] -- Up-to-date symlink: /home/david/ros2_ws/install/mycobot_interfaces/include/mycobot_interfaces/mycobot_interfaces/srv/set_angles.h
[0.992s] -- Up-to-date symlink: /home/david/ros2_ws/install/mycobot_interfaces/include/mycobot_interfaces/mycobot_interfaces/srv/set_coords.h
[0.992s] -- Up-to-date symlink: /home/david/ros2_ws/install/mycobot_interfaces/share/mycobot_interfaces/environment/library_path.sh
[0.992s] -- Up-to-date symlink: /home/david/ros2_ws/install/mycobot_interfaces/share/mycobot_interfaces/environment/library_path.dsv
[0.993s] -- Up-to-date symlink: /home/david/ros2_ws/install/mycobot_interfaces/include/mycobot_interfaces/mycobot_interfaces/msg/detail/mycobot_angles__rosidl_typesupport_fastrtps_c.h
[0.993s] -- Up-to-date symlink: /home/david/ros2_ws/install/mycobot_interfaces/include/mycobot_interfaces/mycobot_interfaces/msg/detail/mycobot_coords__rosidl_typesupport_fastrtps_c.h
[0.993s] -- Up-to-date symlink: /home/david/ros2_ws/install/mycobot_interfaces/include/mycobot_interfaces/mycobot_interfaces/msg/detail/mycobot_gripper_status__rosidl_typesupport_fastrtps_c.h
[0.994s] -- Up-to-date symlink: /home/david/ros2_ws/install/mycobot_interfaces/include/mycobot_interfaces/mycobot_interfaces/msg/detail/mycobot_pump_status__rosidl_typesupport_fastrtps_c.h
[0.994s] -- Up-to-date symlink: /home/david/ros2_ws/install/mycobot_interfaces/include/mycobot_interfaces/mycobot_interfaces/msg/detail/mycobot_set_angles__rosidl_typesupport_fastrtps_c.h
[0.994s] -- Up-to-date symlink: /home/david/ros2_ws/install/mycobot_interfaces/include/mycobot_interfaces/mycobot_interfaces/msg/detail/mycobot_set_coords__rosidl_typesupport_fastrtps_c.h
[0.994s] -- Up-to-date symlink: /home/david/ros2_ws/install/mycobot_interfaces/include/mycobot_interfaces/mycobot_interfaces/msg/rosidl_typesupport_fastrtps_c__visibility_control.h
[0.994s] -- Up-to-date symlink: /home/david/ros2_ws/install/mycobot_interfaces/include/mycobot_interfaces/mycobot_interfaces/srv/detail/get_angles__rosidl_typesupport_fastrtps_c.h
[0.994s] -- Up-to-date symlink: /home/david/ros2_ws/install/mycobot_interfaces/include/mycobot_interfaces/mycobot_interfaces/srv/detail/get_coords__rosidl_typesupport_fastrtps_c.h
[0.994s] -- Up-to-date symlink: /home/david/ros2_ws/install/mycobot_interfaces/include/mycobot_interfaces/mycobot_interfaces/srv/detail/gripper_status__rosidl_typesupport_fastrtps_c.h
[0.995s] -- Up-to-date symlink: /home/david/ros2_ws/install/mycobot_interfaces/include/mycobot_interfaces/mycobot_interfaces/srv/detail/pump_status__rosidl_typesupport_fastrtps_c.h
[0.995s] -- Up-to-date symlink: /home/david/ros2_ws/install/mycobot_interfaces/include/mycobot_interfaces/mycobot_interfaces/srv/detail/set_angles__rosidl_typesupport_fastrtps_c.h
[0.995s] -- Up-to-date symlink: /home/david/ros2_ws/install/mycobot_interfaces/include/mycobot_interfaces/mycobot_interfaces/srv/detail/set_coords__rosidl_typesupport_fastrtps_c.h
[0.995s] -- Up-to-date symlink: /home/david/ros2_ws/install/mycobot_interfaces/include/mycobot_interfaces/mycobot_interfaces/msg/detail/mycobot_angles__rosidl_typesupport_introspection_c.h
[0.995s] -- Up-to-date symlink: /home/david/ros2_ws/install/mycobot_interfaces/include/mycobot_interfaces/mycobot_interfaces/msg/detail/mycobot_coords__rosidl_typesupport_introspection_c.h
[0.996s] -- Up-to-date symlink: /home/david/ros2_ws/install/mycobot_interfaces/include/mycobot_interfaces/mycobot_interfaces/msg/detail/mycobot_gripper_status__rosidl_typesupport_introspection_c.h
[0.996s] -- Up-to-date symlink: /home/david/ros2_ws/install/mycobot_interfaces/include/mycobot_interfaces/mycobot_interfaces/msg/detail/mycobot_pump_status__rosidl_typesupport_introspection_c.h
[0.996s] -- Up-to-date symlink: /home/david/ros2_ws/install/mycobot_interfaces/include/mycobot_interfaces/mycobot_interfaces/msg/detail/mycobot_set_angles__rosidl_typesupport_introspection_c.h
[0.997s] -- Up-to-date symlink: /home/david/ros2_ws/install/mycobot_interfaces/include/mycobot_interfaces/mycobot_interfaces/msg/detail/mycobot_set_coords__rosidl_typesupport_introspection_c.h
[0.997s] -- Up-to-date symlink: /home/david/ros2_ws/install/mycobot_interfaces/include/mycobot_interfaces/mycobot_interfaces/msg/rosidl_typesupport_introspection_c__visibility_control.h
[0.998s] -- Up-to-date symlink: /home/david/ros2_ws/install/mycobot_interfaces/include/mycobot_interfaces/mycobot_interfaces/srv/detail/get_angles__rosidl_typesupport_introspection_c.h
[0.998s] -- Up-to-date symlink: /home/david/ros2_ws/install/mycobot_interfaces/include/mycobot_interfaces/mycobot_interfaces/srv/detail/get_coords__rosidl_typesupport_introspection_c.h
[0.998s] -- Up-to-date symlink: /home/david/ros2_ws/install/mycobot_interfaces/include/mycobot_interfaces/mycobot_interfaces/srv/detail/gripper_status__rosidl_typesupport_introspection_c.h
[0.998s] -- Up-to-date symlink: /home/david/ros2_ws/install/mycobot_interfaces/include/mycobot_interfaces/mycobot_interfaces/srv/detail/pump_status__rosidl_typesupport_introspection_c.h
[0.998s] -- Up-to-date symlink: /home/david/ros2_ws/install/mycobot_interfaces/include/mycobot_interfaces/mycobot_interfaces/srv/detail/set_angles__rosidl_typesupport_introspection_c.h
[0.998s] -- Up-to-date symlink: /home/david/ros2_ws/install/mycobot_interfaces/include/mycobot_interfaces/mycobot_interfaces/srv/detail/set_coords__rosidl_typesupport_introspection_c.h
[0.998s] -- Up-to-date symlink: /home/david/ros2_ws/install/mycobot_interfaces/include/mycobot_interfaces/mycobot_interfaces/msg/detail/mycobot_angles__builder.hpp
[0.998s] -- Up-to-date symlink: /home/david/ros2_ws/install/mycobot_interfaces/include/mycobot_interfaces/mycobot_interfaces/msg/detail/mycobot_angles__struct.hpp
[0.999s] -- Up-to-date symlink: /home/david/ros2_ws/install/mycobot_interfaces/include/mycobot_interfaces/mycobot_interfaces/msg/detail/mycobot_angles__traits.hpp
[0.999s] -- Up-to-date symlink: /home/david/ros2_ws/install/mycobot_interfaces/include/mycobot_interfaces/mycobot_interfaces/msg/detail/mycobot_coords__builder.hpp
[0.999s] -- Up-to-date symlink: /home/david/ros2_ws/install/mycobot_interfaces/include/mycobot_interfaces/mycobot_interfaces/msg/detail/mycobot_coords__struct.hpp
[0.999s] -- Up-to-date symlink: /home/david/ros2_ws/install/mycobot_interfaces/include/mycobot_interfaces/mycobot_interfaces/msg/detail/mycobot_coords__traits.hpp
[0.999s] -- Up-to-date symlink: /home/david/ros2_ws/install/mycobot_interfaces/include/mycobot_interfaces/mycobot_interfaces/msg/detail/mycobot_gripper_status__builder.hpp
[0.999s] -- Up-to-date symlink: /home/david/ros2_ws/install/mycobot_interfaces/include/mycobot_interfaces/mycobot_interfaces/msg/detail/mycobot_gripper_status__struct.hpp
[0.999s] -- Up-to-date symlink: /home/david/ros2_ws/install/mycobot_interfaces/include/mycobot_interfaces/mycobot_interfaces/msg/detail/mycobot_gripper_status__traits.hpp
[0.999s] -- Up-to-date symlink: /home/david/ros2_ws/install/mycobot_interfaces/include/mycobot_interfaces/mycobot_interfaces/msg/detail/mycobot_pump_status__builder.hpp
[0.999s] -- Up-to-date symlink: /home/david/ros2_ws/install/mycobot_interfaces/include/mycobot_interfaces/mycobot_interfaces/msg/detail/mycobot_pump_status__struct.hpp
[0.999s] -- Up-to-date symlink: /home/david/ros2_ws/install/mycobot_interfaces/include/mycobot_interfaces/mycobot_interfaces/msg/detail/mycobot_pump_status__traits.hpp
[0.999s] -- Up-to-date symlink: /home/david/ros2_ws/install/mycobot_interfaces/include/mycobot_interfaces/mycobot_interfaces/msg/detail/mycobot_set_angles__builder.hpp
[1.000s] -- Up-to-date symlink: /home/david/ros2_ws/install/mycobot_interfaces/include/mycobot_interfaces/mycobot_interfaces/msg/detail/mycobot_set_angles__struct.hpp
[1.000s] -- Up-to-date symlink: /home/david/ros2_ws/install/mycobot_interfaces/include/mycobot_interfaces/mycobot_interfaces/msg/detail/mycobot_set_angles__traits.hpp
[1.000s] -- Up-to-date symlink: /home/david/ros2_ws/install/mycobot_interfaces/include/mycobot_interfaces/mycobot_interfaces/msg/detail/mycobot_set_coords__builder.hpp
[1.000s] -- Up-to-date symlink: /home/david/ros2_ws/install/mycobot_interfaces/include/mycobot_interfaces/mycobot_interfaces/msg/detail/mycobot_set_coords__struct.hpp
[1.000s] -- Up-to-date symlink: /home/david/ros2_ws/install/mycobot_interfaces/include/mycobot_interfaces/mycobot_interfaces/msg/detail/mycobot_set_coords__traits.hpp
[1.000s] -- Up-to-date symlink: /home/david/ros2_ws/install/mycobot_interfaces/include/mycobot_interfaces/mycobot_interfaces/msg/mycobot_angles.hpp
[1.000s] -- Up-to-date symlink: /home/david/ros2_ws/install/mycobot_interfaces/include/mycobot_interfaces/mycobot_interfaces/msg/mycobot_coords.hpp
[1.001s] -- Up-to-date symlink: /home/david/ros2_ws/install/mycobot_interfaces/include/mycobot_interfaces/mycobot_interfaces/msg/mycobot_gripper_status.hpp
[1.001s] -- Up-to-date symlink: /home/david/ros2_ws/install/mycobot_interfaces/include/mycobot_interfaces/mycobot_interfaces/msg/mycobot_pump_status.hpp
[1.001s] -- Up-to-date symlink: /home/david/ros2_ws/install/mycobot_interfaces/include/mycobot_interfaces/mycobot_interfaces/msg/mycobot_set_angles.hpp
[1.001s] -- Up-to-date symlink: /home/david/ros2_ws/install/mycobot_interfaces/include/mycobot_interfaces/mycobot_interfaces/msg/mycobot_set_coords.hpp
[1.001s] -- Up-to-date symlink: /home/david/ros2_ws/install/mycobot_interfaces/include/mycobot_interfaces/mycobot_interfaces/srv/detail/get_angles__builder.hpp
[1.002s] -- Up-to-date symlink: /home/david/ros2_ws/install/mycobot_interfaces/include/mycobot_interfaces/mycobot_interfaces/srv/detail/get_angles__struct.hpp
[1.002s] -- Up-to-date symlink: /home/david/ros2_ws/install/mycobot_interfaces/include/mycobot_interfaces/mycobot_interfaces/srv/detail/get_angles__traits.hpp
[1.002s] -- Up-to-date symlink: /home/david/ros2_ws/install/mycobot_interfaces/include/mycobot_interfaces/mycobot_interfaces/srv/detail/get_coords__builder.hpp
[1.002s] -- Up-to-date symlink: /home/david/ros2_ws/install/mycobot_interfaces/include/mycobot_interfaces/mycobot_interfaces/srv/detail/get_coords__struct.hpp
[1.002s] -- Up-to-date symlink: /home/david/ros2_ws/install/mycobot_interfaces/include/mycobot_interfaces/mycobot_interfaces/srv/detail/get_coords__traits.hpp
[1.002s] -- Up-to-date symlink: /home/david/ros2_ws/install/mycobot_interfaces/include/mycobot_interfaces/mycobot_interfaces/srv/detail/gripper_status__builder.hpp
[1.002s] -- Up-to-date symlink: /home/david/ros2_ws/install/mycobot_interfaces/include/mycobot_interfaces/mycobot_interfaces/srv/detail/gripper_status__struct.hpp
[1.003s] -- Up-to-date symlink: /home/david/ros2_ws/install/mycobot_interfaces/include/mycobot_interfaces/mycobot_interfaces/srv/detail/gripper_status__traits.hpp
[1.003s] -- Up-to-date symlink: /home/david/ros2_ws/install/mycobot_interfaces/include/mycobot_interfaces/mycobot_interfaces/srv/detail/pump_status__builder.hpp
[1.003s] -- Up-to-date symlink: /home/david/ros2_ws/install/mycobot_interfaces/include/mycobot_interfaces/mycobot_interfaces/srv/detail/pump_status__struct.hpp
[1.003s] -- Up-to-date symlink: /home/david/ros2_ws/install/mycobot_interfaces/include/mycobot_interfaces/mycobot_interfaces/srv/detail/pump_status__traits.hpp
[1.003s] -- Up-to-date symlink: /home/david/ros2_ws/install/mycobot_interfaces/include/mycobot_interfaces/mycobot_interfaces/srv/detail/set_angles__builder.hpp
[1.003s] -- Up-to-date symlink: /home/david/ros2_ws/install/mycobot_interfaces/include/mycobot_interfaces/mycobot_interfaces/srv/detail/set_angles__struct.hpp
[1.003s] -- Up-to-date symlink: /home/david/ros2_ws/install/mycobot_interfaces/include/mycobot_interfaces/mycobot_interfaces/srv/detail/set_angles__traits.hpp
[1.004s] -- Up-to-date symlink: /home/david/ros2_ws/install/mycobot_interfaces/include/mycobot_interfaces/mycobot_interfaces/srv/detail/set_coords__builder.hpp
[1.004s] -- Up-to-date symlink: /home/david/ros2_ws/install/mycobot_interfaces/include/mycobot_interfaces/mycobot_interfaces/srv/detail/set_coords__struct.hpp
[1.004s] -- Up-to-date symlink: /home/david/ros2_ws/install/mycobot_interfaces/include/mycobot_interfaces/mycobot_interfaces/srv/detail/set_coords__traits.hpp
[1.004s] -- Up-to-date symlink: /home/david/ros2_ws/install/mycobot_interfaces/include/mycobot_interfaces/mycobot_interfaces/srv/get_angles.hpp
[1.004s] -- Up-to-date symlink: /home/david/ros2_ws/install/mycobot_interfaces/include/mycobot_interfaces/mycobot_interfaces/srv/get_coords.hpp
[1.004s] -- Up-to-date symlink: /home/david/ros2_ws/install/mycobot_interfaces/include/mycobot_interfaces/mycobot_interfaces/srv/gripper_status.hpp
[1.004s] -- Up-to-date symlink: /home/david/ros2_ws/install/mycobot_interfaces/include/mycobot_interfaces/mycobot_interfaces/srv/pump_status.hpp
[1.005s] -- Up-to-date symlink: /home/david/ros2_ws/install/mycobot_interfaces/include/mycobot_interfaces/mycobot_interfaces/srv/set_angles.hpp
[1.005s] -- Up-to-date symlink: /home/david/ros2_ws/install/mycobot_interfaces/include/mycobot_interfaces/mycobot_interfaces/srv/set_coords.hpp
[1.006s] -- Up-to-date symlink: /home/david/ros2_ws/install/mycobot_interfaces/include/mycobot_interfaces/mycobot_interfaces/msg/detail/mycobot_angles__rosidl_typesupport_fastrtps_cpp.hpp
[1.006s] -- Up-to-date symlink: /home/david/ros2_ws/install/mycobot_interfaces/include/mycobot_interfaces/mycobot_interfaces/msg/detail/mycobot_coords__rosidl_typesupport_fastrtps_cpp.hpp
[1.006s] -- Up-to-date symlink: /home/david/ros2_ws/install/mycobot_interfaces/include/mycobot_interfaces/mycobot_interfaces/msg/detail/mycobot_gripper_status__rosidl_typesupport_fastrtps_cpp.hpp
[1.006s] -- Up-to-date symlink: /home/david/ros2_ws/install/mycobot_interfaces/include/mycobot_interfaces/mycobot_interfaces/msg/detail/mycobot_pump_status__rosidl_typesupport_fastrtps_cpp.hpp
[1.006s] -- Up-to-date symlink: /home/david/ros2_ws/install/mycobot_interfaces/include/mycobot_interfaces/mycobot_interfaces/msg/detail/mycobot_set_angles__rosidl_typesupport_fastrtps_cpp.hpp
[1.006s] -- Up-to-date symlink: /home/david/ros2_ws/install/mycobot_interfaces/include/mycobot_interfaces/mycobot_interfaces/msg/detail/mycobot_set_coords__rosidl_typesupport_fastrtps_cpp.hpp
[1.006s] -- Up-to-date symlink: /home/david/ros2_ws/install/mycobot_interfaces/include/mycobot_interfaces/mycobot_interfaces/msg/rosidl_typesupport_fastrtps_cpp__visibility_control.h
[1.007s] -- Up-to-date symlink: /home/david/ros2_ws/install/mycobot_interfaces/include/mycobot_interfaces/mycobot_interfaces/srv/detail/get_angles__rosidl_typesupport_fastrtps_cpp.hpp
[1.007s] -- Up-to-date symlink: /home/david/ros2_ws/install/mycobot_interfaces/include/mycobot_interfaces/mycobot_interfaces/srv/detail/get_coords__rosidl_typesupport_fastrtps_cpp.hpp
[1.007s] -- Up-to-date symlink: /home/david/ros2_ws/install/mycobot_interfaces/include/mycobot_interfaces/mycobot_interfaces/srv/detail/gripper_status__rosidl_typesupport_fastrtps_cpp.hpp
[1.007s] -- Up-to-date symlink: /home/david/ros2_ws/install/mycobot_interfaces/include/mycobot_interfaces/mycobot_interfaces/srv/detail/pump_status__rosidl_typesupport_fastrtps_cpp.hpp
[1.007s] -- Up-to-date symlink: /home/david/ros2_ws/install/mycobot_interfaces/include/mycobot_interfaces/mycobot_interfaces/srv/detail/set_angles__rosidl_typesupport_fastrtps_cpp.hpp
[1.008s] -- Up-to-date symlink: /home/david/ros2_ws/install/mycobot_interfaces/include/mycobot_interfaces/mycobot_interfaces/srv/detail/set_coords__rosidl_typesupport_fastrtps_cpp.hpp
[1.008s] -- Up-to-date symlink: /home/david/ros2_ws/install/mycobot_interfaces/include/mycobot_interfaces/mycobot_interfaces/msg/detail/mycobot_angles__rosidl_typesupport_introspection_cpp.hpp
[1.008s] -- Up-to-date symlink: /home/david/ros2_ws/install/mycobot_interfaces/include/mycobot_interfaces/mycobot_interfaces/msg/detail/mycobot_coords__rosidl_typesupport_introspection_cpp.hpp
[1.008s] -- Up-to-date symlink: /home/david/ros2_ws/install/mycobot_interfaces/include/mycobot_interfaces/mycobot_interfaces/msg/detail/mycobot_gripper_status__rosidl_typesupport_introspection_cpp.hpp
[1.008s] -- Up-to-date symlink: /home/david/ros2_ws/install/mycobot_interfaces/include/mycobot_interfaces/mycobot_interfaces/msg/detail/mycobot_pump_status__rosidl_typesupport_introspection_cpp.hpp
[1.008s] -- Up-to-date symlink: /home/david/ros2_ws/install/mycobot_interfaces/include/mycobot_interfaces/mycobot_interfaces/msg/detail/mycobot_set_angles__rosidl_typesupport_introspection_cpp.hpp
[1.009s] -- Up-to-date symlink: /home/david/ros2_ws/install/mycobot_interfaces/include/mycobot_interfaces/mycobot_interfaces/msg/detail/mycobot_set_coords__rosidl_typesupport_introspection_cpp.hpp
[1.009s] -- Up-to-date symlink: /home/david/ros2_ws/install/mycobot_interfaces/include/mycobot_interfaces/mycobot_interfaces/srv/detail/get_angles__rosidl_typesupport_introspection_cpp.hpp
[1.009s] -- Up-to-date symlink: /home/david/ros2_ws/install/mycobot_interfaces/include/mycobot_interfaces/mycobot_interfaces/srv/detail/get_coords__rosidl_typesupport_introspection_cpp.hpp
[1.010s] -- Up-to-date symlink: /home/david/ros2_ws/install/mycobot_interfaces/include/mycobot_interfaces/mycobot_interfaces/srv/detail/gripper_status__rosidl_typesupport_introspection_cpp.hpp
[1.010s] -- Up-to-date symlink: /home/david/ros2_ws/install/mycobot_interfaces/include/mycobot_interfaces/mycobot_interfaces/srv/detail/pump_status__rosidl_typesupport_introspection_cpp.hpp
[1.010s] -- Up-to-date symlink: /home/david/ros2_ws/install/mycobot_interfaces/include/mycobot_interfaces/mycobot_interfaces/srv/detail/set_angles__rosidl_typesupport_introspection_cpp.hpp
[1.010s] -- Up-to-date symlink: /home/david/ros2_ws/install/mycobot_interfaces/include/mycobot_interfaces/mycobot_interfaces/srv/detail/set_coords__rosidl_typesupport_introspection_cpp.hpp
[1.010s] -- Up-to-date symlink: /home/david/ros2_ws/install/mycobot_interfaces/share/mycobot_interfaces/environment/pythonpath.sh
[1.010s] -- Up-to-date symlink: /home/david/ros2_ws/install/mycobot_interfaces/share/mycobot_interfaces/environment/pythonpath.dsv
[1.011s] -- Up-to-date symlink: /home/david/ros2_ws/install/mycobot_interfaces/local/lib/python3.10/dist-packages/mycobot_interfaces-0.0.0-py3.10.egg-info/PKG-INFO
[1.011s] -- Up-to-date symlink: /home/david/ros2_ws/install/mycobot_interfaces/local/lib/python3.10/dist-packages/mycobot_interfaces-0.0.0-py3.10.egg-info/SOURCES.txt
[1.011s] -- Up-to-date symlink: /home/david/ros2_ws/install/mycobot_interfaces/local/lib/python3.10/dist-packages/mycobot_interfaces-0.0.0-py3.10.egg-info/dependency_links.txt
[1.011s] -- Up-to-date symlink: /home/david/ros2_ws/install/mycobot_interfaces/local/lib/python3.10/dist-packages/mycobot_interfaces-0.0.0-py3.10.egg-info/top_level.txt
[1.011s] -- Up-to-date symlink: /home/david/ros2_ws/install/mycobot_interfaces/local/lib/python3.10/dist-packages/mycobot_interfaces/__init__.py
[1.011s] -- Up-to-date symlink: /home/david/ros2_ws/install/mycobot_interfaces/local/lib/python3.10/dist-packages/mycobot_interfaces/_mycobot_interfaces_s.ep.rosidl_typesupport_c.c
[1.011s] -- Up-to-date symlink: /home/david/ros2_ws/install/mycobot_interfaces/local/lib/python3.10/dist-packages/mycobot_interfaces/_mycobot_interfaces_s.ep.rosidl_typesupport_fastrtps_c.c
[1.011s] -- Up-to-date symlink: /home/david/ros2_ws/install/mycobot_interfaces/local/lib/python3.10/dist-packages/mycobot_interfaces/_mycobot_interfaces_s.ep.rosidl_typesupport_introspection_c.c
[1.012s] -- Up-to-date symlink: /home/david/ros2_ws/install/mycobot_interfaces/local/lib/python3.10/dist-packages/mycobot_interfaces/libmycobot_interfaces__rosidl_generator_py.so
[1.012s] -- Up-to-date symlink: /home/david/ros2_ws/install/mycobot_interfaces/local/lib/python3.10/dist-packages/mycobot_interfaces/msg/__init__.py
[1.012s] -- Up-to-date symlink: /home/david/ros2_ws/install/mycobot_interfaces/local/lib/python3.10/dist-packages/mycobot_interfaces/msg/_mycobot_angles.py
[1.012s] -- Up-to-date symlink: /home/david/ros2_ws/install/mycobot_interfaces/local/lib/python3.10/dist-packages/mycobot_interfaces/msg/_mycobot_angles_s.c
[1.012s] -- Up-to-date symlink: /home/david/ros2_ws/install/mycobot_interfaces/local/lib/python3.10/dist-packages/mycobot_interfaces/msg/_mycobot_coords.py
[1.012s] -- Up-to-date symlink: /home/david/ros2_ws/install/mycobot_interfaces/local/lib/python3.10/dist-packages/mycobot_interfaces/msg/_mycobot_coords_s.c
[1.012s] -- Up-to-date symlink: /home/david/ros2_ws/install/mycobot_interfaces/local/lib/python3.10/dist-packages/mycobot_interfaces/msg/_mycobot_gripper_status.py
[1.012s] -- Up-to-date symlink: /home/david/ros2_ws/install/mycobot_interfaces/local/lib/python3.10/dist-packages/mycobot_interfaces/msg/_mycobot_gripper_status_s.c
[1.012s] -- Up-to-date symlink: /home/david/ros2_ws/install/mycobot_interfaces/local/lib/python3.10/dist-packages/mycobot_interfaces/msg/_mycobot_pump_status.py
[1.012s] -- Up-to-date symlink: /home/david/ros2_ws/install/mycobot_interfaces/local/lib/python3.10/dist-packages/mycobot_interfaces/msg/_mycobot_pump_status_s.c
[1.012s] -- Up-to-date symlink: /home/david/ros2_ws/install/mycobot_interfaces/local/lib/python3.10/dist-packages/mycobot_interfaces/msg/_mycobot_set_angles.py
[1.013s] -- Up-to-date symlink: /home/david/ros2_ws/install/mycobot_interfaces/local/lib/python3.10/dist-packages/mycobot_interfaces/msg/_mycobot_set_angles_s.c
[1.013s] -- Up-to-date symlink: /home/david/ros2_ws/install/mycobot_interfaces/local/lib/python3.10/dist-packages/mycobot_interfaces/msg/_mycobot_set_coords.py
[1.014s] -- Up-to-date symlink: /home/david/ros2_ws/install/mycobot_interfaces/local/lib/python3.10/dist-packages/mycobot_interfaces/msg/_mycobot_set_coords_s.c
[1.014s] -- Up-to-date symlink: /home/david/ros2_ws/install/mycobot_interfaces/local/lib/python3.10/dist-packages/mycobot_interfaces/mycobot_interfaces_s__rosidl_typesupport_c.cpython-310-x86_64-linux-gnu.so
[1.014s] -- Up-to-date symlink: /home/david/ros2_ws/install/mycobot_interfaces/local/lib/python3.10/dist-packages/mycobot_interfaces/mycobot_interfaces_s__rosidl_typesupport_fastrtps_c.cpython-310-x86_64-linux-gnu.so
[1.014s] -- Up-to-date symlink: /home/david/ros2_ws/install/mycobot_interfaces/local/lib/python3.10/dist-packages/mycobot_interfaces/mycobot_interfaces_s__rosidl_typesupport_introspection_c.cpython-310-x86_64-linux-gnu.so
[1.014s] -- Up-to-date symlink: /home/david/ros2_ws/install/mycobot_interfaces/local/lib/python3.10/dist-packages/mycobot_interfaces/srv/__init__.py
[1.014s] -- Up-to-date symlink: /home/david/ros2_ws/install/mycobot_interfaces/local/lib/python3.10/dist-packages/mycobot_interfaces/srv/_get_angles.py
[1.014s] -- Up-to-date symlink: /home/david/ros2_ws/install/mycobot_interfaces/local/lib/python3.10/dist-packages/mycobot_interfaces/srv/_get_angles_s.c
[1.014s] -- Up-to-date symlink: /home/david/ros2_ws/install/mycobot_interfaces/local/lib/python3.10/dist-packages/mycobot_interfaces/srv/_get_coords.py
[1.014s] -- Up-to-date symlink: /home/david/ros2_ws/install/mycobot_interfaces/local/lib/python3.10/dist-packages/mycobot_interfaces/srv/_get_coords_s.c
[1.015s] -- Up-to-date symlink: /home/david/ros2_ws/install/mycobot_interfaces/local/lib/python3.10/dist-packages/mycobot_interfaces/srv/_gripper_status.py
[1.015s] -- Up-to-date symlink: /home/david/ros2_ws/install/mycobot_interfaces/local/lib/python3.10/dist-packages/mycobot_interfaces/srv/_gripper_status_s.c
[1.015s] -- Up-to-date symlink: /home/david/ros2_ws/install/mycobot_interfaces/local/lib/python3.10/dist-packages/mycobot_interfaces/srv/_pump_status.py
[1.015s] -- Up-to-date symlink: /home/david/ros2_ws/install/mycobot_interfaces/local/lib/python3.10/dist-packages/mycobot_interfaces/srv/_pump_status_s.c
[1.015s] -- Up-to-date symlink: /home/david/ros2_ws/install/mycobot_interfaces/local/lib/python3.10/dist-packages/mycobot_interfaces/srv/_set_angles.py
[1.015s] -- Up-to-date symlink: /home/david/ros2_ws/install/mycobot_interfaces/local/lib/python3.10/dist-packages/mycobot_interfaces/srv/_set_angles_s.c
[1.015s] -- Up-to-date symlink: /home/david/ros2_ws/install/mycobot_interfaces/local/lib/python3.10/dist-packages/mycobot_interfaces/srv/_set_coords.py
[1.015s] -- Up-to-date symlink: /home/david/ros2_ws/install/mycobot_interfaces/local/lib/python3.10/dist-packages/mycobot_interfaces/srv/_set_coords_s.c
[1.016s] -- Up-to-date symlink: /home/david/ros2_ws/install/mycobot_interfaces/local/lib/python3.10/dist-packages/mycobot_interfaces/mycobot_interfaces_s__rosidl_typesupport_fastrtps_c.cpython-310-x86_64-linux-gnu.so
[1.016s] -- Up-to-date symlink: /home/david/ros2_ws/install/mycobot_interfaces/local/lib/python3.10/dist-packages/mycobot_interfaces/mycobot_interfaces_s__rosidl_typesupport_introspection_c.cpython-310-x86_64-linux-gnu.so
[1.016s] -- Up-to-date symlink: /home/david/ros2_ws/install/mycobot_interfaces/local/lib/python3.10/dist-packages/mycobot_interfaces/mycobot_interfaces_s__rosidl_typesupport_c.cpython-310-x86_64-linux-gnu.so
[1.016s] -- Up-to-date symlink: /home/david/ros2_ws/install/mycobot_interfaces/share/mycobot_interfaces/msg/MycobotAngles.idl
[1.016s] -- Up-to-date symlink: /home/david/ros2_ws/install/mycobot_interfaces/share/mycobot_interfaces/msg/MycobotCoords.idl
[1.016s] -- Up-to-date symlink: /home/david/ros2_ws/install/mycobot_interfaces/share/mycobot_interfaces/msg/MycobotSetAngles.idl
[1.016s] -- Up-to-date symlink: /home/david/ros2_ws/install/mycobot_interfaces/share/mycobot_interfaces/msg/MycobotSetCoords.idl
[1.017s] -- Up-to-date symlink: /home/david/ros2_ws/install/mycobot_interfaces/share/mycobot_interfaces/msg/MycobotGripperStatus.idl
[1.017s] -- Up-to-date symlink: /home/david/ros2_ws/install/mycobot_interfaces/share/mycobot_interfaces/msg/MycobotPumpStatus.idl
[1.017s] -- Up-to-date symlink: /home/david/ros2_ws/install/mycobot_interfaces/share/mycobot_interfaces/srv/GetAngles.idl
[1.018s] -- Up-to-date symlink: /home/david/ros2_ws/install/mycobot_interfaces/share/mycobot_interfaces/srv/SetAngles.idl
[1.018s] -- Up-to-date symlink: /home/david/ros2_ws/install/mycobot_interfaces/share/mycobot_interfaces/srv/GetCoords.idl
[1.018s] -- Up-to-date symlink: /home/david/ros2_ws/install/mycobot_interfaces/share/mycobot_interfaces/srv/SetCoords.idl
[1.018s] -- Up-to-date symlink: /home/david/ros2_ws/install/mycobot_interfaces/share/mycobot_interfaces/srv/GripperStatus.idl
[1.018s] -- Up-to-date symlink: /home/david/ros2_ws/install/mycobot_interfaces/share/mycobot_interfaces/srv/PumpStatus.idl
[1.018s] -- Up-to-date symlink: /home/david/ros2_ws/install/mycobot_interfaces/share/mycobot_interfaces/msg/MycobotAngles.msg
[1.018s] -- Up-to-date symlink: /home/david/ros2_ws/install/mycobot_interfaces/share/mycobot_interfaces/msg/MycobotCoords.msg
[1.018s] -- Up-to-date symlink: /home/david/ros2_ws/install/mycobot_interfaces/share/mycobot_interfaces/msg/MycobotSetAngles.msg
[1.018s] -- Up-to-date symlink: /home/david/ros2_ws/install/mycobot_interfaces/share/mycobot_interfaces/msg/MycobotSetCoords.msg
[1.018s] -- Up-to-date symlink: /home/david/ros2_ws/install/mycobot_interfaces/share/mycobot_interfaces/msg/MycobotGripperStatus.msg
[1.019s] -- Up-to-date symlink: /home/david/ros2_ws/install/mycobot_interfaces/share/mycobot_interfaces/msg/MycobotPumpStatus.msg
[1.019s] -- Up-to-date symlink: /home/david/ros2_ws/install/mycobot_interfaces/share/mycobot_interfaces/srv/GetAngles.srv
[1.019s] -- Up-to-date symlink: /home/david/ros2_ws/install/mycobot_interfaces/share/mycobot_interfaces/srv/GetAngles_Request.msg
[1.019s] -- Up-to-date symlink: /home/david/ros2_ws/install/mycobot_interfaces/share/mycobot_interfaces/srv/GetAngles_Response.msg
[1.019s] -- Up-to-date symlink: /home/david/ros2_ws/install/mycobot_interfaces/share/mycobot_interfaces/srv/SetAngles.srv
[1.019s] -- Up-to-date symlink: /home/david/ros2_ws/install/mycobot_interfaces/share/mycobot_interfaces/srv/SetAngles_Request.msg
[1.019s] -- Up-to-date symlink: /home/david/ros2_ws/install/mycobot_interfaces/share/mycobot_interfaces/srv/SetAngles_Response.msg
[1.019s] -- Up-to-date symlink: /home/david/ros2_ws/install/mycobot_interfaces/share/mycobot_interfaces/srv/GetCoords.srv
[1.020s] -- Up-to-date symlink: /home/david/ros2_ws/install/mycobot_interfaces/share/mycobot_interfaces/srv/GetCoords_Request.msg
[1.020s] -- Up-to-date symlink: /home/david/ros2_ws/install/mycobot_interfaces/share/mycobot_interfaces/srv/GetCoords_Response.msg
[1.020s] -- Up-to-date symlink: /home/david/ros2_ws/install/mycobot_interfaces/share/mycobot_interfaces/srv/SetCoords.srv
[1.020s] -- Up-to-date symlink: /home/david/ros2_ws/install/mycobot_interfaces/share/mycobot_interfaces/srv/SetCoords_Request.msg
[1.020s] -- Up-to-date symlink: /home/david/ros2_ws/install/mycobot_interfaces/share/mycobot_interfaces/srv/SetCoords_Response.msg
[1.020s] -- Up-to-date symlink: /home/david/ros2_ws/install/mycobot_interfaces/share/mycobot_interfaces/srv/GripperStatus.srv
[1.021s] -- Up-to-date symlink: /home/david/ros2_ws/install/mycobot_interfaces/share/mycobot_interfaces/srv/GripperStatus_Request.msg
[1.021s] -- Up-to-date symlink: /home/david/ros2_ws/install/mycobot_interfaces/share/mycobot_interfaces/srv/GripperStatus_Response.msg
[1.021s] -- Up-to-date symlink: /home/david/ros2_ws/install/mycobot_interfaces/share/mycobot_interfaces/srv/PumpStatus.srv
[1.021s] -- Up-to-date symlink: /home/david/ros2_ws/install/mycobot_interfaces/share/mycobot_interfaces/srv/PumpStatus_Request.msg
[1.021s] -- Up-to-date symlink: /home/david/ros2_ws/install/mycobot_interfaces/share/mycobot_interfaces/srv/PumpStatus_Response.msg
[1.021s] -- Up-to-date symlink: /home/david/ros2_ws/install/mycobot_interfaces/share/ament_index/resource_index/package_run_dependencies/mycobot_interfaces
[1.022s] -- Up-to-date symlink: /home/david/ros2_ws/install/mycobot_interfaces/share/ament_index/resource_index/parent_prefix_path/mycobot_interfaces
[1.022s] -- Up-to-date symlink: /home/david/ros2_ws/install/mycobot_interfaces/share/mycobot_interfaces/environment/ament_prefix_path.sh
[1.022s] -- Up-to-date symlink: /home/david/ros2_ws/install/mycobot_interfaces/share/mycobot_interfaces/environment/ament_prefix_path.dsv
[1.023s] -- Up-to-date symlink: /home/david/ros2_ws/install/mycobot_interfaces/share/mycobot_interfaces/environment/path.sh
[1.023s] -- Up-to-date symlink: /home/david/ros2_ws/install/mycobot_interfaces/share/mycobot_interfaces/environment/path.dsv
[1.023s] -- Up-to-date symlink: /home/david/ros2_ws/install/mycobot_interfaces/share/mycobot_interfaces/local_setup.bash
[1.023s] -- Up-to-date symlink: /home/david/ros2_ws/install/mycobot_interfaces/share/mycobot_interfaces/local_setup.sh
[1.023s] -- Up-to-date symlink: /home/david/ros2_ws/install/mycobot_interfaces/share/mycobot_interfaces/local_setup.zsh
[1.023s] -- Up-to-date symlink: /home/david/ros2_ws/install/mycobot_interfaces/share/mycobot_interfaces/local_setup.dsv
[1.023s] -- Symlinking: /home/david/ros2_ws/install/mycobot_interfaces/share/mycobot_interfaces/package.dsv
[1.031s] -- Up-to-date symlink: /home/david/ros2_ws/install/mycobot_interfaces/share/ament_index/resource_index/packages/mycobot_interfaces
[1.032s] -- Up-to-date symlink: /home/david/ros2_ws/install/mycobot_interfaces/share/mycobot_interfaces/cmake/rosidl_cmake-extras.cmake
[1.032s] -- Up-to-date symlink: /home/david/ros2_ws/install/mycobot_interfaces/share/mycobot_interfaces/cmake/ament_cmake_export_dependencies-extras.cmake
[1.032s] -- Up-to-date symlink: /home/david/ros2_ws/install/mycobot_interfaces/share/mycobot_interfaces/cmake/ament_cmake_export_include_directories-extras.cmake
[1.032s] -- Up-to-date symlink: /home/david/ros2_ws/install/mycobot_interfaces/share/mycobot_interfaces/cmake/ament_cmake_export_libraries-extras.cmake
[1.032s] -- Up-to-date symlink: /home/david/ros2_ws/install/mycobot_interfaces/share/mycobot_interfaces/cmake/ament_cmake_export_targets-extras.cmake
[1.032s] -- Up-to-date symlink: /home/david/ros2_ws/install/mycobot_interfaces/share/mycobot_interfaces/cmake/rosidl_cmake_export_typesupport_targets-extras.cmake
[1.033s] -- Up-to-date symlink: /home/david/ros2_ws/install/mycobot_interfaces/share/mycobot_interfaces/cmake/rosidl_cmake_export_typesupport_libraries-extras.cmake
[1.033s] -- Up-to-date symlink: /home/david/ros2_ws/install/mycobot_interfaces/share/mycobot_interfaces/cmake/mycobot_interfacesConfig.cmake
[1.033s] -- Up-to-date symlink: /home/david/ros2_ws/install/mycobot_interfaces/share/mycobot_interfaces/cmake/mycobot_interfacesConfig-version.cmake
[1.033s] -- Up-to-date symlink: /home/david/ros2_ws/install/mycobot_interfaces/share/mycobot_interfaces/package.xml
[1.033s] -- Up-to-date: /home/david/ros2_ws/install/mycobot_interfaces/lib/libmycobot_interfaces__rosidl_generator_c.so
[1.034s] -- Up-to-date: /home/david/ros2_ws/install/mycobot_interfaces/lib/libmycobot_interfaces__rosidl_typesupport_fastrtps_c.so
[1.034s] -- Up-to-date: /home/david/ros2_ws/install/mycobot_interfaces/lib/libmycobot_interfaces__rosidl_typesupport_introspection_c.so
[1.034s] -- Up-to-date: /home/david/ros2_ws/install/mycobot_interfaces/lib/libmycobot_interfaces__rosidl_typesupport_c.so
[1.035s] -- Up-to-date: /home/david/ros2_ws/install/mycobot_interfaces/lib/libmycobot_interfaces__rosidl_typesupport_fastrtps_cpp.so
[1.036s] -- Up-to-date: /home/david/ros2_ws/install/mycobot_interfaces/lib/libmycobot_interfaces__rosidl_typesupport_introspection_cpp.so
[1.036s] -- Up-to-date: /home/david/ros2_ws/install/mycobot_interfaces/lib/libmycobot_interfaces__rosidl_typesupport_cpp.so
[1.087s] Listing '/home/david/ros2_ws/install/mycobot_interfaces/local/lib/python3.10/dist-packages/mycobot_interfaces'...
[1.087s] Listing '/home/david/ros2_ws/install/mycobot_interfaces/local/lib/python3.10/dist-packages/mycobot_interfaces/msg'...
[1.087s] Listing '/home/david/ros2_ws/install/mycobot_interfaces/local/lib/python3.10/dist-packages/mycobot_interfaces/srv'...
[1.091s] -- Up-to-date: /home/david/ros2_ws/install/mycobot_interfaces/lib/libmycobot_interfaces__rosidl_generator_py.so
[1.091s] -- Up-to-date: /home/david/ros2_ws/install/mycobot_interfaces/share/mycobot_interfaces/cmake/export_mycobot_interfaces__rosidl_generator_cExport.cmake
[1.092s] -- Up-to-date: /home/david/ros2_ws/install/mycobot_interfaces/share/mycobot_interfaces/cmake/export_mycobot_interfaces__rosidl_generator_cExport-noconfig.cmake
[1.092s] -- Up-to-date: /home/david/ros2_ws/install/mycobot_interfaces/share/mycobot_interfaces/cmake/export_mycobot_interfaces__rosidl_typesupport_fastrtps_cExport.cmake
[1.092s] -- Up-to-date: /home/david/ros2_ws/install/mycobot_interfaces/share/mycobot_interfaces/cmake/export_mycobot_interfaces__rosidl_typesupport_fastrtps_cExport-noconfig.cmake
[1.092s] -- Up-to-date: /home/david/ros2_ws/install/mycobot_interfaces/share/mycobot_interfaces/cmake/mycobot_interfaces__rosidl_typesupport_introspection_cExport.cmake
[1.092s] -- Up-to-date: /home/david/ros2_ws/install/mycobot_interfaces/share/mycobot_interfaces/cmake/mycobot_interfaces__rosidl_typesupport_introspection_cExport-noconfig.cmake
[1.092s] -- Up-to-date: /home/david/ros2_ws/install/mycobot_interfaces/share/mycobot_interfaces/cmake/mycobot_interfaces__rosidl_typesupport_cExport.cmake
[1.092s] -- Up-to-date: /home/david/ros2_ws/install/mycobot_interfaces/share/mycobot_interfaces/cmake/mycobot_interfaces__rosidl_typesupport_cExport-noconfig.cmake
[1.092s] -- Up-to-date: /home/david/ros2_ws/install/mycobot_interfaces/share/mycobot_interfaces/cmake/export_mycobot_interfaces__rosidl_generator_cppExport.cmake
[1.092s] -- Up-to-date: /home/david/ros2_ws/install/mycobot_interfaces/share/mycobot_interfaces/cmake/export_mycobot_interfaces__rosidl_typesupport_fastrtps_cppExport.cmake
[1.093s] -- Up-to-date: /home/david/ros2_ws/install/mycobot_interfaces/share/mycobot_interfaces/cmake/export_mycobot_interfaces__rosidl_typesupport_fastrtps_cppExport-noconfig.cmake
[1.093s] -- Up-to-date: /home/david/ros2_ws/install/mycobot_interfaces/share/mycobot_interfaces/cmake/mycobot_interfaces__rosidl_typesupport_introspection_cppExport.cmake
[1.093s] -- Up-to-date: /home/david/ros2_ws/install/mycobot_interfaces/share/mycobot_interfaces/cmake/mycobot_interfaces__rosidl_typesupport_introspection_cppExport-noconfig.cmake
[1.093s] -- Up-to-date: /home/david/ros2_ws/install/mycobot_interfaces/share/mycobot_interfaces/cmake/mycobot_interfaces__rosidl_typesupport_cppExport.cmake
[1.093s] -- Up-to-date: /home/david/ros2_ws/install/mycobot_interfaces/share/mycobot_interfaces/cmake/mycobot_interfaces__rosidl_typesupport_cppExport-noconfig.cmake
[1.093s] -- Up-to-date: /home/david/ros2_ws/install/mycobot_interfaces/share/mycobot_interfaces/cmake/export_mycobot_interfaces__rosidl_generator_pyExport.cmake
[1.093s] -- Up-to-date: /home/david/ros2_ws/install/mycobot_interfaces/share/mycobot_interfaces/cmake/export_mycobot_interfaces__rosidl_generator_pyExport-noconfig.cmake
[1.095s] Invoked command in '/home/david/ros2_ws/build/mycobot_interfaces' returned '0': CMAKE_PREFIX_PATH=${CMAKE_PREFIX_PATH}:/home/david/ros2_ws/install/ultraarm:/home/david/ros2_ws/install/mypalletizer_260_pi:/home/david/ros2_ws/install/mypalletizer_260:/home/david/ros2_ws/install/mypalletizer_communication:/home/david/ros2_ws/install/mycobot_630:/home/david/ros2_ws/install/mycobot_600:/home/david/ros2_ws/install/mycobot_320pi:/home/david/ros2_ws/install/mycobot_320:/home/david/ros2_ws/install/mycobot_280pi:/home/david/ros2_ws/install/mycobot_280jn:/home/david/ros2_ws/install/mycobot_280_x3pi:/home/david/ros2_ws/install/mycobot_280:/home/david/ros2_ws/install/myarm_m750:/home/david/ros2_ws/install/myarm_c650:/home/david/ros2_ws/install/myarm_300:/home/david/ros2_ws/install/mycobot_communication:/home/david/ros2_ws/install/mecharm_pi:/home/david/ros2_ws/install/mecharm:/home/david/ros2_ws/install/mecharm_communication:/home/david/ros2_ws/install/mybuddy:/home/david/ros2_ws/install/mycobot_description:/opt/ros/humble /usr/bin/cmake --install /home/david/ros2_ws/build/mycobot_interfaces
