[2.961s] Invoking command in '/home/david/ros2_ws/build/mypalletizer_communication': PYTHONPATH=/home/david/ros2_ws/build/mypalletizer_communication/prefix_override:/usr/lib/python3/dist-packages/colcon_core/task/python/colcon_distutils_commands:/home/david/ros2_ws/install/mypalletizer_communication/lib/python3.10/site-packages:${PYTHONPATH} /usr/bin/python3 -W ignore:setup.py install is deprecated setup.py develop --editable --build-directory /home/david/ros2_ws/build/mypalletizer_communication/build --no-deps symlink_data
[3.508s] running develop
[3.508s] /usr/lib/python3/dist-packages/setuptools/command/easy_install.py:158: EasyInstallDeprecationWarning: easy_install command is deprecated. Use build and pip and other standards-based tools.
[3.509s]   warnings.warn(
[3.794s] running egg_info
[3.794s] writing mypalletizer_communication.egg-info/PKG-INFO
[3.795s] writing dependency_links to mypalletizer_communication.egg-info/dependency_links.txt
[3.795s] writing entry points to mypalletizer_communication.egg-info/entry_points.txt
[3.795s] writing requirements to mypalletizer_communication.egg-info/requires.txt
[3.796s] writing top-level names to mypalletizer_communication.egg-info/top_level.txt
[3.798s] reading manifest file 'mypalletizer_communication.egg-info/SOURCES.txt'
[3.800s] writing manifest file 'mypalletizer_communication.egg-info/SOURCES.txt'
[3.803s] running build_ext
[3.804s] Creating /home/david/ros2_ws/install/mypalletizer_communication/lib/python3.10/site-packages/mypalletizer-communication.egg-link (link to .)
[3.805s] Installing mypalletizer_services script to /home/david/ros2_ws/install/mypalletizer_communication/lib/mypalletizer_communication
[3.806s] Installing mypalletizer_topics script to /home/david/ros2_ws/install/mypalletizer_communication/lib/mypalletizer_communication
[3.806s] Installing mypalletizer_topics_seeed script to /home/david/ros2_ws/install/mypalletizer_communication/lib/mypalletizer_communication
[3.806s] 
[3.807s] Installed /home/david/ros2_ws/build/mypalletizer_communication
[3.807s] running symlink_data
[4.530s] Invoked command in '/home/david/ros2_ws/build/mypalletizer_communication' returned '0': PYTHONPATH=/home/david/ros2_ws/build/mypalletizer_communication/prefix_override:/usr/lib/python3/dist-packages/colcon_core/task/python/colcon_distutils_commands:/home/david/ros2_ws/install/mypalletizer_communication/lib/python3.10/site-packages:${PYTHONPATH} /usr/bin/python3 -W ignore:setup.py install is deprecated setup.py develop --editable --build-directory /home/david/ros2_ws/build/mypalletizer_communication/build --no-deps symlink_data
