[0.000000] (-) TimerEvent: {}
[0.000121] (-) JobUnselected: {'identifier': 'mecharm'}
[0.000138] (-) JobUnselected: {'identifier': 'mecharm_communication'}
[0.000149] (-) JobUnselected: {'identifier': 'mecharm_interfaces'}
[0.000158] (-) JobUnselected: {'identifier': 'mecharm_pi'}
[0.000167] (-) JobUnselected: {'identifier': 'my_py_pkg'}
[0.000176] (-) JobUnselected: {'identifier': 'myarm_300'}
[0.000184] (-) JobUnselected: {'identifier': 'myarm_c650'}
[0.000193] (-) JobUnselected: {'identifier': 'myarm_m750'}
[0.000202] (-) JobUnselected: {'identifier': 'mybuddy'}
[0.000210] (-) JobUnselected: {'identifier': 'mycobot_280'}
[0.000219] (-) JobUnselected: {'identifier': 'mycobot_280_x3pi'}
[0.000227] (-) JobUnselected: {'identifier': 'mycobot_280jn'}
[0.000236] (-) JobUnselected: {'identifier': 'mycobot_280pi'}
[0.000244] (-) JobUnselected: {'identifier': 'mycobot_320'}
[0.000253] (-) JobUnselected: {'identifier': 'mycobot_320pi'}
[0.000261] (-) JobUnselected: {'identifier': 'mycobot_600'}
[0.000270] (-) JobUnselected: {'identifier': 'mycobot_630'}
[0.000279] (-) JobUnselected: {'identifier': 'mycobot_communication'}
[0.000287] (-) JobUnselected: {'identifier': 'mycobot_description'}
[0.000297] (-) JobUnselected: {'identifier': 'mycobot_interfaces'}
[0.000305] (-) JobUnselected: {'identifier': 'mypalletizer_260'}
[0.000314] (-) JobUnselected: {'identifier': 'mypalletizer_260_pi'}
[0.000322] (-) JobUnselected: {'identifier': 'mypalletizer_communication'}
[0.000331] (-) JobUnselected: {'identifier': 'mypalletizer_interfaces'}
[0.000339] (-) JobUnselected: {'identifier': 'ultraarm'}
[0.000349] (-) EventReactorShutdown: {}
