[2.345s] Invoking command in '/home/david/ros2_ws/build/myarm_m750': AMENT_PREFIX_PATH=/home/david/ros2_ws/install/mycobot_communication:/home/david/ros2_ws/install/mycobot_interfaces:/home/david/ros2_ws/install/mycobot_description:${AMENT_PREFIX_PATH} CMAKE_PREFIX_PATH=/home/david/ros2_ws/install/mycobot_interfaces LD_LIBRARY_PATH=/home/david/ros2_ws/install/mycobot_interfaces/lib:${LD_LIBRARY_PATH} PYTHONPATH=/home/david/ros2_ws/build/myarm_m750/prefix_override:/usr/lib/python3/dist-packages/colcon_core/task/python/colcon_distutils_commands:/home/david/ros2_ws/install/myarm_m750/lib/python3.10/site-packages:/home/david/ros2_ws/build/mycobot_communication:/home/david/ros2_ws/install/mycobot_communication/lib/python3.10/site-packages:/home/david/ros2_ws/install/mycobot_interfaces/local/lib/python3.10/dist-packages:/home/david/ros2_ws/build/mycobot_description:/home/david/ros2_ws/install/mycobot_description/lib/python3.10/site-packages:${PYTHONPATH} /usr/bin/python3 -W ignore:setup.py install is deprecated setup.py develop --editable --build-directory /home/david/ros2_ws/build/myarm_m750/build --no-deps symlink_data
[2.844s] running develop
[2.844s] /usr/lib/python3/dist-packages/setuptools/command/easy_install.py:158: EasyInstallDeprecationWarning: easy_install command is deprecated. Use build and pip and other standards-based tools.
[2.844s]   warnings.warn(
[3.129s] running egg_info
[3.129s] creating myarm_m750.egg-info
[3.129s] writing myarm_m750.egg-info/PKG-INFO
[3.129s] writing dependency_links to myarm_m750.egg-info/dependency_links.txt
[3.129s] writing entry points to myarm_m750.egg-info/entry_points.txt
[3.129s] writing requirements to myarm_m750.egg-info/requires.txt
[3.129s] writing top-level names to myarm_m750.egg-info/top_level.txt
[3.129s] writing manifest file 'myarm_m750.egg-info/SOURCES.txt'
[3.131s] reading manifest file 'myarm_m750.egg-info/SOURCES.txt'
[3.131s] writing manifest file 'myarm_m750.egg-info/SOURCES.txt'
[3.132s] running build_ext
[3.132s] Creating /home/david/ros2_ws/install/myarm_m750/lib/python3.10/site-packages/myarm-m750.egg-link (link to .)
[3.133s] Installing combined_control script to /home/david/ros2_ws/install/myarm_m750/lib/myarm_m750
[3.133s] Installing follow_display script to /home/david/ros2_ws/install/myarm_m750/lib/myarm_m750
[3.133s] Installing read_control script to /home/david/ros2_ws/install/myarm_m750/lib/myarm_m750
[3.133s] Installing simple_gui script to /home/david/ros2_ws/install/myarm_m750/lib/myarm_m750
[3.133s] Installing slider_control script to /home/david/ros2_ws/install/myarm_m750/lib/myarm_m750
[3.133s] Installing teleop_keyboard script to /home/david/ros2_ws/install/myarm_m750/lib/myarm_m750
[3.133s] 
[3.134s] Installed /home/david/ros2_ws/build/myarm_m750
[3.134s] running symlink_data
[3.134s] creating /home/david/ros2_ws/install/myarm_m750/share/ament_index
[3.134s] creating /home/david/ros2_ws/install/myarm_m750/share/ament_index/resource_index
[3.134s] creating /home/david/ros2_ws/install/myarm_m750/share/ament_index/resource_index/packages
[3.134s] symbolically linking /home/david/ros2_ws/build/myarm_m750/resource/myarm_m750 -> /home/david/ros2_ws/install/myarm_m750/share/ament_index/resource_index/packages
[3.134s] symbolically linking /home/david/ros2_ws/build/myarm_m750/package.xml -> /home/david/ros2_ws/install/myarm_m750/share/myarm_m750
[3.134s] creating /home/david/ros2_ws/install/myarm_m750/share/myarm_m750/launch
[3.134s] symbolically linking /home/david/ros2_ws/build/myarm_m750/launch/test.launch.py -> /home/david/ros2_ws/install/myarm_m750/share/myarm_m750/launch
[3.134s] symbolically linking /home/david/ros2_ws/build/myarm_m750/launch/teleop_keyboard.launch.py -> /home/david/ros2_ws/install/myarm_m750/share/myarm_m750/launch
[3.134s] symbolically linking /home/david/ros2_ws/build/myarm_m750/launch/simple_gui.launch.py -> /home/david/ros2_ws/install/myarm_m750/share/myarm_m750/launch
[3.134s] symbolically linking /home/david/ros2_ws/build/myarm_m750/launch/debug.launch.py -> /home/david/ros2_ws/install/myarm_m750/share/myarm_m750/launch
[3.134s] symbolically linking /home/david/ros2_ws/build/myarm_m750/launch/combined_control.launch.py -> /home/david/ros2_ws/install/myarm_m750/share/myarm_m750/launch
[3.134s] symbolically linking /home/david/ros2_ws/build/myarm_m750/launch/mycobot_follow.launch.py -> /home/david/ros2_ws/install/myarm_m750/share/myarm_m750/launch
[3.134s] symbolically linking /home/david/ros2_ws/build/myarm_m750/launch/slider_control.launch.py -> /home/david/ros2_ws/install/myarm_m750/share/myarm_m750/launch
[3.134s] creating /home/david/ros2_ws/install/myarm_m750/share/myarm_m750/config
[3.135s] symbolically linking /home/david/ros2_ws/build/myarm_m750/config/myarm_m_with_myarm_c650.rviz -> /home/david/ros2_ws/install/myarm_m750/share/myarm_m750/config
[3.135s] symbolically linking /home/david/ros2_ws/build/myarm_m750/config/mycobot_with_marker.rviz -> /home/david/ros2_ws/install/myarm_m750/share/myarm_m750/config
[3.135s] symbolically linking /home/david/ros2_ws/build/myarm_m750/config/myarm_m750_with_myarm_c650.rviz -> /home/david/ros2_ws/install/myarm_m750/share/myarm_m750/config
[3.135s] symbolically linking /home/david/ros2_ws/build/myarm_m750/config/myarm_m750.rviz -> /home/david/ros2_ws/install/myarm_m750/share/myarm_m750/config
[3.445s] Invoked command in '/home/david/ros2_ws/build/myarm_m750' returned '0': AMENT_PREFIX_PATH=/home/david/ros2_ws/install/mycobot_communication:/home/david/ros2_ws/install/mycobot_interfaces:/home/david/ros2_ws/install/mycobot_description:${AMENT_PREFIX_PATH} CMAKE_PREFIX_PATH=/home/david/ros2_ws/install/mycobot_interfaces LD_LIBRARY_PATH=/home/david/ros2_ws/install/mycobot_interfaces/lib:${LD_LIBRARY_PATH} PYTHONPATH=/home/david/ros2_ws/build/myarm_m750/prefix_override:/usr/lib/python3/dist-packages/colcon_core/task/python/colcon_distutils_commands:/home/david/ros2_ws/install/myarm_m750/lib/python3.10/site-packages:/home/david/ros2_ws/build/mycobot_communication:/home/david/ros2_ws/install/mycobot_communication/lib/python3.10/site-packages:/home/david/ros2_ws/install/mycobot_interfaces/local/lib/python3.10/dist-packages:/home/david/ros2_ws/build/mycobot_description:/home/david/ros2_ws/install/mycobot_description/lib/python3.10/site-packages:${PYTHONPATH} /usr/bin/python3 -W ignore:setup.py install is deprecated setup.py develop --editable --build-directory /home/david/ros2_ws/build/myarm_m750/build --no-deps symlink_data
