[0.026s] Invoking command in '/home/david/ros2_ws/build/mycobot_interfaces': CMAKE_PREFIX_PATH=${CMAKE_PREFIX_PATH}:/home/david/ros2_ws/install/ultraarm:/home/david/ros2_ws/install/mypalletizer_260_pi:/home/david/ros2_ws/install/mypalletizer_260:/home/david/ros2_ws/install/mypalletizer_communication:/home/david/ros2_ws/install/mycobot_630:/home/david/ros2_ws/install/mycobot_600:/home/david/ros2_ws/install/mycobot_320pi:/home/david/ros2_ws/install/mycobot_320:/home/david/ros2_ws/install/mycobot_280pi:/home/david/ros2_ws/install/mycobot_280jn:/home/david/ros2_ws/install/mycobot_280_x3pi:/home/david/ros2_ws/install/mycobot_280:/home/david/ros2_ws/install/myarm_m750:/home/david/ros2_ws/install/myarm_c650:/home/david/ros2_ws/install/myarm_300:/home/david/ros2_ws/install/mycobot_communication:/home/david/ros2_ws/install/mecharm_pi:/home/david/ros2_ws/install/mecharm:/home/david/ros2_ws/install/mecharm_communication:/home/david/ros2_ws/install/mybuddy:/home/david/ros2_ws/install/mycobot_description:/home/david/ros2_ws/install/my_py_pkg:/opt/ros/humble /usr/bin/cmake /home/david/ros2_ws/src/mycobot_ros2/mycobot_280/mycobot_interfaces -DCMAKE_INSTALL_PREFIX=/home/david/ros2_ws/install/mycobot_interfaces
[0.048s] -- Found ament_cmake: 1.3.9 (/opt/ros/humble/share/ament_cmake/cmake)
[0.348s] -- Override CMake install command with custom implementation using symlinks instead of copying resources
[0.357s] -- Found rosidl_default_generators: 1.2.0 (/opt/ros/humble/share/rosidl_default_generators/cmake)
[0.363s] -- Using all available rosidl_typesupport_c: rosidl_typesupport_fastrtps_c;rosidl_typesupport_introspection_c
[0.367s] -- Found rosidl_adapter: 3.1.5 (/opt/ros/humble/share/rosidl_adapter/cmake)
[0.412s] -- Using all available rosidl_typesupport_cpp: rosidl_typesupport_fastrtps_cpp;rosidl_typesupport_introspection_cpp
[0.456s] -- Found rclpy: 3.3.13 (/opt/ros/humble/share/rclpy/cmake)
[0.456s] -- Found std_msgs: 4.2.4 (/opt/ros/humble/share/std_msgs/cmake)
[1.218s] -- Found ament_cmake_ros: 0.10.0 (/opt/ros/humble/share/ament_cmake_ros/cmake)
[1.644s] -- Using all available rosidl_typesupport_c: rosidl_typesupport_fastrtps_c;rosidl_typesupport_introspection_c
[2.244s] -- Using all available rosidl_typesupport_cpp: rosidl_typesupport_fastrtps_cpp;rosidl_typesupport_introspection_cpp
[2.287s] -- Found python_cmake_module: 0.10.0 (/opt/ros/humble/share/python_cmake_module/cmake)
[2.335s] -- Using PYTHON_EXECUTABLE: /usr/bin/python3
[2.335s] -- Using PYTHON_INCLUDE_DIRS: /usr/include/python3.10
[2.335s] -- Using PYTHON_LIBRARIES: /usr/lib/x86_64-linux-gnu/libpython3.10.so
[2.423s] -- Found ament_lint_auto: 0.12.11 (/opt/ros/humble/share/ament_lint_auto/cmake)
[2.448s] -- Added test 'copyright' to check source files copyright and LICENSE
[2.452s] -- Added test 'lint_cmake' to check CMake code style
[2.454s] -- Added test 'xmllint' to check XML markup files
[2.458s] -- Configuring done
[2.553s] -- Generating done
[2.558s] -- Build files have been written to: /home/david/ros2_ws/build/mycobot_interfaces
[2.566s] Invoked command in '/home/david/ros2_ws/build/mycobot_interfaces' returned '0': CMAKE_PREFIX_PATH=${CMAKE_PREFIX_PATH}:/home/david/ros2_ws/install/ultraarm:/home/david/ros2_ws/install/mypalletizer_260_pi:/home/david/ros2_ws/install/mypalletizer_260:/home/david/ros2_ws/install/mypalletizer_communication:/home/david/ros2_ws/install/mycobot_630:/home/david/ros2_ws/install/mycobot_600:/home/david/ros2_ws/install/mycobot_320pi:/home/david/ros2_ws/install/mycobot_320:/home/david/ros2_ws/install/mycobot_280pi:/home/david/ros2_ws/install/mycobot_280jn:/home/david/ros2_ws/install/mycobot_280_x3pi:/home/david/ros2_ws/install/mycobot_280:/home/david/ros2_ws/install/myarm_m750:/home/david/ros2_ws/install/myarm_c650:/home/david/ros2_ws/install/myarm_300:/home/david/ros2_ws/install/mycobot_communication:/home/david/ros2_ws/install/mecharm_pi:/home/david/ros2_ws/install/mecharm:/home/david/ros2_ws/install/mecharm_communication:/home/david/ros2_ws/install/mybuddy:/home/david/ros2_ws/install/mycobot_description:/home/david/ros2_ws/install/my_py_pkg:/opt/ros/humble /usr/bin/cmake /home/david/ros2_ws/src/mycobot_ros2/mycobot_280/mycobot_interfaces -DCMAKE_INSTALL_PREFIX=/home/david/ros2_ws/install/mycobot_interfaces
[2.569s] Invoking command in '/home/david/ros2_ws/build/mycobot_interfaces': CMAKE_PREFIX_PATH=${CMAKE_PREFIX_PATH}:/home/david/ros2_ws/install/ultraarm:/home/david/ros2_ws/install/mypalletizer_260_pi:/home/david/ros2_ws/install/mypalletizer_260:/home/david/ros2_ws/install/mypalletizer_communication:/home/david/ros2_ws/install/mycobot_630:/home/david/ros2_ws/install/mycobot_600:/home/david/ros2_ws/install/mycobot_320pi:/home/david/ros2_ws/install/mycobot_320:/home/david/ros2_ws/install/mycobot_280pi:/home/david/ros2_ws/install/mycobot_280jn:/home/david/ros2_ws/install/mycobot_280_x3pi:/home/david/ros2_ws/install/mycobot_280:/home/david/ros2_ws/install/myarm_m750:/home/david/ros2_ws/install/myarm_c650:/home/david/ros2_ws/install/myarm_300:/home/david/ros2_ws/install/mycobot_communication:/home/david/ros2_ws/install/mecharm_pi:/home/david/ros2_ws/install/mecharm:/home/david/ros2_ws/install/mecharm_communication:/home/david/ros2_ws/install/mybuddy:/home/david/ros2_ws/install/mycobot_description:/home/david/ros2_ws/install/my_py_pkg:/opt/ros/humble /usr/bin/cmake --build /home/david/ros2_ws/build/mycobot_interfaces -- -j12 -l12
[2.625s] [  1%] [34m[1mGenerating C code for ROS interfaces[0m
[2.655s] [  1%] [34m[1mGenerating C++ code for ROS interfaces[0m
[2.659s] [  1%] Built target ament_cmake_python_symlink_mycobot_interfaces
[3.261s] running egg_info
[3.263s] writing mycobot_interfaces.egg-info/PKG-INFO
[3.263s] writing dependency_links to mycobot_interfaces.egg-info/dependency_links.txt
[3.263s] writing top-level names to mycobot_interfaces.egg-info/top_level.txt
[3.268s] reading manifest file 'mycobot_interfaces.egg-info/SOURCES.txt'
[3.269s] writing manifest file 'mycobot_interfaces.egg-info/SOURCES.txt'
[3.311s] [  1%] Built target ament_cmake_python_build_mycobot_interfaces_egg
[4.391s] [  1%] Built target mycobot_interfaces__cpp
[4.418s] [  3%] [34m[1mGenerating C++ type support dispatch for ROS interfaces[0m
[4.418s] [  3%] [34m[1mGenerating C++ type support for eProsima Fast-RTPS[0m
[4.436s] [  3%] [34m[1mGenerating C++ introspection for ROS interfaces[0m
[4.545s] [35m[1mConsolidate compiler generated dependencies of target mycobot_interfaces__rosidl_generator_c[0m
[4.569s] [  4%] [32mBuilding C object CMakeFiles/mycobot_interfaces__rosidl_generator_c.dir/rosidl_generator_c/mycobot_interfaces/msg/detail/mycobot_angles__functions.c.o[0m
[4.570s] [  4%] [32mBuilding C object CMakeFiles/mycobot_interfaces__rosidl_generator_c.dir/rosidl_generator_c/mycobot_interfaces/msg/detail/mycobot_coords__functions.c.o[0m
[4.571s] [  5%] [32mBuilding C object CMakeFiles/mycobot_interfaces__rosidl_generator_c.dir/rosidl_generator_c/mycobot_interfaces/msg/detail/mycobot_set_coords__functions.c.o[0m
[4.572s] [  6%] [32mBuilding C object CMakeFiles/mycobot_interfaces__rosidl_generator_c.dir/rosidl_generator_c/mycobot_interfaces/msg/detail/mycobot_set_angles__functions.c.o[0m
[4.572s] [  7%] [32mBuilding C object CMakeFiles/mycobot_interfaces__rosidl_generator_c.dir/rosidl_generator_c/mycobot_interfaces/msg/detail/mycobot_gripper_status__functions.c.o[0m
[4.572s] [  8%] [32mBuilding C object CMakeFiles/mycobot_interfaces__rosidl_generator_c.dir/rosidl_generator_c/mycobot_interfaces/msg/detail/mycobot_pump_status__functions.c.o[0m
[4.578s] [  8%] [32mBuilding C object CMakeFiles/mycobot_interfaces__rosidl_generator_c.dir/rosidl_generator_c/mycobot_interfaces/msg/detail/my_aruco_coords__functions.c.o[0m
[4.580s] [  9%] [32mBuilding C object CMakeFiles/mycobot_interfaces__rosidl_generator_c.dir/rosidl_generator_c/mycobot_interfaces/srv/detail/get_angles__functions.c.o[0m
[4.587s] [ 10%] [32mBuilding C object CMakeFiles/mycobot_interfaces__rosidl_generator_c.dir/rosidl_generator_c/mycobot_interfaces/srv/detail/set_angles__functions.c.o[0m
[4.672s] [ 11%] [32mBuilding C object CMakeFiles/mycobot_interfaces__rosidl_generator_c.dir/rosidl_generator_c/mycobot_interfaces/srv/detail/get_coords__functions.c.o[0m
[4.679s] [ 12%] [32mBuilding C object CMakeFiles/mycobot_interfaces__rosidl_generator_c.dir/rosidl_generator_c/mycobot_interfaces/srv/detail/set_coords__functions.c.o[0m
[4.679s] [ 12%] [32mBuilding C object CMakeFiles/mycobot_interfaces__rosidl_generator_c.dir/rosidl_generator_c/mycobot_interfaces/srv/detail/gripper_status__functions.c.o[0m
[4.697s] [ 13%] [32mBuilding C object CMakeFiles/mycobot_interfaces__rosidl_generator_c.dir/rosidl_generator_c/mycobot_interfaces/srv/detail/pump_status__functions.c.o[0m
[4.875s] [ 14%] [32m[1mLinking C shared library libmycobot_interfaces__rosidl_generator_c.so[0m
[4.969s] [ 14%] Built target mycobot_interfaces__rosidl_generator_c
[4.991s] [ 16%] [34m[1mGenerating C introspection for ROS interfaces[0m
[4.991s] [ 16%] [34m[1mGenerating C type support for eProsima Fast-RTPS[0m
[4.993s] [ 17%] [34m[1mGenerating C type support dispatch for ROS interfaces[0m
[5.838s] [35m[1mConsolidate compiler generated dependencies of target mycobot_interfaces__rosidl_typesupport_cpp[0m
[5.872s] [ 18%] [32mBuilding CXX object CMakeFiles/mycobot_interfaces__rosidl_typesupport_cpp.dir/rosidl_typesupport_cpp/mycobot_interfaces/msg/mycobot_angles__type_support.cpp.o[0m
[5.874s] [ 19%] [32mBuilding CXX object CMakeFiles/mycobot_interfaces__rosidl_typesupport_cpp.dir/rosidl_typesupport_cpp/mycobot_interfaces/msg/mycobot_coords__type_support.cpp.o[0m
[5.875s] [ 20%] [32mBuilding CXX object CMakeFiles/mycobot_interfaces__rosidl_typesupport_cpp.dir/rosidl_typesupport_cpp/mycobot_interfaces/msg/mycobot_gripper_status__type_support.cpp.o[0m
[5.876s] [ 21%] [32mBuilding CXX object CMakeFiles/mycobot_interfaces__rosidl_typesupport_cpp.dir/rosidl_typesupport_cpp/mycobot_interfaces/msg/mycobot_set_coords__type_support.cpp.o[0m
[5.890s] [ 22%] [32mBuilding CXX object CMakeFiles/mycobot_interfaces__rosidl_typesupport_cpp.dir/rosidl_typesupport_cpp/mycobot_interfaces/msg/mycobot_pump_status__type_support.cpp.o[0m
[5.898s] [ 22%] [32mBuilding CXX object CMakeFiles/mycobot_interfaces__rosidl_typesupport_cpp.dir/rosidl_typesupport_cpp/mycobot_interfaces/msg/mycobot_set_angles__type_support.cpp.o[0m
[5.922s] [ 23%] [32mBuilding CXX object CMakeFiles/mycobot_interfaces__rosidl_typesupport_cpp.dir/rosidl_typesupport_cpp/mycobot_interfaces/msg/my_aruco_coords__type_support.cpp.o[0m
[6.599s] [35m[1mConsolidate compiler generated dependencies of target mycobot_interfaces__rosidl_typesupport_introspection_cpp[0m
[6.647s] [35m[1mConsolidate compiler generated dependencies of target mycobot_interfaces__rosidl_typesupport_c[0m
[6.651s] [ 24%] [32mBuilding CXX object CMakeFiles/mycobot_interfaces__rosidl_typesupport_introspection_cpp.dir/rosidl_typesupport_introspection_cpp/mycobot_interfaces/msg/detail/mycobot_angles__type_support.cpp.o[0m
[6.652s] [ 24%] [32mBuilding CXX object CMakeFiles/mycobot_interfaces__rosidl_typesupport_cpp.dir/rosidl_typesupport_cpp/mycobot_interfaces/srv/get_angles__type_support.cpp.o[0m
[6.663s] [ 25%] [32mBuilding CXX object CMakeFiles/mycobot_interfaces__rosidl_typesupport_cpp.dir/rosidl_typesupport_cpp/mycobot_interfaces/srv/set_angles__type_support.cpp.o[0m
[6.688s] [ 25%] [32mBuilding CXX object CMakeFiles/mycobot_interfaces__rosidl_typesupport_c.dir/rosidl_typesupport_c/mycobot_interfaces/msg/mycobot_angles__type_support.cpp.o[0m
[6.700s] [ 26%] [32mBuilding CXX object CMakeFiles/mycobot_interfaces__rosidl_typesupport_cpp.dir/rosidl_typesupport_cpp/mycobot_interfaces/srv/get_coords__type_support.cpp.o[0m
[6.764s] [ 27%] [32mBuilding CXX object CMakeFiles/mycobot_interfaces__rosidl_typesupport_c.dir/rosidl_typesupport_c/mycobot_interfaces/msg/mycobot_coords__type_support.cpp.o[0m
[6.764s] [ 28%] [32mBuilding CXX object CMakeFiles/mycobot_interfaces__rosidl_typesupport_cpp.dir/rosidl_typesupport_cpp/mycobot_interfaces/srv/set_coords__type_support.cpp.o[0m
[6.869s] [ 29%] [32mBuilding CXX object CMakeFiles/mycobot_interfaces__rosidl_typesupport_c.dir/rosidl_typesupport_c/mycobot_interfaces/msg/mycobot_set_angles__type_support.cpp.o[0m
[6.901s] [ 30%] [32mBuilding CXX object CMakeFiles/mycobot_interfaces__rosidl_typesupport_c.dir/rosidl_typesupport_c/mycobot_interfaces/msg/mycobot_set_coords__type_support.cpp.o[0m
[6.941s] [ 31%] [32mBuilding CXX object CMakeFiles/mycobot_interfaces__rosidl_typesupport_cpp.dir/rosidl_typesupport_cpp/mycobot_interfaces/srv/gripper_status__type_support.cpp.o[0m
[6.983s] [ 31%] [32mBuilding CXX object CMakeFiles/mycobot_interfaces__rosidl_typesupport_cpp.dir/rosidl_typesupport_cpp/mycobot_interfaces/srv/pump_status__type_support.cpp.o[0m
[6.987s] [ 32%] [32mBuilding CXX object CMakeFiles/mycobot_interfaces__rosidl_typesupport_c.dir/rosidl_typesupport_c/mycobot_interfaces/msg/mycobot_gripper_status__type_support.cpp.o[0m
[7.056s] [ 32%] [32mBuilding CXX object CMakeFiles/mycobot_interfaces__rosidl_typesupport_c.dir/rosidl_typesupport_c/mycobot_interfaces/msg/mycobot_pump_status__type_support.cpp.o[0m
[7.066s] [ 33%] [32mBuilding CXX object CMakeFiles/mycobot_interfaces__rosidl_typesupport_c.dir/rosidl_typesupport_c/mycobot_interfaces/msg/my_aruco_coords__type_support.cpp.o[0m
[7.218s] [ 34%] [32mBuilding CXX object CMakeFiles/mycobot_interfaces__rosidl_typesupport_c.dir/rosidl_typesupport_c/mycobot_interfaces/srv/set_angles__type_support.cpp.o[0m
[7.221s] [ 35%] [32mBuilding CXX object CMakeFiles/mycobot_interfaces__rosidl_typesupport_c.dir/rosidl_typesupport_c/mycobot_interfaces/srv/get_angles__type_support.cpp.o[0m
[7.257s] [35m[1mConsolidate compiler generated dependencies of target mycobot_interfaces__rosidl_typesupport_fastrtps_cpp[0m
[7.310s] [ 36%] [32mBuilding CXX object CMakeFiles/mycobot_interfaces__rosidl_typesupport_fastrtps_cpp.dir/rosidl_typesupport_fastrtps_cpp/mycobot_interfaces/msg/detail/dds_fastrtps/mycobot_angles__type_support.cpp.o[0m
[7.347s] [ 37%] [32mBuilding CXX object CMakeFiles/mycobot_interfaces__rosidl_typesupport_c.dir/rosidl_typesupport_c/mycobot_interfaces/srv/get_coords__type_support.cpp.o[0m
[7.381s] [ 38%] [32mBuilding CXX object CMakeFiles/mycobot_interfaces__rosidl_typesupport_introspection_cpp.dir/rosidl_typesupport_introspection_cpp/mycobot_interfaces/msg/detail/mycobot_coords__type_support.cpp.o[0m
[7.436s] [ 38%] [32mBuilding CXX object CMakeFiles/mycobot_interfaces__rosidl_typesupport_c.dir/rosidl_typesupport_c/mycobot_interfaces/srv/set_coords__type_support.cpp.o[0m
[7.447s] [ 39%] [32mBuilding CXX object CMakeFiles/mycobot_interfaces__rosidl_typesupport_introspection_cpp.dir/rosidl_typesupport_introspection_cpp/mycobot_interfaces/msg/detail/mycobot_set_angles__type_support.cpp.o[0m
[7.462s] [ 40%] [32mBuilding CXX object CMakeFiles/mycobot_interfaces__rosidl_typesupport_c.dir/rosidl_typesupport_c/mycobot_interfaces/srv/gripper_status__type_support.cpp.o[0m
[7.510s] [ 41%] [32mBuilding CXX object CMakeFiles/mycobot_interfaces__rosidl_typesupport_c.dir/rosidl_typesupport_c/mycobot_interfaces/srv/pump_status__type_support.cpp.o[0m
[7.569s] [ 42%] [32mBuilding CXX object CMakeFiles/mycobot_interfaces__rosidl_typesupport_fastrtps_cpp.dir/rosidl_typesupport_fastrtps_cpp/mycobot_interfaces/msg/detail/dds_fastrtps/mycobot_set_angles__type_support.cpp.o[0m
[7.580s] [ 43%] [32mBuilding CXX object CMakeFiles/mycobot_interfaces__rosidl_typesupport_fastrtps_cpp.dir/rosidl_typesupport_fastrtps_cpp/mycobot_interfaces/msg/detail/dds_fastrtps/mycobot_coords__type_support.cpp.o[0m
[7.580s] [ 44%] [32m[1mLinking CXX shared library libmycobot_interfaces__rosidl_typesupport_c.so[0m
[7.617s] [35m[1mConsolidate compiler generated dependencies of target mycobot_interfaces__rosidl_typesupport_fastrtps_c[0m
[7.659s] [ 44%] [32mBuilding CXX object CMakeFiles/mycobot_interfaces__rosidl_typesupport_fastrtps_cpp.dir/rosidl_typesupport_fastrtps_cpp/mycobot_interfaces/msg/detail/dds_fastrtps/mycobot_set_coords__type_support.cpp.o[0m
[7.711s] [ 45%] [32mBuilding CXX object CMakeFiles/mycobot_interfaces__rosidl_typesupport_fastrtps_c.dir/rosidl_typesupport_fastrtps_c/mycobot_interfaces/msg/detail/mycobot_angles__type_support_c.cpp.o[0m
[7.729s] [ 45%] Built target mycobot_interfaces__rosidl_typesupport_c
[7.745s] [ 45%] [32mBuilding CXX object CMakeFiles/mycobot_interfaces__rosidl_typesupport_fastrtps_c.dir/rosidl_typesupport_fastrtps_c/mycobot_interfaces/msg/detail/mycobot_coords__type_support_c.cpp.o[0m
[7.749s] [35m[1mConsolidate compiler generated dependencies of target mycobot_interfaces__rosidl_typesupport_introspection_c[0m
[7.784s] [ 46%] [32mBuilding CXX object CMakeFiles/mycobot_interfaces__rosidl_typesupport_fastrtps_c.dir/rosidl_typesupport_fastrtps_c/mycobot_interfaces/msg/detail/mycobot_set_angles__type_support_c.cpp.o[0m
[7.799s] [ 47%] [32m[1mLinking CXX shared library libmycobot_interfaces__rosidl_typesupport_cpp.so[0m
[7.901s] [ 48%] [32mBuilding C object CMakeFiles/mycobot_interfaces__rosidl_typesupport_introspection_c.dir/rosidl_typesupport_introspection_c/mycobot_interfaces/msg/detail/mycobot_angles__type_support.c.o[0m
[8.107s] [ 49%] [32mBuilding C object CMakeFiles/mycobot_interfaces__rosidl_typesupport_introspection_c.dir/rosidl_typesupport_introspection_c/mycobot_interfaces/msg/detail/mycobot_coords__type_support.c.o[0m
[8.128s] [ 49%] Built target mycobot_interfaces__rosidl_typesupport_cpp
[8.169s] [ 49%] [32mBuilding C object CMakeFiles/mycobot_interfaces__rosidl_typesupport_introspection_c.dir/rosidl_typesupport_introspection_c/mycobot_interfaces/msg/detail/mycobot_set_angles__type_support.c.o[0m
[8.184s] [ 50%] [32mBuilding C object CMakeFiles/mycobot_interfaces__rosidl_typesupport_introspection_c.dir/rosidl_typesupport_introspection_c/mycobot_interfaces/msg/detail/mycobot_set_coords__type_support.c.o[0m
[8.190s] [ 51%] [32mBuilding CXX object CMakeFiles/mycobot_interfaces__rosidl_typesupport_introspection_cpp.dir/rosidl_typesupport_introspection_cpp/mycobot_interfaces/msg/detail/mycobot_set_coords__type_support.cpp.o[0m
[8.312s] [ 51%] [32mBuilding CXX object CMakeFiles/mycobot_interfaces__rosidl_typesupport_introspection_cpp.dir/rosidl_typesupport_introspection_cpp/mycobot_interfaces/msg/detail/mycobot_gripper_status__type_support.cpp.o[0m
[8.341s] [ 52%] [32mBuilding C object CMakeFiles/mycobot_interfaces__rosidl_typesupport_introspection_c.dir/rosidl_typesupport_introspection_c/mycobot_interfaces/msg/detail/mycobot_gripper_status__type_support.c.o[0m
[8.412s] [ 53%] [32mBuilding CXX object CMakeFiles/mycobot_interfaces__rosidl_typesupport_introspection_cpp.dir/rosidl_typesupport_introspection_cpp/mycobot_interfaces/msg/detail/mycobot_pump_status__type_support.cpp.o[0m
[8.439s] [ 54%] [32mBuilding C object CMakeFiles/mycobot_interfaces__rosidl_typesupport_introspection_c.dir/rosidl_typesupport_introspection_c/mycobot_interfaces/msg/detail/mycobot_pump_status__type_support.c.o[0m
[8.466s] [ 55%] [32mBuilding CXX object CMakeFiles/mycobot_interfaces__rosidl_typesupport_introspection_cpp.dir/rosidl_typesupport_introspection_cpp/mycobot_interfaces/msg/detail/my_aruco_coords__type_support.cpp.o[0m
[8.515s] [ 56%] [32mBuilding C object CMakeFiles/mycobot_interfaces__rosidl_typesupport_introspection_c.dir/rosidl_typesupport_introspection_c/mycobot_interfaces/msg/detail/my_aruco_coords__type_support.c.o[0m
[8.536s] [ 57%] [32mBuilding CXX object CMakeFiles/mycobot_interfaces__rosidl_typesupport_fastrtps_cpp.dir/rosidl_typesupport_fastrtps_cpp/mycobot_interfaces/msg/detail/dds_fastrtps/mycobot_gripper_status__type_support.cpp.o[0m
[8.604s] [ 57%] [32mBuilding C object CMakeFiles/mycobot_interfaces__rosidl_typesupport_introspection_c.dir/rosidl_typesupport_introspection_c/mycobot_interfaces/srv/detail/get_angles__type_support.c.o[0m
[8.612s] [ 58%] [32mBuilding CXX object CMakeFiles/mycobot_interfaces__rosidl_typesupport_fastrtps_cpp.dir/rosidl_typesupport_fastrtps_cpp/mycobot_interfaces/msg/detail/dds_fastrtps/mycobot_pump_status__type_support.cpp.o[0m
[8.682s] [ 59%] [32mBuilding CXX object CMakeFiles/mycobot_interfaces__rosidl_typesupport_fastrtps_c.dir/rosidl_typesupport_fastrtps_c/mycobot_interfaces/msg/detail/mycobot_set_coords__type_support_c.cpp.o[0m
[8.698s] [ 60%] [32mBuilding CXX object CMakeFiles/mycobot_interfaces__rosidl_typesupport_fastrtps_cpp.dir/rosidl_typesupport_fastrtps_cpp/mycobot_interfaces/msg/detail/dds_fastrtps/my_aruco_coords__type_support.cpp.o[0m
[8.711s] [ 61%] [32mBuilding CXX object CMakeFiles/mycobot_interfaces__rosidl_typesupport_fastrtps_c.dir/rosidl_typesupport_fastrtps_c/mycobot_interfaces/msg/detail/mycobot_gripper_status__type_support_c.cpp.o[0m
[8.727s] [ 62%] [32mBuilding C object CMakeFiles/mycobot_interfaces__rosidl_typesupport_introspection_c.dir/rosidl_typesupport_introspection_c/mycobot_interfaces/srv/detail/set_angles__type_support.c.o[0m
[8.734s] [ 63%] [32mBuilding C object CMakeFiles/mycobot_interfaces__rosidl_typesupport_introspection_c.dir/rosidl_typesupport_introspection_c/mycobot_interfaces/srv/detail/get_coords__type_support.c.o[0m
[8.816s] [ 64%] [32mBuilding CXX object CMakeFiles/mycobot_interfaces__rosidl_typesupport_fastrtps_cpp.dir/rosidl_typesupport_fastrtps_cpp/mycobot_interfaces/srv/detail/dds_fastrtps/get_angles__type_support.cpp.o[0m
[8.824s] [ 65%] [32mBuilding C object CMakeFiles/mycobot_interfaces__rosidl_typesupport_introspection_c.dir/rosidl_typesupport_introspection_c/mycobot_interfaces/srv/detail/set_coords__type_support.c.o[0m
[8.834s] [ 66%] [32mBuilding C object CMakeFiles/mycobot_interfaces__rosidl_typesupport_introspection_c.dir/rosidl_typesupport_introspection_c/mycobot_interfaces/srv/detail/gripper_status__type_support.c.o[0m
[9.020s] [ 66%] [32mBuilding C object CMakeFiles/mycobot_interfaces__rosidl_typesupport_introspection_c.dir/rosidl_typesupport_introspection_c/mycobot_interfaces/srv/detail/pump_status__type_support.c.o[0m
[9.091s] [ 66%] [32mBuilding CXX object CMakeFiles/mycobot_interfaces__rosidl_typesupport_fastrtps_cpp.dir/rosidl_typesupport_fastrtps_cpp/mycobot_interfaces/srv/detail/dds_fastrtps/set_angles__type_support.cpp.o[0m
[9.200s] [ 67%] [32m[1mLinking C shared library libmycobot_interfaces__rosidl_typesupport_introspection_c.so[0m
[9.207s] [ 68%] [32mBuilding CXX object CMakeFiles/mycobot_interfaces__rosidl_typesupport_introspection_cpp.dir/rosidl_typesupport_introspection_cpp/mycobot_interfaces/srv/detail/get_angles__type_support.cpp.o[0m
[9.307s] [ 68%] Built target mycobot_interfaces__rosidl_typesupport_introspection_c
[9.337s] [ 69%] [32mBuilding CXX object CMakeFiles/mycobot_interfaces__rosidl_typesupport_introspection_cpp.dir/rosidl_typesupport_introspection_cpp/mycobot_interfaces/srv/detail/set_angles__type_support.cpp.o[0m
[9.479s] [ 70%] [32mBuilding CXX object CMakeFiles/mycobot_interfaces__rosidl_typesupport_introspection_cpp.dir/rosidl_typesupport_introspection_cpp/mycobot_interfaces/srv/detail/set_coords__type_support.cpp.o[0m
[9.491s] [ 70%] [32mBuilding CXX object CMakeFiles/mycobot_interfaces__rosidl_typesupport_introspection_cpp.dir/rosidl_typesupport_introspection_cpp/mycobot_interfaces/srv/detail/get_coords__type_support.cpp.o[0m
[9.523s] [ 71%] [32mBuilding CXX object CMakeFiles/mycobot_interfaces__rosidl_typesupport_introspection_cpp.dir/rosidl_typesupport_introspection_cpp/mycobot_interfaces/srv/detail/gripper_status__type_support.cpp.o[0m
[9.670s] [ 72%] [32mBuilding CXX object CMakeFiles/mycobot_interfaces__rosidl_typesupport_fastrtps_cpp.dir/rosidl_typesupport_fastrtps_cpp/mycobot_interfaces/srv/detail/dds_fastrtps/get_coords__type_support.cpp.o[0m
[9.701s] [ 73%] [32mBuilding CXX object CMakeFiles/mycobot_interfaces__rosidl_typesupport_fastrtps_cpp.dir/rosidl_typesupport_fastrtps_cpp/mycobot_interfaces/srv/detail/dds_fastrtps/set_coords__type_support.cpp.o[0m
[9.768s] [ 74%] [32mBuilding CXX object CMakeFiles/mycobot_interfaces__rosidl_typesupport_fastrtps_c.dir/rosidl_typesupport_fastrtps_c/mycobot_interfaces/msg/detail/mycobot_pump_status__type_support_c.cpp.o[0m
[9.944s] [ 74%] [32mBuilding CXX object CMakeFiles/mycobot_interfaces__rosidl_typesupport_fastrtps_c.dir/rosidl_typesupport_fastrtps_c/mycobot_interfaces/msg/detail/my_aruco_coords__type_support_c.cpp.o[0m
[10.034s] [ 75%] [32mBuilding CXX object CMakeFiles/mycobot_interfaces__rosidl_typesupport_fastrtps_cpp.dir/rosidl_typesupport_fastrtps_cpp/mycobot_interfaces/srv/detail/dds_fastrtps/gripper_status__type_support.cpp.o[0m
[10.335s] [ 76%] [32mBuilding CXX object CMakeFiles/mycobot_interfaces__rosidl_typesupport_fastrtps_cpp.dir/rosidl_typesupport_fastrtps_cpp/mycobot_interfaces/srv/detail/dds_fastrtps/pump_status__type_support.cpp.o[0m
[10.410s] [ 77%] [32mBuilding CXX object CMakeFiles/mycobot_interfaces__rosidl_typesupport_introspection_cpp.dir/rosidl_typesupport_introspection_cpp/mycobot_interfaces/srv/detail/pump_status__type_support.cpp.o[0m
[10.504s] [ 78%] [32mBuilding CXX object CMakeFiles/mycobot_interfaces__rosidl_typesupport_fastrtps_c.dir/rosidl_typesupport_fastrtps_c/mycobot_interfaces/srv/detail/get_angles__type_support_c.cpp.o[0m
[10.558s] [ 79%] [32mBuilding CXX object CMakeFiles/mycobot_interfaces__rosidl_typesupport_fastrtps_c.dir/rosidl_typesupport_fastrtps_c/mycobot_interfaces/srv/detail/get_coords__type_support_c.cpp.o[0m
[10.561s] [ 80%] [32mBuilding CXX object CMakeFiles/mycobot_interfaces__rosidl_typesupport_fastrtps_c.dir/rosidl_typesupport_fastrtps_c/mycobot_interfaces/srv/detail/set_angles__type_support_c.cpp.o[0m
[10.579s] [ 81%] [32mBuilding CXX object CMakeFiles/mycobot_interfaces__rosidl_typesupport_fastrtps_c.dir/rosidl_typesupport_fastrtps_c/mycobot_interfaces/srv/detail/set_coords__type_support_c.cpp.o[0m
[10.579s] [ 81%] [32mBuilding CXX object CMakeFiles/mycobot_interfaces__rosidl_typesupport_fastrtps_c.dir/rosidl_typesupport_fastrtps_c/mycobot_interfaces/srv/detail/gripper_status__type_support_c.cpp.o[0m
[10.904s] [ 82%] [32mBuilding CXX object CMakeFiles/mycobot_interfaces__rosidl_typesupport_fastrtps_c.dir/rosidl_typesupport_fastrtps_c/mycobot_interfaces/srv/detail/pump_status__type_support_c.cpp.o[0m
[11.416s] [ 83%] [32m[1mLinking CXX shared library libmycobot_interfaces__rosidl_typesupport_introspection_cpp.so[0m
[11.547s] [ 83%] [32m[1mLinking CXX shared library libmycobot_interfaces__rosidl_typesupport_fastrtps_cpp.so[0m
[11.556s] [ 83%] Built target mycobot_interfaces__rosidl_typesupport_introspection_cpp
[11.714s] [ 83%] Built target mycobot_interfaces__rosidl_typesupport_fastrtps_cpp
[11.741s] [ 84%] [32m[1mLinking CXX shared library libmycobot_interfaces__rosidl_typesupport_fastrtps_c.so[0m
[11.850s] [ 84%] Built target mycobot_interfaces__rosidl_typesupport_fastrtps_c
[11.879s] [ 84%] Built target mycobot_interfaces
[11.922s] [ 85%] [34m[1mGenerating Python code for ROS interfaces[0m
[14.504s] [ 85%] Built target mycobot_interfaces__py
[14.528s] [35m[1mConsolidate compiler generated dependencies of target mycobot_interfaces__rosidl_generator_py[0m
[14.566s] [ 86%] [32mBuilding C object CMakeFiles/mycobot_interfaces__rosidl_generator_py.dir/rosidl_generator_py/mycobot_interfaces/msg/_mycobot_angles_s.c.o[0m
[14.566s] [ 86%] [32mBuilding C object CMakeFiles/mycobot_interfaces__rosidl_generator_py.dir/rosidl_generator_py/mycobot_interfaces/msg/_mycobot_coords_s.c.o[0m
[14.566s] [ 87%] [32mBuilding C object CMakeFiles/mycobot_interfaces__rosidl_generator_py.dir/rosidl_generator_py/mycobot_interfaces/msg/_mycobot_set_angles_s.c.o[0m
[14.570s] [ 88%] [32mBuilding C object CMakeFiles/mycobot_interfaces__rosidl_generator_py.dir/rosidl_generator_py/mycobot_interfaces/msg/_mycobot_set_coords_s.c.o[0m
[14.571s] [ 89%] [32mBuilding C object CMakeFiles/mycobot_interfaces__rosidl_generator_py.dir/rosidl_generator_py/mycobot_interfaces/msg/_mycobot_gripper_status_s.c.o[0m
[14.582s] [ 89%] [32mBuilding C object CMakeFiles/mycobot_interfaces__rosidl_generator_py.dir/rosidl_generator_py/mycobot_interfaces/msg/_my_aruco_coords_s.c.o[0m
[14.597s] [ 90%] [32mBuilding C object CMakeFiles/mycobot_interfaces__rosidl_generator_py.dir/rosidl_generator_py/mycobot_interfaces/msg/_mycobot_pump_status_s.c.o[0m
[14.598s] [ 91%] [32mBuilding C object CMakeFiles/mycobot_interfaces__rosidl_generator_py.dir/rosidl_generator_py/mycobot_interfaces/srv/_get_angles_s.c.o[0m
[14.612s] [ 92%] [32mBuilding C object CMakeFiles/mycobot_interfaces__rosidl_generator_py.dir/rosidl_generator_py/mycobot_interfaces/srv/_get_coords_s.c.o[0m
[14.623s] [ 93%] [32mBuilding C object CMakeFiles/mycobot_interfaces__rosidl_generator_py.dir/rosidl_generator_py/mycobot_interfaces/srv/_set_angles_s.c.o[0m
[14.629s] [ 94%] [32mBuilding C object CMakeFiles/mycobot_interfaces__rosidl_generator_py.dir/rosidl_generator_py/mycobot_interfaces/srv/_set_coords_s.c.o[0m
[14.672s] [ 94%] [32mBuilding C object CMakeFiles/mycobot_interfaces__rosidl_generator_py.dir/rosidl_generator_py/mycobot_interfaces/srv/_gripper_status_s.c.o[0m
[14.801s] [ 95%] [32mBuilding C object CMakeFiles/mycobot_interfaces__rosidl_generator_py.dir/rosidl_generator_py/mycobot_interfaces/srv/_pump_status_s.c.o[0m
[14.994s] [ 96%] [32m[1mLinking C shared library rosidl_generator_py/mycobot_interfaces/libmycobot_interfaces__rosidl_generator_py.so[0m
[15.061s] [ 96%] Built target mycobot_interfaces__rosidl_generator_py
[15.078s] [35m[1mConsolidate compiler generated dependencies of target mycobot_interfaces__rosidl_typesupport_introspection_c__pyext[0m
[15.080s] [35m[1mConsolidate compiler generated dependencies of target mycobot_interfaces__rosidl_typesupport_c__pyext[0m
[15.080s] [35m[1mConsolidate compiler generated dependencies of target mycobot_interfaces__rosidl_typesupport_fastrtps_c__pyext[0m
[15.100s] [ 97%] [32mBuilding C object CMakeFiles/mycobot_interfaces__rosidl_typesupport_introspection_c__pyext.dir/rosidl_generator_py/mycobot_interfaces/_mycobot_interfaces_s.ep.rosidl_typesupport_introspection_c.c.o[0m
[15.100s] [ 98%] [32mBuilding C object CMakeFiles/mycobot_interfaces__rosidl_typesupport_c__pyext.dir/rosidl_generator_py/mycobot_interfaces/_mycobot_interfaces_s.ep.rosidl_typesupport_c.c.o[0m
[15.104s] [ 99%] [32mBuilding C object CMakeFiles/mycobot_interfaces__rosidl_typesupport_fastrtps_c__pyext.dir/rosidl_generator_py/mycobot_interfaces/_mycobot_interfaces_s.ep.rosidl_typesupport_fastrtps_c.c.o[0m
[15.332s] [ 99%] [32m[1mLinking C shared library rosidl_generator_py/mycobot_interfaces/mycobot_interfaces_s__rosidl_typesupport_fastrtps_c.cpython-310-x86_64-linux-gnu.so[0m
[15.380s] [ 99%] [32m[1mLinking C shared library rosidl_generator_py/mycobot_interfaces/mycobot_interfaces_s__rosidl_typesupport_c.cpython-310-x86_64-linux-gnu.so[0m
[15.382s] [100%] [32m[1mLinking C shared library rosidl_generator_py/mycobot_interfaces/mycobot_interfaces_s__rosidl_typesupport_introspection_c.cpython-310-x86_64-linux-gnu.so[0m
[15.386s] [100%] Built target mycobot_interfaces__rosidl_typesupport_fastrtps_c__pyext
[15.446s] [100%] Built target mycobot_interfaces__rosidl_typesupport_c__pyext
[15.454s] [100%] Built target mycobot_interfaces__rosidl_typesupport_introspection_c__pyext
[15.472s] Invoked command in '/home/david/ros2_ws/build/mycobot_interfaces' returned '0': CMAKE_PREFIX_PATH=${CMAKE_PREFIX_PATH}:/home/david/ros2_ws/install/ultraarm:/home/david/ros2_ws/install/mypalletizer_260_pi:/home/david/ros2_ws/install/mypalletizer_260:/home/david/ros2_ws/install/mypalletizer_communication:/home/david/ros2_ws/install/mycobot_630:/home/david/ros2_ws/install/mycobot_600:/home/david/ros2_ws/install/mycobot_320pi:/home/david/ros2_ws/install/mycobot_320:/home/david/ros2_ws/install/mycobot_280pi:/home/david/ros2_ws/install/mycobot_280jn:/home/david/ros2_ws/install/mycobot_280_x3pi:/home/david/ros2_ws/install/mycobot_280:/home/david/ros2_ws/install/myarm_m750:/home/david/ros2_ws/install/myarm_c650:/home/david/ros2_ws/install/myarm_300:/home/david/ros2_ws/install/mycobot_communication:/home/david/ros2_ws/install/mecharm_pi:/home/david/ros2_ws/install/mecharm:/home/david/ros2_ws/install/mecharm_communication:/home/david/ros2_ws/install/mybuddy:/home/david/ros2_ws/install/mycobot_description:/home/david/ros2_ws/install/my_py_pkg:/opt/ros/humble /usr/bin/cmake --build /home/david/ros2_ws/build/mycobot_interfaces -- -j12 -l12
[15.913s] Invoking command in '/home/david/ros2_ws/build/mycobot_interfaces': CMAKE_PREFIX_PATH=${CMAKE_PREFIX_PATH}:/home/david/ros2_ws/install/ultraarm:/home/david/ros2_ws/install/mypalletizer_260_pi:/home/david/ros2_ws/install/mypalletizer_260:/home/david/ros2_ws/install/mypalletizer_communication:/home/david/ros2_ws/install/mycobot_630:/home/david/ros2_ws/install/mycobot_600:/home/david/ros2_ws/install/mycobot_320pi:/home/david/ros2_ws/install/mycobot_320:/home/david/ros2_ws/install/mycobot_280pi:/home/david/ros2_ws/install/mycobot_280jn:/home/david/ros2_ws/install/mycobot_280_x3pi:/home/david/ros2_ws/install/mycobot_280:/home/david/ros2_ws/install/myarm_m750:/home/david/ros2_ws/install/myarm_c650:/home/david/ros2_ws/install/myarm_300:/home/david/ros2_ws/install/mycobot_communication:/home/david/ros2_ws/install/mecharm_pi:/home/david/ros2_ws/install/mecharm:/home/david/ros2_ws/install/mecharm_communication:/home/david/ros2_ws/install/mybuddy:/home/david/ros2_ws/install/mycobot_description:/home/david/ros2_ws/install/my_py_pkg:/opt/ros/humble /usr/bin/cmake --install /home/david/ros2_ws/build/mycobot_interfaces
[15.922s] -- Install configuration: ""
[15.924s] -- Execute custom install script
[15.924s] -- Up-to-date symlink: /home/david/ros2_ws/install/mycobot_interfaces/share/ament_index/resource_index/rosidl_interfaces/mycobot_interfaces
[15.929s] -- Symlinking: /home/david/ros2_ws/install/mycobot_interfaces/include/mycobot_interfaces/mycobot_interfaces/msg/detail/my_aruco_coords__functions.h
[15.945s] -- Symlinking: /home/david/ros2_ws/install/mycobot_interfaces/include/mycobot_interfaces/mycobot_interfaces/msg/detail/my_aruco_coords__struct.h
[15.959s] -- Symlinking: /home/david/ros2_ws/install/mycobot_interfaces/include/mycobot_interfaces/mycobot_interfaces/msg/detail/my_aruco_coords__type_support.h
[15.975s] -- Up-to-date symlink: /home/david/ros2_ws/install/mycobot_interfaces/include/mycobot_interfaces/mycobot_interfaces/msg/detail/mycobot_angles__functions.h
[15.975s] -- Up-to-date symlink: /home/david/ros2_ws/install/mycobot_interfaces/include/mycobot_interfaces/mycobot_interfaces/msg/detail/mycobot_angles__struct.h
[15.975s] -- Up-to-date symlink: /home/david/ros2_ws/install/mycobot_interfaces/include/mycobot_interfaces/mycobot_interfaces/msg/detail/mycobot_angles__type_support.h
[15.975s] -- Up-to-date symlink: /home/david/ros2_ws/install/mycobot_interfaces/include/mycobot_interfaces/mycobot_interfaces/msg/detail/mycobot_aruco_coords__functions.h
[15.976s] -- Up-to-date symlink: /home/david/ros2_ws/install/mycobot_interfaces/include/mycobot_interfaces/mycobot_interfaces/msg/detail/mycobot_aruco_coords__struct.h
[15.976s] -- Up-to-date symlink: /home/david/ros2_ws/install/mycobot_interfaces/include/mycobot_interfaces/mycobot_interfaces/msg/detail/mycobot_aruco_coords__type_support.h
[15.976s] -- Up-to-date symlink: /home/david/ros2_ws/install/mycobot_interfaces/include/mycobot_interfaces/mycobot_interfaces/msg/detail/mycobot_coords__functions.h
[15.976s] -- Up-to-date symlink: /home/david/ros2_ws/install/mycobot_interfaces/include/mycobot_interfaces/mycobot_interfaces/msg/detail/mycobot_coords__struct.h
[15.976s] -- Up-to-date symlink: /home/david/ros2_ws/install/mycobot_interfaces/include/mycobot_interfaces/mycobot_interfaces/msg/detail/mycobot_coords__type_support.h
[15.977s] -- Up-to-date symlink: /home/david/ros2_ws/install/mycobot_interfaces/include/mycobot_interfaces/mycobot_interfaces/msg/detail/mycobot_gripper_status__functions.h
[15.977s] -- Up-to-date symlink: /home/david/ros2_ws/install/mycobot_interfaces/include/mycobot_interfaces/mycobot_interfaces/msg/detail/mycobot_gripper_status__struct.h
[15.977s] -- Up-to-date symlink: /home/david/ros2_ws/install/mycobot_interfaces/include/mycobot_interfaces/mycobot_interfaces/msg/detail/mycobot_gripper_status__type_support.h
[15.978s] -- Up-to-date symlink: /home/david/ros2_ws/install/mycobot_interfaces/include/mycobot_interfaces/mycobot_interfaces/msg/detail/mycobot_pump_status__functions.h
[15.978s] -- Up-to-date symlink: /home/david/ros2_ws/install/mycobot_interfaces/include/mycobot_interfaces/mycobot_interfaces/msg/detail/mycobot_pump_status__struct.h
[15.978s] -- Up-to-date symlink: /home/david/ros2_ws/install/mycobot_interfaces/include/mycobot_interfaces/mycobot_interfaces/msg/detail/mycobot_pump_status__type_support.h
[15.978s] -- Up-to-date symlink: /home/david/ros2_ws/install/mycobot_interfaces/include/mycobot_interfaces/mycobot_interfaces/msg/detail/mycobot_set_angles__functions.h
[15.979s] -- Up-to-date symlink: /home/david/ros2_ws/install/mycobot_interfaces/include/mycobot_interfaces/mycobot_interfaces/msg/detail/mycobot_set_angles__struct.h
[15.979s] -- Up-to-date symlink: /home/david/ros2_ws/install/mycobot_interfaces/include/mycobot_interfaces/mycobot_interfaces/msg/detail/mycobot_set_angles__type_support.h
[15.979s] -- Up-to-date symlink: /home/david/ros2_ws/install/mycobot_interfaces/include/mycobot_interfaces/mycobot_interfaces/msg/detail/mycobot_set_coords__functions.h
[15.979s] -- Up-to-date symlink: /home/david/ros2_ws/install/mycobot_interfaces/include/mycobot_interfaces/mycobot_interfaces/msg/detail/mycobot_set_coords__struct.h
[15.980s] -- Up-to-date symlink: /home/david/ros2_ws/install/mycobot_interfaces/include/mycobot_interfaces/mycobot_interfaces/msg/detail/mycobot_set_coords__type_support.h
[15.980s] -- Symlinking: /home/david/ros2_ws/install/mycobot_interfaces/include/mycobot_interfaces/mycobot_interfaces/msg/my_aruco_coords.h
[15.991s] -- Up-to-date symlink: /home/david/ros2_ws/install/mycobot_interfaces/include/mycobot_interfaces/mycobot_interfaces/msg/mycobot_angles.h
[15.991s] -- Up-to-date symlink: /home/david/ros2_ws/install/mycobot_interfaces/include/mycobot_interfaces/mycobot_interfaces/msg/mycobot_aruco_coords.h
[15.991s] -- Up-to-date symlink: /home/david/ros2_ws/install/mycobot_interfaces/include/mycobot_interfaces/mycobot_interfaces/msg/mycobot_coords.h
[15.992s] -- Up-to-date symlink: /home/david/ros2_ws/install/mycobot_interfaces/include/mycobot_interfaces/mycobot_interfaces/msg/mycobot_gripper_status.h
[15.992s] -- Up-to-date symlink: /home/david/ros2_ws/install/mycobot_interfaces/include/mycobot_interfaces/mycobot_interfaces/msg/mycobot_pump_status.h
[15.992s] -- Up-to-date symlink: /home/david/ros2_ws/install/mycobot_interfaces/include/mycobot_interfaces/mycobot_interfaces/msg/mycobot_set_angles.h
[15.992s] -- Up-to-date symlink: /home/david/ros2_ws/install/mycobot_interfaces/include/mycobot_interfaces/mycobot_interfaces/msg/mycobot_set_coords.h
[15.993s] -- Up-to-date symlink: /home/david/ros2_ws/install/mycobot_interfaces/include/mycobot_interfaces/mycobot_interfaces/msg/rosidl_generator_c__visibility_control.h
[15.993s] -- Up-to-date symlink: /home/david/ros2_ws/install/mycobot_interfaces/include/mycobot_interfaces/mycobot_interfaces/srv/detail/get_angles__functions.h
[15.994s] -- Up-to-date symlink: /home/david/ros2_ws/install/mycobot_interfaces/include/mycobot_interfaces/mycobot_interfaces/srv/detail/get_angles__struct.h
[15.994s] -- Up-to-date symlink: /home/david/ros2_ws/install/mycobot_interfaces/include/mycobot_interfaces/mycobot_interfaces/srv/detail/get_angles__type_support.h
[15.994s] -- Up-to-date symlink: /home/david/ros2_ws/install/mycobot_interfaces/include/mycobot_interfaces/mycobot_interfaces/srv/detail/get_coords__functions.h
[15.994s] -- Up-to-date symlink: /home/david/ros2_ws/install/mycobot_interfaces/include/mycobot_interfaces/mycobot_interfaces/srv/detail/get_coords__struct.h
[15.995s] -- Up-to-date symlink: /home/david/ros2_ws/install/mycobot_interfaces/include/mycobot_interfaces/mycobot_interfaces/srv/detail/get_coords__type_support.h
[15.995s] -- Up-to-date symlink: /home/david/ros2_ws/install/mycobot_interfaces/include/mycobot_interfaces/mycobot_interfaces/srv/detail/gripper_status__functions.h
[15.995s] -- Up-to-date symlink: /home/david/ros2_ws/install/mycobot_interfaces/include/mycobot_interfaces/mycobot_interfaces/srv/detail/gripper_status__struct.h
[15.995s] -- Up-to-date symlink: /home/david/ros2_ws/install/mycobot_interfaces/include/mycobot_interfaces/mycobot_interfaces/srv/detail/gripper_status__type_support.h
[15.995s] -- Up-to-date symlink: /home/david/ros2_ws/install/mycobot_interfaces/include/mycobot_interfaces/mycobot_interfaces/srv/detail/pump_status__functions.h
[15.995s] -- Up-to-date symlink: /home/david/ros2_ws/install/mycobot_interfaces/include/mycobot_interfaces/mycobot_interfaces/srv/detail/pump_status__struct.h
[15.996s] -- Up-to-date symlink: /home/david/ros2_ws/install/mycobot_interfaces/include/mycobot_interfaces/mycobot_interfaces/srv/detail/pump_status__type_support.h
[15.996s] -- Up-to-date symlink: /home/david/ros2_ws/install/mycobot_interfaces/include/mycobot_interfaces/mycobot_interfaces/srv/detail/set_angles__functions.h
[15.996s] -- Up-to-date symlink: /home/david/ros2_ws/install/mycobot_interfaces/include/mycobot_interfaces/mycobot_interfaces/srv/detail/set_angles__struct.h
[15.996s] -- Up-to-date symlink: /home/david/ros2_ws/install/mycobot_interfaces/include/mycobot_interfaces/mycobot_interfaces/srv/detail/set_angles__type_support.h
[15.996s] -- Up-to-date symlink: /home/david/ros2_ws/install/mycobot_interfaces/include/mycobot_interfaces/mycobot_interfaces/srv/detail/set_coords__functions.h
[15.997s] -- Up-to-date symlink: /home/david/ros2_ws/install/mycobot_interfaces/include/mycobot_interfaces/mycobot_interfaces/srv/detail/set_coords__struct.h
[15.997s] -- Up-to-date symlink: /home/david/ros2_ws/install/mycobot_interfaces/include/mycobot_interfaces/mycobot_interfaces/srv/detail/set_coords__type_support.h
[15.997s] -- Up-to-date symlink: /home/david/ros2_ws/install/mycobot_interfaces/include/mycobot_interfaces/mycobot_interfaces/srv/get_angles.h
[15.997s] -- Up-to-date symlink: /home/david/ros2_ws/install/mycobot_interfaces/include/mycobot_interfaces/mycobot_interfaces/srv/get_coords.h
[15.997s] -- Up-to-date symlink: /home/david/ros2_ws/install/mycobot_interfaces/include/mycobot_interfaces/mycobot_interfaces/srv/gripper_status.h
[15.998s] -- Up-to-date symlink: /home/david/ros2_ws/install/mycobot_interfaces/include/mycobot_interfaces/mycobot_interfaces/srv/pump_status.h
[15.998s] -- Up-to-date symlink: /home/david/ros2_ws/install/mycobot_interfaces/include/mycobot_interfaces/mycobot_interfaces/srv/set_angles.h
[15.998s] -- Up-to-date symlink: /home/david/ros2_ws/install/mycobot_interfaces/include/mycobot_interfaces/mycobot_interfaces/srv/set_coords.h
[15.998s] -- Up-to-date symlink: /home/david/ros2_ws/install/mycobot_interfaces/share/mycobot_interfaces/environment/library_path.sh
[15.999s] -- Up-to-date symlink: /home/david/ros2_ws/install/mycobot_interfaces/share/mycobot_interfaces/environment/library_path.dsv
[16.000s] -- Symlinking: /home/david/ros2_ws/install/mycobot_interfaces/include/mycobot_interfaces/mycobot_interfaces/msg/detail/my_aruco_coords__rosidl_typesupport_fastrtps_c.h
[16.010s] -- Up-to-date symlink: /home/david/ros2_ws/install/mycobot_interfaces/include/mycobot_interfaces/mycobot_interfaces/msg/detail/mycobot_angles__rosidl_typesupport_fastrtps_c.h
[16.011s] -- Up-to-date symlink: /home/david/ros2_ws/install/mycobot_interfaces/include/mycobot_interfaces/mycobot_interfaces/msg/detail/mycobot_aruco_coords__rosidl_typesupport_fastrtps_c.h
[16.011s] -- Up-to-date symlink: /home/david/ros2_ws/install/mycobot_interfaces/include/mycobot_interfaces/mycobot_interfaces/msg/detail/mycobot_coords__rosidl_typesupport_fastrtps_c.h
[16.011s] -- Up-to-date symlink: /home/david/ros2_ws/install/mycobot_interfaces/include/mycobot_interfaces/mycobot_interfaces/msg/detail/mycobot_gripper_status__rosidl_typesupport_fastrtps_c.h
[16.012s] -- Up-to-date symlink: /home/david/ros2_ws/install/mycobot_interfaces/include/mycobot_interfaces/mycobot_interfaces/msg/detail/mycobot_pump_status__rosidl_typesupport_fastrtps_c.h
[16.012s] -- Up-to-date symlink: /home/david/ros2_ws/install/mycobot_interfaces/include/mycobot_interfaces/mycobot_interfaces/msg/detail/mycobot_set_angles__rosidl_typesupport_fastrtps_c.h
[16.012s] -- Up-to-date symlink: /home/david/ros2_ws/install/mycobot_interfaces/include/mycobot_interfaces/mycobot_interfaces/msg/detail/mycobot_set_coords__rosidl_typesupport_fastrtps_c.h
[16.013s] -- Up-to-date symlink: /home/david/ros2_ws/install/mycobot_interfaces/include/mycobot_interfaces/mycobot_interfaces/msg/rosidl_typesupport_fastrtps_c__visibility_control.h
[16.013s] -- Up-to-date symlink: /home/david/ros2_ws/install/mycobot_interfaces/include/mycobot_interfaces/mycobot_interfaces/srv/detail/get_angles__rosidl_typesupport_fastrtps_c.h
[16.013s] -- Up-to-date symlink: /home/david/ros2_ws/install/mycobot_interfaces/include/mycobot_interfaces/mycobot_interfaces/srv/detail/get_coords__rosidl_typesupport_fastrtps_c.h
[16.013s] -- Up-to-date symlink: /home/david/ros2_ws/install/mycobot_interfaces/include/mycobot_interfaces/mycobot_interfaces/srv/detail/gripper_status__rosidl_typesupport_fastrtps_c.h
[16.014s] -- Up-to-date symlink: /home/david/ros2_ws/install/mycobot_interfaces/include/mycobot_interfaces/mycobot_interfaces/srv/detail/pump_status__rosidl_typesupport_fastrtps_c.h
[16.014s] -- Up-to-date symlink: /home/david/ros2_ws/install/mycobot_interfaces/include/mycobot_interfaces/mycobot_interfaces/srv/detail/set_angles__rosidl_typesupport_fastrtps_c.h
[16.014s] -- Up-to-date symlink: /home/david/ros2_ws/install/mycobot_interfaces/include/mycobot_interfaces/mycobot_interfaces/srv/detail/set_coords__rosidl_typesupport_fastrtps_c.h
[16.015s] -- Symlinking: /home/david/ros2_ws/install/mycobot_interfaces/include/mycobot_interfaces/mycobot_interfaces/msg/detail/my_aruco_coords__rosidl_typesupport_introspection_c.h
[16.026s] -- Up-to-date symlink: /home/david/ros2_ws/install/mycobot_interfaces/include/mycobot_interfaces/mycobot_interfaces/msg/detail/mycobot_angles__rosidl_typesupport_introspection_c.h
[16.026s] -- Up-to-date symlink: /home/david/ros2_ws/install/mycobot_interfaces/include/mycobot_interfaces/mycobot_interfaces/msg/detail/mycobot_aruco_coords__rosidl_typesupport_introspection_c.h
[16.026s] -- Up-to-date symlink: /home/david/ros2_ws/install/mycobot_interfaces/include/mycobot_interfaces/mycobot_interfaces/msg/detail/mycobot_coords__rosidl_typesupport_introspection_c.h
[16.027s] -- Up-to-date symlink: /home/david/ros2_ws/install/mycobot_interfaces/include/mycobot_interfaces/mycobot_interfaces/msg/detail/mycobot_gripper_status__rosidl_typesupport_introspection_c.h
[16.027s] -- Up-to-date symlink: /home/david/ros2_ws/install/mycobot_interfaces/include/mycobot_interfaces/mycobot_interfaces/msg/detail/mycobot_pump_status__rosidl_typesupport_introspection_c.h
[16.027s] -- Up-to-date symlink: /home/david/ros2_ws/install/mycobot_interfaces/include/mycobot_interfaces/mycobot_interfaces/msg/detail/mycobot_set_angles__rosidl_typesupport_introspection_c.h
[16.027s] -- Up-to-date symlink: /home/david/ros2_ws/install/mycobot_interfaces/include/mycobot_interfaces/mycobot_interfaces/msg/detail/mycobot_set_coords__rosidl_typesupport_introspection_c.h
[16.027s] -- Up-to-date symlink: /home/david/ros2_ws/install/mycobot_interfaces/include/mycobot_interfaces/mycobot_interfaces/msg/rosidl_typesupport_introspection_c__visibility_control.h
[16.028s] -- Up-to-date symlink: /home/david/ros2_ws/install/mycobot_interfaces/include/mycobot_interfaces/mycobot_interfaces/srv/detail/get_angles__rosidl_typesupport_introspection_c.h
[16.028s] -- Up-to-date symlink: /home/david/ros2_ws/install/mycobot_interfaces/include/mycobot_interfaces/mycobot_interfaces/srv/detail/get_coords__rosidl_typesupport_introspection_c.h
[16.028s] -- Up-to-date symlink: /home/david/ros2_ws/install/mycobot_interfaces/include/mycobot_interfaces/mycobot_interfaces/srv/detail/gripper_status__rosidl_typesupport_introspection_c.h
[16.028s] -- Up-to-date symlink: /home/david/ros2_ws/install/mycobot_interfaces/include/mycobot_interfaces/mycobot_interfaces/srv/detail/pump_status__rosidl_typesupport_introspection_c.h
[16.028s] -- Up-to-date symlink: /home/david/ros2_ws/install/mycobot_interfaces/include/mycobot_interfaces/mycobot_interfaces/srv/detail/set_angles__rosidl_typesupport_introspection_c.h
[16.028s] -- Up-to-date symlink: /home/david/ros2_ws/install/mycobot_interfaces/include/mycobot_interfaces/mycobot_interfaces/srv/detail/set_coords__rosidl_typesupport_introspection_c.h
[16.029s] -- Symlinking: /home/david/ros2_ws/install/mycobot_interfaces/include/mycobot_interfaces/mycobot_interfaces/msg/detail/my_aruco_coords__builder.hpp
[16.041s] -- Symlinking: /home/david/ros2_ws/install/mycobot_interfaces/include/mycobot_interfaces/mycobot_interfaces/msg/detail/my_aruco_coords__struct.hpp
[16.058s] -- Symlinking: /home/david/ros2_ws/install/mycobot_interfaces/include/mycobot_interfaces/mycobot_interfaces/msg/detail/my_aruco_coords__traits.hpp
[16.073s] -- Up-to-date symlink: /home/david/ros2_ws/install/mycobot_interfaces/include/mycobot_interfaces/mycobot_interfaces/msg/detail/mycobot_angles__builder.hpp
[16.073s] -- Up-to-date symlink: /home/david/ros2_ws/install/mycobot_interfaces/include/mycobot_interfaces/mycobot_interfaces/msg/detail/mycobot_angles__struct.hpp
[16.073s] -- Up-to-date symlink: /home/david/ros2_ws/install/mycobot_interfaces/include/mycobot_interfaces/mycobot_interfaces/msg/detail/mycobot_angles__traits.hpp
[16.073s] -- Up-to-date symlink: /home/david/ros2_ws/install/mycobot_interfaces/include/mycobot_interfaces/mycobot_interfaces/msg/detail/mycobot_aruco_coords__builder.hpp
[16.074s] -- Up-to-date symlink: /home/david/ros2_ws/install/mycobot_interfaces/include/mycobot_interfaces/mycobot_interfaces/msg/detail/mycobot_aruco_coords__struct.hpp
[16.074s] -- Up-to-date symlink: /home/david/ros2_ws/install/mycobot_interfaces/include/mycobot_interfaces/mycobot_interfaces/msg/detail/mycobot_aruco_coords__traits.hpp
[16.075s] -- Up-to-date symlink: /home/david/ros2_ws/install/mycobot_interfaces/include/mycobot_interfaces/mycobot_interfaces/msg/detail/mycobot_coords__builder.hpp
[16.075s] -- Up-to-date symlink: /home/david/ros2_ws/install/mycobot_interfaces/include/mycobot_interfaces/mycobot_interfaces/msg/detail/mycobot_coords__struct.hpp
[16.075s] -- Up-to-date symlink: /home/david/ros2_ws/install/mycobot_interfaces/include/mycobot_interfaces/mycobot_interfaces/msg/detail/mycobot_coords__traits.hpp
[16.075s] -- Up-to-date symlink: /home/david/ros2_ws/install/mycobot_interfaces/include/mycobot_interfaces/mycobot_interfaces/msg/detail/mycobot_gripper_status__builder.hpp
[16.076s] -- Up-to-date symlink: /home/david/ros2_ws/install/mycobot_interfaces/include/mycobot_interfaces/mycobot_interfaces/msg/detail/mycobot_gripper_status__struct.hpp
[16.076s] -- Up-to-date symlink: /home/david/ros2_ws/install/mycobot_interfaces/include/mycobot_interfaces/mycobot_interfaces/msg/detail/mycobot_gripper_status__traits.hpp
[16.076s] -- Up-to-date symlink: /home/david/ros2_ws/install/mycobot_interfaces/include/mycobot_interfaces/mycobot_interfaces/msg/detail/mycobot_pump_status__builder.hpp
[16.076s] -- Up-to-date symlink: /home/david/ros2_ws/install/mycobot_interfaces/include/mycobot_interfaces/mycobot_interfaces/msg/detail/mycobot_pump_status__struct.hpp
[16.077s] -- Up-to-date symlink: /home/david/ros2_ws/install/mycobot_interfaces/include/mycobot_interfaces/mycobot_interfaces/msg/detail/mycobot_pump_status__traits.hpp
[16.077s] -- Up-to-date symlink: /home/david/ros2_ws/install/mycobot_interfaces/include/mycobot_interfaces/mycobot_interfaces/msg/detail/mycobot_set_angles__builder.hpp
[16.077s] -- Up-to-date symlink: /home/david/ros2_ws/install/mycobot_interfaces/include/mycobot_interfaces/mycobot_interfaces/msg/detail/mycobot_set_angles__struct.hpp
[16.078s] -- Up-to-date symlink: /home/david/ros2_ws/install/mycobot_interfaces/include/mycobot_interfaces/mycobot_interfaces/msg/detail/mycobot_set_angles__traits.hpp
[16.078s] -- Up-to-date symlink: /home/david/ros2_ws/install/mycobot_interfaces/include/mycobot_interfaces/mycobot_interfaces/msg/detail/mycobot_set_coords__builder.hpp
[16.078s] -- Up-to-date symlink: /home/david/ros2_ws/install/mycobot_interfaces/include/mycobot_interfaces/mycobot_interfaces/msg/detail/mycobot_set_coords__struct.hpp
[16.079s] -- Up-to-date symlink: /home/david/ros2_ws/install/mycobot_interfaces/include/mycobot_interfaces/mycobot_interfaces/msg/detail/mycobot_set_coords__traits.hpp
[16.079s] -- Symlinking: /home/david/ros2_ws/install/mycobot_interfaces/include/mycobot_interfaces/mycobot_interfaces/msg/my_aruco_coords.hpp
[16.093s] -- Up-to-date symlink: /home/david/ros2_ws/install/mycobot_interfaces/include/mycobot_interfaces/mycobot_interfaces/msg/mycobot_angles.hpp
[16.093s] -- Up-to-date symlink: /home/david/ros2_ws/install/mycobot_interfaces/include/mycobot_interfaces/mycobot_interfaces/msg/mycobot_aruco_coords.hpp
[16.093s] -- Up-to-date symlink: /home/david/ros2_ws/install/mycobot_interfaces/include/mycobot_interfaces/mycobot_interfaces/msg/mycobot_coords.hpp
[16.093s] -- Up-to-date symlink: /home/david/ros2_ws/install/mycobot_interfaces/include/mycobot_interfaces/mycobot_interfaces/msg/mycobot_gripper_status.hpp
[16.093s] -- Up-to-date symlink: /home/david/ros2_ws/install/mycobot_interfaces/include/mycobot_interfaces/mycobot_interfaces/msg/mycobot_pump_status.hpp
[16.094s] -- Up-to-date symlink: /home/david/ros2_ws/install/mycobot_interfaces/include/mycobot_interfaces/mycobot_interfaces/msg/mycobot_set_angles.hpp
[16.094s] -- Up-to-date symlink: /home/david/ros2_ws/install/mycobot_interfaces/include/mycobot_interfaces/mycobot_interfaces/msg/mycobot_set_coords.hpp
[16.094s] -- Up-to-date symlink: /home/david/ros2_ws/install/mycobot_interfaces/include/mycobot_interfaces/mycobot_interfaces/srv/detail/get_angles__builder.hpp
[16.095s] -- Up-to-date symlink: /home/david/ros2_ws/install/mycobot_interfaces/include/mycobot_interfaces/mycobot_interfaces/srv/detail/get_angles__struct.hpp
[16.095s] -- Up-to-date symlink: /home/david/ros2_ws/install/mycobot_interfaces/include/mycobot_interfaces/mycobot_interfaces/srv/detail/get_angles__traits.hpp
[16.095s] -- Up-to-date symlink: /home/david/ros2_ws/install/mycobot_interfaces/include/mycobot_interfaces/mycobot_interfaces/srv/detail/get_coords__builder.hpp
[16.096s] -- Up-to-date symlink: /home/david/ros2_ws/install/mycobot_interfaces/include/mycobot_interfaces/mycobot_interfaces/srv/detail/get_coords__struct.hpp
[16.096s] -- Up-to-date symlink: /home/david/ros2_ws/install/mycobot_interfaces/include/mycobot_interfaces/mycobot_interfaces/srv/detail/get_coords__traits.hpp
[16.096s] -- Up-to-date symlink: /home/david/ros2_ws/install/mycobot_interfaces/include/mycobot_interfaces/mycobot_interfaces/srv/detail/gripper_status__builder.hpp
[16.097s] -- Up-to-date symlink: /home/david/ros2_ws/install/mycobot_interfaces/include/mycobot_interfaces/mycobot_interfaces/srv/detail/gripper_status__struct.hpp
[16.097s] -- Up-to-date symlink: /home/david/ros2_ws/install/mycobot_interfaces/include/mycobot_interfaces/mycobot_interfaces/srv/detail/gripper_status__traits.hpp
[16.097s] -- Up-to-date symlink: /home/david/ros2_ws/install/mycobot_interfaces/include/mycobot_interfaces/mycobot_interfaces/srv/detail/pump_status__builder.hpp
[16.097s] -- Up-to-date symlink: /home/david/ros2_ws/install/mycobot_interfaces/include/mycobot_interfaces/mycobot_interfaces/srv/detail/pump_status__struct.hpp
[16.097s] -- Up-to-date symlink: /home/david/ros2_ws/install/mycobot_interfaces/include/mycobot_interfaces/mycobot_interfaces/srv/detail/pump_status__traits.hpp
[16.098s] -- Up-to-date symlink: /home/david/ros2_ws/install/mycobot_interfaces/include/mycobot_interfaces/mycobot_interfaces/srv/detail/set_angles__builder.hpp
[16.098s] -- Up-to-date symlink: /home/david/ros2_ws/install/mycobot_interfaces/include/mycobot_interfaces/mycobot_interfaces/srv/detail/set_angles__struct.hpp
[16.098s] -- Up-to-date symlink: /home/david/ros2_ws/install/mycobot_interfaces/include/mycobot_interfaces/mycobot_interfaces/srv/detail/set_angles__traits.hpp
[16.099s] -- Up-to-date symlink: /home/david/ros2_ws/install/mycobot_interfaces/include/mycobot_interfaces/mycobot_interfaces/srv/detail/set_coords__builder.hpp
[16.099s] -- Up-to-date symlink: /home/david/ros2_ws/install/mycobot_interfaces/include/mycobot_interfaces/mycobot_interfaces/srv/detail/set_coords__struct.hpp
[16.099s] -- Up-to-date symlink: /home/david/ros2_ws/install/mycobot_interfaces/include/mycobot_interfaces/mycobot_interfaces/srv/detail/set_coords__traits.hpp
[16.099s] -- Up-to-date symlink: /home/david/ros2_ws/install/mycobot_interfaces/include/mycobot_interfaces/mycobot_interfaces/srv/get_angles.hpp
[16.100s] -- Up-to-date symlink: /home/david/ros2_ws/install/mycobot_interfaces/include/mycobot_interfaces/mycobot_interfaces/srv/get_coords.hpp
[16.100s] -- Up-to-date symlink: /home/david/ros2_ws/install/mycobot_interfaces/include/mycobot_interfaces/mycobot_interfaces/srv/gripper_status.hpp
[16.100s] -- Up-to-date symlink: /home/david/ros2_ws/install/mycobot_interfaces/include/mycobot_interfaces/mycobot_interfaces/srv/pump_status.hpp
[16.100s] -- Up-to-date symlink: /home/david/ros2_ws/install/mycobot_interfaces/include/mycobot_interfaces/mycobot_interfaces/srv/set_angles.hpp
[16.100s] -- Up-to-date symlink: /home/david/ros2_ws/install/mycobot_interfaces/include/mycobot_interfaces/mycobot_interfaces/srv/set_coords.hpp
[16.102s] -- Symlinking: /home/david/ros2_ws/install/mycobot_interfaces/include/mycobot_interfaces/mycobot_interfaces/msg/detail/my_aruco_coords__rosidl_typesupport_fastrtps_cpp.hpp
[16.114s] -- Up-to-date symlink: /home/david/ros2_ws/install/mycobot_interfaces/include/mycobot_interfaces/mycobot_interfaces/msg/detail/mycobot_angles__rosidl_typesupport_fastrtps_cpp.hpp
[16.114s] -- Up-to-date symlink: /home/david/ros2_ws/install/mycobot_interfaces/include/mycobot_interfaces/mycobot_interfaces/msg/detail/mycobot_aruco_coords__rosidl_typesupport_fastrtps_cpp.hpp
[16.114s] -- Up-to-date symlink: /home/david/ros2_ws/install/mycobot_interfaces/include/mycobot_interfaces/mycobot_interfaces/msg/detail/mycobot_coords__rosidl_typesupport_fastrtps_cpp.hpp
[16.114s] -- Up-to-date symlink: /home/david/ros2_ws/install/mycobot_interfaces/include/mycobot_interfaces/mycobot_interfaces/msg/detail/mycobot_gripper_status__rosidl_typesupport_fastrtps_cpp.hpp
[16.115s] -- Up-to-date symlink: /home/david/ros2_ws/install/mycobot_interfaces/include/mycobot_interfaces/mycobot_interfaces/msg/detail/mycobot_pump_status__rosidl_typesupport_fastrtps_cpp.hpp
[16.115s] -- Up-to-date symlink: /home/david/ros2_ws/install/mycobot_interfaces/include/mycobot_interfaces/mycobot_interfaces/msg/detail/mycobot_set_angles__rosidl_typesupport_fastrtps_cpp.hpp
[16.115s] -- Up-to-date symlink: /home/david/ros2_ws/install/mycobot_interfaces/include/mycobot_interfaces/mycobot_interfaces/msg/detail/mycobot_set_coords__rosidl_typesupport_fastrtps_cpp.hpp
[16.115s] -- Up-to-date symlink: /home/david/ros2_ws/install/mycobot_interfaces/include/mycobot_interfaces/mycobot_interfaces/msg/rosidl_typesupport_fastrtps_cpp__visibility_control.h
[16.116s] -- Up-to-date symlink: /home/david/ros2_ws/install/mycobot_interfaces/include/mycobot_interfaces/mycobot_interfaces/srv/detail/get_angles__rosidl_typesupport_fastrtps_cpp.hpp
[16.116s] -- Up-to-date symlink: /home/david/ros2_ws/install/mycobot_interfaces/include/mycobot_interfaces/mycobot_interfaces/srv/detail/get_coords__rosidl_typesupport_fastrtps_cpp.hpp
[16.116s] -- Up-to-date symlink: /home/david/ros2_ws/install/mycobot_interfaces/include/mycobot_interfaces/mycobot_interfaces/srv/detail/gripper_status__rosidl_typesupport_fastrtps_cpp.hpp
[16.116s] -- Up-to-date symlink: /home/david/ros2_ws/install/mycobot_interfaces/include/mycobot_interfaces/mycobot_interfaces/srv/detail/pump_status__rosidl_typesupport_fastrtps_cpp.hpp
[16.117s] -- Up-to-date symlink: /home/david/ros2_ws/install/mycobot_interfaces/include/mycobot_interfaces/mycobot_interfaces/srv/detail/set_angles__rosidl_typesupport_fastrtps_cpp.hpp
[16.117s] -- Up-to-date symlink: /home/david/ros2_ws/install/mycobot_interfaces/include/mycobot_interfaces/mycobot_interfaces/srv/detail/set_coords__rosidl_typesupport_fastrtps_cpp.hpp
[16.118s] -- Symlinking: /home/david/ros2_ws/install/mycobot_interfaces/include/mycobot_interfaces/mycobot_interfaces/msg/detail/my_aruco_coords__rosidl_typesupport_introspection_cpp.hpp
[16.130s] -- Up-to-date symlink: /home/david/ros2_ws/install/mycobot_interfaces/include/mycobot_interfaces/mycobot_interfaces/msg/detail/mycobot_angles__rosidl_typesupport_introspection_cpp.hpp
[16.130s] -- Up-to-date symlink: /home/david/ros2_ws/install/mycobot_interfaces/include/mycobot_interfaces/mycobot_interfaces/msg/detail/mycobot_aruco_coords__rosidl_typesupport_introspection_cpp.hpp
[16.130s] -- Up-to-date symlink: /home/david/ros2_ws/install/mycobot_interfaces/include/mycobot_interfaces/mycobot_interfaces/msg/detail/mycobot_coords__rosidl_typesupport_introspection_cpp.hpp
[16.130s] -- Up-to-date symlink: /home/david/ros2_ws/install/mycobot_interfaces/include/mycobot_interfaces/mycobot_interfaces/msg/detail/mycobot_gripper_status__rosidl_typesupport_introspection_cpp.hpp
[16.131s] -- Up-to-date symlink: /home/david/ros2_ws/install/mycobot_interfaces/include/mycobot_interfaces/mycobot_interfaces/msg/detail/mycobot_pump_status__rosidl_typesupport_introspection_cpp.hpp
[16.131s] -- Up-to-date symlink: /home/david/ros2_ws/install/mycobot_interfaces/include/mycobot_interfaces/mycobot_interfaces/msg/detail/mycobot_set_angles__rosidl_typesupport_introspection_cpp.hpp
[16.131s] -- Up-to-date symlink: /home/david/ros2_ws/install/mycobot_interfaces/include/mycobot_interfaces/mycobot_interfaces/msg/detail/mycobot_set_coords__rosidl_typesupport_introspection_cpp.hpp
[16.131s] -- Up-to-date symlink: /home/david/ros2_ws/install/mycobot_interfaces/include/mycobot_interfaces/mycobot_interfaces/srv/detail/get_angles__rosidl_typesupport_introspection_cpp.hpp
[16.132s] -- Up-to-date symlink: /home/david/ros2_ws/install/mycobot_interfaces/include/mycobot_interfaces/mycobot_interfaces/srv/detail/get_coords__rosidl_typesupport_introspection_cpp.hpp
[16.132s] -- Up-to-date symlink: /home/david/ros2_ws/install/mycobot_interfaces/include/mycobot_interfaces/mycobot_interfaces/srv/detail/gripper_status__rosidl_typesupport_introspection_cpp.hpp
[16.132s] -- Up-to-date symlink: /home/david/ros2_ws/install/mycobot_interfaces/include/mycobot_interfaces/mycobot_interfaces/srv/detail/pump_status__rosidl_typesupport_introspection_cpp.hpp
[16.132s] -- Up-to-date symlink: /home/david/ros2_ws/install/mycobot_interfaces/include/mycobot_interfaces/mycobot_interfaces/srv/detail/set_angles__rosidl_typesupport_introspection_cpp.hpp
[16.133s] -- Up-to-date symlink: /home/david/ros2_ws/install/mycobot_interfaces/include/mycobot_interfaces/mycobot_interfaces/srv/detail/set_coords__rosidl_typesupport_introspection_cpp.hpp
[16.133s] -- Up-to-date symlink: /home/david/ros2_ws/install/mycobot_interfaces/share/mycobot_interfaces/environment/pythonpath.sh
[16.133s] -- Up-to-date symlink: /home/david/ros2_ws/install/mycobot_interfaces/share/mycobot_interfaces/environment/pythonpath.dsv
[16.134s] -- Up-to-date symlink: /home/david/ros2_ws/install/mycobot_interfaces/local/lib/python3.10/dist-packages/mycobot_interfaces-0.0.0-py3.10.egg-info/PKG-INFO
[16.134s] -- Up-to-date symlink: /home/david/ros2_ws/install/mycobot_interfaces/local/lib/python3.10/dist-packages/mycobot_interfaces-0.0.0-py3.10.egg-info/SOURCES.txt
[16.134s] -- Up-to-date symlink: /home/david/ros2_ws/install/mycobot_interfaces/local/lib/python3.10/dist-packages/mycobot_interfaces-0.0.0-py3.10.egg-info/dependency_links.txt
[16.134s] -- Up-to-date symlink: /home/david/ros2_ws/install/mycobot_interfaces/local/lib/python3.10/dist-packages/mycobot_interfaces-0.0.0-py3.10.egg-info/top_level.txt
[16.136s] -- Up-to-date symlink: /home/david/ros2_ws/install/mycobot_interfaces/local/lib/python3.10/dist-packages/mycobot_interfaces/__init__.py
[16.136s] -- Up-to-date symlink: /home/david/ros2_ws/install/mycobot_interfaces/local/lib/python3.10/dist-packages/mycobot_interfaces/_mycobot_interfaces_s.ep.rosidl_typesupport_c.c
[16.136s] -- Up-to-date symlink: /home/david/ros2_ws/install/mycobot_interfaces/local/lib/python3.10/dist-packages/mycobot_interfaces/_mycobot_interfaces_s.ep.rosidl_typesupport_fastrtps_c.c
[16.137s] -- Up-to-date symlink: /home/david/ros2_ws/install/mycobot_interfaces/local/lib/python3.10/dist-packages/mycobot_interfaces/_mycobot_interfaces_s.ep.rosidl_typesupport_introspection_c.c
[16.137s] -- Up-to-date symlink: /home/david/ros2_ws/install/mycobot_interfaces/local/lib/python3.10/dist-packages/mycobot_interfaces/libmycobot_interfaces__rosidl_generator_py.so
[16.137s] -- Up-to-date symlink: /home/david/ros2_ws/install/mycobot_interfaces/local/lib/python3.10/dist-packages/mycobot_interfaces/msg/__init__.py
[16.137s] -- Symlinking: /home/david/ros2_ws/install/mycobot_interfaces/local/lib/python3.10/dist-packages/mycobot_interfaces/msg/_my_aruco_coords.py
[16.150s] -- Symlinking: /home/david/ros2_ws/install/mycobot_interfaces/local/lib/python3.10/dist-packages/mycobot_interfaces/msg/_my_aruco_coords_s.c
[16.163s] -- Up-to-date symlink: /home/david/ros2_ws/install/mycobot_interfaces/local/lib/python3.10/dist-packages/mycobot_interfaces/msg/_mycobot_angles.py
[16.164s] -- Up-to-date symlink: /home/david/ros2_ws/install/mycobot_interfaces/local/lib/python3.10/dist-packages/mycobot_interfaces/msg/_mycobot_angles_s.c
[16.164s] -- Up-to-date symlink: /home/david/ros2_ws/install/mycobot_interfaces/local/lib/python3.10/dist-packages/mycobot_interfaces/msg/_mycobot_aruco_coords.py
[16.164s] -- Up-to-date symlink: /home/david/ros2_ws/install/mycobot_interfaces/local/lib/python3.10/dist-packages/mycobot_interfaces/msg/_mycobot_aruco_coords_s.c
[16.165s] -- Up-to-date symlink: /home/david/ros2_ws/install/mycobot_interfaces/local/lib/python3.10/dist-packages/mycobot_interfaces/msg/_mycobot_coords.py
[16.165s] -- Up-to-date symlink: /home/david/ros2_ws/install/mycobot_interfaces/local/lib/python3.10/dist-packages/mycobot_interfaces/msg/_mycobot_coords_s.c
[16.165s] -- Up-to-date symlink: /home/david/ros2_ws/install/mycobot_interfaces/local/lib/python3.10/dist-packages/mycobot_interfaces/msg/_mycobot_gripper_status.py
[16.165s] -- Up-to-date symlink: /home/david/ros2_ws/install/mycobot_interfaces/local/lib/python3.10/dist-packages/mycobot_interfaces/msg/_mycobot_gripper_status_s.c
[16.165s] -- Up-to-date symlink: /home/david/ros2_ws/install/mycobot_interfaces/local/lib/python3.10/dist-packages/mycobot_interfaces/msg/_mycobot_pump_status.py
[16.165s] -- Up-to-date symlink: /home/david/ros2_ws/install/mycobot_interfaces/local/lib/python3.10/dist-packages/mycobot_interfaces/msg/_mycobot_pump_status_s.c
[16.166s] -- Up-to-date symlink: /home/david/ros2_ws/install/mycobot_interfaces/local/lib/python3.10/dist-packages/mycobot_interfaces/msg/_mycobot_set_angles.py
[16.166s] -- Up-to-date symlink: /home/david/ros2_ws/install/mycobot_interfaces/local/lib/python3.10/dist-packages/mycobot_interfaces/msg/_mycobot_set_angles_s.c
[16.166s] -- Up-to-date symlink: /home/david/ros2_ws/install/mycobot_interfaces/local/lib/python3.10/dist-packages/mycobot_interfaces/msg/_mycobot_set_coords.py
[16.166s] -- Up-to-date symlink: /home/david/ros2_ws/install/mycobot_interfaces/local/lib/python3.10/dist-packages/mycobot_interfaces/msg/_mycobot_set_coords_s.c
[16.167s] -- Up-to-date symlink: /home/david/ros2_ws/install/mycobot_interfaces/local/lib/python3.10/dist-packages/mycobot_interfaces/mycobot_interfaces_s__rosidl_typesupport_c.cpython-310-x86_64-linux-gnu.so
[16.167s] -- Up-to-date symlink: /home/david/ros2_ws/install/mycobot_interfaces/local/lib/python3.10/dist-packages/mycobot_interfaces/mycobot_interfaces_s__rosidl_typesupport_fastrtps_c.cpython-310-x86_64-linux-gnu.so
[16.167s] -- Up-to-date symlink: /home/david/ros2_ws/install/mycobot_interfaces/local/lib/python3.10/dist-packages/mycobot_interfaces/mycobot_interfaces_s__rosidl_typesupport_introspection_c.cpython-310-x86_64-linux-gnu.so
[16.167s] -- Up-to-date symlink: /home/david/ros2_ws/install/mycobot_interfaces/local/lib/python3.10/dist-packages/mycobot_interfaces/srv/__init__.py
[16.168s] -- Up-to-date symlink: /home/david/ros2_ws/install/mycobot_interfaces/local/lib/python3.10/dist-packages/mycobot_interfaces/srv/_get_angles.py
[16.168s] -- Up-to-date symlink: /home/david/ros2_ws/install/mycobot_interfaces/local/lib/python3.10/dist-packages/mycobot_interfaces/srv/_get_angles_s.c
[16.168s] -- Up-to-date symlink: /home/david/ros2_ws/install/mycobot_interfaces/local/lib/python3.10/dist-packages/mycobot_interfaces/srv/_get_coords.py
[16.168s] -- Up-to-date symlink: /home/david/ros2_ws/install/mycobot_interfaces/local/lib/python3.10/dist-packages/mycobot_interfaces/srv/_get_coords_s.c
[16.168s] -- Up-to-date symlink: /home/david/ros2_ws/install/mycobot_interfaces/local/lib/python3.10/dist-packages/mycobot_interfaces/srv/_gripper_status.py
[16.169s] -- Up-to-date symlink: /home/david/ros2_ws/install/mycobot_interfaces/local/lib/python3.10/dist-packages/mycobot_interfaces/srv/_gripper_status_s.c
[16.169s] -- Up-to-date symlink: /home/david/ros2_ws/install/mycobot_interfaces/local/lib/python3.10/dist-packages/mycobot_interfaces/srv/_pump_status.py
[16.169s] -- Up-to-date symlink: /home/david/ros2_ws/install/mycobot_interfaces/local/lib/python3.10/dist-packages/mycobot_interfaces/srv/_pump_status_s.c
[16.169s] -- Up-to-date symlink: /home/david/ros2_ws/install/mycobot_interfaces/local/lib/python3.10/dist-packages/mycobot_interfaces/srv/_set_angles.py
[16.169s] -- Up-to-date symlink: /home/david/ros2_ws/install/mycobot_interfaces/local/lib/python3.10/dist-packages/mycobot_interfaces/srv/_set_angles_s.c
[16.170s] -- Up-to-date symlink: /home/david/ros2_ws/install/mycobot_interfaces/local/lib/python3.10/dist-packages/mycobot_interfaces/srv/_set_coords.py
[16.170s] -- Up-to-date symlink: /home/david/ros2_ws/install/mycobot_interfaces/local/lib/python3.10/dist-packages/mycobot_interfaces/srv/_set_coords_s.c
[16.170s] -- Up-to-date symlink: /home/david/ros2_ws/install/mycobot_interfaces/local/lib/python3.10/dist-packages/mycobot_interfaces/mycobot_interfaces_s__rosidl_typesupport_fastrtps_c.cpython-310-x86_64-linux-gnu.so
[16.170s] -- Up-to-date symlink: /home/david/ros2_ws/install/mycobot_interfaces/local/lib/python3.10/dist-packages/mycobot_interfaces/mycobot_interfaces_s__rosidl_typesupport_introspection_c.cpython-310-x86_64-linux-gnu.so
[16.171s] -- Up-to-date symlink: /home/david/ros2_ws/install/mycobot_interfaces/local/lib/python3.10/dist-packages/mycobot_interfaces/mycobot_interfaces_s__rosidl_typesupport_c.cpython-310-x86_64-linux-gnu.so
[16.171s] -- Up-to-date symlink: /home/david/ros2_ws/install/mycobot_interfaces/share/mycobot_interfaces/msg/MycobotAngles.idl
[16.171s] -- Up-to-date symlink: /home/david/ros2_ws/install/mycobot_interfaces/share/mycobot_interfaces/msg/MycobotCoords.idl
[16.171s] -- Up-to-date symlink: /home/david/ros2_ws/install/mycobot_interfaces/share/mycobot_interfaces/msg/MycobotSetAngles.idl
[16.171s] -- Up-to-date symlink: /home/david/ros2_ws/install/mycobot_interfaces/share/mycobot_interfaces/msg/MycobotSetCoords.idl
[16.172s] -- Up-to-date symlink: /home/david/ros2_ws/install/mycobot_interfaces/share/mycobot_interfaces/msg/MycobotGripperStatus.idl
[16.172s] -- Up-to-date symlink: /home/david/ros2_ws/install/mycobot_interfaces/share/mycobot_interfaces/msg/MycobotPumpStatus.idl
[16.172s] -- Symlinking: /home/david/ros2_ws/install/mycobot_interfaces/share/mycobot_interfaces/msg/MyArucoCoords.idl
[16.184s] -- Up-to-date symlink: /home/david/ros2_ws/install/mycobot_interfaces/share/mycobot_interfaces/srv/GetAngles.idl
[16.184s] -- Up-to-date symlink: /home/david/ros2_ws/install/mycobot_interfaces/share/mycobot_interfaces/srv/SetAngles.idl
[16.184s] -- Up-to-date symlink: /home/david/ros2_ws/install/mycobot_interfaces/share/mycobot_interfaces/srv/GetCoords.idl
[16.185s] -- Up-to-date symlink: /home/david/ros2_ws/install/mycobot_interfaces/share/mycobot_interfaces/srv/SetCoords.idl
[16.185s] -- Up-to-date symlink: /home/david/ros2_ws/install/mycobot_interfaces/share/mycobot_interfaces/srv/GripperStatus.idl
[16.186s] -- Up-to-date symlink: /home/david/ros2_ws/install/mycobot_interfaces/share/mycobot_interfaces/srv/PumpStatus.idl
[16.186s] -- Up-to-date symlink: /home/david/ros2_ws/install/mycobot_interfaces/share/mycobot_interfaces/msg/MycobotAngles.msg
[16.187s] -- Up-to-date symlink: /home/david/ros2_ws/install/mycobot_interfaces/share/mycobot_interfaces/msg/MycobotCoords.msg
[16.187s] -- Up-to-date symlink: /home/david/ros2_ws/install/mycobot_interfaces/share/mycobot_interfaces/msg/MycobotSetAngles.msg
[16.187s] -- Up-to-date symlink: /home/david/ros2_ws/install/mycobot_interfaces/share/mycobot_interfaces/msg/MycobotSetCoords.msg
[16.188s] -- Up-to-date symlink: /home/david/ros2_ws/install/mycobot_interfaces/share/mycobot_interfaces/msg/MycobotGripperStatus.msg
[16.188s] -- Up-to-date symlink: /home/david/ros2_ws/install/mycobot_interfaces/share/mycobot_interfaces/msg/MycobotPumpStatus.msg
[16.189s] -- Symlinking: /home/david/ros2_ws/install/mycobot_interfaces/share/mycobot_interfaces/msg/MyArucoCoords.msg
[16.205s] -- Up-to-date symlink: /home/david/ros2_ws/install/mycobot_interfaces/share/mycobot_interfaces/srv/GetAngles.srv
[16.205s] -- Up-to-date symlink: /home/david/ros2_ws/install/mycobot_interfaces/share/mycobot_interfaces/srv/GetAngles_Request.msg
[16.205s] -- Up-to-date symlink: /home/david/ros2_ws/install/mycobot_interfaces/share/mycobot_interfaces/srv/GetAngles_Response.msg
[16.206s] -- Up-to-date symlink: /home/david/ros2_ws/install/mycobot_interfaces/share/mycobot_interfaces/srv/SetAngles.srv
[16.206s] -- Up-to-date symlink: /home/david/ros2_ws/install/mycobot_interfaces/share/mycobot_interfaces/srv/SetAngles_Request.msg
[16.206s] -- Up-to-date symlink: /home/david/ros2_ws/install/mycobot_interfaces/share/mycobot_interfaces/srv/SetAngles_Response.msg
[16.207s] -- Up-to-date symlink: /home/david/ros2_ws/install/mycobot_interfaces/share/mycobot_interfaces/srv/GetCoords.srv
[16.207s] -- Up-to-date symlink: /home/david/ros2_ws/install/mycobot_interfaces/share/mycobot_interfaces/srv/GetCoords_Request.msg
[16.208s] -- Up-to-date symlink: /home/david/ros2_ws/install/mycobot_interfaces/share/mycobot_interfaces/srv/GetCoords_Response.msg
[16.208s] -- Up-to-date symlink: /home/david/ros2_ws/install/mycobot_interfaces/share/mycobot_interfaces/srv/SetCoords.srv
[16.209s] -- Up-to-date symlink: /home/david/ros2_ws/install/mycobot_interfaces/share/mycobot_interfaces/srv/SetCoords_Request.msg
[16.210s] -- Up-to-date symlink: /home/david/ros2_ws/install/mycobot_interfaces/share/mycobot_interfaces/srv/SetCoords_Response.msg
[16.210s] -- Up-to-date symlink: /home/david/ros2_ws/install/mycobot_interfaces/share/mycobot_interfaces/srv/GripperStatus.srv
[16.210s] -- Up-to-date symlink: /home/david/ros2_ws/install/mycobot_interfaces/share/mycobot_interfaces/srv/GripperStatus_Request.msg
[16.211s] -- Up-to-date symlink: /home/david/ros2_ws/install/mycobot_interfaces/share/mycobot_interfaces/srv/GripperStatus_Response.msg
[16.211s] -- Up-to-date symlink: /home/david/ros2_ws/install/mycobot_interfaces/share/mycobot_interfaces/srv/PumpStatus.srv
[16.212s] -- Up-to-date symlink: /home/david/ros2_ws/install/mycobot_interfaces/share/mycobot_interfaces/srv/PumpStatus_Request.msg
[16.212s] -- Up-to-date symlink: /home/david/ros2_ws/install/mycobot_interfaces/share/mycobot_interfaces/srv/PumpStatus_Response.msg
[16.212s] -- Up-to-date symlink: /home/david/ros2_ws/install/mycobot_interfaces/share/ament_index/resource_index/package_run_dependencies/mycobot_interfaces
[16.213s] -- Up-to-date symlink: /home/david/ros2_ws/install/mycobot_interfaces/share/ament_index/resource_index/parent_prefix_path/mycobot_interfaces
[16.213s] -- Up-to-date symlink: /home/david/ros2_ws/install/mycobot_interfaces/share/mycobot_interfaces/environment/ament_prefix_path.sh
[16.214s] -- Up-to-date symlink: /home/david/ros2_ws/install/mycobot_interfaces/share/mycobot_interfaces/environment/ament_prefix_path.dsv
[16.214s] -- Up-to-date symlink: /home/david/ros2_ws/install/mycobot_interfaces/share/mycobot_interfaces/environment/path.sh
[16.214s] -- Up-to-date symlink: /home/david/ros2_ws/install/mycobot_interfaces/share/mycobot_interfaces/environment/path.dsv
[16.215s] -- Up-to-date symlink: /home/david/ros2_ws/install/mycobot_interfaces/share/mycobot_interfaces/local_setup.bash
[16.215s] -- Up-to-date symlink: /home/david/ros2_ws/install/mycobot_interfaces/share/mycobot_interfaces/local_setup.sh
[16.216s] -- Up-to-date symlink: /home/david/ros2_ws/install/mycobot_interfaces/share/mycobot_interfaces/local_setup.zsh
[16.216s] -- Up-to-date symlink: /home/david/ros2_ws/install/mycobot_interfaces/share/mycobot_interfaces/local_setup.dsv
[16.216s] -- Symlinking: /home/david/ros2_ws/install/mycobot_interfaces/share/mycobot_interfaces/package.dsv
[16.228s] -- Up-to-date symlink: /home/david/ros2_ws/install/mycobot_interfaces/share/ament_index/resource_index/packages/mycobot_interfaces
[16.228s] -- Up-to-date symlink: /home/david/ros2_ws/install/mycobot_interfaces/share/mycobot_interfaces/cmake/rosidl_cmake-extras.cmake
[16.228s] -- Up-to-date symlink: /home/david/ros2_ws/install/mycobot_interfaces/share/mycobot_interfaces/cmake/ament_cmake_export_dependencies-extras.cmake
[16.229s] -- Up-to-date symlink: /home/david/ros2_ws/install/mycobot_interfaces/share/mycobot_interfaces/cmake/ament_cmake_export_include_directories-extras.cmake
[16.229s] -- Up-to-date symlink: /home/david/ros2_ws/install/mycobot_interfaces/share/mycobot_interfaces/cmake/ament_cmake_export_libraries-extras.cmake
[16.229s] -- Up-to-date symlink: /home/david/ros2_ws/install/mycobot_interfaces/share/mycobot_interfaces/cmake/ament_cmake_export_targets-extras.cmake
[16.230s] -- Up-to-date symlink: /home/david/ros2_ws/install/mycobot_interfaces/share/mycobot_interfaces/cmake/rosidl_cmake_export_typesupport_targets-extras.cmake
[16.230s] -- Up-to-date symlink: /home/david/ros2_ws/install/mycobot_interfaces/share/mycobot_interfaces/cmake/rosidl_cmake_export_typesupport_libraries-extras.cmake
[16.230s] -- Up-to-date symlink: /home/david/ros2_ws/install/mycobot_interfaces/share/mycobot_interfaces/cmake/mycobot_interfacesConfig.cmake
[16.230s] -- Up-to-date symlink: /home/david/ros2_ws/install/mycobot_interfaces/share/mycobot_interfaces/cmake/mycobot_interfacesConfig-version.cmake
[16.231s] -- Up-to-date symlink: /home/david/ros2_ws/install/mycobot_interfaces/share/mycobot_interfaces/package.xml
[16.231s] -- Installing: /home/david/ros2_ws/install/mycobot_interfaces/lib/libmycobot_interfaces__rosidl_generator_c.so
[16.232s] -- Set runtime path of "/home/david/ros2_ws/install/mycobot_interfaces/lib/libmycobot_interfaces__rosidl_generator_c.so" to ""
[16.233s] -- Installing: /home/david/ros2_ws/install/mycobot_interfaces/lib/libmycobot_interfaces__rosidl_typesupport_fastrtps_c.so
[16.234s] -- Set runtime path of "/home/david/ros2_ws/install/mycobot_interfaces/lib/libmycobot_interfaces__rosidl_typesupport_fastrtps_c.so" to ""
[16.234s] -- Installing: /home/david/ros2_ws/install/mycobot_interfaces/lib/libmycobot_interfaces__rosidl_typesupport_introspection_c.so
[16.235s] -- Set runtime path of "/home/david/ros2_ws/install/mycobot_interfaces/lib/libmycobot_interfaces__rosidl_typesupport_introspection_c.so" to ""
[16.236s] -- Installing: /home/david/ros2_ws/install/mycobot_interfaces/lib/libmycobot_interfaces__rosidl_typesupport_c.so
[16.236s] -- Set runtime path of "/home/david/ros2_ws/install/mycobot_interfaces/lib/libmycobot_interfaces__rosidl_typesupport_c.so" to ""
[16.237s] -- Installing: /home/david/ros2_ws/install/mycobot_interfaces/lib/libmycobot_interfaces__rosidl_typesupport_fastrtps_cpp.so
[16.238s] -- Set runtime path of "/home/david/ros2_ws/install/mycobot_interfaces/lib/libmycobot_interfaces__rosidl_typesupport_fastrtps_cpp.so" to ""
[16.238s] -- Installing: /home/david/ros2_ws/install/mycobot_interfaces/lib/libmycobot_interfaces__rosidl_typesupport_introspection_cpp.so
[16.239s] -- Set runtime path of "/home/david/ros2_ws/install/mycobot_interfaces/lib/libmycobot_interfaces__rosidl_typesupport_introspection_cpp.so" to ""
[16.240s] -- Installing: /home/david/ros2_ws/install/mycobot_interfaces/lib/libmycobot_interfaces__rosidl_typesupport_cpp.so
[16.241s] -- Set runtime path of "/home/david/ros2_ws/install/mycobot_interfaces/lib/libmycobot_interfaces__rosidl_typesupport_cpp.so" to ""
[16.346s] Listing '/home/david/ros2_ws/install/mycobot_interfaces/local/lib/python3.10/dist-packages/mycobot_interfaces'...
[16.346s] Compiling '/home/david/ros2_ws/install/mycobot_interfaces/local/lib/python3.10/dist-packages/mycobot_interfaces/__init__.py'...
[16.346s] Listing '/home/david/ros2_ws/install/mycobot_interfaces/local/lib/python3.10/dist-packages/mycobot_interfaces/msg'...
[16.346s] Compiling '/home/david/ros2_ws/install/mycobot_interfaces/local/lib/python3.10/dist-packages/mycobot_interfaces/msg/__init__.py'...
[16.346s] Compiling '/home/david/ros2_ws/install/mycobot_interfaces/local/lib/python3.10/dist-packages/mycobot_interfaces/msg/_my_aruco_coords.py'...
[16.346s] Compiling '/home/david/ros2_ws/install/mycobot_interfaces/local/lib/python3.10/dist-packages/mycobot_interfaces/msg/_mycobot_angles.py'...
[16.346s] Compiling '/home/david/ros2_ws/install/mycobot_interfaces/local/lib/python3.10/dist-packages/mycobot_interfaces/msg/_mycobot_coords.py'...
[16.346s] Compiling '/home/david/ros2_ws/install/mycobot_interfaces/local/lib/python3.10/dist-packages/mycobot_interfaces/msg/_mycobot_gripper_status.py'...
[16.346s] Compiling '/home/david/ros2_ws/install/mycobot_interfaces/local/lib/python3.10/dist-packages/mycobot_interfaces/msg/_mycobot_pump_status.py'...
[16.346s] Compiling '/home/david/ros2_ws/install/mycobot_interfaces/local/lib/python3.10/dist-packages/mycobot_interfaces/msg/_mycobot_set_angles.py'...
[16.346s] Compiling '/home/david/ros2_ws/install/mycobot_interfaces/local/lib/python3.10/dist-packages/mycobot_interfaces/msg/_mycobot_set_coords.py'...
[16.346s] Listing '/home/david/ros2_ws/install/mycobot_interfaces/local/lib/python3.10/dist-packages/mycobot_interfaces/srv'...
[16.346s] Compiling '/home/david/ros2_ws/install/mycobot_interfaces/local/lib/python3.10/dist-packages/mycobot_interfaces/srv/__init__.py'...
[16.346s] Compiling '/home/david/ros2_ws/install/mycobot_interfaces/local/lib/python3.10/dist-packages/mycobot_interfaces/srv/_get_angles.py'...
[16.346s] Compiling '/home/david/ros2_ws/install/mycobot_interfaces/local/lib/python3.10/dist-packages/mycobot_interfaces/srv/_get_coords.py'...
[16.346s] Compiling '/home/david/ros2_ws/install/mycobot_interfaces/local/lib/python3.10/dist-packages/mycobot_interfaces/srv/_gripper_status.py'...
[16.346s] Compiling '/home/david/ros2_ws/install/mycobot_interfaces/local/lib/python3.10/dist-packages/mycobot_interfaces/srv/_pump_status.py'...
[16.347s] Compiling '/home/david/ros2_ws/install/mycobot_interfaces/local/lib/python3.10/dist-packages/mycobot_interfaces/srv/_set_angles.py'...
[16.347s] Compiling '/home/david/ros2_ws/install/mycobot_interfaces/local/lib/python3.10/dist-packages/mycobot_interfaces/srv/_set_coords.py'...
[16.352s] -- Installing: /home/david/ros2_ws/install/mycobot_interfaces/lib/libmycobot_interfaces__rosidl_generator_py.so
[16.352s] -- Set runtime path of "/home/david/ros2_ws/install/mycobot_interfaces/lib/libmycobot_interfaces__rosidl_generator_py.so" to ""
[16.353s] -- Up-to-date: /home/david/ros2_ws/install/mycobot_interfaces/share/mycobot_interfaces/cmake/export_mycobot_interfaces__rosidl_generator_cExport.cmake
[16.353s] -- Up-to-date: /home/david/ros2_ws/install/mycobot_interfaces/share/mycobot_interfaces/cmake/export_mycobot_interfaces__rosidl_generator_cExport-noconfig.cmake
[16.353s] -- Up-to-date: /home/david/ros2_ws/install/mycobot_interfaces/share/mycobot_interfaces/cmake/export_mycobot_interfaces__rosidl_typesupport_fastrtps_cExport.cmake
[16.354s] -- Up-to-date: /home/david/ros2_ws/install/mycobot_interfaces/share/mycobot_interfaces/cmake/export_mycobot_interfaces__rosidl_typesupport_fastrtps_cExport-noconfig.cmake
[16.354s] -- Up-to-date: /home/david/ros2_ws/install/mycobot_interfaces/share/mycobot_interfaces/cmake/mycobot_interfaces__rosidl_typesupport_introspection_cExport.cmake
[16.354s] -- Up-to-date: /home/david/ros2_ws/install/mycobot_interfaces/share/mycobot_interfaces/cmake/mycobot_interfaces__rosidl_typesupport_introspection_cExport-noconfig.cmake
[16.354s] -- Up-to-date: /home/david/ros2_ws/install/mycobot_interfaces/share/mycobot_interfaces/cmake/mycobot_interfaces__rosidl_typesupport_cExport.cmake
[16.354s] -- Up-to-date: /home/david/ros2_ws/install/mycobot_interfaces/share/mycobot_interfaces/cmake/mycobot_interfaces__rosidl_typesupport_cExport-noconfig.cmake
[16.354s] -- Up-to-date: /home/david/ros2_ws/install/mycobot_interfaces/share/mycobot_interfaces/cmake/export_mycobot_interfaces__rosidl_generator_cppExport.cmake
[16.354s] -- Up-to-date: /home/david/ros2_ws/install/mycobot_interfaces/share/mycobot_interfaces/cmake/export_mycobot_interfaces__rosidl_typesupport_fastrtps_cppExport.cmake
[16.355s] -- Up-to-date: /home/david/ros2_ws/install/mycobot_interfaces/share/mycobot_interfaces/cmake/export_mycobot_interfaces__rosidl_typesupport_fastrtps_cppExport-noconfig.cmake
[16.355s] -- Up-to-date: /home/david/ros2_ws/install/mycobot_interfaces/share/mycobot_interfaces/cmake/mycobot_interfaces__rosidl_typesupport_introspection_cppExport.cmake
[16.355s] -- Up-to-date: /home/david/ros2_ws/install/mycobot_interfaces/share/mycobot_interfaces/cmake/mycobot_interfaces__rosidl_typesupport_introspection_cppExport-noconfig.cmake
[16.355s] -- Up-to-date: /home/david/ros2_ws/install/mycobot_interfaces/share/mycobot_interfaces/cmake/mycobot_interfaces__rosidl_typesupport_cppExport.cmake
[16.355s] -- Up-to-date: /home/david/ros2_ws/install/mycobot_interfaces/share/mycobot_interfaces/cmake/mycobot_interfaces__rosidl_typesupport_cppExport-noconfig.cmake
[16.356s] -- Up-to-date: /home/david/ros2_ws/install/mycobot_interfaces/share/mycobot_interfaces/cmake/export_mycobot_interfaces__rosidl_generator_pyExport.cmake
[16.357s] -- Up-to-date: /home/david/ros2_ws/install/mycobot_interfaces/share/mycobot_interfaces/cmake/export_mycobot_interfaces__rosidl_generator_pyExport-noconfig.cmake
[16.358s] Invoked command in '/home/david/ros2_ws/build/mycobot_interfaces' returned '0': CMAKE_PREFIX_PATH=${CMAKE_PREFIX_PATH}:/home/david/ros2_ws/install/ultraarm:/home/david/ros2_ws/install/mypalletizer_260_pi:/home/david/ros2_ws/install/mypalletizer_260:/home/david/ros2_ws/install/mypalletizer_communication:/home/david/ros2_ws/install/mycobot_630:/home/david/ros2_ws/install/mycobot_600:/home/david/ros2_ws/install/mycobot_320pi:/home/david/ros2_ws/install/mycobot_320:/home/david/ros2_ws/install/mycobot_280pi:/home/david/ros2_ws/install/mycobot_280jn:/home/david/ros2_ws/install/mycobot_280_x3pi:/home/david/ros2_ws/install/mycobot_280:/home/david/ros2_ws/install/myarm_m750:/home/david/ros2_ws/install/myarm_c650:/home/david/ros2_ws/install/myarm_300:/home/david/ros2_ws/install/mycobot_communication:/home/david/ros2_ws/install/mecharm_pi:/home/david/ros2_ws/install/mecharm:/home/david/ros2_ws/install/mecharm_communication:/home/david/ros2_ws/install/mybuddy:/home/david/ros2_ws/install/mycobot_description:/home/david/ros2_ws/install/my_py_pkg:/opt/ros/humble /usr/bin/cmake --install /home/david/ros2_ws/build/mycobot_interfaces
