[2.366s] Invoking command in '/home/david/ros2_ws/build/myarm_c650': AMENT_PREFIX_PATH=/home/david/ros2_ws/install/mycobot_communication:/home/david/ros2_ws/install/mycobot_interfaces:/home/david/ros2_ws/install/mycobot_description:${AMENT_PREFIX_PATH} CMAKE_PREFIX_PATH=/home/david/ros2_ws/install/mycobot_interfaces LD_LIBRARY_PATH=/home/david/ros2_ws/install/mycobot_interfaces/lib:${LD_LIBRARY_PATH} PYTHONPATH=/home/david/ros2_ws/build/myarm_c650/prefix_override:/usr/lib/python3/dist-packages/colcon_core/task/python/colcon_distutils_commands:/home/david/ros2_ws/install/myarm_c650/lib/python3.10/site-packages:/home/david/ros2_ws/build/mycobot_communication:/home/david/ros2_ws/install/mycobot_communication/lib/python3.10/site-packages:/home/david/ros2_ws/install/mycobot_interfaces/local/lib/python3.10/dist-packages:/home/david/ros2_ws/build/mycobot_description:/home/david/ros2_ws/install/mycobot_description/lib/python3.10/site-packages:${PYTHONPATH} /usr/bin/python3 -W ignore:setup.py install is deprecated setup.py develop --editable --build-directory /home/david/ros2_ws/build/myarm_c650/build --no-deps symlink_data
[3.147s] running develop
[3.147s] /usr/lib/python3/dist-packages/setuptools/command/easy_install.py:158: EasyInstallDeprecationWarning: easy_install command is deprecated. Use build and pip and other standards-based tools.
[3.147s]   warnings.warn(
[3.515s] running egg_info
[3.516s] creating myarm_c650.egg-info
[3.517s] writing myarm_c650.egg-info/PKG-INFO
[3.519s] writing dependency_links to myarm_c650.egg-info/dependency_links.txt
[3.520s] writing entry points to myarm_c650.egg-info/entry_points.txt
[3.521s] writing requirements to myarm_c650.egg-info/requires.txt
[3.522s] writing top-level names to myarm_c650.egg-info/top_level.txt
[3.523s] writing manifest file 'myarm_c650.egg-info/SOURCES.txt'
[3.536s] reading manifest file 'myarm_c650.egg-info/SOURCES.txt'
[3.541s] writing manifest file 'myarm_c650.egg-info/SOURCES.txt'
[3.551s] running build_ext
[3.552s] Creating /home/david/ros2_ws/install/myarm_c650/lib/python3.10/site-packages/myarm-c650.egg-link (link to .)
[3.557s] Installing debug script to /home/david/ros2_ws/install/myarm_c650/lib/myarm_c650
[3.559s] Installing follow_display script to /home/david/ros2_ws/install/myarm_c650/lib/myarm_c650
[3.559s] Installing simple_gui script to /home/david/ros2_ws/install/myarm_c650/lib/myarm_c650
[3.560s] Installing slider_control script to /home/david/ros2_ws/install/myarm_c650/lib/myarm_c650
[3.560s] Installing teleop_keyboard script to /home/david/ros2_ws/install/myarm_c650/lib/myarm_c650
[3.561s] Installing test script to /home/david/ros2_ws/install/myarm_c650/lib/myarm_c650
[3.561s] 
[3.562s] Installed /home/david/ros2_ws/build/myarm_c650
[3.563s] running symlink_data
[3.563s] creating /home/david/ros2_ws/install/myarm_c650/share/ament_index
[3.564s] creating /home/david/ros2_ws/install/myarm_c650/share/ament_index/resource_index
[3.564s] creating /home/david/ros2_ws/install/myarm_c650/share/ament_index/resource_index/packages
[3.564s] symbolically linking /home/david/ros2_ws/build/myarm_c650/resource/myarm_c650 -> /home/david/ros2_ws/install/myarm_c650/share/ament_index/resource_index/packages
[3.564s] symbolically linking /home/david/ros2_ws/build/myarm_c650/package.xml -> /home/david/ros2_ws/install/myarm_c650/share/myarm_c650
[3.565s] creating /home/david/ros2_ws/install/myarm_c650/share/myarm_c650/launch
[3.565s] symbolically linking /home/david/ros2_ws/build/myarm_c650/launch/test.launch.py -> /home/david/ros2_ws/install/myarm_c650/share/myarm_c650/launch
[3.566s] symbolically linking /home/david/ros2_ws/build/myarm_c650/launch/teleop_keyboard.launch.py -> /home/david/ros2_ws/install/myarm_c650/share/myarm_c650/launch
[3.567s] symbolically linking /home/david/ros2_ws/build/myarm_c650/launch/simple_gui.launch.py -> /home/david/ros2_ws/install/myarm_c650/share/myarm_c650/launch
[3.567s] symbolically linking /home/david/ros2_ws/build/myarm_c650/launch/mycobot_follow.launch.py -> /home/david/ros2_ws/install/myarm_c650/share/myarm_c650/launch
[3.567s] symbolically linking /home/david/ros2_ws/build/myarm_c650/launch/slider_control.launch.py -> /home/david/ros2_ws/install/myarm_c650/share/myarm_c650/launch
[3.568s] creating /home/david/ros2_ws/install/myarm_c650/share/myarm_c650/config
[3.568s] symbolically linking /home/david/ros2_ws/build/myarm_c650/config/myarm_c650.rviz -> /home/david/ros2_ws/install/myarm_c650/share/myarm_c650/config
[3.568s] symbolically linking /home/david/ros2_ws/build/myarm_c650/config/myarm_with_marker.rviz -> /home/david/ros2_ws/install/myarm_c650/share/myarm_c650/config
[3.756s] Invoked command in '/home/david/ros2_ws/build/myarm_c650' returned '0': AMENT_PREFIX_PATH=/home/david/ros2_ws/install/mycobot_communication:/home/david/ros2_ws/install/mycobot_interfaces:/home/david/ros2_ws/install/mycobot_description:${AMENT_PREFIX_PATH} CMAKE_PREFIX_PATH=/home/david/ros2_ws/install/mycobot_interfaces LD_LIBRARY_PATH=/home/david/ros2_ws/install/mycobot_interfaces/lib:${LD_LIBRARY_PATH} PYTHONPATH=/home/david/ros2_ws/build/myarm_c650/prefix_override:/usr/lib/python3/dist-packages/colcon_core/task/python/colcon_distutils_commands:/home/david/ros2_ws/install/myarm_c650/lib/python3.10/site-packages:/home/david/ros2_ws/build/mycobot_communication:/home/david/ros2_ws/install/mycobot_communication/lib/python3.10/site-packages:/home/david/ros2_ws/install/mycobot_interfaces/local/lib/python3.10/dist-packages:/home/david/ros2_ws/build/mycobot_description:/home/david/ros2_ws/install/mycobot_description/lib/python3.10/site-packages:${PYTHONPATH} /usr/bin/python3 -W ignore:setup.py install is deprecated setup.py develop --editable --build-directory /home/david/ros2_ws/build/myarm_c650/build --no-deps symlink_data
