[2.259s] Invoking command in '/home/david/ros2_ws/build/mypalletizer_communication': PYTHONPATH=/home/david/ros2_ws/build/mypalletizer_communication/prefix_override:/usr/lib/python3/dist-packages/colcon_core/task/python/colcon_distutils_commands:/home/david/ros2_ws/install/mypalletizer_communication/lib/python3.10/site-packages:${PYTHONPATH} /usr/bin/python3 -W ignore:setup.py install is deprecated setup.py develop --editable --build-directory /home/david/ros2_ws/build/mypalletizer_communication/build --no-deps symlink_data
[2.982s] running develop
[2.983s] /usr/lib/python3/dist-packages/setuptools/command/easy_install.py:158: EasyInstallDeprecationWarning: easy_install command is deprecated. Use build and pip and other standards-based tools.
[2.983s]   warnings.warn(
[3.419s] running egg_info
[3.420s] writing mypalletizer_communication.egg-info/PKG-INFO
[3.420s] writing dependency_links to mypalletizer_communication.egg-info/dependency_links.txt
[3.420s] writing entry points to mypalletizer_communication.egg-info/entry_points.txt
[3.420s] writing requirements to mypalletizer_communication.egg-info/requires.txt
[3.420s] writing top-level names to mypalletizer_communication.egg-info/top_level.txt
[3.424s] reading manifest file 'mypalletizer_communication.egg-info/SOURCES.txt'
[3.425s] writing manifest file 'mypalletizer_communication.egg-info/SOURCES.txt'
[3.429s] running build_ext
[3.430s] Creating /home/david/ros2_ws/install/mypalletizer_communication/lib/python3.10/site-packages/mypalletizer-communication.egg-link (link to .)
[3.431s] Installing mypalletizer_services script to /home/david/ros2_ws/install/mypalletizer_communication/lib/mypalletizer_communication
[3.432s] Installing mypalletizer_topics script to /home/david/ros2_ws/install/mypalletizer_communication/lib/mypalletizer_communication
[3.433s] Installing mypalletizer_topics_seeed script to /home/david/ros2_ws/install/mypalletizer_communication/lib/mypalletizer_communication
[3.433s] 
[3.433s] Installed /home/david/ros2_ws/build/mypalletizer_communication
[3.433s] running symlink_data
[7.767s] Invoked command in '/home/david/ros2_ws/build/mypalletizer_communication' returned '0': PYTHONPATH=/home/david/ros2_ws/build/mypalletizer_communication/prefix_override:/usr/lib/python3/dist-packages/colcon_core/task/python/colcon_distutils_commands:/home/david/ros2_ws/install/mypalletizer_communication/lib/python3.10/site-packages:${PYTHONPATH} /usr/bin/python3 -W ignore:setup.py install is deprecated setup.py develop --editable --build-directory /home/david/ros2_ws/build/mypalletizer_communication/build --no-deps symlink_data
