[0.686s] Invoking command in '/home/david/ros2_ws/build/mypalletizer_communication': PYTHONPATH=/home/david/ros2_ws/build/mypalletizer_communication/prefix_override:/usr/lib/python3/dist-packages/colcon_core/task/python/colcon_distutils_commands:/home/david/ros2_ws/install/mypalletizer_communication/lib/python3.10/site-packages:${PYTHONPATH} /usr/bin/python3 -W ignore:setup.py install is deprecated setup.py develop --editable --build-directory /home/david/ros2_ws/build/mypalletizer_communication/build --no-deps symlink_data
[0.880s] running develop
[0.880s] /usr/lib/python3/dist-packages/setuptools/command/easy_install.py:158: EasyInstallDeprecationWarning: easy_install command is deprecated. Use build and pip and other standards-based tools.
[0.880s]   warnings.warn(
[0.982s] running egg_info
[0.982s] writing mypalletizer_communication.egg-info/PKG-INFO
[0.982s] writing dependency_links to mypalletizer_communication.egg-info/dependency_links.txt
[0.982s] writing entry points to mypalletizer_communication.egg-info/entry_points.txt
[0.982s] writing requirements to mypalletizer_communication.egg-info/requires.txt
[0.982s] writing top-level names to mypalletizer_communication.egg-info/top_level.txt
[0.983s] reading manifest file 'mypalletizer_communication.egg-info/SOURCES.txt'
[0.984s] writing manifest file 'mypalletizer_communication.egg-info/SOURCES.txt'
[0.985s] running build_ext
[0.985s] Creating /home/david/ros2_ws/install/mypalletizer_communication/lib/python3.10/site-packages/mypalletizer-communication.egg-link (link to .)
[0.986s] Installing mypalletizer_services script to /home/david/ros2_ws/install/mypalletizer_communication/lib/mypalletizer_communication
[0.986s] Installing mypalletizer_topics script to /home/david/ros2_ws/install/mypalletizer_communication/lib/mypalletizer_communication
[0.986s] Installing mypalletizer_topics_seeed script to /home/david/ros2_ws/install/mypalletizer_communication/lib/mypalletizer_communication
[0.986s] 
[0.986s] Installed /home/david/ros2_ws/build/mypalletizer_communication
[0.986s] running symlink_data
[2.800s] Invoked command in '/home/david/ros2_ws/build/mypalletizer_communication' returned '0': PYTHONPATH=/home/david/ros2_ws/build/mypalletizer_communication/prefix_override:/usr/lib/python3/dist-packages/colcon_core/task/python/colcon_distutils_commands:/home/david/ros2_ws/install/mypalletizer_communication/lib/python3.10/site-packages:${PYTHONPATH} /usr/bin/python3 -W ignore:setup.py install is deprecated setup.py develop --editable --build-directory /home/david/ros2_ws/build/mypalletizer_communication/build --no-deps symlink_data
