[0.943s] Invoking command in '/home/david/ros2_ws/build/mecharm_communication': CMAKE_PREFIX_PATH=/home/david/ros2_ws/install/mycobot_interfaces:/home/david/ros2_ws/install/mypalletizer_interfaces:/home/david/ros2_ws/install/mecharm_interfaces LD_LIBRARY_PATH=/home/david/ros2_ws/install/mycobot_interfaces/lib:/home/david/ros2_ws/install/mypalletizer_interfaces/lib:/home/david/ros2_ws/install/mecharm_interfaces/lib:/opt/ros/humble/opt/rviz_ogre_vendor/lib:/opt/ros/humble/lib/x86_64-linux-gnu:/opt/ros/humble/lib PYTHONPATH=/home/david/ros2_ws/build/mecharm_communication/prefix_override:/usr/lib/python3/dist-packages/colcon_core/task/python/colcon_distutils_commands:/home/david/ros2_ws/install/mecharm_communication/lib/python3.10/site-packages:${PYTHONPATH} /usr/bin/python3 -W ignore:setup.py install is deprecated setup.py develop --editable --build-directory /home/david/ros2_ws/build/mecharm_communication/build --no-deps symlink_data
[1.126s] running develop
[1.126s] /usr/lib/python3/dist-packages/setuptools/command/easy_install.py:158: EasyInstallDeprecationWarning: easy_install command is deprecated. Use build and pip and other standards-based tools.
[1.127s]   warnings.warn(
[1.225s] running egg_info
[1.225s] writing mecharm_communication.egg-info/PKG-INFO
[1.225s] writing dependency_links to mecharm_communication.egg-info/dependency_links.txt
[1.225s] writing entry points to mecharm_communication.egg-info/entry_points.txt
[1.225s] writing requirements to mecharm_communication.egg-info/requires.txt
[1.225s] writing top-level names to mecharm_communication.egg-info/top_level.txt
[1.226s] reading manifest file 'mecharm_communication.egg-info/SOURCES.txt'
[1.227s] writing manifest file 'mecharm_communication.egg-info/SOURCES.txt'
[1.228s] running build_ext
[1.228s] Creating /home/david/ros2_ws/install/mecharm_communication/lib/python3.10/site-packages/mecharm-communication.egg-link (link to .)
[1.229s] Installing mecharm_services script to /home/david/ros2_ws/install/mecharm_communication/lib/mecharm_communication
[1.229s] Installing mycobot_topics script to /home/david/ros2_ws/install/mecharm_communication/lib/mecharm_communication
[1.229s] Installing mycobot_topics_jsnn script to /home/david/ros2_ws/install/mecharm_communication/lib/mecharm_communication
[1.229s] Installing mycobot_topics_pi script to /home/david/ros2_ws/install/mecharm_communication/lib/mecharm_communication
[1.229s] Installing mycobot_topics_seeed script to /home/david/ros2_ws/install/mecharm_communication/lib/mecharm_communication
[1.229s] 
[1.229s] Installed /home/david/ros2_ws/build/mecharm_communication
[1.229s] running symlink_data
[3.007s] Invoked command in '/home/david/ros2_ws/build/mecharm_communication' returned '0': CMAKE_PREFIX_PATH=/home/david/ros2_ws/install/mycobot_interfaces:/home/david/ros2_ws/install/mypalletizer_interfaces:/home/david/ros2_ws/install/mecharm_interfaces LD_LIBRARY_PATH=/home/david/ros2_ws/install/mycobot_interfaces/lib:/home/david/ros2_ws/install/mypalletizer_interfaces/lib:/home/david/ros2_ws/install/mecharm_interfaces/lib:/opt/ros/humble/opt/rviz_ogre_vendor/lib:/opt/ros/humble/lib/x86_64-linux-gnu:/opt/ros/humble/lib PYTHONPATH=/home/david/ros2_ws/build/mecharm_communication/prefix_override:/usr/lib/python3/dist-packages/colcon_core/task/python/colcon_distutils_commands:/home/david/ros2_ws/install/mecharm_communication/lib/python3.10/site-packages:${PYTHONPATH} /usr/bin/python3 -W ignore:setup.py install is deprecated setup.py develop --editable --build-directory /home/david/ros2_ws/build/mecharm_communication/build --no-deps symlink_data
