[0.464s] Invoking command in '/home/david/ros2_ws/build/my_py_pkg': PYTHONPATH=/home/david/ros2_ws/build/my_py_pkg/prefix_override:/usr/lib/python3/dist-packages/colcon_core/task/python/colcon_distutils_commands:/home/david/ros2_ws/install/my_py_pkg/lib/python3.10/site-packages:${PYTHONPATH} /usr/bin/python3 -W ignore:setup.py install is deprecated setup.py develop --editable --build-directory /home/david/ros2_ws/build/my_py_pkg/build --no-deps symlink_data
[0.645s] running develop
[0.645s] /usr/lib/python3/dist-packages/setuptools/command/easy_install.py:158: EasyInstallDeprecationWarning: easy_install command is deprecated. Use build and pip and other standards-based tools.
[0.645s]   warnings.warn(
[0.742s] running egg_info
[0.742s] creating my_py_pkg.egg-info
[0.742s] writing my_py_pkg.egg-info/PKG-INFO
[0.743s] writing dependency_links to my_py_pkg.egg-info/dependency_links.txt
[0.743s] writing entry points to my_py_pkg.egg-info/entry_points.txt
[0.743s] writing requirements to my_py_pkg.egg-info/requires.txt
[0.743s] writing top-level names to my_py_pkg.egg-info/top_level.txt
[0.743s] writing manifest file 'my_py_pkg.egg-info/SOURCES.txt'
[0.744s] reading manifest file 'my_py_pkg.egg-info/SOURCES.txt'
[0.744s] writing manifest file 'my_py_pkg.egg-info/SOURCES.txt'
[0.745s] running build_ext
[0.745s] Creating /home/david/ros2_ws/install/my_py_pkg/lib/python3.10/site-packages/my-py-pkg.egg-link (link to .)
[0.746s] Installing add_two_ints_client script to /home/david/ros2_ws/install/my_py_pkg/lib/my_py_pkg
[0.746s] Installing add_two_ints_client_no_oop script to /home/david/ros2_ws/install/my_py_pkg/lib/my_py_pkg
[0.746s] Installing add_two_ints_server script to /home/david/ros2_ws/install/my_py_pkg/lib/my_py_pkg
[0.746s] Installing number_counter script to /home/david/ros2_ws/install/my_py_pkg/lib/my_py_pkg
[0.746s] Installing number_publisher script to /home/david/ros2_ws/install/my_py_pkg/lib/my_py_pkg
[0.746s] Installing py_node script to /home/david/ros2_ws/install/my_py_pkg/lib/my_py_pkg
[0.746s] Installing robot_news_station script to /home/david/ros2_ws/install/my_py_pkg/lib/my_py_pkg
[0.746s] Installing smartphone script to /home/david/ros2_ws/install/my_py_pkg/lib/my_py_pkg
[0.746s] 
[0.746s] Installed /home/david/ros2_ws/build/my_py_pkg
[0.746s] running symlink_data
[0.746s] creating /home/david/ros2_ws/install/my_py_pkg/share/ament_index
[0.746s] creating /home/david/ros2_ws/install/my_py_pkg/share/ament_index/resource_index
[0.746s] creating /home/david/ros2_ws/install/my_py_pkg/share/ament_index/resource_index/packages
[0.746s] symbolically linking /home/david/ros2_ws/build/my_py_pkg/resource/my_py_pkg -> /home/david/ros2_ws/install/my_py_pkg/share/ament_index/resource_index/packages
[0.746s] symbolically linking /home/david/ros2_ws/build/my_py_pkg/package.xml -> /home/david/ros2_ws/install/my_py_pkg/share/my_py_pkg
[0.764s] Invoked command in '/home/david/ros2_ws/build/my_py_pkg' returned '0': PYTHONPATH=/home/david/ros2_ws/build/my_py_pkg/prefix_override:/usr/lib/python3/dist-packages/colcon_core/task/python/colcon_distutils_commands:/home/david/ros2_ws/install/my_py_pkg/lib/python3.10/site-packages:${PYTHONPATH} /usr/bin/python3 -W ignore:setup.py install is deprecated setup.py develop --editable --build-directory /home/david/ros2_ws/build/my_py_pkg/build --no-deps symlink_data
