[2.317s] Invoking command in '/home/david/ros2_ws/build/mecharm_communication': CMAKE_PREFIX_PATH=/home/david/ros2_ws/install/mycobot_interfaces:/home/david/ros2_ws/install/mypalletizer_interfaces:/home/david/ros2_ws/install/mycobot_interfaces2:/home/david/ros2_ws/install/mecharm_interfaces LD_LIBRARY_PATH=/home/david/ros2_ws/install/mycobot_interfaces/lib:/home/david/ros2_ws/install/mypalletizer_interfaces/lib:/home/david/ros2_ws/install/mycobot_interfaces2/lib:/home/david/ros2_ws/install/mecharm_interfaces/lib:/opt/ros/humble/opt/rviz_ogre_vendor/lib:/opt/ros/humble/lib/x86_64-linux-gnu:/opt/ros/humble/lib PYTHONPATH=/home/david/ros2_ws/build/mecharm_communication/prefix_override:/usr/lib/python3/dist-packages/colcon_core/task/python/colcon_distutils_commands:/home/david/ros2_ws/install/mecharm_communication/lib/python3.10/site-packages:${PYTHONPATH} /usr/bin/python3 -W ignore:setup.py install is deprecated setup.py develop --editable --build-directory /home/david/ros2_ws/build/mecharm_communication/build --no-deps symlink_data
[2.904s] running develop
[2.913s] /usr/lib/python3/dist-packages/setuptools/command/easy_install.py:158: EasyInstallDeprecationWarning: easy_install command is deprecated. Use build and pip and other standards-based tools.
[2.913s]   warnings.warn(
[3.236s] running egg_info
[3.236s] writing mecharm_communication.egg-info/PKG-INFO
[3.237s] writing dependency_links to mecharm_communication.egg-info/dependency_links.txt
[3.237s] writing entry points to mecharm_communication.egg-info/entry_points.txt
[3.237s] writing requirements to mecharm_communication.egg-info/requires.txt
[3.237s] writing top-level names to mecharm_communication.egg-info/top_level.txt
[3.239s] reading manifest file 'mecharm_communication.egg-info/SOURCES.txt'
[3.241s] writing manifest file 'mecharm_communication.egg-info/SOURCES.txt'
[3.244s] running build_ext
[3.244s] Creating /home/david/ros2_ws/install/mecharm_communication/lib/python3.10/site-packages/mecharm-communication.egg-link (link to .)
[3.245s] Installing mecharm_services script to /home/david/ros2_ws/install/mecharm_communication/lib/mecharm_communication
[3.245s] Installing mycobot_topics script to /home/david/ros2_ws/install/mecharm_communication/lib/mecharm_communication
[3.246s] Installing mycobot_topics_jsnn script to /home/david/ros2_ws/install/mecharm_communication/lib/mecharm_communication
[3.246s] Installing mycobot_topics_pi script to /home/david/ros2_ws/install/mecharm_communication/lib/mecharm_communication
[3.246s] Installing mycobot_topics_seeed script to /home/david/ros2_ws/install/mecharm_communication/lib/mecharm_communication
[3.246s] 
[3.246s] Installed /home/david/ros2_ws/build/mecharm_communication
[3.246s] running symlink_data
[7.849s] Invoked command in '/home/david/ros2_ws/build/mecharm_communication' returned '0': CMAKE_PREFIX_PATH=/home/david/ros2_ws/install/mycobot_interfaces:/home/david/ros2_ws/install/mypalletizer_interfaces:/home/david/ros2_ws/install/mycobot_interfaces2:/home/david/ros2_ws/install/mecharm_interfaces LD_LIBRARY_PATH=/home/david/ros2_ws/install/mycobot_interfaces/lib:/home/david/ros2_ws/install/mypalletizer_interfaces/lib:/home/david/ros2_ws/install/mycobot_interfaces2/lib:/home/david/ros2_ws/install/mecharm_interfaces/lib:/opt/ros/humble/opt/rviz_ogre_vendor/lib:/opt/ros/humble/lib/x86_64-linux-gnu:/opt/ros/humble/lib PYTHONPATH=/home/david/ros2_ws/build/mecharm_communication/prefix_override:/usr/lib/python3/dist-packages/colcon_core/task/python/colcon_distutils_commands:/home/david/ros2_ws/install/mecharm_communication/lib/python3.10/site-packages:${PYTHONPATH} /usr/bin/python3 -W ignore:setup.py install is deprecated setup.py develop --editable --build-directory /home/david/ros2_ws/build/mecharm_communication/build --no-deps symlink_data
