[2.573s] Invoking command in '/home/david/ros2_ws/build/my_py_pkg': CMAKE_PREFIX_PATH=/home/david/ros2_ws/install/my_robot_interfaces:/home/david/ros2_ws/install/mypalletizer_interfaces:/home/david/ros2_ws/install/mycobot_interfaces2:/home/david/ros2_ws/install/mycobot_interfaces:/home/david/ros2_ws/install/mecharm_interfaces LD_LIBRARY_PATH=/home/david/ros2_ws/install/my_robot_interfaces/lib:/home/david/ros2_ws/install/mypalletizer_interfaces/lib:/home/david/ros2_ws/install/mycobot_interfaces2/lib:/home/david/ros2_ws/install/mycobot_interfaces/lib:/home/david/ros2_ws/install/mecharm_interfaces/lib:/opt/ros/humble/opt/rviz_ogre_vendor/lib:/opt/ros/humble/lib/x86_64-linux-gnu:/opt/ros/humble/lib PYTHONPATH=/home/david/ros2_ws/build/my_py_pkg/prefix_override:/usr/lib/python3/dist-packages/colcon_core/task/python/colcon_distutils_commands:/home/david/ros2_ws/install/my_py_pkg/lib/python3.10/site-packages:${PYTHONPATH} /usr/bin/python3 -W ignore:setup.py install is deprecated setup.py develop --editable --build-directory /home/david/ros2_ws/build/my_py_pkg/build --no-deps symlink_data
[3.216s] running develop
[3.216s] /usr/lib/python3/dist-packages/setuptools/command/easy_install.py:158: EasyInstallDeprecationWarning: easy_install command is deprecated. Use build and pip and other standards-based tools.
[3.217s]   warnings.warn(
[3.648s] running egg_info
[3.648s] writing my_py_pkg.egg-info/PKG-INFO
[3.649s] writing dependency_links to my_py_pkg.egg-info/dependency_links.txt
[3.649s] writing entry points to my_py_pkg.egg-info/entry_points.txt
[3.650s] writing requirements to my_py_pkg.egg-info/requires.txt
[3.650s] writing top-level names to my_py_pkg.egg-info/top_level.txt
[3.654s] reading manifest file 'my_py_pkg.egg-info/SOURCES.txt'
[3.656s] writing manifest file 'my_py_pkg.egg-info/SOURCES.txt'
[3.660s] running build_ext
[3.660s] Creating /home/david/ros2_ws/install/my_py_pkg/lib/python3.10/site-packages/my-py-pkg.egg-link (link to .)
[3.662s] Installing add_two_ints_client script to /home/david/ros2_ws/install/my_py_pkg/lib/my_py_pkg
[3.662s] Installing add_two_ints_client_no_oop script to /home/david/ros2_ws/install/my_py_pkg/lib/my_py_pkg
[3.663s] Installing add_two_ints_server script to /home/david/ros2_ws/install/my_py_pkg/lib/my_py_pkg
[3.663s] Installing battery script to /home/david/ros2_ws/install/my_py_pkg/lib/my_py_pkg
[3.663s] Installing hw_status_publisher script to /home/david/ros2_ws/install/my_py_pkg/lib/my_py_pkg
[3.663s] Installing led_panel script to /home/david/ros2_ws/install/my_py_pkg/lib/my_py_pkg
[3.664s] Installing number_counter script to /home/david/ros2_ws/install/my_py_pkg/lib/my_py_pkg
[3.664s] Installing number_publisher script to /home/david/ros2_ws/install/my_py_pkg/lib/my_py_pkg
[3.664s] Installing py_node script to /home/david/ros2_ws/install/my_py_pkg/lib/my_py_pkg
[3.664s] Installing robot_news_station script to /home/david/ros2_ws/install/my_py_pkg/lib/my_py_pkg
[3.665s] Installing smartphone script to /home/david/ros2_ws/install/my_py_pkg/lib/my_py_pkg
[3.665s] 
[3.665s] Installed /home/david/ros2_ws/build/my_py_pkg
[3.665s] running symlink_data
[3.731s] Invoked command in '/home/david/ros2_ws/build/my_py_pkg' returned '0': CMAKE_PREFIX_PATH=/home/david/ros2_ws/install/my_robot_interfaces:/home/david/ros2_ws/install/mypalletizer_interfaces:/home/david/ros2_ws/install/mycobot_interfaces2:/home/david/ros2_ws/install/mycobot_interfaces:/home/david/ros2_ws/install/mecharm_interfaces LD_LIBRARY_PATH=/home/david/ros2_ws/install/my_robot_interfaces/lib:/home/david/ros2_ws/install/mypalletizer_interfaces/lib:/home/david/ros2_ws/install/mycobot_interfaces2/lib:/home/david/ros2_ws/install/mycobot_interfaces/lib:/home/david/ros2_ws/install/mecharm_interfaces/lib:/opt/ros/humble/opt/rviz_ogre_vendor/lib:/opt/ros/humble/lib/x86_64-linux-gnu:/opt/ros/humble/lib PYTHONPATH=/home/david/ros2_ws/build/my_py_pkg/prefix_override:/usr/lib/python3/dist-packages/colcon_core/task/python/colcon_distutils_commands:/home/david/ros2_ws/install/my_py_pkg/lib/python3.10/site-packages:${PYTHONPATH} /usr/bin/python3 -W ignore:setup.py install is deprecated setup.py develop --editable --build-directory /home/david/ros2_ws/build/my_py_pkg/build --no-deps symlink_data
