[0.510s] Invoking command in '/home/david/ros2_ws/build/mypalletizer_interfaces': CMAKE_PREFIX_PATH=${CMAKE_PREFIX_PATH}:/home/david/ros2_ws/install/ultraarm:/home/david/ros2_ws/install/mypalletizer_260_pi:/home/david/ros2_ws/install/mypalletizer_260:/home/david/ros2_ws/install/mypalletizer_communication:/home/david/ros2_ws/install/mycobot_630:/home/david/ros2_ws/install/mycobot_600:/home/david/ros2_ws/install/mycobot_320pi:/home/david/ros2_ws/install/mycobot_320:/home/david/ros2_ws/install/mycobot_280pi:/home/david/ros2_ws/install/mycobot_280jn:/home/david/ros2_ws/install/mycobot_280_x3pi:/home/david/ros2_ws/install/mycobot_280:/home/david/ros2_ws/install/myarm_m750:/home/david/ros2_ws/install/myarm_c650:/home/david/ros2_ws/install/myarm_300:/home/david/ros2_ws/install/mycobot_communication:/home/david/ros2_ws/install/mecharm_pi:/home/david/ros2_ws/install/mecharm:/home/david/ros2_ws/install/mecharm_communication:/home/david/ros2_ws/install/mybuddy:/home/david/ros2_ws/install/mycobot_description:/home/david/ros2_ws/install/my_py_pkg:/opt/ros/humble /usr/bin/cmake --build /home/david/ros2_ws/build/mypalletizer_interfaces -- -j12 -l12
[0.645s] [  0%] Built target mypalletizer_interfaces__cpp
[0.647s] [ 12%] Built target mypalletizer_interfaces__rosidl_generator_c
[0.678s] [ 12%] Built target ament_cmake_python_symlink_mypalletizer_interfaces
[0.703s] [ 24%] Built target mypalletizer_interfaces__rosidl_typesupport_cpp
[0.787s] [ 36%] Built target mypalletizer_interfaces__rosidl_typesupport_introspection_cpp
[0.796s] [ 54%] Built target mypalletizer_interfaces__rosidl_typesupport_fastrtps_cpp
[0.797s] [ 69%] Built target mypalletizer_interfaces__rosidl_typesupport_c
[0.798s] [ 71%] Built target mypalletizer_interfaces__rosidl_typesupport_fastrtps_c
[0.802s] [ 83%] Built target mypalletizer_interfaces__rosidl_typesupport_introspection_c
[0.846s] [ 83%] Built target mypalletizer_interfaces
[0.885s] [ 84%] Built target mypalletizer_interfaces__py
[0.964s] [ 95%] Built target mypalletizer_interfaces__rosidl_generator_py
[1.049s] [ 97%] Built target mypalletizer_interfaces__rosidl_typesupport_introspection_c__pyext
[1.055s] [ 98%] Built target mypalletizer_interfaces__rosidl_typesupport_c__pyext
[1.112s] [100%] Built target mypalletizer_interfaces__rosidl_typesupport_fastrtps_c__pyext
[1.415s] running egg_info
[1.416s] writing mypalletizer_interfaces.egg-info/PKG-INFO
[1.416s] writing dependency_links to mypalletizer_interfaces.egg-info/dependency_links.txt
[1.417s] writing top-level names to mypalletizer_interfaces.egg-info/top_level.txt
[1.420s] reading manifest file 'mypalletizer_interfaces.egg-info/SOURCES.txt'
[1.421s] writing manifest file 'mypalletizer_interfaces.egg-info/SOURCES.txt'
[1.470s] [100%] Built target ament_cmake_python_build_mypalletizer_interfaces_egg
[1.492s] Invoked command in '/home/david/ros2_ws/build/mypalletizer_interfaces' returned '0': CMAKE_PREFIX_PATH=${CMAKE_PREFIX_PATH}:/home/david/ros2_ws/install/ultraarm:/home/david/ros2_ws/install/mypalletizer_260_pi:/home/david/ros2_ws/install/mypalletizer_260:/home/david/ros2_ws/install/mypalletizer_communication:/home/david/ros2_ws/install/mycobot_630:/home/david/ros2_ws/install/mycobot_600:/home/david/ros2_ws/install/mycobot_320pi:/home/david/ros2_ws/install/mycobot_320:/home/david/ros2_ws/install/mycobot_280pi:/home/david/ros2_ws/install/mycobot_280jn:/home/david/ros2_ws/install/mycobot_280_x3pi:/home/david/ros2_ws/install/mycobot_280:/home/david/ros2_ws/install/myarm_m750:/home/david/ros2_ws/install/myarm_c650:/home/david/ros2_ws/install/myarm_300:/home/david/ros2_ws/install/mycobot_communication:/home/david/ros2_ws/install/mecharm_pi:/home/david/ros2_ws/install/mecharm:/home/david/ros2_ws/install/mecharm_communication:/home/david/ros2_ws/install/mybuddy:/home/david/ros2_ws/install/mycobot_description:/home/david/ros2_ws/install/my_py_pkg:/opt/ros/humble /usr/bin/cmake --build /home/david/ros2_ws/build/mypalletizer_interfaces -- -j12 -l12
[2.012s] Invoking command in '/home/david/ros2_ws/build/mypalletizer_interfaces': CMAKE_PREFIX_PATH=${CMAKE_PREFIX_PATH}:/home/david/ros2_ws/install/ultraarm:/home/david/ros2_ws/install/mypalletizer_260_pi:/home/david/ros2_ws/install/mypalletizer_260:/home/david/ros2_ws/install/mypalletizer_communication:/home/david/ros2_ws/install/mycobot_630:/home/david/ros2_ws/install/mycobot_600:/home/david/ros2_ws/install/mycobot_320pi:/home/david/ros2_ws/install/mycobot_320:/home/david/ros2_ws/install/mycobot_280pi:/home/david/ros2_ws/install/mycobot_280jn:/home/david/ros2_ws/install/mycobot_280_x3pi:/home/david/ros2_ws/install/mycobot_280:/home/david/ros2_ws/install/myarm_m750:/home/david/ros2_ws/install/myarm_c650:/home/david/ros2_ws/install/myarm_300:/home/david/ros2_ws/install/mycobot_communication:/home/david/ros2_ws/install/mecharm_pi:/home/david/ros2_ws/install/mecharm:/home/david/ros2_ws/install/mecharm_communication:/home/david/ros2_ws/install/mybuddy:/home/david/ros2_ws/install/mycobot_description:/home/david/ros2_ws/install/my_py_pkg:/opt/ros/humble /usr/bin/cmake --install /home/david/ros2_ws/build/mypalletizer_interfaces
[2.090s] -- Install configuration: ""
[2.136s] -- Execute custom install script
[2.137s] -- Up-to-date symlink: /home/david/ros2_ws/install/mypalletizer_interfaces/share/ament_index/resource_index/rosidl_interfaces/mypalletizer_interfaces
[2.138s] -- Up-to-date symlink: /home/david/ros2_ws/install/mypalletizer_interfaces/include/mypalletizer_interfaces/mypalletizer_interfaces/msg/detail/mypal_angles__functions.h
[2.139s] -- Up-to-date symlink: /home/david/ros2_ws/install/mypalletizer_interfaces/include/mypalletizer_interfaces/mypalletizer_interfaces/msg/detail/mypal_angles__struct.h
[2.142s] -- Up-to-date symlink: /home/david/ros2_ws/install/mypalletizer_interfaces/include/mypalletizer_interfaces/mypalletizer_interfaces/msg/detail/mypal_angles__type_support.h
[2.142s] -- Up-to-date symlink: /home/david/ros2_ws/install/mypalletizer_interfaces/include/mypalletizer_interfaces/mypalletizer_interfaces/msg/detail/mypal_coords__functions.h
[2.147s] -- Up-to-date symlink: /home/david/ros2_ws/install/mypalletizer_interfaces/include/mypalletizer_interfaces/mypalletizer_interfaces/msg/detail/mypal_coords__struct.h
[2.148s] -- Up-to-date symlink: /home/david/ros2_ws/install/mypalletizer_interfaces/include/mypalletizer_interfaces/mypalletizer_interfaces/msg/detail/mypal_coords__type_support.h
[2.151s] -- Up-to-date symlink: /home/david/ros2_ws/install/mypalletizer_interfaces/include/mypalletizer_interfaces/mypalletizer_interfaces/msg/detail/mypal_gripper_status__functions.h
[2.152s] -- Up-to-date symlink: /home/david/ros2_ws/install/mypalletizer_interfaces/include/mypalletizer_interfaces/mypalletizer_interfaces/msg/detail/mypal_gripper_status__struct.h
[2.152s] -- Up-to-date symlink: /home/david/ros2_ws/install/mypalletizer_interfaces/include/mypalletizer_interfaces/mypalletizer_interfaces/msg/detail/mypal_gripper_status__type_support.h
[2.152s] -- Up-to-date symlink: /home/david/ros2_ws/install/mypalletizer_interfaces/include/mypalletizer_interfaces/mypalletizer_interfaces/msg/detail/mypal_pump_status__functions.h
[2.157s] -- Up-to-date symlink: /home/david/ros2_ws/install/mypalletizer_interfaces/include/mypalletizer_interfaces/mypalletizer_interfaces/msg/detail/mypal_pump_status__struct.h
[2.157s] -- Up-to-date symlink: /home/david/ros2_ws/install/mypalletizer_interfaces/include/mypalletizer_interfaces/mypalletizer_interfaces/msg/detail/mypal_pump_status__type_support.h
[2.158s] -- Up-to-date symlink: /home/david/ros2_ws/install/mypalletizer_interfaces/include/mypalletizer_interfaces/mypalletizer_interfaces/msg/detail/mypal_set_angles__functions.h
[2.158s] -- Up-to-date symlink: /home/david/ros2_ws/install/mypalletizer_interfaces/include/mypalletizer_interfaces/mypalletizer_interfaces/msg/detail/mypal_set_angles__struct.h
[2.158s] -- Up-to-date symlink: /home/david/ros2_ws/install/mypalletizer_interfaces/include/mypalletizer_interfaces/mypalletizer_interfaces/msg/detail/mypal_set_angles__type_support.h
[2.159s] -- Up-to-date symlink: /home/david/ros2_ws/install/mypalletizer_interfaces/include/mypalletizer_interfaces/mypalletizer_interfaces/msg/detail/mypal_set_coords__functions.h
[2.159s] -- Up-to-date symlink: /home/david/ros2_ws/install/mypalletizer_interfaces/include/mypalletizer_interfaces/mypalletizer_interfaces/msg/detail/mypal_set_coords__struct.h
[2.159s] -- Up-to-date symlink: /home/david/ros2_ws/install/mypalletizer_interfaces/include/mypalletizer_interfaces/mypalletizer_interfaces/msg/detail/mypal_set_coords__type_support.h
[2.160s] -- Up-to-date symlink: /home/david/ros2_ws/install/mypalletizer_interfaces/include/mypalletizer_interfaces/mypalletizer_interfaces/msg/mypal_angles.h
[2.160s] -- Up-to-date symlink: /home/david/ros2_ws/install/mypalletizer_interfaces/include/mypalletizer_interfaces/mypalletizer_interfaces/msg/mypal_coords.h
[2.160s] -- Up-to-date symlink: /home/david/ros2_ws/install/mypalletizer_interfaces/include/mypalletizer_interfaces/mypalletizer_interfaces/msg/mypal_gripper_status.h
[2.160s] -- Up-to-date symlink: /home/david/ros2_ws/install/mypalletizer_interfaces/include/mypalletizer_interfaces/mypalletizer_interfaces/msg/mypal_pump_status.h
[2.174s] -- Up-to-date symlink: /home/david/ros2_ws/install/mypalletizer_interfaces/include/mypalletizer_interfaces/mypalletizer_interfaces/msg/mypal_set_angles.h
[2.175s] -- Up-to-date symlink: /home/david/ros2_ws/install/mypalletizer_interfaces/include/mypalletizer_interfaces/mypalletizer_interfaces/msg/mypal_set_coords.h
[2.175s] -- Up-to-date symlink: /home/david/ros2_ws/install/mypalletizer_interfaces/include/mypalletizer_interfaces/mypalletizer_interfaces/msg/rosidl_generator_c__visibility_control.h
[2.215s] -- Up-to-date symlink: /home/david/ros2_ws/install/mypalletizer_interfaces/include/mypalletizer_interfaces/mypalletizer_interfaces/srv/detail/get_angles__functions.h
[2.215s] -- Up-to-date symlink: /home/david/ros2_ws/install/mypalletizer_interfaces/include/mypalletizer_interfaces/mypalletizer_interfaces/srv/detail/get_angles__struct.h
[2.215s] -- Up-to-date symlink: /home/david/ros2_ws/install/mypalletizer_interfaces/include/mypalletizer_interfaces/mypalletizer_interfaces/srv/detail/get_angles__type_support.h
[2.216s] -- Up-to-date symlink: /home/david/ros2_ws/install/mypalletizer_interfaces/include/mypalletizer_interfaces/mypalletizer_interfaces/srv/detail/get_coords__functions.h
[2.216s] -- Up-to-date symlink: /home/david/ros2_ws/install/mypalletizer_interfaces/include/mypalletizer_interfaces/mypalletizer_interfaces/srv/detail/get_coords__struct.h
[2.216s] -- Up-to-date symlink: /home/david/ros2_ws/install/mypalletizer_interfaces/include/mypalletizer_interfaces/mypalletizer_interfaces/srv/detail/get_coords__type_support.h
[2.216s] -- Up-to-date symlink: /home/david/ros2_ws/install/mypalletizer_interfaces/include/mypalletizer_interfaces/mypalletizer_interfaces/srv/detail/gripper_status__functions.h
[2.216s] -- Up-to-date symlink: /home/david/ros2_ws/install/mypalletizer_interfaces/include/mypalletizer_interfaces/mypalletizer_interfaces/srv/detail/gripper_status__struct.h
[2.217s] -- Up-to-date symlink: /home/david/ros2_ws/install/mypalletizer_interfaces/include/mypalletizer_interfaces/mypalletizer_interfaces/srv/detail/gripper_status__type_support.h
[2.217s] -- Up-to-date symlink: /home/david/ros2_ws/install/mypalletizer_interfaces/include/mypalletizer_interfaces/mypalletizer_interfaces/srv/detail/pump_status__functions.h
[2.217s] -- Up-to-date symlink: /home/david/ros2_ws/install/mypalletizer_interfaces/include/mypalletizer_interfaces/mypalletizer_interfaces/srv/detail/pump_status__struct.h
[2.217s] -- Up-to-date symlink: /home/david/ros2_ws/install/mypalletizer_interfaces/include/mypalletizer_interfaces/mypalletizer_interfaces/srv/detail/pump_status__type_support.h
[2.217s] -- Up-to-date symlink: /home/david/ros2_ws/install/mypalletizer_interfaces/include/mypalletizer_interfaces/mypalletizer_interfaces/srv/detail/set_angles__functions.h
[2.217s] -- Up-to-date symlink: /home/david/ros2_ws/install/mypalletizer_interfaces/include/mypalletizer_interfaces/mypalletizer_interfaces/srv/detail/set_angles__struct.h
[2.218s] -- Up-to-date symlink: /home/david/ros2_ws/install/mypalletizer_interfaces/include/mypalletizer_interfaces/mypalletizer_interfaces/srv/detail/set_angles__type_support.h
[2.218s] -- Up-to-date symlink: /home/david/ros2_ws/install/mypalletizer_interfaces/include/mypalletizer_interfaces/mypalletizer_interfaces/srv/detail/set_coords__functions.h
[2.218s] -- Up-to-date symlink: /home/david/ros2_ws/install/mypalletizer_interfaces/include/mypalletizer_interfaces/mypalletizer_interfaces/srv/detail/set_coords__struct.h
[2.218s] -- Up-to-date symlink: /home/david/ros2_ws/install/mypalletizer_interfaces/include/mypalletizer_interfaces/mypalletizer_interfaces/srv/detail/set_coords__type_support.h
[2.218s] -- Up-to-date symlink: /home/david/ros2_ws/install/mypalletizer_interfaces/include/mypalletizer_interfaces/mypalletizer_interfaces/srv/get_angles.h
[2.224s] -- Up-to-date symlink: /home/david/ros2_ws/install/mypalletizer_interfaces/include/mypalletizer_interfaces/mypalletizer_interfaces/srv/get_coords.h
[2.225s] -- Up-to-date symlink: /home/david/ros2_ws/install/mypalletizer_interfaces/include/mypalletizer_interfaces/mypalletizer_interfaces/srv/gripper_status.h
[2.225s] -- Up-to-date symlink: /home/david/ros2_ws/install/mypalletizer_interfaces/include/mypalletizer_interfaces/mypalletizer_interfaces/srv/pump_status.h
[2.225s] -- Up-to-date symlink: /home/david/ros2_ws/install/mypalletizer_interfaces/include/mypalletizer_interfaces/mypalletizer_interfaces/srv/set_angles.h
[2.225s] -- Up-to-date symlink: /home/david/ros2_ws/install/mypalletizer_interfaces/include/mypalletizer_interfaces/mypalletizer_interfaces/srv/set_coords.h
[2.226s] -- Up-to-date symlink: /home/david/ros2_ws/install/mypalletizer_interfaces/share/mypalletizer_interfaces/environment/library_path.sh
[2.227s] -- Up-to-date symlink: /home/david/ros2_ws/install/mypalletizer_interfaces/share/mypalletizer_interfaces/environment/library_path.dsv
[2.232s] -- Up-to-date symlink: /home/david/ros2_ws/install/mypalletizer_interfaces/include/mypalletizer_interfaces/mypalletizer_interfaces/msg/detail/mypal_angles__rosidl_typesupport_fastrtps_c.h
[2.233s] -- Up-to-date symlink: /home/david/ros2_ws/install/mypalletizer_interfaces/include/mypalletizer_interfaces/mypalletizer_interfaces/msg/detail/mypal_coords__rosidl_typesupport_fastrtps_c.h
[2.234s] -- Up-to-date symlink: /home/david/ros2_ws/install/mypalletizer_interfaces/include/mypalletizer_interfaces/mypalletizer_interfaces/msg/detail/mypal_gripper_status__rosidl_typesupport_fastrtps_c.h
[2.234s] -- Up-to-date symlink: /home/david/ros2_ws/install/mypalletizer_interfaces/include/mypalletizer_interfaces/mypalletizer_interfaces/msg/detail/mypal_pump_status__rosidl_typesupport_fastrtps_c.h
[2.234s] -- Up-to-date symlink: /home/david/ros2_ws/install/mypalletizer_interfaces/include/mypalletizer_interfaces/mypalletizer_interfaces/msg/detail/mypal_set_angles__rosidl_typesupport_fastrtps_c.h
[2.234s] -- Up-to-date symlink: /home/david/ros2_ws/install/mypalletizer_interfaces/include/mypalletizer_interfaces/mypalletizer_interfaces/msg/detail/mypal_set_coords__rosidl_typesupport_fastrtps_c.h
[2.234s] -- Up-to-date symlink: /home/david/ros2_ws/install/mypalletizer_interfaces/include/mypalletizer_interfaces/mypalletizer_interfaces/msg/rosidl_typesupport_fastrtps_c__visibility_control.h
[2.234s] -- Up-to-date symlink: /home/david/ros2_ws/install/mypalletizer_interfaces/include/mypalletizer_interfaces/mypalletizer_interfaces/srv/detail/get_angles__rosidl_typesupport_fastrtps_c.h
[2.235s] -- Up-to-date symlink: /home/david/ros2_ws/install/mypalletizer_interfaces/include/mypalletizer_interfaces/mypalletizer_interfaces/srv/detail/get_coords__rosidl_typesupport_fastrtps_c.h
[2.235s] -- Up-to-date symlink: /home/david/ros2_ws/install/mypalletizer_interfaces/include/mypalletizer_interfaces/mypalletizer_interfaces/srv/detail/gripper_status__rosidl_typesupport_fastrtps_c.h
[2.247s] -- Up-to-date symlink: /home/david/ros2_ws/install/mypalletizer_interfaces/include/mypalletizer_interfaces/mypalletizer_interfaces/srv/detail/pump_status__rosidl_typesupport_fastrtps_c.h
[2.247s] -- Up-to-date symlink: /home/david/ros2_ws/install/mypalletizer_interfaces/include/mypalletizer_interfaces/mypalletizer_interfaces/srv/detail/set_angles__rosidl_typesupport_fastrtps_c.h
[2.247s] -- Up-to-date symlink: /home/david/ros2_ws/install/mypalletizer_interfaces/include/mypalletizer_interfaces/mypalletizer_interfaces/srv/detail/set_coords__rosidl_typesupport_fastrtps_c.h
[2.247s] -- Up-to-date symlink: /home/david/ros2_ws/install/mypalletizer_interfaces/include/mypalletizer_interfaces/mypalletizer_interfaces/msg/detail/mypal_angles__rosidl_typesupport_introspection_c.h
[2.247s] -- Up-to-date symlink: /home/david/ros2_ws/install/mypalletizer_interfaces/include/mypalletizer_interfaces/mypalletizer_interfaces/msg/detail/mypal_coords__rosidl_typesupport_introspection_c.h
[2.247s] -- Up-to-date symlink: /home/david/ros2_ws/install/mypalletizer_interfaces/include/mypalletizer_interfaces/mypalletizer_interfaces/msg/detail/mypal_gripper_status__rosidl_typesupport_introspection_c.h
[2.247s] -- Up-to-date symlink: /home/david/ros2_ws/install/mypalletizer_interfaces/include/mypalletizer_interfaces/mypalletizer_interfaces/msg/detail/mypal_pump_status__rosidl_typesupport_introspection_c.h
[2.248s] -- Up-to-date symlink: /home/david/ros2_ws/install/mypalletizer_interfaces/include/mypalletizer_interfaces/mypalletizer_interfaces/msg/detail/mypal_set_angles__rosidl_typesupport_introspection_c.h
[2.248s] -- Up-to-date symlink: /home/david/ros2_ws/install/mypalletizer_interfaces/include/mypalletizer_interfaces/mypalletizer_interfaces/msg/detail/mypal_set_coords__rosidl_typesupport_introspection_c.h
[2.248s] -- Up-to-date symlink: /home/david/ros2_ws/install/mypalletizer_interfaces/include/mypalletizer_interfaces/mypalletizer_interfaces/msg/rosidl_typesupport_introspection_c__visibility_control.h
[2.248s] -- Up-to-date symlink: /home/david/ros2_ws/install/mypalletizer_interfaces/include/mypalletizer_interfaces/mypalletizer_interfaces/srv/detail/get_angles__rosidl_typesupport_introspection_c.h
[2.248s] -- Up-to-date symlink: /home/david/ros2_ws/install/mypalletizer_interfaces/include/mypalletizer_interfaces/mypalletizer_interfaces/srv/detail/get_coords__rosidl_typesupport_introspection_c.h
[2.248s] -- Up-to-date symlink: /home/david/ros2_ws/install/mypalletizer_interfaces/include/mypalletizer_interfaces/mypalletizer_interfaces/srv/detail/gripper_status__rosidl_typesupport_introspection_c.h
[2.248s] -- Up-to-date symlink: /home/david/ros2_ws/install/mypalletizer_interfaces/include/mypalletizer_interfaces/mypalletizer_interfaces/srv/detail/pump_status__rosidl_typesupport_introspection_c.h
[2.248s] -- Up-to-date symlink: /home/david/ros2_ws/install/mypalletizer_interfaces/include/mypalletizer_interfaces/mypalletizer_interfaces/srv/detail/set_angles__rosidl_typesupport_introspection_c.h
[2.248s] -- Up-to-date symlink: /home/david/ros2_ws/install/mypalletizer_interfaces/include/mypalletizer_interfaces/mypalletizer_interfaces/srv/detail/set_coords__rosidl_typesupport_introspection_c.h
[2.248s] -- Up-to-date symlink: /home/david/ros2_ws/install/mypalletizer_interfaces/include/mypalletizer_interfaces/mypalletizer_interfaces/msg/detail/mypal_angles__builder.hpp
[2.248s] -- Up-to-date symlink: /home/david/ros2_ws/install/mypalletizer_interfaces/include/mypalletizer_interfaces/mypalletizer_interfaces/msg/detail/mypal_angles__struct.hpp
[2.248s] -- Up-to-date symlink: /home/david/ros2_ws/install/mypalletizer_interfaces/include/mypalletizer_interfaces/mypalletizer_interfaces/msg/detail/mypal_angles__traits.hpp
[2.248s] -- Up-to-date symlink: /home/david/ros2_ws/install/mypalletizer_interfaces/include/mypalletizer_interfaces/mypalletizer_interfaces/msg/detail/mypal_coords__builder.hpp
[2.248s] -- Up-to-date symlink: /home/david/ros2_ws/install/mypalletizer_interfaces/include/mypalletizer_interfaces/mypalletizer_interfaces/msg/detail/mypal_coords__struct.hpp
[2.248s] -- Up-to-date symlink: /home/david/ros2_ws/install/mypalletizer_interfaces/include/mypalletizer_interfaces/mypalletizer_interfaces/msg/detail/mypal_coords__traits.hpp
[2.249s] -- Up-to-date symlink: /home/david/ros2_ws/install/mypalletizer_interfaces/include/mypalletizer_interfaces/mypalletizer_interfaces/msg/detail/mypal_gripper_status__builder.hpp
[2.249s] -- Up-to-date symlink: /home/david/ros2_ws/install/mypalletizer_interfaces/include/mypalletizer_interfaces/mypalletizer_interfaces/msg/detail/mypal_gripper_status__struct.hpp
[2.249s] -- Up-to-date symlink: /home/david/ros2_ws/install/mypalletizer_interfaces/include/mypalletizer_interfaces/mypalletizer_interfaces/msg/detail/mypal_gripper_status__traits.hpp
[2.249s] -- Up-to-date symlink: /home/david/ros2_ws/install/mypalletizer_interfaces/include/mypalletizer_interfaces/mypalletizer_interfaces/msg/detail/mypal_pump_status__builder.hpp
[2.249s] -- Up-to-date symlink: /home/david/ros2_ws/install/mypalletizer_interfaces/include/mypalletizer_interfaces/mypalletizer_interfaces/msg/detail/mypal_pump_status__struct.hpp
[2.249s] -- Up-to-date symlink: /home/david/ros2_ws/install/mypalletizer_interfaces/include/mypalletizer_interfaces/mypalletizer_interfaces/msg/detail/mypal_pump_status__traits.hpp
[2.250s] -- Up-to-date symlink: /home/david/ros2_ws/install/mypalletizer_interfaces/include/mypalletizer_interfaces/mypalletizer_interfaces/msg/detail/mypal_set_angles__builder.hpp
[2.250s] -- Up-to-date symlink: /home/david/ros2_ws/install/mypalletizer_interfaces/include/mypalletizer_interfaces/mypalletizer_interfaces/msg/detail/mypal_set_angles__struct.hpp
[2.250s] -- Up-to-date symlink: /home/david/ros2_ws/install/mypalletizer_interfaces/include/mypalletizer_interfaces/mypalletizer_interfaces/msg/detail/mypal_set_angles__traits.hpp
[2.250s] -- Up-to-date symlink: /home/david/ros2_ws/install/mypalletizer_interfaces/include/mypalletizer_interfaces/mypalletizer_interfaces/msg/detail/mypal_set_coords__builder.hpp
[2.250s] -- Up-to-date symlink: /home/david/ros2_ws/install/mypalletizer_interfaces/include/mypalletizer_interfaces/mypalletizer_interfaces/msg/detail/mypal_set_coords__struct.hpp
[2.250s] -- Up-to-date symlink: /home/david/ros2_ws/install/mypalletizer_interfaces/include/mypalletizer_interfaces/mypalletizer_interfaces/msg/detail/mypal_set_coords__traits.hpp
[2.250s] -- Up-to-date symlink: /home/david/ros2_ws/install/mypalletizer_interfaces/include/mypalletizer_interfaces/mypalletizer_interfaces/msg/mypal_angles.hpp
[2.250s] -- Up-to-date symlink: /home/david/ros2_ws/install/mypalletizer_interfaces/include/mypalletizer_interfaces/mypalletizer_interfaces/msg/mypal_coords.hpp
[2.250s] -- Up-to-date symlink: /home/david/ros2_ws/install/mypalletizer_interfaces/include/mypalletizer_interfaces/mypalletizer_interfaces/msg/mypal_gripper_status.hpp
[2.250s] -- Up-to-date symlink: /home/david/ros2_ws/install/mypalletizer_interfaces/include/mypalletizer_interfaces/mypalletizer_interfaces/msg/mypal_pump_status.hpp
[2.250s] -- Up-to-date symlink: /home/david/ros2_ws/install/mypalletizer_interfaces/include/mypalletizer_interfaces/mypalletizer_interfaces/msg/mypal_set_angles.hpp
[2.250s] -- Up-to-date symlink: /home/david/ros2_ws/install/mypalletizer_interfaces/include/mypalletizer_interfaces/mypalletizer_interfaces/msg/mypal_set_coords.hpp
[2.250s] -- Up-to-date symlink: /home/david/ros2_ws/install/mypalletizer_interfaces/include/mypalletizer_interfaces/mypalletizer_interfaces/srv/detail/get_angles__builder.hpp
[2.250s] -- Up-to-date symlink: /home/david/ros2_ws/install/mypalletizer_interfaces/include/mypalletizer_interfaces/mypalletizer_interfaces/srv/detail/get_angles__struct.hpp
[2.251s] -- Up-to-date symlink: /home/david/ros2_ws/install/mypalletizer_interfaces/include/mypalletizer_interfaces/mypalletizer_interfaces/srv/detail/get_angles__traits.hpp
[2.251s] -- Up-to-date symlink: /home/david/ros2_ws/install/mypalletizer_interfaces/include/mypalletizer_interfaces/mypalletizer_interfaces/srv/detail/get_coords__builder.hpp
[2.251s] -- Up-to-date symlink: /home/david/ros2_ws/install/mypalletizer_interfaces/include/mypalletizer_interfaces/mypalletizer_interfaces/srv/detail/get_coords__struct.hpp
[2.251s] -- Up-to-date symlink: /home/david/ros2_ws/install/mypalletizer_interfaces/include/mypalletizer_interfaces/mypalletizer_interfaces/srv/detail/get_coords__traits.hpp
[2.251s] -- Up-to-date symlink: /home/david/ros2_ws/install/mypalletizer_interfaces/include/mypalletizer_interfaces/mypalletizer_interfaces/srv/detail/gripper_status__builder.hpp
[2.251s] -- Up-to-date symlink: /home/david/ros2_ws/install/mypalletizer_interfaces/include/mypalletizer_interfaces/mypalletizer_interfaces/srv/detail/gripper_status__struct.hpp
[2.251s] -- Up-to-date symlink: /home/david/ros2_ws/install/mypalletizer_interfaces/include/mypalletizer_interfaces/mypalletizer_interfaces/srv/detail/gripper_status__traits.hpp
[2.251s] -- Up-to-date symlink: /home/david/ros2_ws/install/mypalletizer_interfaces/include/mypalletizer_interfaces/mypalletizer_interfaces/srv/detail/pump_status__builder.hpp
[2.251s] -- Up-to-date symlink: /home/david/ros2_ws/install/mypalletizer_interfaces/include/mypalletizer_interfaces/mypalletizer_interfaces/srv/detail/pump_status__struct.hpp
[2.251s] -- Up-to-date symlink: /home/david/ros2_ws/install/mypalletizer_interfaces/include/mypalletizer_interfaces/mypalletizer_interfaces/srv/detail/pump_status__traits.hpp
[2.252s] -- Up-to-date symlink: /home/david/ros2_ws/install/mypalletizer_interfaces/include/mypalletizer_interfaces/mypalletizer_interfaces/srv/detail/set_angles__builder.hpp
[2.252s] -- Up-to-date symlink: /home/david/ros2_ws/install/mypalletizer_interfaces/include/mypalletizer_interfaces/mypalletizer_interfaces/srv/detail/set_angles__struct.hpp
[2.252s] -- Up-to-date symlink: /home/david/ros2_ws/install/mypalletizer_interfaces/include/mypalletizer_interfaces/mypalletizer_interfaces/srv/detail/set_angles__traits.hpp
[2.252s] -- Up-to-date symlink: /home/david/ros2_ws/install/mypalletizer_interfaces/include/mypalletizer_interfaces/mypalletizer_interfaces/srv/detail/set_coords__builder.hpp
[2.252s] -- Up-to-date symlink: /home/david/ros2_ws/install/mypalletizer_interfaces/include/mypalletizer_interfaces/mypalletizer_interfaces/srv/detail/set_coords__struct.hpp
[2.252s] -- Up-to-date symlink: /home/david/ros2_ws/install/mypalletizer_interfaces/include/mypalletizer_interfaces/mypalletizer_interfaces/srv/detail/set_coords__traits.hpp
[2.252s] -- Up-to-date symlink: /home/david/ros2_ws/install/mypalletizer_interfaces/include/mypalletizer_interfaces/mypalletizer_interfaces/srv/get_angles.hpp
[2.252s] -- Up-to-date symlink: /home/david/ros2_ws/install/mypalletizer_interfaces/include/mypalletizer_interfaces/mypalletizer_interfaces/srv/get_coords.hpp
[2.252s] -- Up-to-date symlink: /home/david/ros2_ws/install/mypalletizer_interfaces/include/mypalletizer_interfaces/mypalletizer_interfaces/srv/gripper_status.hpp
[2.253s] -- Up-to-date symlink: /home/david/ros2_ws/install/mypalletizer_interfaces/include/mypalletizer_interfaces/mypalletizer_interfaces/srv/pump_status.hpp
[2.253s] -- Up-to-date symlink: /home/david/ros2_ws/install/mypalletizer_interfaces/include/mypalletizer_interfaces/mypalletizer_interfaces/srv/set_angles.hpp
[2.253s] -- Up-to-date symlink: /home/david/ros2_ws/install/mypalletizer_interfaces/include/mypalletizer_interfaces/mypalletizer_interfaces/srv/set_coords.hpp
[2.253s] -- Up-to-date symlink: /home/david/ros2_ws/install/mypalletizer_interfaces/include/mypalletizer_interfaces/mypalletizer_interfaces/msg/detail/mypal_angles__rosidl_typesupport_fastrtps_cpp.hpp
[2.253s] -- Up-to-date symlink: /home/david/ros2_ws/install/mypalletizer_interfaces/include/mypalletizer_interfaces/mypalletizer_interfaces/msg/detail/mypal_coords__rosidl_typesupport_fastrtps_cpp.hpp
[2.254s] -- Up-to-date symlink: /home/david/ros2_ws/install/mypalletizer_interfaces/include/mypalletizer_interfaces/mypalletizer_interfaces/msg/detail/mypal_gripper_status__rosidl_typesupport_fastrtps_cpp.hpp
[2.254s] -- Up-to-date symlink: /home/david/ros2_ws/install/mypalletizer_interfaces/include/mypalletizer_interfaces/mypalletizer_interfaces/msg/detail/mypal_pump_status__rosidl_typesupport_fastrtps_cpp.hpp
[2.254s] -- Up-to-date symlink: /home/david/ros2_ws/install/mypalletizer_interfaces/include/mypalletizer_interfaces/mypalletizer_interfaces/msg/detail/mypal_set_angles__rosidl_typesupport_fastrtps_cpp.hpp
[2.255s] -- Up-to-date symlink: /home/david/ros2_ws/install/mypalletizer_interfaces/include/mypalletizer_interfaces/mypalletizer_interfaces/msg/detail/mypal_set_coords__rosidl_typesupport_fastrtps_cpp.hpp
[2.255s] -- Up-to-date symlink: /home/david/ros2_ws/install/mypalletizer_interfaces/include/mypalletizer_interfaces/mypalletizer_interfaces/msg/rosidl_typesupport_fastrtps_cpp__visibility_control.h
[2.255s] -- Up-to-date symlink: /home/david/ros2_ws/install/mypalletizer_interfaces/include/mypalletizer_interfaces/mypalletizer_interfaces/srv/detail/get_angles__rosidl_typesupport_fastrtps_cpp.hpp
[2.256s] -- Up-to-date symlink: /home/david/ros2_ws/install/mypalletizer_interfaces/include/mypalletizer_interfaces/mypalletizer_interfaces/srv/detail/get_coords__rosidl_typesupport_fastrtps_cpp.hpp
[2.257s] -- Up-to-date symlink: /home/david/ros2_ws/install/mypalletizer_interfaces/include/mypalletizer_interfaces/mypalletizer_interfaces/srv/detail/gripper_status__rosidl_typesupport_fastrtps_cpp.hpp
[2.258s] -- Up-to-date symlink: /home/david/ros2_ws/install/mypalletizer_interfaces/include/mypalletizer_interfaces/mypalletizer_interfaces/srv/detail/pump_status__rosidl_typesupport_fastrtps_cpp.hpp
[2.258s] -- Up-to-date symlink: /home/david/ros2_ws/install/mypalletizer_interfaces/include/mypalletizer_interfaces/mypalletizer_interfaces/srv/detail/set_angles__rosidl_typesupport_fastrtps_cpp.hpp
[2.259s] -- Up-to-date symlink: /home/david/ros2_ws/install/mypalletizer_interfaces/include/mypalletizer_interfaces/mypalletizer_interfaces/srv/detail/set_coords__rosidl_typesupport_fastrtps_cpp.hpp
[2.261s] -- Up-to-date symlink: /home/david/ros2_ws/install/mypalletizer_interfaces/include/mypalletizer_interfaces/mypalletizer_interfaces/msg/detail/mypal_angles__rosidl_typesupport_introspection_cpp.hpp
[2.262s] -- Up-to-date symlink: /home/david/ros2_ws/install/mypalletizer_interfaces/include/mypalletizer_interfaces/mypalletizer_interfaces/msg/detail/mypal_coords__rosidl_typesupport_introspection_cpp.hpp
[2.262s] -- Up-to-date symlink: /home/david/ros2_ws/install/mypalletizer_interfaces/include/mypalletizer_interfaces/mypalletizer_interfaces/msg/detail/mypal_gripper_status__rosidl_typesupport_introspection_cpp.hpp
[2.262s] -- Up-to-date symlink: /home/david/ros2_ws/install/mypalletizer_interfaces/include/mypalletizer_interfaces/mypalletizer_interfaces/msg/detail/mypal_pump_status__rosidl_typesupport_introspection_cpp.hpp
[2.262s] -- Up-to-date symlink: /home/david/ros2_ws/install/mypalletizer_interfaces/include/mypalletizer_interfaces/mypalletizer_interfaces/msg/detail/mypal_set_angles__rosidl_typesupport_introspection_cpp.hpp
[2.263s] -- Up-to-date symlink: /home/david/ros2_ws/install/mypalletizer_interfaces/include/mypalletizer_interfaces/mypalletizer_interfaces/msg/detail/mypal_set_coords__rosidl_typesupport_introspection_cpp.hpp
[2.263s] -- Up-to-date symlink: /home/david/ros2_ws/install/mypalletizer_interfaces/include/mypalletizer_interfaces/mypalletizer_interfaces/srv/detail/get_angles__rosidl_typesupport_introspection_cpp.hpp
[2.263s] -- Up-to-date symlink: /home/david/ros2_ws/install/mypalletizer_interfaces/include/mypalletizer_interfaces/mypalletizer_interfaces/srv/detail/get_coords__rosidl_typesupport_introspection_cpp.hpp
[2.263s] -- Up-to-date symlink: /home/david/ros2_ws/install/mypalletizer_interfaces/include/mypalletizer_interfaces/mypalletizer_interfaces/srv/detail/gripper_status__rosidl_typesupport_introspection_cpp.hpp
[2.264s] -- Up-to-date symlink: /home/david/ros2_ws/install/mypalletizer_interfaces/include/mypalletizer_interfaces/mypalletizer_interfaces/srv/detail/pump_status__rosidl_typesupport_introspection_cpp.hpp
[2.264s] -- Up-to-date symlink: /home/david/ros2_ws/install/mypalletizer_interfaces/include/mypalletizer_interfaces/mypalletizer_interfaces/srv/detail/set_angles__rosidl_typesupport_introspection_cpp.hpp
[2.264s] -- Up-to-date symlink: /home/david/ros2_ws/install/mypalletizer_interfaces/include/mypalletizer_interfaces/mypalletizer_interfaces/srv/detail/set_coords__rosidl_typesupport_introspection_cpp.hpp
[2.265s] -- Up-to-date symlink: /home/david/ros2_ws/install/mypalletizer_interfaces/share/mypalletizer_interfaces/environment/pythonpath.sh
[2.265s] -- Up-to-date symlink: /home/david/ros2_ws/install/mypalletizer_interfaces/share/mypalletizer_interfaces/environment/pythonpath.dsv
[2.265s] -- Up-to-date symlink: /home/david/ros2_ws/install/mypalletizer_interfaces/local/lib/python3.10/dist-packages/mypalletizer_interfaces-0.0.0-py3.10.egg-info/PKG-INFO
[2.265s] -- Up-to-date symlink: /home/david/ros2_ws/install/mypalletizer_interfaces/local/lib/python3.10/dist-packages/mypalletizer_interfaces-0.0.0-py3.10.egg-info/SOURCES.txt
[2.265s] -- Up-to-date symlink: /home/david/ros2_ws/install/mypalletizer_interfaces/local/lib/python3.10/dist-packages/mypalletizer_interfaces-0.0.0-py3.10.egg-info/dependency_links.txt
[2.266s] -- Up-to-date symlink: /home/david/ros2_ws/install/mypalletizer_interfaces/local/lib/python3.10/dist-packages/mypalletizer_interfaces-0.0.0-py3.10.egg-info/top_level.txt
[2.266s] -- Up-to-date symlink: /home/david/ros2_ws/install/mypalletizer_interfaces/local/lib/python3.10/dist-packages/mypalletizer_interfaces/__init__.py
[2.266s] -- Up-to-date symlink: /home/david/ros2_ws/install/mypalletizer_interfaces/local/lib/python3.10/dist-packages/mypalletizer_interfaces/_mypalletizer_interfaces_s.ep.rosidl_typesupport_c.c
[2.266s] -- Up-to-date symlink: /home/david/ros2_ws/install/mypalletizer_interfaces/local/lib/python3.10/dist-packages/mypalletizer_interfaces/_mypalletizer_interfaces_s.ep.rosidl_typesupport_fastrtps_c.c
[2.267s] -- Up-to-date symlink: /home/david/ros2_ws/install/mypalletizer_interfaces/local/lib/python3.10/dist-packages/mypalletizer_interfaces/_mypalletizer_interfaces_s.ep.rosidl_typesupport_introspection_c.c
[2.267s] -- Up-to-date symlink: /home/david/ros2_ws/install/mypalletizer_interfaces/local/lib/python3.10/dist-packages/mypalletizer_interfaces/libmypalletizer_interfaces__rosidl_generator_py.so
[2.270s] -- Up-to-date symlink: /home/david/ros2_ws/install/mypalletizer_interfaces/local/lib/python3.10/dist-packages/mypalletizer_interfaces/msg/__init__.py
[2.270s] -- Up-to-date symlink: /home/david/ros2_ws/install/mypalletizer_interfaces/local/lib/python3.10/dist-packages/mypalletizer_interfaces/msg/_mypal_angles.py
[2.270s] -- Up-to-date symlink: /home/david/ros2_ws/install/mypalletizer_interfaces/local/lib/python3.10/dist-packages/mypalletizer_interfaces/msg/_mypal_angles_s.c
[2.270s] -- Up-to-date symlink: /home/david/ros2_ws/install/mypalletizer_interfaces/local/lib/python3.10/dist-packages/mypalletizer_interfaces/msg/_mypal_coords.py
[2.270s] -- Up-to-date symlink: /home/david/ros2_ws/install/mypalletizer_interfaces/local/lib/python3.10/dist-packages/mypalletizer_interfaces/msg/_mypal_coords_s.c
[2.270s] -- Up-to-date symlink: /home/david/ros2_ws/install/mypalletizer_interfaces/local/lib/python3.10/dist-packages/mypalletizer_interfaces/msg/_mypal_gripper_status.py
[2.271s] -- Up-to-date symlink: /home/david/ros2_ws/install/mypalletizer_interfaces/local/lib/python3.10/dist-packages/mypalletizer_interfaces/msg/_mypal_gripper_status_s.c
[2.271s] -- Up-to-date symlink: /home/david/ros2_ws/install/mypalletizer_interfaces/local/lib/python3.10/dist-packages/mypalletizer_interfaces/msg/_mypal_pump_status.py
[2.272s] -- Up-to-date symlink: /home/david/ros2_ws/install/mypalletizer_interfaces/local/lib/python3.10/dist-packages/mypalletizer_interfaces/msg/_mypal_pump_status_s.c
[2.272s] -- Up-to-date symlink: /home/david/ros2_ws/install/mypalletizer_interfaces/local/lib/python3.10/dist-packages/mypalletizer_interfaces/msg/_mypal_set_angles.py
[2.272s] -- Up-to-date symlink: /home/david/ros2_ws/install/mypalletizer_interfaces/local/lib/python3.10/dist-packages/mypalletizer_interfaces/msg/_mypal_set_angles_s.c
[2.272s] -- Up-to-date symlink: /home/david/ros2_ws/install/mypalletizer_interfaces/local/lib/python3.10/dist-packages/mypalletizer_interfaces/msg/_mypal_set_coords.py
[2.273s] -- Up-to-date symlink: /home/david/ros2_ws/install/mypalletizer_interfaces/local/lib/python3.10/dist-packages/mypalletizer_interfaces/msg/_mypal_set_coords_s.c
[2.273s] -- Up-to-date symlink: /home/david/ros2_ws/install/mypalletizer_interfaces/local/lib/python3.10/dist-packages/mypalletizer_interfaces/mypalletizer_interfaces_s__rosidl_typesupport_c.cpython-310-x86_64-linux-gnu.so
[2.273s] -- Up-to-date symlink: /home/david/ros2_ws/install/mypalletizer_interfaces/local/lib/python3.10/dist-packages/mypalletizer_interfaces/mypalletizer_interfaces_s__rosidl_typesupport_fastrtps_c.cpython-310-x86_64-linux-gnu.so
[2.273s] -- Up-to-date symlink: /home/david/ros2_ws/install/mypalletizer_interfaces/local/lib/python3.10/dist-packages/mypalletizer_interfaces/mypalletizer_interfaces_s__rosidl_typesupport_introspection_c.cpython-310-x86_64-linux-gnu.so
[2.273s] -- Up-to-date symlink: /home/david/ros2_ws/install/mypalletizer_interfaces/local/lib/python3.10/dist-packages/mypalletizer_interfaces/srv/__init__.py
[2.274s] -- Up-to-date symlink: /home/david/ros2_ws/install/mypalletizer_interfaces/local/lib/python3.10/dist-packages/mypalletizer_interfaces/srv/_get_angles.py
[2.275s] -- Up-to-date symlink: /home/david/ros2_ws/install/mypalletizer_interfaces/local/lib/python3.10/dist-packages/mypalletizer_interfaces/srv/_get_angles_s.c
[2.276s] -- Up-to-date symlink: /home/david/ros2_ws/install/mypalletizer_interfaces/local/lib/python3.10/dist-packages/mypalletizer_interfaces/srv/_get_coords.py
[2.277s] -- Up-to-date symlink: /home/david/ros2_ws/install/mypalletizer_interfaces/local/lib/python3.10/dist-packages/mypalletizer_interfaces/srv/_get_coords_s.c
[2.277s] -- Up-to-date symlink: /home/david/ros2_ws/install/mypalletizer_interfaces/local/lib/python3.10/dist-packages/mypalletizer_interfaces/srv/_gripper_status.py
[2.277s] -- Up-to-date symlink: /home/david/ros2_ws/install/mypalletizer_interfaces/local/lib/python3.10/dist-packages/mypalletizer_interfaces/srv/_gripper_status_s.c
[2.277s] -- Up-to-date symlink: /home/david/ros2_ws/install/mypalletizer_interfaces/local/lib/python3.10/dist-packages/mypalletizer_interfaces/srv/_pump_status.py
[2.278s] -- Up-to-date symlink: /home/david/ros2_ws/install/mypalletizer_interfaces/local/lib/python3.10/dist-packages/mypalletizer_interfaces/srv/_pump_status_s.c
[2.278s] -- Up-to-date symlink: /home/david/ros2_ws/install/mypalletizer_interfaces/local/lib/python3.10/dist-packages/mypalletizer_interfaces/srv/_set_angles.py
[2.278s] -- Up-to-date symlink: /home/david/ros2_ws/install/mypalletizer_interfaces/local/lib/python3.10/dist-packages/mypalletizer_interfaces/srv/_set_angles_s.c
[2.292s] -- Up-to-date symlink: /home/david/ros2_ws/install/mypalletizer_interfaces/local/lib/python3.10/dist-packages/mypalletizer_interfaces/srv/_set_coords.py
[2.292s] -- Up-to-date symlink: /home/david/ros2_ws/install/mypalletizer_interfaces/local/lib/python3.10/dist-packages/mypalletizer_interfaces/srv/_set_coords_s.c
[2.294s] -- Up-to-date symlink: /home/david/ros2_ws/install/mypalletizer_interfaces/local/lib/python3.10/dist-packages/mypalletizer_interfaces/mypalletizer_interfaces_s__rosidl_typesupport_fastrtps_c.cpython-310-x86_64-linux-gnu.so
[2.294s] -- Up-to-date symlink: /home/david/ros2_ws/install/mypalletizer_interfaces/local/lib/python3.10/dist-packages/mypalletizer_interfaces/mypalletizer_interfaces_s__rosidl_typesupport_introspection_c.cpython-310-x86_64-linux-gnu.so
[2.294s] -- Up-to-date symlink: /home/david/ros2_ws/install/mypalletizer_interfaces/local/lib/python3.10/dist-packages/mypalletizer_interfaces/mypalletizer_interfaces_s__rosidl_typesupport_c.cpython-310-x86_64-linux-gnu.so
[2.295s] -- Up-to-date symlink: /home/david/ros2_ws/install/mypalletizer_interfaces/share/mypalletizer_interfaces/msg/MypalAngles.idl
[2.295s] -- Up-to-date symlink: /home/david/ros2_ws/install/mypalletizer_interfaces/share/mypalletizer_interfaces/msg/MypalCoords.idl
[2.295s] -- Up-to-date symlink: /home/david/ros2_ws/install/mypalletizer_interfaces/share/mypalletizer_interfaces/msg/MypalSetAngles.idl
[2.295s] -- Up-to-date symlink: /home/david/ros2_ws/install/mypalletizer_interfaces/share/mypalletizer_interfaces/msg/MypalSetCoords.idl
[2.296s] -- Up-to-date symlink: /home/david/ros2_ws/install/mypalletizer_interfaces/share/mypalletizer_interfaces/msg/MypalGripperStatus.idl
[2.296s] -- Up-to-date symlink: /home/david/ros2_ws/install/mypalletizer_interfaces/share/mypalletizer_interfaces/msg/MypalPumpStatus.idl
[2.296s] -- Up-to-date symlink: /home/david/ros2_ws/install/mypalletizer_interfaces/share/mypalletizer_interfaces/srv/GetAngles.idl
[2.296s] -- Up-to-date symlink: /home/david/ros2_ws/install/mypalletizer_interfaces/share/mypalletizer_interfaces/srv/SetAngles.idl
[2.296s] -- Up-to-date symlink: /home/david/ros2_ws/install/mypalletizer_interfaces/share/mypalletizer_interfaces/srv/GetCoords.idl
[2.297s] -- Up-to-date symlink: /home/david/ros2_ws/install/mypalletizer_interfaces/share/mypalletizer_interfaces/srv/SetCoords.idl
[2.298s] -- Up-to-date symlink: /home/david/ros2_ws/install/mypalletizer_interfaces/share/mypalletizer_interfaces/srv/GripperStatus.idl
[2.298s] -- Up-to-date symlink: /home/david/ros2_ws/install/mypalletizer_interfaces/share/mypalletizer_interfaces/srv/PumpStatus.idl
[2.299s] -- Up-to-date symlink: /home/david/ros2_ws/install/mypalletizer_interfaces/share/mypalletizer_interfaces/msg/MypalAngles.msg
[2.299s] -- Up-to-date symlink: /home/david/ros2_ws/install/mypalletizer_interfaces/share/mypalletizer_interfaces/msg/MypalCoords.msg
[2.300s] -- Up-to-date symlink: /home/david/ros2_ws/install/mypalletizer_interfaces/share/mypalletizer_interfaces/msg/MypalSetAngles.msg
[2.301s] -- Up-to-date symlink: /home/david/ros2_ws/install/mypalletizer_interfaces/share/mypalletizer_interfaces/msg/MypalSetCoords.msg
[2.301s] -- Up-to-date symlink: /home/david/ros2_ws/install/mypalletizer_interfaces/share/mypalletizer_interfaces/msg/MypalGripperStatus.msg
[2.301s] -- Up-to-date symlink: /home/david/ros2_ws/install/mypalletizer_interfaces/share/mypalletizer_interfaces/msg/MypalPumpStatus.msg
[2.301s] -- Up-to-date symlink: /home/david/ros2_ws/install/mypalletizer_interfaces/share/mypalletizer_interfaces/srv/GetAngles.srv
[2.302s] -- Up-to-date symlink: /home/david/ros2_ws/install/mypalletizer_interfaces/share/mypalletizer_interfaces/srv/GetAngles_Request.msg
[2.302s] -- Up-to-date symlink: /home/david/ros2_ws/install/mypalletizer_interfaces/share/mypalletizer_interfaces/srv/GetAngles_Response.msg
[2.302s] -- Up-to-date symlink: /home/david/ros2_ws/install/mypalletizer_interfaces/share/mypalletizer_interfaces/srv/SetAngles.srv
[2.303s] -- Up-to-date symlink: /home/david/ros2_ws/install/mypalletizer_interfaces/share/mypalletizer_interfaces/srv/SetAngles_Request.msg
[2.305s] -- Up-to-date symlink: /home/david/ros2_ws/install/mypalletizer_interfaces/share/mypalletizer_interfaces/srv/SetAngles_Response.msg
[2.306s] -- Up-to-date symlink: /home/david/ros2_ws/install/mypalletizer_interfaces/share/mypalletizer_interfaces/srv/GetCoords.srv
[2.307s] -- Up-to-date symlink: /home/david/ros2_ws/install/mypalletizer_interfaces/share/mypalletizer_interfaces/srv/GetCoords_Request.msg
[2.307s] -- Up-to-date symlink: /home/david/ros2_ws/install/mypalletizer_interfaces/share/mypalletizer_interfaces/srv/GetCoords_Response.msg
[2.307s] -- Up-to-date symlink: /home/david/ros2_ws/install/mypalletizer_interfaces/share/mypalletizer_interfaces/srv/SetCoords.srv
[2.308s] -- Up-to-date symlink: /home/david/ros2_ws/install/mypalletizer_interfaces/share/mypalletizer_interfaces/srv/SetCoords_Request.msg
[2.308s] -- Up-to-date symlink: /home/david/ros2_ws/install/mypalletizer_interfaces/share/mypalletizer_interfaces/srv/SetCoords_Response.msg
[2.308s] -- Up-to-date symlink: /home/david/ros2_ws/install/mypalletizer_interfaces/share/mypalletizer_interfaces/srv/GripperStatus.srv
[2.308s] -- Up-to-date symlink: /home/david/ros2_ws/install/mypalletizer_interfaces/share/mypalletizer_interfaces/srv/GripperStatus_Request.msg
[2.308s] -- Up-to-date symlink: /home/david/ros2_ws/install/mypalletizer_interfaces/share/mypalletizer_interfaces/srv/GripperStatus_Response.msg
[2.308s] -- Up-to-date symlink: /home/david/ros2_ws/install/mypalletizer_interfaces/share/mypalletizer_interfaces/srv/PumpStatus.srv
[2.308s] -- Up-to-date symlink: /home/david/ros2_ws/install/mypalletizer_interfaces/share/mypalletizer_interfaces/srv/PumpStatus_Request.msg
[2.308s] -- Up-to-date symlink: /home/david/ros2_ws/install/mypalletizer_interfaces/share/mypalletizer_interfaces/srv/PumpStatus_Response.msg
[2.308s] -- Up-to-date symlink: /home/david/ros2_ws/install/mypalletizer_interfaces/share/ament_index/resource_index/package_run_dependencies/mypalletizer_interfaces
[2.309s] -- Up-to-date symlink: /home/david/ros2_ws/install/mypalletizer_interfaces/share/ament_index/resource_index/parent_prefix_path/mypalletizer_interfaces
[2.309s] -- Up-to-date symlink: /home/david/ros2_ws/install/mypalletizer_interfaces/share/mypalletizer_interfaces/environment/ament_prefix_path.sh
[2.309s] -- Up-to-date symlink: /home/david/ros2_ws/install/mypalletizer_interfaces/share/mypalletizer_interfaces/environment/ament_prefix_path.dsv
[2.309s] -- Up-to-date symlink: /home/david/ros2_ws/install/mypalletizer_interfaces/share/mypalletizer_interfaces/environment/path.sh
[2.309s] -- Up-to-date symlink: /home/david/ros2_ws/install/mypalletizer_interfaces/share/mypalletizer_interfaces/environment/path.dsv
[2.309s] -- Up-to-date symlink: /home/david/ros2_ws/install/mypalletizer_interfaces/share/mypalletizer_interfaces/local_setup.bash
[2.309s] -- Up-to-date symlink: /home/david/ros2_ws/install/mypalletizer_interfaces/share/mypalletizer_interfaces/local_setup.sh
[2.310s] -- Up-to-date symlink: /home/david/ros2_ws/install/mypalletizer_interfaces/share/mypalletizer_interfaces/local_setup.zsh
[2.311s] -- Up-to-date symlink: /home/david/ros2_ws/install/mypalletizer_interfaces/share/mypalletizer_interfaces/local_setup.dsv
[2.311s] -- Symlinking: /home/david/ros2_ws/install/mypalletizer_interfaces/share/mypalletizer_interfaces/package.dsv
[2.314s] -- Up-to-date symlink: /home/david/ros2_ws/install/mypalletizer_interfaces/share/ament_index/resource_index/packages/mypalletizer_interfaces
[2.314s] -- Up-to-date symlink: /home/david/ros2_ws/install/mypalletizer_interfaces/share/mypalletizer_interfaces/cmake/rosidl_cmake-extras.cmake
[2.315s] -- Up-to-date symlink: /home/david/ros2_ws/install/mypalletizer_interfaces/share/mypalletizer_interfaces/cmake/ament_cmake_export_dependencies-extras.cmake
[2.315s] -- Up-to-date symlink: /home/david/ros2_ws/install/mypalletizer_interfaces/share/mypalletizer_interfaces/cmake/ament_cmake_export_include_directories-extras.cmake
[2.315s] -- Up-to-date symlink: /home/david/ros2_ws/install/mypalletizer_interfaces/share/mypalletizer_interfaces/cmake/ament_cmake_export_libraries-extras.cmake
[2.315s] -- Up-to-date symlink: /home/david/ros2_ws/install/mypalletizer_interfaces/share/mypalletizer_interfaces/cmake/ament_cmake_export_targets-extras.cmake
[2.316s] -- Up-to-date symlink: /home/david/ros2_ws/install/mypalletizer_interfaces/share/mypalletizer_interfaces/cmake/rosidl_cmake_export_typesupport_targets-extras.cmake
[2.316s] -- Up-to-date symlink: /home/david/ros2_ws/install/mypalletizer_interfaces/share/mypalletizer_interfaces/cmake/rosidl_cmake_export_typesupport_libraries-extras.cmake
[2.316s] -- Up-to-date symlink: /home/david/ros2_ws/install/mypalletizer_interfaces/share/mypalletizer_interfaces/cmake/mypalletizer_interfacesConfig.cmake
[2.316s] -- Up-to-date symlink: /home/david/ros2_ws/install/mypalletizer_interfaces/share/mypalletizer_interfaces/cmake/mypalletizer_interfacesConfig-version.cmake
[2.316s] -- Up-to-date symlink: /home/david/ros2_ws/install/mypalletizer_interfaces/share/mypalletizer_interfaces/package.xml
[2.316s] -- Up-to-date: /home/david/ros2_ws/install/mypalletizer_interfaces/lib/libmypalletizer_interfaces__rosidl_generator_c.so
[2.316s] -- Up-to-date: /home/david/ros2_ws/install/mypalletizer_interfaces/lib/libmypalletizer_interfaces__rosidl_typesupport_fastrtps_c.so
[2.316s] -- Up-to-date: /home/david/ros2_ws/install/mypalletizer_interfaces/lib/libmypalletizer_interfaces__rosidl_typesupport_introspection_c.so
[2.316s] -- Up-to-date: /home/david/ros2_ws/install/mypalletizer_interfaces/lib/libmypalletizer_interfaces__rosidl_typesupport_c.so
[2.317s] -- Up-to-date: /home/david/ros2_ws/install/mypalletizer_interfaces/lib/libmypalletizer_interfaces__rosidl_typesupport_fastrtps_cpp.so
[2.317s] -- Up-to-date: /home/david/ros2_ws/install/mypalletizer_interfaces/lib/libmypalletizer_interfaces__rosidl_typesupport_introspection_cpp.so
[2.319s] -- Up-to-date: /home/david/ros2_ws/install/mypalletizer_interfaces/lib/libmypalletizer_interfaces__rosidl_typesupport_cpp.so
[2.351s] Listing '/home/david/ros2_ws/install/mypalletizer_interfaces/local/lib/python3.10/dist-packages/mypalletizer_interfaces'...
[2.351s] Listing '/home/david/ros2_ws/install/mypalletizer_interfaces/local/lib/python3.10/dist-packages/mypalletizer_interfaces/msg'...
[2.352s] Listing '/home/david/ros2_ws/install/mypalletizer_interfaces/local/lib/python3.10/dist-packages/mypalletizer_interfaces/srv'...
[2.353s] -- Up-to-date: /home/david/ros2_ws/install/mypalletizer_interfaces/lib/libmypalletizer_interfaces__rosidl_generator_py.so
[2.353s] -- Up-to-date: /home/david/ros2_ws/install/mypalletizer_interfaces/share/mypalletizer_interfaces/cmake/export_mypalletizer_interfaces__rosidl_generator_cExport.cmake
[2.354s] -- Up-to-date: /home/david/ros2_ws/install/mypalletizer_interfaces/share/mypalletizer_interfaces/cmake/export_mypalletizer_interfaces__rosidl_generator_cExport-noconfig.cmake
[2.354s] -- Up-to-date: /home/david/ros2_ws/install/mypalletizer_interfaces/share/mypalletizer_interfaces/cmake/export_mypalletizer_interfaces__rosidl_typesupport_fastrtps_cExport.cmake
[2.354s] -- Up-to-date: /home/david/ros2_ws/install/mypalletizer_interfaces/share/mypalletizer_interfaces/cmake/export_mypalletizer_interfaces__rosidl_typesupport_fastrtps_cExport-noconfig.cmake
[2.354s] -- Up-to-date: /home/david/ros2_ws/install/mypalletizer_interfaces/share/mypalletizer_interfaces/cmake/mypalletizer_interfaces__rosidl_typesupport_introspection_cExport.cmake
[2.355s] -- Up-to-date: /home/david/ros2_ws/install/mypalletizer_interfaces/share/mypalletizer_interfaces/cmake/mypalletizer_interfaces__rosidl_typesupport_introspection_cExport-noconfig.cmake
[2.355s] -- Up-to-date: /home/david/ros2_ws/install/mypalletizer_interfaces/share/mypalletizer_interfaces/cmake/mypalletizer_interfaces__rosidl_typesupport_cExport.cmake
[2.355s] -- Up-to-date: /home/david/ros2_ws/install/mypalletizer_interfaces/share/mypalletizer_interfaces/cmake/mypalletizer_interfaces__rosidl_typesupport_cExport-noconfig.cmake
[2.356s] -- Up-to-date: /home/david/ros2_ws/install/mypalletizer_interfaces/share/mypalletizer_interfaces/cmake/export_mypalletizer_interfaces__rosidl_generator_cppExport.cmake
[2.356s] -- Up-to-date: /home/david/ros2_ws/install/mypalletizer_interfaces/share/mypalletizer_interfaces/cmake/export_mypalletizer_interfaces__rosidl_typesupport_fastrtps_cppExport.cmake
[2.356s] -- Up-to-date: /home/david/ros2_ws/install/mypalletizer_interfaces/share/mypalletizer_interfaces/cmake/export_mypalletizer_interfaces__rosidl_typesupport_fastrtps_cppExport-noconfig.cmake
[2.356s] -- Up-to-date: /home/david/ros2_ws/install/mypalletizer_interfaces/share/mypalletizer_interfaces/cmake/mypalletizer_interfaces__rosidl_typesupport_introspection_cppExport.cmake
[2.356s] -- Up-to-date: /home/david/ros2_ws/install/mypalletizer_interfaces/share/mypalletizer_interfaces/cmake/mypalletizer_interfaces__rosidl_typesupport_introspection_cppExport-noconfig.cmake
[2.356s] -- Up-to-date: /home/david/ros2_ws/install/mypalletizer_interfaces/share/mypalletizer_interfaces/cmake/mypalletizer_interfaces__rosidl_typesupport_cppExport.cmake
[2.357s] -- Up-to-date: /home/david/ros2_ws/install/mypalletizer_interfaces/share/mypalletizer_interfaces/cmake/mypalletizer_interfaces__rosidl_typesupport_cppExport-noconfig.cmake
[2.357s] -- Up-to-date: /home/david/ros2_ws/install/mypalletizer_interfaces/share/mypalletizer_interfaces/cmake/export_mypalletizer_interfaces__rosidl_generator_pyExport.cmake
[2.357s] -- Up-to-date: /home/david/ros2_ws/install/mypalletizer_interfaces/share/mypalletizer_interfaces/cmake/export_mypalletizer_interfaces__rosidl_generator_pyExport-noconfig.cmake
[2.357s] Invoked command in '/home/david/ros2_ws/build/mypalletizer_interfaces' returned '0': CMAKE_PREFIX_PATH=${CMAKE_PREFIX_PATH}:/home/david/ros2_ws/install/ultraarm:/home/david/ros2_ws/install/mypalletizer_260_pi:/home/david/ros2_ws/install/mypalletizer_260:/home/david/ros2_ws/install/mypalletizer_communication:/home/david/ros2_ws/install/mycobot_630:/home/david/ros2_ws/install/mycobot_600:/home/david/ros2_ws/install/mycobot_320pi:/home/david/ros2_ws/install/mycobot_320:/home/david/ros2_ws/install/mycobot_280pi:/home/david/ros2_ws/install/mycobot_280jn:/home/david/ros2_ws/install/mycobot_280_x3pi:/home/david/ros2_ws/install/mycobot_280:/home/david/ros2_ws/install/myarm_m750:/home/david/ros2_ws/install/myarm_c650:/home/david/ros2_ws/install/myarm_300:/home/david/ros2_ws/install/mycobot_communication:/home/david/ros2_ws/install/mecharm_pi:/home/david/ros2_ws/install/mecharm:/home/david/ros2_ws/install/mecharm_communication:/home/david/ros2_ws/install/mybuddy:/home/david/ros2_ws/install/mycobot_description:/home/david/ros2_ws/install/my_py_pkg:/opt/ros/humble /usr/bin/cmake --install /home/david/ros2_ws/build/mypalletizer_interfaces
