running develop
/usr/lib/python3/dist-packages/setuptools/command/easy_install.py:158: EasyInstallDeprecationWarning: easy_install command is deprecated. Use build and pip and other standards-based tools.
  warnings.warn(
running egg_info
creating mecharm_communication.egg-info
writing mecharm_communication.egg-info/PKG-INFO
writing dependency_links to mecharm_communication.egg-info/dependency_links.txt
writing entry points to mecharm_communication.egg-info/entry_points.txt
writing requirements to mecharm_communication.egg-info/requires.txt
writing top-level names to mecharm_communication.egg-info/top_level.txt
writing manifest file 'mecharm_communication.egg-info/SOURCES.txt'
reading manifest file 'mecharm_communication.egg-info/SOURCES.txt'
writing manifest file 'mecharm_communication.egg-info/SOURCES.txt'
running build_ext
Creating /home/david/ros2_ws/install/mecharm_communication/lib/python3.10/site-packages/mecharm-communication.egg-link (link to .)
Installing mecharm_services script to /home/david/ros2_ws/install/mecharm_communication/lib/mecharm_communication
Installing mycobot_topics script to /home/david/ros2_ws/install/mecharm_communication/lib/mecharm_communication
Installing mycobot_topics_jsnn script to /home/david/ros2_ws/install/mecharm_communication/lib/mecharm_communication
Installing mycobot_topics_pi script to /home/david/ros2_ws/install/mecharm_communication/lib/mecharm_communication
Installing mycobot_topics_seeed script to /home/david/ros2_ws/install/mecharm_communication/lib/mecharm_communication

Installed /home/david/ros2_ws/build/mecharm_communication
running symlink_data
creating /home/david/ros2_ws/install/mecharm_communication/share/ament_index
creating /home/david/ros2_ws/install/mecharm_communication/share/ament_index/resource_index
creating /home/david/ros2_ws/install/mecharm_communication/share/ament_index/resource_index/packages
symbolically linking /home/david/ros2_ws/build/mecharm_communication/resource/mecharm_communication -> /home/david/ros2_ws/install/mecharm_communication/share/ament_index/resource_index/packages
symbolically linking /home/david/ros2_ws/build/mecharm_communication/package.xml -> /home/david/ros2_ws/install/mecharm_communication/share/mecharm_communication
creating /home/david/ros2_ws/install/mecharm_communication/share/mecharm_communication/launch
symbolically linking /home/david/ros2_ws/build/mecharm_communication/launch/communication_topic_pi.launch.py -> /home/david/ros2_ws/install/mecharm_communication/share/mecharm_communication/launch
symbolically linking /home/david/ros2_ws/build/mecharm_communication/launch/communication_topic.launch.py -> /home/david/ros2_ws/install/mecharm_communication/share/mecharm_communication/launch
symbolically linking /home/david/ros2_ws/build/mecharm_communication/launch/communication_seeed.launch.py -> /home/david/ros2_ws/install/mecharm_communication/share/mecharm_communication/launch
symbolically linking /home/david/ros2_ws/build/mecharm_communication/launch/communication_service.launch.py -> /home/david/ros2_ws/install/mecharm_communication/share/mecharm_communication/launch
symbolically linking /home/david/ros2_ws/build/mecharm_communication/launch/communication_jsnn.launch.py -> /home/david/ros2_ws/install/mecharm_communication/share/mecharm_communication/launch
