[0.502s] Invoking command in '/home/david/ros2_ws/build/mecharm_interfaces': CMAKE_PREFIX_PATH=${CMAKE_PREFIX_PATH}:/home/david/ros2_ws/install/ultraarm:/home/david/ros2_ws/install/mypalletizer_260_pi:/home/david/ros2_ws/install/mypalletizer_260:/home/david/ros2_ws/install/mypalletizer_communication:/home/david/ros2_ws/install/mycobot_630:/home/david/ros2_ws/install/mycobot_600:/home/david/ros2_ws/install/mycobot_320pi:/home/david/ros2_ws/install/mycobot_320:/home/david/ros2_ws/install/mycobot_280pi:/home/david/ros2_ws/install/mycobot_280jn:/home/david/ros2_ws/install/mycobot_280_x3pi:/home/david/ros2_ws/install/mycobot_280:/home/david/ros2_ws/install/myarm_m750:/home/david/ros2_ws/install/myarm_c650:/home/david/ros2_ws/install/myarm_300:/home/david/ros2_ws/install/mycobot_communication:/home/david/ros2_ws/install/mecharm_pi:/home/david/ros2_ws/install/mecharm:/home/david/ros2_ws/install/mecharm_communication:/home/david/ros2_ws/install/mybuddy:/home/david/ros2_ws/install/mycobot_description:/home/david/ros2_ws/install/my_py_pkg:/opt/ros/humble /usr/bin/cmake --build /home/david/ros2_ws/build/mecharm_interfaces -- -j12 -l12
[1.122s] [  0%] Built target mecharm_interfaces__cpp
[1.122s] [ 12%] Built target mecharm_interfaces__rosidl_generator_c
[1.122s] [ 12%] Built target ament_cmake_python_symlink_mecharm_interfaces
[1.122s] [ 24%] Built target mecharm_interfaces__rosidl_typesupport_cpp
[1.122s] [ 35%] Built target mecharm_interfaces__rosidl_typesupport_fastrtps_cpp
[1.122s] [ 47%] Built target mecharm_interfaces__rosidl_typesupport_introspection_c
[1.123s] [ 59%] Built target mecharm_interfaces__rosidl_typesupport_fastrtps_c
[1.123s] [ 71%] Built target mecharm_interfaces__rosidl_typesupport_c
[1.123s] [ 83%] Built target mecharm_interfaces__rosidl_typesupport_introspection_cpp
[1.123s] [ 83%] Built target mecharm_interfaces
[1.123s] [ 84%] Built target mecharm_interfaces__py
[1.124s] [ 95%] Built target mecharm_interfaces__rosidl_generator_py
[1.124s] [ 97%] Built target mecharm_interfaces__rosidl_typesupport_fastrtps_c__pyext
[1.124s] [ 98%] Built target mecharm_interfaces__rosidl_typesupport_c__pyext
[1.124s] [100%] Built target mecharm_interfaces__rosidl_typesupport_introspection_c__pyext
[1.389s] running egg_info
[1.390s] writing mecharm_interfaces.egg-info/PKG-INFO
[1.390s] writing dependency_links to mecharm_interfaces.egg-info/dependency_links.txt
[1.390s] writing top-level names to mecharm_interfaces.egg-info/top_level.txt
[1.399s] reading manifest file 'mecharm_interfaces.egg-info/SOURCES.txt'
[1.399s] writing manifest file 'mecharm_interfaces.egg-info/SOURCES.txt'
[1.461s] [100%] Built target ament_cmake_python_build_mecharm_interfaces_egg
[1.496s] Invoked command in '/home/david/ros2_ws/build/mecharm_interfaces' returned '0': CMAKE_PREFIX_PATH=${CMAKE_PREFIX_PATH}:/home/david/ros2_ws/install/ultraarm:/home/david/ros2_ws/install/mypalletizer_260_pi:/home/david/ros2_ws/install/mypalletizer_260:/home/david/ros2_ws/install/mypalletizer_communication:/home/david/ros2_ws/install/mycobot_630:/home/david/ros2_ws/install/mycobot_600:/home/david/ros2_ws/install/mycobot_320pi:/home/david/ros2_ws/install/mycobot_320:/home/david/ros2_ws/install/mycobot_280pi:/home/david/ros2_ws/install/mycobot_280jn:/home/david/ros2_ws/install/mycobot_280_x3pi:/home/david/ros2_ws/install/mycobot_280:/home/david/ros2_ws/install/myarm_m750:/home/david/ros2_ws/install/myarm_c650:/home/david/ros2_ws/install/myarm_300:/home/david/ros2_ws/install/mycobot_communication:/home/david/ros2_ws/install/mecharm_pi:/home/david/ros2_ws/install/mecharm:/home/david/ros2_ws/install/mecharm_communication:/home/david/ros2_ws/install/mybuddy:/home/david/ros2_ws/install/mycobot_description:/home/david/ros2_ws/install/my_py_pkg:/opt/ros/humble /usr/bin/cmake --build /home/david/ros2_ws/build/mecharm_interfaces -- -j12 -l12
