[0.496s] Invoking command in '/home/david/ros2_ws/build/my_py_pkg': CMAKE_PREFIX_PATH=/home/david/ros2_ws/install/my_robot_interfaces:/home/david/ros2_ws/install/mypalletizer_interfaces:/home/david/ros2_ws/install/mycobot_interfaces2:/home/david/ros2_ws/install/mycobot_interfaces:/home/david/ros2_ws/install/my_robot_bringup:/home/david/ros2_ws/install/mecharm_interfaces LD_LIBRARY_PATH=/home/david/ros2_ws/install/my_robot_interfaces/lib:/home/david/ros2_ws/install/mypalletizer_interfaces/lib:/home/david/ros2_ws/install/mycobot_interfaces2/lib:/home/david/ros2_ws/install/mycobot_interfaces/lib:/home/david/ros2_ws/install/mecharm_interfaces/lib:/opt/ros/humble/opt/rviz_ogre_vendor/lib:/opt/ros/humble/lib/x86_64-linux-gnu:/opt/ros/humble/lib PYTHONPATH=/home/david/ros2_ws/build/my_py_pkg/prefix_override:/usr/lib/python3/dist-packages/colcon_core/task/python/colcon_distutils_commands:/home/david/ros2_ws/install/my_py_pkg/lib/python3.10/site-packages:${PYTHONPATH} /usr/bin/python3 -W ignore:setup.py install is deprecated setup.py develop --editable --build-directory /home/david/ros2_ws/build/my_py_pkg/build --no-deps symlink_data
[0.683s] running develop
[0.683s] /usr/lib/python3/dist-packages/setuptools/command/easy_install.py:158: EasyInstallDeprecationWarning: easy_install command is deprecated. Use build and pip and other standards-based tools.
[0.683s]   warnings.warn(
[0.789s] running egg_info
[0.789s] writing my_py_pkg.egg-info/PKG-INFO
[0.789s] writing dependency_links to my_py_pkg.egg-info/dependency_links.txt
[0.789s] writing entry points to my_py_pkg.egg-info/entry_points.txt
[0.789s] writing requirements to my_py_pkg.egg-info/requires.txt
[0.789s] writing top-level names to my_py_pkg.egg-info/top_level.txt
[0.791s] reading manifest file 'my_py_pkg.egg-info/SOURCES.txt'
[0.791s] writing manifest file 'my_py_pkg.egg-info/SOURCES.txt'
[0.792s] running build_ext
[0.793s] Creating /home/david/ros2_ws/install/my_py_pkg/lib/python3.10/site-packages/my-py-pkg.egg-link (link to .)
[0.793s] Installing add_two_ints_client script to /home/david/ros2_ws/install/my_py_pkg/lib/my_py_pkg
[0.793s] Installing add_two_ints_client_no_oop script to /home/david/ros2_ws/install/my_py_pkg/lib/my_py_pkg
[0.793s] Installing add_two_ints_server script to /home/david/ros2_ws/install/my_py_pkg/lib/my_py_pkg
[0.793s] Installing battery script to /home/david/ros2_ws/install/my_py_pkg/lib/my_py_pkg
[0.793s] Installing hw_status_publisher script to /home/david/ros2_ws/install/my_py_pkg/lib/my_py_pkg
[0.794s] Installing led_panel script to /home/david/ros2_ws/install/my_py_pkg/lib/my_py_pkg
[0.794s] Installing number_counter script to /home/david/ros2_ws/install/my_py_pkg/lib/my_py_pkg
[0.794s] Installing number_publisher script to /home/david/ros2_ws/install/my_py_pkg/lib/my_py_pkg
[0.794s] Installing py_node script to /home/david/ros2_ws/install/my_py_pkg/lib/my_py_pkg
[0.794s] Installing robot_news_station script to /home/david/ros2_ws/install/my_py_pkg/lib/my_py_pkg
[0.794s] Installing smartphone script to /home/david/ros2_ws/install/my_py_pkg/lib/my_py_pkg
[0.794s] Installing smartphone2 script to /home/david/ros2_ws/install/my_py_pkg/lib/my_py_pkg
[0.794s] 
[0.794s] Installed /home/david/ros2_ws/build/my_py_pkg
[0.794s] running symlink_data
[0.811s] Invoked command in '/home/david/ros2_ws/build/my_py_pkg' returned '0': CMAKE_PREFIX_PATH=/home/david/ros2_ws/install/my_robot_interfaces:/home/david/ros2_ws/install/mypalletizer_interfaces:/home/david/ros2_ws/install/mycobot_interfaces2:/home/david/ros2_ws/install/mycobot_interfaces:/home/david/ros2_ws/install/my_robot_bringup:/home/david/ros2_ws/install/mecharm_interfaces LD_LIBRARY_PATH=/home/david/ros2_ws/install/my_robot_interfaces/lib:/home/david/ros2_ws/install/mypalletizer_interfaces/lib:/home/david/ros2_ws/install/mycobot_interfaces2/lib:/home/david/ros2_ws/install/mycobot_interfaces/lib:/home/david/ros2_ws/install/mecharm_interfaces/lib:/opt/ros/humble/opt/rviz_ogre_vendor/lib:/opt/ros/humble/lib/x86_64-linux-gnu:/opt/ros/humble/lib PYTHONPATH=/home/david/ros2_ws/build/my_py_pkg/prefix_override:/usr/lib/python3/dist-packages/colcon_core/task/python/colcon_distutils_commands:/home/david/ros2_ws/install/my_py_pkg/lib/python3.10/site-packages:${PYTHONPATH} /usr/bin/python3 -W ignore:setup.py install is deprecated setup.py develop --editable --build-directory /home/david/ros2_ws/build/my_py_pkg/build --no-deps symlink_data
